mode: set
github.com/AlmatJuvashev/phd-students-portal/backend/internal/repository/admin_repository.go:73.61,75.2 1 1
github.com/AlmatJuvashev/phd-students-portal/backend/internal/repository/admin_repository.go:77.148,98.2 4 1
github.com/AlmatJuvashev/phd-students-portal/backend/internal/repository/admin_repository.go:100.138,114.28 4 0
github.com/AlmatJuvashev/phd-students-portal/backend/internal/repository/admin_repository.go:114.28,119.3 3 0
github.com/AlmatJuvashev/phd-students-portal/backend/internal/repository/admin_repository.go:122.2,122.50 1 0
github.com/AlmatJuvashev/phd-students-portal/backend/internal/repository/admin_repository.go:122.50,125.3 2 0
github.com/AlmatJuvashev/phd-students-portal/backend/internal/repository/admin_repository.go:127.2,127.26 1 0
github.com/AlmatJuvashev/phd-students-portal/backend/internal/repository/admin_repository.go:127.26,129.3 1 0
github.com/AlmatJuvashev/phd-students-portal/backend/internal/repository/admin_repository.go:130.2,130.29 1 0
github.com/AlmatJuvashev/phd-students-portal/backend/internal/repository/admin_repository.go:130.29,132.3 1 0
github.com/AlmatJuvashev/phd-students-portal/backend/internal/repository/admin_repository.go:133.2,133.25 1 0
github.com/AlmatJuvashev/phd-students-portal/backend/internal/repository/admin_repository.go:133.25,135.3 1 0
github.com/AlmatJuvashev/phd-students-portal/backend/internal/repository/admin_repository.go:136.2,136.24 1 0
github.com/AlmatJuvashev/phd-students-portal/backend/internal/repository/admin_repository.go:136.24,142.3 4 0
github.com/AlmatJuvashev/phd-students-portal/backend/internal/repository/admin_repository.go:144.2,145.22 2 0
github.com/AlmatJuvashev/phd-students-portal/backend/internal/repository/admin_repository.go:145.22,147.3 1 0
github.com/AlmatJuvashev/phd-students-portal/backend/internal/repository/admin_repository.go:149.2,151.18 3 0
github.com/AlmatJuvashev/phd-students-portal/backend/internal/repository/admin_repository.go:154.139,155.26 1 0
github.com/AlmatJuvashev/phd-students-portal/backend/internal/repository/admin_repository.go:155.26,157.3 1 0
github.com/AlmatJuvashev/phd-students-portal/backend/internal/repository/admin_repository.go:158.2,163.16 2 0
github.com/AlmatJuvashev/phd-students-portal/backend/internal/repository/admin_repository.go:163.16,165.3 1 0
github.com/AlmatJuvashev/phd-students-portal/backend/internal/repository/admin_repository.go:166.2,169.16 3 0
github.com/AlmatJuvashev/phd-students-portal/backend/internal/repository/admin_repository.go:169.16,171.3 1 0
github.com/AlmatJuvashev/phd-students-portal/backend/internal/repository/admin_repository.go:172.2,175.18 3 0
github.com/AlmatJuvashev/phd-students-portal/backend/internal/repository/admin_repository.go:175.18,178.73 3 0
github.com/AlmatJuvashev/phd-students-portal/backend/internal/repository/admin_repository.go:178.73,180.4 1 0
github.com/AlmatJuvashev/phd-students-portal/backend/internal/repository/admin_repository.go:182.2,182.17 1 0
github.com/AlmatJuvashev/phd-students-portal/backend/internal/repository/admin_repository.go:185.121,186.26 1 0
github.com/AlmatJuvashev/phd-students-portal/backend/internal/repository/admin_repository.go:186.26,188.3 1 0
github.com/AlmatJuvashev/phd-students-portal/backend/internal/repository/admin_repository.go:190.2,191.16 2 0
github.com/AlmatJuvashev/phd-students-portal/backend/internal/repository/admin_repository.go:191.16,193.3 1 0
github.com/AlmatJuvashev/phd-students-portal/backend/internal/repository/admin_repository.go:194.2,197.16 3 0
github.com/AlmatJuvashev/phd-students-portal/backend/internal/repository/admin_repository.go:197.16,199.3 1 0
github.com/AlmatJuvashev/phd-students-portal/backend/internal/repository/admin_repository.go:200.2,203.18 3 0
github.com/AlmatJuvashev/phd-students-portal/backend/internal/repository/admin_repository.go:203.18,206.47 3 0
github.com/AlmatJuvashev/phd-students-portal/backend/internal/repository/admin_repository.go:206.47,208.4 1 0
github.com/AlmatJuvashev/phd-students-portal/backend/internal/repository/admin_repository.go:210.2,210.17 1 0
github.com/AlmatJuvashev/phd-students-portal/backend/internal/repository/admin_repository.go:213.128,217.26 1 0
github.com/AlmatJuvashev/phd-students-portal/backend/internal/repository/admin_repository.go:217.26,219.3 1 0
github.com/AlmatJuvashev/phd-students-portal/backend/internal/repository/admin_repository.go:221.2,224.41 2 0
github.com/AlmatJuvashev/phd-students-portal/backend/internal/repository/admin_repository.go:224.41,225.50 1 0
github.com/AlmatJuvashev/phd-students-portal/backend/internal/repository/admin_repository.go:225.50,227.4 1 0
github.com/AlmatJuvashev/phd-students-portal/backend/internal/repository/admin_repository.go:231.2,232.77 2 0
github.com/AlmatJuvashev/phd-students-portal/backend/internal/repository/admin_repository.go:232.77,233.19 1 0
github.com/AlmatJuvashev/phd-students-portal/backend/internal/repository/admin_repository.go:233.19,238.4 4 0
github.com/AlmatJuvashev/phd-students-portal/backend/internal/repository/admin_repository.go:239.3,239.15 1 0
github.com/AlmatJuvashev/phd-students-portal/backend/internal/repository/admin_repository.go:243.2,244.77 2 0
github.com/AlmatJuvashev/phd-students-portal/backend/internal/repository/admin_repository.go:244.77,245.19 1 0
github.com/AlmatJuvashev/phd-students-portal/backend/internal/repository/admin_repository.go:245.19,250.4 4 0
github.com/AlmatJuvashev/phd-students-portal/backend/internal/repository/admin_repository.go:251.3,251.15 1 0
github.com/AlmatJuvashev/phd-students-portal/backend/internal/repository/admin_repository.go:255.2,256.77 2 0
github.com/AlmatJuvashev/phd-students-portal/backend/internal/repository/admin_repository.go:256.77,257.19 1 0
github.com/AlmatJuvashev/phd-students-portal/backend/internal/repository/admin_repository.go:257.19,262.4 4 0
github.com/AlmatJuvashev/phd-students-portal/backend/internal/repository/admin_repository.go:263.3,263.15 1 0
github.com/AlmatJuvashev/phd-students-portal/backend/internal/repository/admin_repository.go:267.2,268.77 2 0
github.com/AlmatJuvashev/phd-students-portal/backend/internal/repository/admin_repository.go:268.77,269.19 1 0
github.com/AlmatJuvashev/phd-students-portal/backend/internal/repository/admin_repository.go:269.19,274.4 4 0
github.com/AlmatJuvashev/phd-students-portal/backend/internal/repository/admin_repository.go:275.3,275.15 1 0
github.com/AlmatJuvashev/phd-students-portal/backend/internal/repository/admin_repository.go:278.2,278.20 1 0
github.com/AlmatJuvashev/phd-students-portal/backend/internal/repository/admin_repository.go:281.122,282.26 1 0
github.com/AlmatJuvashev/phd-students-portal/backend/internal/repository/admin_repository.go:282.26,284.3 1 0
github.com/AlmatJuvashev/phd-students-portal/backend/internal/repository/admin_repository.go:285.2,288.16 4 0
github.com/AlmatJuvashev/phd-students-portal/backend/internal/repository/admin_repository.go:288.16,290.3 1 0
github.com/AlmatJuvashev/phd-students-portal/backend/internal/repository/admin_repository.go:291.2,294.18 3 0
github.com/AlmatJuvashev/phd-students-portal/backend/internal/repository/admin_repository.go:294.18,297.47 3 0
github.com/AlmatJuvashev/phd-students-portal/backend/internal/repository/admin_repository.go:297.47,305.38 2 0
github.com/AlmatJuvashev/phd-students-portal/backend/internal/repository/admin_repository.go:305.38,306.68 1 0
github.com/AlmatJuvashev/phd-students-portal/backend/internal/repository/admin_repository.go:306.68,308.6 1 0
github.com/AlmatJuvashev/phd-students-portal/backend/internal/repository/admin_repository.go:312.2,312.17 1 0
github.com/AlmatJuvashev/phd-students-portal/backend/internal/repository/admin_repository.go:316.129,331.16 4 1
github.com/AlmatJuvashev/phd-students-portal/backend/internal/repository/admin_repository.go:331.16,333.3 1 0
github.com/AlmatJuvashev/phd-students-portal/backend/internal/repository/admin_repository.go:334.2,335.19 2 1
github.com/AlmatJuvashev/phd-students-portal/backend/internal/repository/admin_repository.go:338.124,349.2 4 0
github.com/AlmatJuvashev/phd-students-portal/backend/internal/repository/admin_repository.go:351.150,354.2 1 0
github.com/AlmatJuvashev/phd-students-portal/backend/internal/repository/admin_repository.go:357.128,358.26 1 0
github.com/AlmatJuvashev/phd-students-portal/backend/internal/repository/admin_repository.go:358.26,360.3 1 0
github.com/AlmatJuvashev/phd-students-portal/backend/internal/repository/admin_repository.go:361.2,362.16 2 0
github.com/AlmatJuvashev/phd-students-portal/backend/internal/repository/admin_repository.go:362.16,364.3 1 0
github.com/AlmatJuvashev/phd-students-portal/backend/internal/repository/admin_repository.go:365.2,368.19 4 0
github.com/AlmatJuvashev/phd-students-portal/backend/internal/repository/admin_repository.go:371.150,372.47 1 0
github.com/AlmatJuvashev/phd-students-portal/backend/internal/repository/admin_repository.go:372.47,374.3 1 0
github.com/AlmatJuvashev/phd-students-portal/backend/internal/repository/admin_repository.go:380.2,381.16 2 0
github.com/AlmatJuvashev/phd-students-portal/backend/internal/repository/admin_repository.go:381.16,383.3 1 0
github.com/AlmatJuvashev/phd-students-portal/backend/internal/repository/admin_repository.go:384.2,387.16 3 0
github.com/AlmatJuvashev/phd-students-portal/backend/internal/repository/admin_repository.go:387.16,389.3 1 0
github.com/AlmatJuvashev/phd-students-portal/backend/internal/repository/admin_repository.go:390.2,393.18 3 0
github.com/AlmatJuvashev/phd-students-portal/backend/internal/repository/admin_repository.go:393.18,396.55 3 0
github.com/AlmatJuvashev/phd-students-portal/backend/internal/repository/admin_repository.go:396.55,397.26 1 0
github.com/AlmatJuvashev/phd-students-portal/backend/internal/repository/admin_repository.go:397.26,400.5 2 0
github.com/AlmatJuvashev/phd-students-portal/backend/internal/repository/admin_repository.go:403.2,403.23 1 0
github.com/AlmatJuvashev/phd-students-portal/backend/internal/repository/admin_repository.go:406.150,407.26 1 0
github.com/AlmatJuvashev/phd-students-portal/backend/internal/repository/admin_repository.go:407.26,409.3 1 0
github.com/AlmatJuvashev/phd-students-portal/backend/internal/repository/admin_repository.go:411.2,415.16 2 0
github.com/AlmatJuvashev/phd-students-portal/backend/internal/repository/admin_repository.go:415.16,417.3 1 0
github.com/AlmatJuvashev/phd-students-portal/backend/internal/repository/admin_repository.go:418.2,423.26 5 0
github.com/AlmatJuvashev/phd-students-portal/backend/internal/repository/admin_repository.go:423.26,425.3 1 0
github.com/AlmatJuvashev/phd-students-portal/backend/internal/repository/admin_repository.go:426.2,427.27 2 0
github.com/AlmatJuvashev/phd-students-portal/backend/internal/repository/admin_repository.go:430.113,434.2 3 1
github.com/AlmatJuvashev/phd-students-portal/backend/internal/repository/admin_repository.go:436.129,446.16 4 0
github.com/AlmatJuvashev/phd-students-portal/backend/internal/repository/admin_repository.go:446.16,448.3 1 0
github.com/AlmatJuvashev/phd-students-portal/backend/internal/repository/admin_repository.go:449.2,449.21 1 0
github.com/AlmatJuvashev/phd-students-portal/backend/internal/repository/admin_repository.go:449.21,451.3 1 0
github.com/AlmatJuvashev/phd-students-portal/backend/internal/repository/admin_repository.go:455.2,456.26 2 0
github.com/AlmatJuvashev/phd-students-portal/backend/internal/repository/admin_repository.go:456.26,458.3 1 0
github.com/AlmatJuvashev/phd-students-portal/backend/internal/repository/admin_repository.go:460.2,468.16 2 0
github.com/AlmatJuvashev/phd-students-portal/backend/internal/repository/admin_repository.go:468.16,470.3 1 0
github.com/AlmatJuvashev/phd-students-portal/backend/internal/repository/admin_repository.go:471.2,474.16 3 0
github.com/AlmatJuvashev/phd-students-portal/backend/internal/repository/admin_repository.go:474.16,476.3 1 0
github.com/AlmatJuvashev/phd-students-portal/backend/internal/repository/admin_repository.go:477.2,480.18 3 0
github.com/AlmatJuvashev/phd-students-portal/backend/internal/repository/admin_repository.go:480.18,483.97 3 0
github.com/AlmatJuvashev/phd-students-portal/backend/internal/repository/admin_repository.go:483.97,486.4 2 0
github.com/AlmatJuvashev/phd-students-portal/backend/internal/repository/admin_repository.go:490.2,490.23 1 0
github.com/AlmatJuvashev/phd-students-portal/backend/internal/repository/admin_repository.go:490.23,492.28 2 0
github.com/AlmatJuvashev/phd-students-portal/backend/internal/repository/admin_repository.go:492.28,494.4 1 0
github.com/AlmatJuvashev/phd-students-portal/backend/internal/repository/admin_repository.go:495.3,495.45 1 0
github.com/AlmatJuvashev/phd-students-portal/backend/internal/repository/admin_repository.go:498.2,498.19 1 0
github.com/AlmatJuvashev/phd-students-portal/backend/internal/repository/admin_repository.go:501.117,505.16 3 0
github.com/AlmatJuvashev/phd-students-portal/backend/internal/repository/admin_repository.go:505.16,507.3 1 0
github.com/AlmatJuvashev/phd-students-portal/backend/internal/repository/admin_repository.go:509.2,532.16 3 0
github.com/AlmatJuvashev/phd-students-portal/backend/internal/repository/admin_repository.go:532.16,534.3 1 0
github.com/AlmatJuvashev/phd-students-portal/backend/internal/repository/admin_repository.go:535.2,538.18 3 0
github.com/AlmatJuvashev/phd-students-portal/backend/internal/repository/admin_repository.go:538.18,547.17 3 0
github.com/AlmatJuvashev/phd-students-portal/backend/internal/repository/admin_repository.go:547.17,550.12 1 0
github.com/AlmatJuvashev/phd-students-portal/backend/internal/repository/admin_repository.go:554.3,554.57 1 0
github.com/AlmatJuvashev/phd-students-portal/backend/internal/repository/admin_repository.go:554.57,559.34 2 0
github.com/AlmatJuvashev/phd-students-portal/backend/internal/repository/admin_repository.go:559.34,559.89 1 0
github.com/AlmatJuvashev/phd-students-portal/backend/internal/repository/admin_repository.go:560.4,560.32 1 0
github.com/AlmatJuvashev/phd-students-portal/backend/internal/repository/admin_repository.go:560.32,560.87 1 0
github.com/AlmatJuvashev/phd-students-portal/backend/internal/repository/admin_repository.go:561.4,561.28 1 0
github.com/AlmatJuvashev/phd-students-portal/backend/internal/repository/admin_repository.go:561.28,561.79 1 0
github.com/AlmatJuvashev/phd-students-portal/backend/internal/repository/admin_repository.go:564.3,564.24 1 0
github.com/AlmatJuvashev/phd-students-portal/backend/internal/repository/admin_repository.go:566.2,566.17 1 0
github.com/AlmatJuvashev/phd-students-portal/backend/internal/repository/admin_repository.go:569.122,579.2 4 0
github.com/AlmatJuvashev/phd-students-portal/backend/internal/repository/admin_repository.go:581.124,583.88 2 0
github.com/AlmatJuvashev/phd-students-portal/backend/internal/repository/admin_repository.go:583.88,586.3 1 0
github.com/AlmatJuvashev/phd-students-portal/backend/internal/repository/admin_repository.go:586.8,589.3 1 0
github.com/AlmatJuvashev/phd-students-portal/backend/internal/repository/admin_repository.go:590.2,590.12 1 0
github.com/AlmatJuvashev/phd-students-portal/backend/internal/repository/admin_repository.go:593.121,597.2 2 0
github.com/AlmatJuvashev/phd-students-portal/backend/internal/repository/admin_repository.go:599.112,608.26 4 0
github.com/AlmatJuvashev/phd-students-portal/backend/internal/repository/admin_repository.go:608.26,610.3 1 0
github.com/AlmatJuvashev/phd-students-portal/backend/internal/repository/admin_repository.go:611.2,611.20 1 0
github.com/AlmatJuvashev/phd-students-portal/backend/internal/repository/admin_repository.go:614.137,624.2 3 0
github.com/AlmatJuvashev/phd-students-portal/backend/internal/repository/admin_repository.go:626.107,628.53 2 0
github.com/AlmatJuvashev/phd-students-portal/backend/internal/repository/admin_repository.go:628.53,630.3 1 0
github.com/AlmatJuvashev/phd-students-portal/backend/internal/repository/admin_repository.go:631.2,632.12 2 0
github.com/AlmatJuvashev/phd-students-portal/backend/internal/repository/admin_repository.go:635.125,640.2 2 0
github.com/AlmatJuvashev/phd-students-portal/backend/internal/repository/admin_repository.go:642.119,647.2 2 0
github.com/AlmatJuvashev/phd-students-portal/backend/internal/repository/admin_repository.go:649.133,654.2 3 0
github.com/AlmatJuvashev/phd-students-portal/backend/internal/repository/admin_repository.go:656.150,657.26 1 0
github.com/AlmatJuvashev/phd-students-portal/backend/internal/repository/admin_repository.go:657.26,657.40 1 0
github.com/AlmatJuvashev/phd-students-portal/backend/internal/repository/admin_repository.go:661.2,662.16 2 0
github.com/AlmatJuvashev/phd-students-portal/backend/internal/repository/admin_repository.go:662.16,662.30 1 0
github.com/AlmatJuvashev/phd-students-portal/backend/internal/repository/admin_repository.go:663.2,665.33 2 0
github.com/AlmatJuvashev/phd-students-portal/backend/internal/repository/admin_repository.go:665.33,666.19 1 0
github.com/AlmatJuvashev/phd-students-portal/backend/internal/repository/admin_repository.go:666.19,668.4 1 0
github.com/AlmatJuvashev/phd-students-portal/backend/internal/repository/admin_repository.go:668.9,670.4 1 0
github.com/AlmatJuvashev/phd-students-portal/backend/internal/repository/admin_repository.go:671.3,671.17 1 0
github.com/AlmatJuvashev/phd-students-portal/backend/internal/repository/admin_repository.go:671.17,671.31 1 0
github.com/AlmatJuvashev/phd-students-portal/backend/internal/repository/admin_repository.go:673.2,673.20 1 0
github.com/AlmatJuvashev/phd-students-portal/backend/internal/repository/admin_repository.go:676.135,681.2 2 0
github.com/AlmatJuvashev/phd-students-portal/backend/internal/repository/admin_repository.go:683.199,690.2 3 0
github.com/AlmatJuvashev/phd-students-portal/backend/internal/repository/admin_repository.go:692.46,693.13 1 0
github.com/AlmatJuvashev/phd-students-portal/backend/internal/repository/admin_repository.go:693.13,695.3 1 0
github.com/AlmatJuvashev/phd-students-portal/backend/internal/repository/admin_repository.go:696.2,696.47 1 0
github.com/AlmatJuvashev/phd-students-portal/backend/internal/repository/admin_repository.go:699.127,717.16 2 0
github.com/AlmatJuvashev/phd-students-portal/backend/internal/repository/admin_repository.go:717.16,719.3 1 0
github.com/AlmatJuvashev/phd-students-portal/backend/internal/repository/admin_repository.go:721.2,725.16 4 0
github.com/AlmatJuvashev/phd-students-portal/backend/internal/repository/admin_repository.go:725.16,727.3 1 0
github.com/AlmatJuvashev/phd-students-portal/backend/internal/repository/admin_repository.go:728.2,728.26 1 0
github.com/AlmatJuvashev/phd-students-portal/backend/internal/repository/admin_repository.go:728.26,730.3 1 0
github.com/AlmatJuvashev/phd-students-portal/backend/internal/repository/admin_repository.go:731.2,731.27 1 0
github.com/AlmatJuvashev/phd-students-portal/backend/internal/repository/admin_repository.go:735.84,739.2 3 0
github.com/AlmatJuvashev/phd-students-portal/backend/internal/repository/admin_repository.go:741.94,744.2 2 0
github.com/AlmatJuvashev/phd-students-portal/backend/internal/repository/admin_repository.go:746.87,749.2 2 0
github.com/AlmatJuvashev/phd-students-portal/backend/internal/repository/analytics_repository.go:20.69,22.2 1 0
github.com/AlmatJuvashev/phd-students-portal/backend/internal/repository/analytics_repository.go:24.110,36.16 4 0
github.com/AlmatJuvashev/phd-students-portal/backend/internal/repository/analytics_repository.go:36.16,38.3 1 0
github.com/AlmatJuvashev/phd-students-portal/backend/internal/repository/analytics_repository.go:39.2,39.19 1 0
github.com/AlmatJuvashev/phd-students-portal/backend/internal/repository/analytics_repository.go:42.105,55.16 4 0
github.com/AlmatJuvashev/phd-students-portal/backend/internal/repository/analytics_repository.go:55.16,57.3 1 0
github.com/AlmatJuvashev/phd-students-portal/backend/internal/repository/analytics_repository.go:58.2,58.19 1 0
github.com/AlmatJuvashev/phd-students-portal/backend/internal/repository/analytics_repository.go:61.106,75.16 4 0
github.com/AlmatJuvashev/phd-students-portal/backend/internal/repository/analytics_repository.go:75.16,77.3 1 0
github.com/AlmatJuvashev/phd-students-portal/backend/internal/repository/analytics_repository.go:78.2,78.19 1 0
github.com/AlmatJuvashev/phd-students-portal/backend/internal/repository/chat_repository.go:48.55,50.2 1 1
github.com/AlmatJuvashev/phd-students-portal/backend/internal/repository/chat_repository.go:53.180,54.20 1 1
github.com/AlmatJuvashev/phd-students-portal/backend/internal/repository/chat_repository.go:54.20,56.3 1 1
github.com/AlmatJuvashev/phd-students-portal/backend/internal/repository/chat_repository.go:57.2,72.16 3 1
github.com/AlmatJuvashev/phd-students-portal/backend/internal/repository/chat_repository.go:72.16,74.3 1 0
github.com/AlmatJuvashev/phd-students-portal/backend/internal/repository/chat_repository.go:75.2,75.19 1 1
github.com/AlmatJuvashev/phd-students-portal/backend/internal/repository/chat_repository.go:79.132,89.16 3 1
github.com/AlmatJuvashev/phd-students-portal/backend/internal/repository/chat_repository.go:89.16,91.3 1 0
github.com/AlmatJuvashev/phd-students-portal/backend/internal/repository/chat_repository.go:92.2,92.19 1 1
github.com/AlmatJuvashev/phd-students-portal/backend/internal/repository/chat_repository.go:96.99,103.16 3 1
github.com/AlmatJuvashev/phd-students-portal/backend/internal/repository/chat_repository.go:103.16,105.3 1 0
github.com/AlmatJuvashev/phd-students-portal/backend/internal/repository/chat_repository.go:106.2,106.19 1 1
github.com/AlmatJuvashev/phd-students-portal/backend/internal/repository/chat_repository.go:110.119,138.2 3 1
github.com/AlmatJuvashev/phd-students-portal/backend/internal/repository/chat_repository.go:141.113,163.2 3 0
github.com/AlmatJuvashev/phd-students-portal/backend/internal/repository/chat_repository.go:166.96,174.2 3 1
github.com/AlmatJuvashev/phd-students-portal/backend/internal/repository/chat_repository.go:177.121,185.2 2 1
github.com/AlmatJuvashev/phd-students-portal/backend/internal/repository/chat_repository.go:188.92,193.2 2 1
github.com/AlmatJuvashev/phd-students-portal/backend/internal/repository/chat_repository.go:196.110,209.2 3 1
github.com/AlmatJuvashev/phd-students-portal/backend/internal/repository/chat_repository.go:212.202,213.20 1 1
github.com/AlmatJuvashev/phd-students-portal/backend/internal/repository/chat_repository.go:213.20,215.3 1 1
github.com/AlmatJuvashev/phd-students-portal/backend/internal/repository/chat_repository.go:217.2,233.16 3 1
github.com/AlmatJuvashev/phd-students-portal/backend/internal/repository/chat_repository.go:233.16,235.3 1 0
github.com/AlmatJuvashev/phd-students-portal/backend/internal/repository/chat_repository.go:236.2,236.18 1 1
github.com/AlmatJuvashev/phd-students-portal/backend/internal/repository/chat_repository.go:240.145,241.31 1 1
github.com/AlmatJuvashev/phd-students-portal/backend/internal/repository/chat_repository.go:241.31,243.3 1 0
github.com/AlmatJuvashev/phd-students-portal/backend/internal/repository/chat_repository.go:245.2,266.19 4 1
github.com/AlmatJuvashev/phd-students-portal/backend/internal/repository/chat_repository.go:266.19,270.3 3 0
github.com/AlmatJuvashev/phd-students-portal/backend/internal/repository/chat_repository.go:271.2,271.18 1 1
github.com/AlmatJuvashev/phd-students-portal/backend/internal/repository/chat_repository.go:271.18,275.3 3 0
github.com/AlmatJuvashev/phd-students-portal/backend/internal/repository/chat_repository.go:277.2,282.22 5 1
github.com/AlmatJuvashev/phd-students-portal/backend/internal/repository/chat_repository.go:286.124,294.16 3 1
github.com/AlmatJuvashev/phd-students-portal/backend/internal/repository/chat_repository.go:294.16,296.3 1 0
github.com/AlmatJuvashev/phd-students-portal/backend/internal/repository/chat_repository.go:297.2,297.18 1 1
github.com/AlmatJuvashev/phd-students-portal/backend/internal/repository/chat_repository.go:301.92,307.16 2 1
github.com/AlmatJuvashev/phd-students-portal/backend/internal/repository/chat_repository.go:307.16,309.3 1 0
github.com/AlmatJuvashev/phd-students-portal/backend/internal/repository/chat_repository.go:310.2,311.16 2 1
github.com/AlmatJuvashev/phd-students-portal/backend/internal/repository/chat_repository.go:311.16,313.3 1 0
github.com/AlmatJuvashev/phd-students-portal/backend/internal/repository/chat_repository.go:314.2,314.15 1 1
github.com/AlmatJuvashev/phd-students-portal/backend/internal/repository/chat_repository.go:314.15,316.3 1 0
github.com/AlmatJuvashev/phd-students-portal/backend/internal/repository/chat_repository.go:317.2,317.12 1 1
github.com/AlmatJuvashev/phd-students-portal/backend/internal/repository/chat_repository.go:321.94,329.2 2 1
github.com/AlmatJuvashev/phd-students-portal/backend/internal/repository/chat_repository.go:332.113,337.33 4 0
github.com/AlmatJuvashev/phd-students-portal/backend/internal/repository/chat_repository.go:337.33,338.45 1 0
github.com/AlmatJuvashev/phd-students-portal/backend/internal/repository/chat_repository.go:338.45,341.4 2 0
github.com/AlmatJuvashev/phd-students-portal/backend/internal/repository/chat_repository.go:344.2,346.21 3 0
github.com/AlmatJuvashev/phd-students-portal/backend/internal/repository/chat_repository.go:350.109,351.23 1 0
github.com/AlmatJuvashev/phd-students-portal/backend/internal/repository/chat_repository.go:351.23,353.3 1 0
github.com/AlmatJuvashev/phd-students-portal/backend/internal/repository/chat_repository.go:354.2,359.16 2 0
github.com/AlmatJuvashev/phd-students-portal/backend/internal/repository/chat_repository.go:359.16,361.3 1 0
github.com/AlmatJuvashev/phd-students-portal/backend/internal/repository/chat_repository.go:362.2,365.19 4 0
github.com/AlmatJuvashev/phd-students-portal/backend/internal/repository/checklist_repository.go:30.69,32.2 1 0
github.com/AlmatJuvashev/phd-students-portal/backend/internal/repository/checklist_repository.go:34.101,38.2 3 0
github.com/AlmatJuvashev/phd-students-portal/backend/internal/repository/checklist_repository.go:40.124,45.2 3 0
github.com/AlmatJuvashev/phd-students-portal/backend/internal/repository/checklist_repository.go:50.11,57.2 3 0
github.com/AlmatJuvashev/phd-students-portal/backend/internal/repository/checklist_repository.go:59.132,64.2 2 0
github.com/AlmatJuvashev/phd-students-portal/backend/internal/repository/checklist_repository.go:66.106,78.2 3 0
github.com/AlmatJuvashev/phd-students-portal/backend/internal/repository/checklist_repository.go:80.96,85.2 2 0
github.com/AlmatJuvashev/phd-students-portal/backend/internal/repository/checklist_repository.go:87.95,92.2 2 0
github.com/AlmatJuvashev/phd-students-portal/backend/internal/repository/checklist_repository.go:94.138,103.2 3 0
github.com/AlmatJuvashev/phd-students-portal/backend/internal/repository/comment_repository.go:19.65,21.2 1 0
github.com/AlmatJuvashev/phd-students-portal/backend/internal/repository/comment_repository.go:23.100,31.2 3 0
github.com/AlmatJuvashev/phd-students-portal/backend/internal/repository/comment_repository.go:33.126,52.16 3 0
github.com/AlmatJuvashev/phd-students-portal/backend/internal/repository/comment_repository.go:52.16,54.3 1 0
github.com/AlmatJuvashev/phd-students-portal/backend/internal/repository/comment_repository.go:55.2,55.21 1 0
github.com/AlmatJuvashev/phd-students-portal/backend/internal/repository/comment_repository.go:55.21,57.3 1 0
github.com/AlmatJuvashev/phd-students-portal/backend/internal/repository/comment_repository.go:58.2,58.22 1 0
github.com/AlmatJuvashev/phd-students-portal/backend/internal/repository/contact_repository.go:26.65,28.2 1 0
github.com/AlmatJuvashev/phd-students-portal/backend/internal/repository/contact_repository.go:30.107,42.16 3 0
github.com/AlmatJuvashev/phd-students-portal/backend/internal/repository/contact_repository.go:42.16,44.3 1 0
github.com/AlmatJuvashev/phd-students-portal/backend/internal/repository/contact_repository.go:45.2,45.21 1 0
github.com/AlmatJuvashev/phd-students-portal/backend/internal/repository/contact_repository.go:45.21,47.3 1 0
github.com/AlmatJuvashev/phd-students-portal/backend/internal/repository/contact_repository.go:48.2,48.22 1 0
github.com/AlmatJuvashev/phd-students-portal/backend/internal/repository/contact_repository.go:51.128,57.22 2 0
github.com/AlmatJuvashev/phd-students-portal/backend/internal/repository/contact_repository.go:57.22,59.3 1 0
github.com/AlmatJuvashev/phd-students-portal/backend/internal/repository/contact_repository.go:60.2,63.76 3 0
github.com/AlmatJuvashev/phd-students-portal/backend/internal/repository/contact_repository.go:63.76,65.3 1 0
github.com/AlmatJuvashev/phd-students-portal/backend/internal/repository/contact_repository.go:66.2,66.21 1 0
github.com/AlmatJuvashev/phd-students-portal/backend/internal/repository/contact_repository.go:66.21,68.3 1 0
github.com/AlmatJuvashev/phd-students-portal/backend/internal/repository/contact_repository.go:69.2,69.22 1 0
github.com/AlmatJuvashev/phd-students-portal/backend/internal/repository/contact_repository.go:72.117,86.2 3 0
github.com/AlmatJuvashev/phd-students-portal/backend/internal/repository/contact_repository.go:88.126,94.25 4 0
github.com/AlmatJuvashev/phd-students-portal/backend/internal/repository/contact_repository.go:94.25,96.3 1 0
github.com/AlmatJuvashev/phd-students-portal/backend/internal/repository/contact_repository.go:97.2,99.25 2 0
github.com/AlmatJuvashev/phd-students-portal/backend/internal/repository/contact_repository.go:99.25,111.35 2 0
github.com/AlmatJuvashev/phd-students-portal/backend/internal/repository/contact_repository.go:111.35,114.37 1 0
github.com/AlmatJuvashev/phd-students-portal/backend/internal/repository/contact_repository.go:114.37,116.5 1 0
github.com/AlmatJuvashev/phd-students-portal/backend/internal/repository/contact_repository.go:116.10,116.43 1 0
github.com/AlmatJuvashev/phd-students-portal/backend/internal/repository/contact_repository.go:116.43,118.5 1 0
github.com/AlmatJuvashev/phd-students-portal/backend/internal/repository/contact_repository.go:121.3,122.27 2 0
github.com/AlmatJuvashev/phd-students-portal/backend/internal/repository/contact_repository.go:125.2,125.24 1 0
github.com/AlmatJuvashev/phd-students-portal/backend/internal/repository/contact_repository.go:125.24,127.3 1 0
github.com/AlmatJuvashev/phd-students-portal/backend/internal/repository/contact_repository.go:129.2,133.12 4 0
github.com/AlmatJuvashev/phd-students-portal/backend/internal/repository/contact_repository.go:136.94,139.2 2 0
github.com/AlmatJuvashev/phd-students-portal/backend/internal/repository/contact_repository.go:142.50,143.32 1 0
github.com/AlmatJuvashev/phd-students-portal/backend/internal/repository/contact_repository.go:143.32,145.3 1 0
github.com/AlmatJuvashev/phd-students-portal/backend/internal/repository/contact_repository.go:146.2,146.10 1 0
github.com/AlmatJuvashev/phd-students-portal/backend/internal/repository/contact_repository.go:149.48,150.14 1 0
github.com/AlmatJuvashev/phd-students-portal/backend/internal/repository/contact_repository.go:150.14,152.3 1 0
github.com/AlmatJuvashev/phd-students-portal/backend/internal/repository/contact_repository.go:153.2,153.34 1 0
github.com/AlmatJuvashev/phd-students-portal/backend/internal/repository/dictionary_repository.go:42.71,44.2 1 0
github.com/AlmatJuvashev/phd-students-portal/backend/internal/repository/dictionary_repository.go:47.37,48.13 1 0
github.com/AlmatJuvashev/phd-students-portal/backend/internal/repository/dictionary_repository.go:48.13,50.3 1 0
github.com/AlmatJuvashev/phd-students-portal/backend/internal/repository/dictionary_repository.go:51.2,51.11 1 0
github.com/AlmatJuvashev/phd-students-portal/backend/internal/repository/dictionary_repository.go:55.25,57.2 1 0
github.com/AlmatJuvashev/phd-students-portal/backend/internal/repository/dictionary_repository.go:61.129,68.16 3 0
github.com/AlmatJuvashev/phd-students-portal/backend/internal/repository/dictionary_repository.go:68.16,70.3 1 0
github.com/AlmatJuvashev/phd-students-portal/backend/internal/repository/dictionary_repository.go:71.2,74.75 3 0
github.com/AlmatJuvashev/phd-students-portal/backend/internal/repository/dictionary_repository.go:74.75,76.3 1 0
github.com/AlmatJuvashev/phd-students-portal/backend/internal/repository/dictionary_repository.go:77.2,77.21 1 0
github.com/AlmatJuvashev/phd-students-portal/backend/internal/repository/dictionary_repository.go:77.21,79.3 1 0
github.com/AlmatJuvashev/phd-students-portal/backend/internal/repository/dictionary_repository.go:80.2,80.22 1 0
github.com/AlmatJuvashev/phd-students-portal/backend/internal/repository/dictionary_repository.go:83.115,88.2 3 0
github.com/AlmatJuvashev/phd-students-portal/backend/internal/repository/dictionary_repository.go:90.132,95.16 4 0
github.com/AlmatJuvashev/phd-students-portal/backend/internal/repository/dictionary_repository.go:95.16,99.3 3 0
github.com/AlmatJuvashev/phd-students-portal/backend/internal/repository/dictionary_repository.go:100.2,100.16 1 0
github.com/AlmatJuvashev/phd-students-portal/backend/internal/repository/dictionary_repository.go:100.16,104.3 3 0
github.com/AlmatJuvashev/phd-students-portal/backend/internal/repository/dictionary_repository.go:105.2,105.21 1 0
github.com/AlmatJuvashev/phd-students-portal/backend/internal/repository/dictionary_repository.go:105.21,109.3 3 0
github.com/AlmatJuvashev/phd-students-portal/backend/internal/repository/dictionary_repository.go:111.2,115.12 4 0
github.com/AlmatJuvashev/phd-students-portal/backend/internal/repository/dictionary_repository.go:118.97,121.2 2 0
github.com/AlmatJuvashev/phd-students-portal/backend/internal/repository/dictionary_repository.go:125.152,134.16 4 0
github.com/AlmatJuvashev/phd-students-portal/backend/internal/repository/dictionary_repository.go:134.16,136.3 1 0
github.com/AlmatJuvashev/phd-students-portal/backend/internal/repository/dictionary_repository.go:137.2,137.21 1 0
github.com/AlmatJuvashev/phd-students-portal/backend/internal/repository/dictionary_repository.go:137.21,141.3 3 0
github.com/AlmatJuvashev/phd-students-portal/backend/internal/repository/dictionary_repository.go:142.2,154.80 4 0
github.com/AlmatJuvashev/phd-students-portal/backend/internal/repository/dictionary_repository.go:154.80,156.3 1 0
github.com/AlmatJuvashev/phd-students-portal/backend/internal/repository/dictionary_repository.go:158.2,159.34 2 0
github.com/AlmatJuvashev/phd-students-portal/backend/internal/repository/dictionary_repository.go:159.34,162.17 3 0
github.com/AlmatJuvashev/phd-students-portal/backend/internal/repository/dictionary_repository.go:162.17,164.4 1 0
github.com/AlmatJuvashev/phd-students-portal/backend/internal/repository/dictionary_repository.go:166.3,174.4 1 0
github.com/AlmatJuvashev/phd-students-portal/backend/internal/repository/dictionary_repository.go:177.2,177.25 1 0
github.com/AlmatJuvashev/phd-students-portal/backend/internal/repository/dictionary_repository.go:180.138,182.16 2 0
github.com/AlmatJuvashev/phd-students-portal/backend/internal/repository/dictionary_repository.go:182.16,184.3 1 0
github.com/AlmatJuvashev/phd-students-portal/backend/internal/repository/dictionary_repository.go:185.2,190.16 4 0
github.com/AlmatJuvashev/phd-students-portal/backend/internal/repository/dictionary_repository.go:190.16,192.3 1 0
github.com/AlmatJuvashev/phd-students-portal/backend/internal/repository/dictionary_repository.go:194.2,194.33 1 0
github.com/AlmatJuvashev/phd-students-portal/backend/internal/repository/dictionary_repository.go:194.33,195.39 1 0
github.com/AlmatJuvashev/phd-students-portal/backend/internal/repository/dictionary_repository.go:195.39,197.18 2 0
github.com/AlmatJuvashev/phd-students-portal/backend/internal/repository/dictionary_repository.go:197.18,199.13 1 0
github.com/AlmatJuvashev/phd-students-portal/backend/internal/repository/dictionary_repository.go:204.2,204.36 1 0
github.com/AlmatJuvashev/phd-students-portal/backend/internal/repository/dictionary_repository.go:204.36,206.3 1 0
github.com/AlmatJuvashev/phd-students-portal/backend/internal/repository/dictionary_repository.go:208.2,208.16 1 0
github.com/AlmatJuvashev/phd-students-portal/backend/internal/repository/dictionary_repository.go:211.148,213.16 2 0
github.com/AlmatJuvashev/phd-students-portal/backend/internal/repository/dictionary_repository.go:213.16,215.3 1 0
github.com/AlmatJuvashev/phd-students-portal/backend/internal/repository/dictionary_repository.go:216.2,222.16 5 0
github.com/AlmatJuvashev/phd-students-portal/backend/internal/repository/dictionary_repository.go:222.16,226.3 3 0
github.com/AlmatJuvashev/phd-students-portal/backend/internal/repository/dictionary_repository.go:227.2,227.16 1 0
github.com/AlmatJuvashev/phd-students-portal/backend/internal/repository/dictionary_repository.go:227.16,231.3 3 0
github.com/AlmatJuvashev/phd-students-portal/backend/internal/repository/dictionary_repository.go:232.2,232.21 1 0
github.com/AlmatJuvashev/phd-students-portal/backend/internal/repository/dictionary_repository.go:232.21,236.3 3 0
github.com/AlmatJuvashev/phd-students-portal/backend/internal/repository/dictionary_repository.go:238.2,238.23 1 0
github.com/AlmatJuvashev/phd-students-portal/backend/internal/repository/dictionary_repository.go:238.23,242.17 4 0
github.com/AlmatJuvashev/phd-students-portal/backend/internal/repository/dictionary_repository.go:242.17,244.4 1 0
github.com/AlmatJuvashev/phd-students-portal/backend/internal/repository/dictionary_repository.go:247.2,247.23 1 0
github.com/AlmatJuvashev/phd-students-portal/backend/internal/repository/dictionary_repository.go:247.23,249.34 2 0
github.com/AlmatJuvashev/phd-students-portal/backend/internal/repository/dictionary_repository.go:249.34,250.40 1 0
github.com/AlmatJuvashev/phd-students-portal/backend/internal/repository/dictionary_repository.go:250.40,252.19 2 0
github.com/AlmatJuvashev/phd-students-portal/backend/internal/repository/dictionary_repository.go:252.19,253.14 1 0
github.com/AlmatJuvashev/phd-students-portal/backend/internal/repository/dictionary_repository.go:259.2,259.20 1 0
github.com/AlmatJuvashev/phd-students-portal/backend/internal/repository/dictionary_repository.go:262.99,265.2 2 0
github.com/AlmatJuvashev/phd-students-portal/backend/internal/repository/dictionary_repository.go:269.127,279.16 3 0
github.com/AlmatJuvashev/phd-students-portal/backend/internal/repository/dictionary_repository.go:279.16,281.3 1 0
github.com/AlmatJuvashev/phd-students-portal/backend/internal/repository/dictionary_repository.go:282.2,285.74 3 0
github.com/AlmatJuvashev/phd-students-portal/backend/internal/repository/dictionary_repository.go:285.74,287.3 1 0
github.com/AlmatJuvashev/phd-students-portal/backend/internal/repository/dictionary_repository.go:288.2,288.20 1 0
github.com/AlmatJuvashev/phd-students-portal/backend/internal/repository/dictionary_repository.go:288.20,290.3 1 0
github.com/AlmatJuvashev/phd-students-portal/backend/internal/repository/dictionary_repository.go:291.2,291.21 1 0
github.com/AlmatJuvashev/phd-students-portal/backend/internal/repository/dictionary_repository.go:294.128,299.2 3 0
github.com/AlmatJuvashev/phd-students-portal/backend/internal/repository/dictionary_repository.go:301.138,306.16 4 0
github.com/AlmatJuvashev/phd-students-portal/backend/internal/repository/dictionary_repository.go:306.16,310.3 3 0
github.com/AlmatJuvashev/phd-students-portal/backend/internal/repository/dictionary_repository.go:311.2,311.21 1 0
github.com/AlmatJuvashev/phd-students-portal/backend/internal/repository/dictionary_repository.go:311.21,315.3 3 0
github.com/AlmatJuvashev/phd-students-portal/backend/internal/repository/dictionary_repository.go:316.2,316.19 1 0
github.com/AlmatJuvashev/phd-students-portal/backend/internal/repository/dictionary_repository.go:316.19,320.3 3 0
github.com/AlmatJuvashev/phd-students-portal/backend/internal/repository/dictionary_repository.go:321.2,321.21 1 0
github.com/AlmatJuvashev/phd-students-portal/backend/internal/repository/dictionary_repository.go:321.21,325.3 3 0
github.com/AlmatJuvashev/phd-students-portal/backend/internal/repository/dictionary_repository.go:327.2,331.12 4 0
github.com/AlmatJuvashev/phd-students-portal/backend/internal/repository/dictionary_repository.go:334.96,337.2 2 0
github.com/AlmatJuvashev/phd-students-portal/backend/internal/repository/dictionary_repository.go:341.135,348.16 3 0
github.com/AlmatJuvashev/phd-students-portal/backend/internal/repository/dictionary_repository.go:348.16,350.3 1 0
github.com/AlmatJuvashev/phd-students-portal/backend/internal/repository/dictionary_repository.go:351.2,354.78 3 0
github.com/AlmatJuvashev/phd-students-portal/backend/internal/repository/dictionary_repository.go:354.78,356.3 1 0
github.com/AlmatJuvashev/phd-students-portal/backend/internal/repository/dictionary_repository.go:357.2,357.24 1 0
github.com/AlmatJuvashev/phd-students-portal/backend/internal/repository/dictionary_repository.go:357.24,359.3 1 0
github.com/AlmatJuvashev/phd-students-portal/backend/internal/repository/dictionary_repository.go:360.2,360.25 1 0
github.com/AlmatJuvashev/phd-students-portal/backend/internal/repository/dictionary_repository.go:363.118,368.2 3 0
github.com/AlmatJuvashev/phd-students-portal/backend/internal/repository/dictionary_repository.go:370.128,375.16 4 0
github.com/AlmatJuvashev/phd-students-portal/backend/internal/repository/dictionary_repository.go:375.16,379.3 3 0
github.com/AlmatJuvashev/phd-students-portal/backend/internal/repository/dictionary_repository.go:380.2,380.16 1 0
github.com/AlmatJuvashev/phd-students-portal/backend/internal/repository/dictionary_repository.go:380.16,384.3 3 0
github.com/AlmatJuvashev/phd-students-portal/backend/internal/repository/dictionary_repository.go:385.2,385.21 1 0
github.com/AlmatJuvashev/phd-students-portal/backend/internal/repository/dictionary_repository.go:385.21,389.3 3 0
github.com/AlmatJuvashev/phd-students-portal/backend/internal/repository/dictionary_repository.go:391.2,395.12 4 0
github.com/AlmatJuvashev/phd-students-portal/backend/internal/repository/dictionary_repository.go:398.100,401.2 2 0
github.com/AlmatJuvashev/phd-students-portal/backend/internal/repository/document_repository.go:29.67,31.2 1 0
github.com/AlmatJuvashev/phd-students-portal/backend/internal/repository/document_repository.go:33.99,40.2 4 0
github.com/AlmatJuvashev/phd-students-portal/backend/internal/repository/document_repository.go:42.99,46.26 4 0
github.com/AlmatJuvashev/phd-students-portal/backend/internal/repository/document_repository.go:46.26,48.3 1 0
github.com/AlmatJuvashev/phd-students-portal/backend/internal/repository/document_repository.go:49.2,49.18 1 0
github.com/AlmatJuvashev/phd-students-portal/backend/internal/repository/document_repository.go:52.109,57.2 4 0
github.com/AlmatJuvashev/phd-students-portal/backend/internal/repository/document_repository.go:59.78,62.2 2 0
github.com/AlmatJuvashev/phd-students-portal/backend/internal/repository/document_repository.go:64.113,71.2 4 0
github.com/AlmatJuvashev/phd-students-portal/backend/internal/repository/document_repository.go:73.109,78.26 5 0
github.com/AlmatJuvashev/phd-students-portal/backend/internal/repository/document_repository.go:78.26,80.3 1 0
github.com/AlmatJuvashev/phd-students-portal/backend/internal/repository/document_repository.go:81.2,81.18 1 0
github.com/AlmatJuvashev/phd-students-portal/backend/internal/repository/document_repository.go:84.126,92.2 5 0
github.com/AlmatJuvashev/phd-students-portal/backend/internal/repository/document_repository.go:94.118,100.26 5 0
github.com/AlmatJuvashev/phd-students-portal/backend/internal/repository/document_repository.go:100.26,102.3 1 0
github.com/AlmatJuvashev/phd-students-portal/backend/internal/repository/document_repository.go:103.2,103.18 1 0
github.com/AlmatJuvashev/phd-students-portal/backend/internal/repository/document_repository.go:106.99,109.2 2 0
github.com/AlmatJuvashev/phd-students-portal/backend/internal/repository/event_repository.go:24.61,26.2 1 0
github.com/AlmatJuvashev/phd-students-portal/backend/internal/repository/event_repository.go:28.110,30.16 2 0
github.com/AlmatJuvashev/phd-students-portal/backend/internal/repository/event_repository.go:30.16,32.3 1 0
github.com/AlmatJuvashev/phd-students-portal/backend/internal/repository/event_repository.go:33.2,42.16 4 0
github.com/AlmatJuvashev/phd-students-portal/backend/internal/repository/event_repository.go:42.16,44.3 1 0
github.com/AlmatJuvashev/phd-students-portal/backend/internal/repository/event_repository.go:45.2,45.17 1 0
github.com/AlmatJuvashev/phd-students-portal/backend/internal/repository/event_repository.go:45.17,47.3 1 0
github.com/AlmatJuvashev/phd-students-portal/backend/internal/repository/event_repository.go:48.2,51.24 2 0
github.com/AlmatJuvashev/phd-students-portal/backend/internal/repository/event_repository.go:51.24,56.36 2 0
github.com/AlmatJuvashev/phd-students-portal/backend/internal/repository/event_repository.go:56.36,58.18 2 0
github.com/AlmatJuvashev/phd-students-portal/backend/internal/repository/event_repository.go:58.18,60.5 1 0
github.com/AlmatJuvashev/phd-students-portal/backend/internal/repository/event_repository.go:64.2,64.20 1 0
github.com/AlmatJuvashev/phd-students-portal/backend/internal/repository/event_repository.go:67.132,78.16 4 0
github.com/AlmatJuvashev/phd-students-portal/backend/internal/repository/event_repository.go:78.16,80.3 1 0
github.com/AlmatJuvashev/phd-students-portal/backend/internal/repository/event_repository.go:81.2,81.20 1 0
github.com/AlmatJuvashev/phd-students-portal/backend/internal/repository/event_repository.go:84.99,88.16 4 0
github.com/AlmatJuvashev/phd-students-portal/backend/internal/repository/event_repository.go:88.16,90.3 1 0
github.com/AlmatJuvashev/phd-students-portal/backend/internal/repository/event_repository.go:91.2,91.20 1 0
github.com/AlmatJuvashev/phd-students-portal/backend/internal/repository/event_repository.go:94.90,103.16 3 0
github.com/AlmatJuvashev/phd-students-portal/backend/internal/repository/event_repository.go:103.16,105.3 1 0
github.com/AlmatJuvashev/phd-students-portal/backend/internal/repository/event_repository.go:107.2,108.16 2 0
github.com/AlmatJuvashev/phd-students-portal/backend/internal/repository/event_repository.go:108.16,110.3 1 0
github.com/AlmatJuvashev/phd-students-portal/backend/internal/repository/event_repository.go:111.2,111.15 1 0
github.com/AlmatJuvashev/phd-students-portal/backend/internal/repository/event_repository.go:111.15,113.3 1 0
github.com/AlmatJuvashev/phd-students-portal/backend/internal/repository/event_repository.go:114.2,114.12 1 0
github.com/AlmatJuvashev/phd-students-portal/backend/internal/repository/event_repository.go:117.93,120.16 3 0
github.com/AlmatJuvashev/phd-students-portal/backend/internal/repository/event_repository.go:120.16,122.3 1 0
github.com/AlmatJuvashev/phd-students-portal/backend/internal/repository/event_repository.go:123.2,124.16 2 0
github.com/AlmatJuvashev/phd-students-portal/backend/internal/repository/event_repository.go:124.16,126.3 1 0
github.com/AlmatJuvashev/phd-students-portal/backend/internal/repository/event_repository.go:127.2,127.15 1 0
github.com/AlmatJuvashev/phd-students-portal/backend/internal/repository/event_repository.go:127.15,129.3 1 0
github.com/AlmatJuvashev/phd-students-portal/backend/internal/repository/event_repository.go:130.2,130.12 1 0
github.com/AlmatJuvashev/phd-students-portal/backend/internal/repository/journey_repository.go:57.65,59.2 1 1
github.com/AlmatJuvashev/phd-students-portal/backend/internal/repository/journey_repository.go:62.74,64.2 1 0
github.com/AlmatJuvashev/phd-students-portal/backend/internal/repository/journey_repository.go:67.52,68.17 1 1
github.com/AlmatJuvashev/phd-students-portal/backend/internal/repository/journey_repository.go:68.17,70.3 1 0
github.com/AlmatJuvashev/phd-students-portal/backend/internal/repository/journey_repository.go:71.2,71.13 1 1
github.com/AlmatJuvashev/phd-students-portal/backend/internal/repository/journey_repository.go:75.100,77.16 2 0
github.com/AlmatJuvashev/phd-students-portal/backend/internal/repository/journey_repository.go:77.16,79.3 1 0
github.com/AlmatJuvashev/phd-students-portal/backend/internal/repository/journey_repository.go:80.2,83.35 3 0
github.com/AlmatJuvashev/phd-students-portal/backend/internal/repository/journey_repository.go:83.35,85.3 1 0
github.com/AlmatJuvashev/phd-students-portal/backend/internal/repository/journey_repository.go:87.2,87.20 1 0
github.com/AlmatJuvashev/phd-students-portal/backend/internal/repository/journey_repository.go:91.121,93.16 2 1
github.com/AlmatJuvashev/phd-students-portal/backend/internal/repository/journey_repository.go:93.16,95.3 1 0
github.com/AlmatJuvashev/phd-students-portal/backend/internal/repository/journey_repository.go:96.2,98.18 3 1
github.com/AlmatJuvashev/phd-students-portal/backend/internal/repository/journey_repository.go:98.18,100.46 2 1
github.com/AlmatJuvashev/phd-students-portal/backend/internal/repository/journey_repository.go:100.46,102.4 1 1
github.com/AlmatJuvashev/phd-students-portal/backend/internal/repository/journey_repository.go:104.2,104.15 1 1
github.com/AlmatJuvashev/phd-students-portal/backend/internal/repository/journey_repository.go:108.118,113.2 2 1
github.com/AlmatJuvashev/phd-students-portal/backend/internal/repository/journey_repository.go:116.97,118.16 2 0
github.com/AlmatJuvashev/phd-students-portal/backend/internal/repository/journey_repository.go:118.16,120.3 1 0
github.com/AlmatJuvashev/phd-students-portal/backend/internal/repository/journey_repository.go:121.2,122.12 2 0
github.com/AlmatJuvashev/phd-students-portal/backend/internal/repository/journey_repository.go:126.114,130.2 3 0
github.com/AlmatJuvashev/phd-students-portal/backend/internal/repository/journey_repository.go:133.104,134.22 1 0
github.com/AlmatJuvashev/phd-students-portal/backend/internal/repository/journey_repository.go:134.22,136.6 1 0
github.com/AlmatJuvashev/phd-students-portal/backend/internal/repository/journey_repository.go:137.5,138.19 2 0
github.com/AlmatJuvashev/phd-students-portal/backend/internal/repository/journey_repository.go:138.19,140.6 1 0
github.com/AlmatJuvashev/phd-students-portal/backend/internal/repository/journey_repository.go:141.5,144.22 4 0
github.com/AlmatJuvashev/phd-students-portal/backend/internal/repository/journey_repository.go:148.122,151.16 3 1
github.com/AlmatJuvashev/phd-students-portal/backend/internal/repository/journey_repository.go:151.16,152.27 1 0
github.com/AlmatJuvashev/phd-students-portal/backend/internal/repository/journey_repository.go:152.27,154.4 1 0
github.com/AlmatJuvashev/phd-students-portal/backend/internal/repository/journey_repository.go:155.3,155.18 1 0
github.com/AlmatJuvashev/phd-students-portal/backend/internal/repository/journey_repository.go:157.2,157.19 1 1
github.com/AlmatJuvashev/phd-students-portal/backend/internal/repository/journey_repository.go:160.122,164.2 3 1
github.com/AlmatJuvashev/phd-students-portal/backend/internal/repository/journey_repository.go:166.155,171.2 3 1
github.com/AlmatJuvashev/phd-students-portal/backend/internal/repository/journey_repository.go:173.122,175.16 2 1
github.com/AlmatJuvashev/phd-students-portal/backend/internal/repository/journey_repository.go:175.16,177.3 1 0
github.com/AlmatJuvashev/phd-students-portal/backend/internal/repository/journey_repository.go:178.2,179.15 2 1
github.com/AlmatJuvashev/phd-students-portal/backend/internal/repository/journey_repository.go:179.15,181.3 1 0
github.com/AlmatJuvashev/phd-students-portal/backend/internal/repository/journey_repository.go:182.2,182.12 1 1
github.com/AlmatJuvashev/phd-students-portal/backend/internal/repository/journey_repository.go:185.124,188.16 3 0
github.com/AlmatJuvashev/phd-students-portal/backend/internal/repository/journey_repository.go:188.16,190.3 1 0
github.com/AlmatJuvashev/phd-students-portal/backend/internal/repository/journey_repository.go:191.2,191.29 1 0
github.com/AlmatJuvashev/phd-students-portal/backend/internal/repository/journey_repository.go:194.128,198.2 3 0
github.com/AlmatJuvashev/phd-students-portal/backend/internal/repository/journey_repository.go:200.144,208.2 4 0
github.com/AlmatJuvashev/phd-students-portal/backend/internal/repository/journey_repository.go:210.131,223.16 2 0
github.com/AlmatJuvashev/phd-students-portal/backend/internal/repository/journey_repository.go:223.16,225.3 1 0
github.com/AlmatJuvashev/phd-students-portal/backend/internal/repository/journey_repository.go:226.2,259.18 5 0
github.com/AlmatJuvashev/phd-students-portal/backend/internal/repository/journey_repository.go:259.18,261.45 2 0
github.com/AlmatJuvashev/phd-students-portal/backend/internal/repository/journey_repository.go:261.45,263.4 1 0
github.com/AlmatJuvashev/phd-students-portal/backend/internal/repository/journey_repository.go:265.3,267.14 3 0
github.com/AlmatJuvashev/phd-students-portal/backend/internal/repository/journey_repository.go:267.14,278.4 3 0
github.com/AlmatJuvashev/phd-students-portal/backend/internal/repository/journey_repository.go:280.3,280.48 1 0
github.com/AlmatJuvashev/phd-students-portal/backend/internal/repository/journey_repository.go:280.48,288.26 2 0
github.com/AlmatJuvashev/phd-students-portal/backend/internal/repository/journey_repository.go:288.26,288.73 2 0
github.com/AlmatJuvashev/phd-students-portal/backend/internal/repository/journey_repository.go:289.4,289.22 1 0
github.com/AlmatJuvashev/phd-students-portal/backend/internal/repository/journey_repository.go:289.22,289.63 2 0
github.com/AlmatJuvashev/phd-students-portal/backend/internal/repository/journey_repository.go:290.4,290.26 1 0
github.com/AlmatJuvashev/phd-students-portal/backend/internal/repository/journey_repository.go:290.26,290.75 2 0
github.com/AlmatJuvashev/phd-students-portal/backend/internal/repository/journey_repository.go:291.4,291.26 1 0
github.com/AlmatJuvashev/phd-students-portal/backend/internal/repository/journey_repository.go:291.26,291.73 2 0
github.com/AlmatJuvashev/phd-students-portal/backend/internal/repository/journey_repository.go:292.4,292.26 1 0
github.com/AlmatJuvashev/phd-students-portal/backend/internal/repository/journey_repository.go:292.26,292.75 2 0
github.com/AlmatJuvashev/phd-students-portal/backend/internal/repository/journey_repository.go:294.4,294.41 1 0
github.com/AlmatJuvashev/phd-students-portal/backend/internal/repository/journey_repository.go:294.41,297.5 2 0
github.com/AlmatJuvashev/phd-students-portal/backend/internal/repository/journey_repository.go:298.4,298.26 1 0
github.com/AlmatJuvashev/phd-students-portal/backend/internal/repository/journey_repository.go:298.26,298.73 2 0
github.com/AlmatJuvashev/phd-students-portal/backend/internal/repository/journey_repository.go:299.4,299.26 1 0
github.com/AlmatJuvashev/phd-students-portal/backend/internal/repository/journey_repository.go:299.26,299.75 2 0
github.com/AlmatJuvashev/phd-students-portal/backend/internal/repository/journey_repository.go:300.4,300.33 1 0
github.com/AlmatJuvashev/phd-students-portal/backend/internal/repository/journey_repository.go:300.33,300.95 2 0
github.com/AlmatJuvashev/phd-students-portal/backend/internal/repository/journey_repository.go:301.4,301.32 1 0
github.com/AlmatJuvashev/phd-students-portal/backend/internal/repository/journey_repository.go:301.32,301.93 2 0
github.com/AlmatJuvashev/phd-students-portal/backend/internal/repository/journey_repository.go:302.4,302.30 1 0
github.com/AlmatJuvashev/phd-students-portal/backend/internal/repository/journey_repository.go:302.30,302.87 2 0
github.com/AlmatJuvashev/phd-students-portal/backend/internal/repository/journey_repository.go:304.4,304.52 1 0
github.com/AlmatJuvashev/phd-students-portal/backend/internal/repository/journey_repository.go:309.2,310.32 2 0
github.com/AlmatJuvashev/phd-students-portal/backend/internal/repository/journey_repository.go:310.32,312.3 1 0
github.com/AlmatJuvashev/phd-students-portal/backend/internal/repository/journey_repository.go:313.2,313.17 1 0
github.com/AlmatJuvashev/phd-students-portal/backend/internal/repository/journey_repository.go:316.118,320.2 3 0
github.com/AlmatJuvashev/phd-students-portal/backend/internal/repository/journey_repository.go:322.113,326.2 3 0
github.com/AlmatJuvashev/phd-students-portal/backend/internal/repository/journey_repository.go:328.119,331.2 2 0
github.com/AlmatJuvashev/phd-students-portal/backend/internal/repository/journey_repository.go:333.116,336.2 2 0
github.com/AlmatJuvashev/phd-students-portal/backend/internal/repository/journey_repository.go:338.127,341.2 2 0
github.com/AlmatJuvashev/phd-students-portal/backend/internal/repository/journey_repository.go:343.135,345.16 2 0
github.com/AlmatJuvashev/phd-students-portal/backend/internal/repository/journey_repository.go:345.16,347.3 1 0
github.com/AlmatJuvashev/phd-students-portal/backend/internal/repository/journey_repository.go:348.2,349.12 2 0
github.com/AlmatJuvashev/phd-students-portal/backend/internal/repository/journey_repository.go:352.169,355.20 3 0
github.com/AlmatJuvashev/phd-students-portal/backend/internal/repository/journey_repository.go:355.20,357.3 1 0
github.com/AlmatJuvashev/phd-students-portal/backend/internal/repository/journey_repository.go:358.2,360.16 2 0
github.com/AlmatJuvashev/phd-students-portal/backend/internal/repository/journey_repository.go:363.123,366.16 3 0
github.com/AlmatJuvashev/phd-students-portal/backend/internal/repository/journey_repository.go:366.16,368.3 1 0
github.com/AlmatJuvashev/phd-students-portal/backend/internal/repository/journey_repository.go:369.2,369.19 1 0
github.com/AlmatJuvashev/phd-students-portal/backend/internal/repository/journey_repository.go:372.158,377.2 3 0
github.com/AlmatJuvashev/phd-students-portal/backend/internal/repository/notification_repository.go:22.75,24.2 1 0
github.com/AlmatJuvashev/phd-students-portal/backend/internal/repository/notification_repository.go:26.99,33.16 3 0
github.com/AlmatJuvashev/phd-students-portal/backend/internal/repository/notification_repository.go:33.16,35.3 1 0
github.com/AlmatJuvashev/phd-students-portal/backend/internal/repository/notification_repository.go:36.2,37.17 2 0
github.com/AlmatJuvashev/phd-students-portal/backend/internal/repository/notification_repository.go:37.17,39.3 1 0
github.com/AlmatJuvashev/phd-students-portal/backend/internal/repository/notification_repository.go:40.2,40.12 1 0
github.com/AlmatJuvashev/phd-students-portal/backend/internal/repository/notification_repository.go:43.114,51.16 4 0
github.com/AlmatJuvashev/phd-students-portal/backend/internal/repository/notification_repository.go:51.16,53.3 1 0
github.com/AlmatJuvashev/phd-students-portal/backend/internal/repository/notification_repository.go:54.2,54.20 1 0
github.com/AlmatJuvashev/phd-students-portal/backend/internal/repository/notification_repository.go:57.106,60.16 3 0
github.com/AlmatJuvashev/phd-students-portal/backend/internal/repository/notification_repository.go:60.16,62.3 1 0
github.com/AlmatJuvashev/phd-students-portal/backend/internal/repository/notification_repository.go:63.2,64.19 2 0
github.com/AlmatJuvashev/phd-students-portal/backend/internal/repository/notification_repository.go:64.19,66.3 1 0
github.com/AlmatJuvashev/phd-students-portal/backend/internal/repository/notification_repository.go:67.2,67.12 1 0
github.com/AlmatJuvashev/phd-students-portal/backend/internal/repository/notification_repository.go:70.93,74.2 3 0
github.com/AlmatJuvashev/phd-students-portal/backend/internal/repository/search_repository.go:20.63,22.2 1 0
github.com/AlmatJuvashev/phd-students-portal/backend/internal/repository/search_repository.go:24.148,26.85 1 0
github.com/AlmatJuvashev/phd-students-portal/backend/internal/repository/search_repository.go:26.85,28.3 1 0
github.com/AlmatJuvashev/phd-students-portal/backend/internal/repository/search_repository.go:30.2,37.23 3 0
github.com/AlmatJuvashev/phd-students-portal/backend/internal/repository/search_repository.go:37.23,40.3 2 0
github.com/AlmatJuvashev/phd-students-portal/backend/internal/repository/search_repository.go:42.2,46.16 4 0
github.com/AlmatJuvashev/phd-students-portal/backend/internal/repository/search_repository.go:46.16,48.3 1 0
github.com/AlmatJuvashev/phd-students-portal/backend/internal/repository/search_repository.go:49.2,52.18 3 0
github.com/AlmatJuvashev/phd-students-portal/backend/internal/repository/search_repository.go:52.18,60.88 2 0
github.com/AlmatJuvashev/phd-students-portal/backend/internal/repository/search_repository.go:60.88,61.12 1 0
github.com/AlmatJuvashev/phd-students-portal/backend/internal/repository/search_repository.go:64.3,65.26 2 0
github.com/AlmatJuvashev/phd-students-portal/backend/internal/repository/search_repository.go:65.26,67.4 1 0
github.com/AlmatJuvashev/phd-students-portal/backend/internal/repository/search_repository.go:69.3,76.5 1 0
github.com/AlmatJuvashev/phd-students-portal/backend/internal/repository/search_repository.go:78.2,78.21 1 0
github.com/AlmatJuvashev/phd-students-portal/backend/internal/repository/search_repository.go:81.152,92.23 3 0
github.com/AlmatJuvashev/phd-students-portal/backend/internal/repository/search_repository.go:92.23,95.3 2 0
github.com/AlmatJuvashev/phd-students-portal/backend/internal/repository/search_repository.go:95.8,95.30 1 0
github.com/AlmatJuvashev/phd-students-portal/backend/internal/repository/search_repository.go:95.30,98.3 2 0
github.com/AlmatJuvashev/phd-students-portal/backend/internal/repository/search_repository.go:101.2,105.16 4 0
github.com/AlmatJuvashev/phd-students-portal/backend/internal/repository/search_repository.go:105.16,107.3 1 0
github.com/AlmatJuvashev/phd-students-portal/backend/internal/repository/search_repository.go:108.2,111.18 3 0
github.com/AlmatJuvashev/phd-students-portal/backend/internal/repository/search_repository.go:111.18,119.93 2 0
github.com/AlmatJuvashev/phd-students-portal/backend/internal/repository/search_repository.go:119.93,120.12 1 0
github.com/AlmatJuvashev/phd-students-portal/backend/internal/repository/search_repository.go:123.3,130.5 1 0
github.com/AlmatJuvashev/phd-students-portal/backend/internal/repository/search_repository.go:132.2,132.21 1 0
github.com/AlmatJuvashev/phd-students-portal/backend/internal/repository/superadmin_repository.go:50.71,52.2 1 0
github.com/AlmatJuvashev/phd-students-portal/backend/internal/repository/superadmin_repository.go:56.116,69.20 3 0
github.com/AlmatJuvashev/phd-students-portal/backend/internal/repository/superadmin_repository.go:69.20,72.3 2 0
github.com/AlmatJuvashev/phd-students-portal/backend/internal/repository/superadmin_repository.go:73.2,77.20 4 0
github.com/AlmatJuvashev/phd-students-portal/backend/internal/repository/superadmin_repository.go:80.138,90.26 4 0
github.com/AlmatJuvashev/phd-students-portal/backend/internal/repository/superadmin_repository.go:90.26,92.3 1 0
github.com/AlmatJuvashev/phd-students-portal/backend/internal/repository/superadmin_repository.go:93.2,93.16 1 0
github.com/AlmatJuvashev/phd-students-portal/backend/internal/repository/superadmin_repository.go:93.16,95.3 1 0
github.com/AlmatJuvashev/phd-students-portal/backend/internal/repository/superadmin_repository.go:98.2,107.33 4 0
github.com/AlmatJuvashev/phd-students-portal/backend/internal/repository/superadmin_repository.go:110.117,112.16 2 0
github.com/AlmatJuvashev/phd-students-portal/backend/internal/repository/superadmin_repository.go:112.16,114.3 1 0
github.com/AlmatJuvashev/phd-students-portal/backend/internal/repository/superadmin_repository.go:115.2,124.16 5 0
github.com/AlmatJuvashev/phd-students-portal/backend/internal/repository/superadmin_repository.go:124.16,126.3 1 0
github.com/AlmatJuvashev/phd-students-portal/backend/internal/repository/superadmin_repository.go:128.2,128.44 1 0
github.com/AlmatJuvashev/phd-students-portal/backend/internal/repository/superadmin_repository.go:128.44,135.17 3 0
github.com/AlmatJuvashev/phd-students-portal/backend/internal/repository/superadmin_repository.go:135.17,137.4 1 0
github.com/AlmatJuvashev/phd-students-portal/backend/internal/repository/superadmin_repository.go:140.2,140.28 1 0
github.com/AlmatJuvashev/phd-students-portal/backend/internal/repository/superadmin_repository.go:143.128,145.16 2 0
github.com/AlmatJuvashev/phd-students-portal/backend/internal/repository/superadmin_repository.go:145.16,147.3 1 0
github.com/AlmatJuvashev/phd-students-portal/backend/internal/repository/superadmin_repository.go:148.2,164.16 5 0
github.com/AlmatJuvashev/phd-students-portal/backend/internal/repository/superadmin_repository.go:164.16,166.3 1 0
github.com/AlmatJuvashev/phd-students-portal/backend/internal/repository/superadmin_repository.go:168.2,168.29 1 0
github.com/AlmatJuvashev/phd-students-portal/backend/internal/repository/superadmin_repository.go:168.29,171.17 2 0
github.com/AlmatJuvashev/phd-students-portal/backend/internal/repository/superadmin_repository.go:171.17,173.4 1 0
github.com/AlmatJuvashev/phd-students-portal/backend/internal/repository/superadmin_repository.go:175.3,176.25 2 0
github.com/AlmatJuvashev/phd-students-portal/backend/internal/repository/superadmin_repository.go:176.25,178.4 1 0
github.com/AlmatJuvashev/phd-students-portal/backend/internal/repository/superadmin_repository.go:179.3,179.45 1 0
github.com/AlmatJuvashev/phd-students-portal/backend/internal/repository/superadmin_repository.go:179.45,185.18 3 0
github.com/AlmatJuvashev/phd-students-portal/backend/internal/repository/superadmin_repository.go:185.18,187.5 1 0
github.com/AlmatJuvashev/phd-students-portal/backend/internal/repository/superadmin_repository.go:191.2,191.30 1 0
github.com/AlmatJuvashev/phd-students-portal/backend/internal/repository/superadmin_repository.go:194.95,198.2 3 0
github.com/AlmatJuvashev/phd-students-portal/backend/internal/repository/superadmin_repository.go:200.118,204.2 3 0
github.com/AlmatJuvashev/phd-students-portal/backend/internal/repository/superadmin_repository.go:208.149,226.27 6 0
github.com/AlmatJuvashev/phd-students-portal/backend/internal/repository/superadmin_repository.go:226.27,231.3 5 0
github.com/AlmatJuvashev/phd-students-portal/backend/internal/repository/superadmin_repository.go:232.2,232.25 1 0
github.com/AlmatJuvashev/phd-students-portal/backend/internal/repository/superadmin_repository.go:232.25,237.3 5 0
github.com/AlmatJuvashev/phd-students-portal/backend/internal/repository/superadmin_repository.go:238.2,238.25 1 0
github.com/AlmatJuvashev/phd-students-portal/backend/internal/repository/superadmin_repository.go:238.25,243.3 5 0
github.com/AlmatJuvashev/phd-students-portal/backend/internal/repository/superadmin_repository.go:244.2,244.29 1 0
github.com/AlmatJuvashev/phd-students-portal/backend/internal/repository/superadmin_repository.go:244.29,249.3 5 0
github.com/AlmatJuvashev/phd-students-portal/backend/internal/repository/superadmin_repository.go:250.2,250.28 1 0
github.com/AlmatJuvashev/phd-students-portal/backend/internal/repository/superadmin_repository.go:250.28,255.3 5 0
github.com/AlmatJuvashev/phd-students-portal/backend/internal/repository/superadmin_repository.go:256.2,256.26 1 0
github.com/AlmatJuvashev/phd-students-portal/backend/internal/repository/superadmin_repository.go:256.26,261.3 5 0
github.com/AlmatJuvashev/phd-students-portal/backend/internal/repository/superadmin_repository.go:263.2,265.16 3 0
github.com/AlmatJuvashev/phd-students-portal/backend/internal/repository/superadmin_repository.go:265.16,267.3 1 0
github.com/AlmatJuvashev/phd-students-portal/backend/internal/repository/superadmin_repository.go:269.2,274.25 5 0
github.com/AlmatJuvashev/phd-students-portal/backend/internal/repository/superadmin_repository.go:277.102,290.32 6 0
github.com/AlmatJuvashev/phd-students-portal/backend/internal/repository/superadmin_repository.go:290.32,292.3 1 0
github.com/AlmatJuvashev/phd-students-portal/backend/internal/repository/superadmin_repository.go:295.2,313.20 3 0
github.com/AlmatJuvashev/phd-students-portal/backend/internal/repository/superadmin_repository.go:316.85,320.2 3 0
github.com/AlmatJuvashev/phd-students-portal/backend/internal/repository/superadmin_repository.go:322.89,326.2 3 0
github.com/AlmatJuvashev/phd-students-portal/backend/internal/repository/superadmin_repository.go:328.107,335.28 3 0
github.com/AlmatJuvashev/phd-students-portal/backend/internal/repository/superadmin_repository.go:335.28,337.3 1 0
github.com/AlmatJuvashev/phd-students-portal/backend/internal/repository/superadmin_repository.go:339.2,340.12 2 0
github.com/AlmatJuvashev/phd-students-portal/backend/internal/repository/superadmin_repository.go:345.120,351.20 3 0
github.com/AlmatJuvashev/phd-students-portal/backend/internal/repository/superadmin_repository.go:351.20,354.3 2 0
github.com/AlmatJuvashev/phd-students-portal/backend/internal/repository/superadmin_repository.go:355.2,359.22 4 0
github.com/AlmatJuvashev/phd-students-portal/backend/internal/repository/superadmin_repository.go:362.112,370.26 4 0
github.com/AlmatJuvashev/phd-students-portal/backend/internal/repository/superadmin_repository.go:370.26,372.3 1 0
github.com/AlmatJuvashev/phd-students-portal/backend/internal/repository/superadmin_repository.go:373.2,373.22 1 0
github.com/AlmatJuvashev/phd-students-portal/backend/internal/repository/superadmin_repository.go:376.150,378.16 2 0
github.com/AlmatJuvashev/phd-students-portal/backend/internal/repository/superadmin_repository.go:378.16,380.3 1 0
github.com/AlmatJuvashev/phd-students-portal/backend/internal/repository/superadmin_repository.go:382.2,395.16 4 0
github.com/AlmatJuvashev/phd-students-portal/backend/internal/repository/superadmin_repository.go:395.16,397.3 1 0
github.com/AlmatJuvashev/phd-students-portal/backend/internal/repository/superadmin_repository.go:398.2,398.22 1 0
github.com/AlmatJuvashev/phd-students-portal/backend/internal/repository/superadmin_repository.go:401.88,404.2 2 0
github.com/AlmatJuvashev/phd-students-portal/backend/internal/repository/superadmin_repository.go:406.88,410.2 3 0
github.com/AlmatJuvashev/phd-students-portal/backend/internal/repository/tenant_repository.go:37.63,39.2 1 1
github.com/AlmatJuvashev/phd-students-portal/backend/internal/repository/tenant_repository.go:41.95,47.26 3 1
github.com/AlmatJuvashev/phd-students-portal/backend/internal/repository/tenant_repository.go:47.26,49.3 1 0
github.com/AlmatJuvashev/phd-students-portal/backend/internal/repository/tenant_repository.go:50.2,50.16 1 1
github.com/AlmatJuvashev/phd-students-portal/backend/internal/repository/tenant_repository.go:53.99,59.26 3 1
github.com/AlmatJuvashev/phd-students-portal/backend/internal/repository/tenant_repository.go:59.26,61.3 1 0
github.com/AlmatJuvashev/phd-students-portal/backend/internal/repository/tenant_repository.go:62.2,62.16 1 1
github.com/AlmatJuvashev/phd-students-portal/backend/internal/repository/tenant_repository.go:65.118,76.2 4 1
github.com/AlmatJuvashev/phd-students-portal/backend/internal/repository/tenant_repository.go:78.103,105.2 4 1
github.com/AlmatJuvashev/phd-students-portal/backend/internal/repository/tenant_repository.go:107.109,134.26 4 1
github.com/AlmatJuvashev/phd-students-portal/backend/internal/repository/tenant_repository.go:134.26,136.3 1 0
github.com/AlmatJuvashev/phd-students-portal/backend/internal/repository/tenant_repository.go:137.2,137.16 1 1
github.com/AlmatJuvashev/phd-students-portal/backend/internal/repository/tenant_repository.go:140.93,148.2 3 1
github.com/AlmatJuvashev/phd-students-portal/backend/internal/repository/tenant_repository.go:150.126,155.28 4 1
github.com/AlmatJuvashev/phd-students-portal/backend/internal/repository/tenant_repository.go:155.28,159.3 3 1
github.com/AlmatJuvashev/phd-students-portal/backend/internal/repository/tenant_repository.go:161.2,167.16 5 1
github.com/AlmatJuvashev/phd-students-portal/backend/internal/repository/tenant_repository.go:167.16,169.3 1 0
github.com/AlmatJuvashev/phd-students-portal/backend/internal/repository/tenant_repository.go:170.2,170.16 1 1
github.com/AlmatJuvashev/phd-students-portal/backend/internal/repository/tenant_repository.go:174.76,177.2 2 1
github.com/AlmatJuvashev/phd-students-portal/backend/internal/repository/tenant_repository.go:179.113,183.2 3 0
github.com/AlmatJuvashev/phd-students-portal/backend/internal/repository/tenant_repository.go:185.92,188.2 2 0
github.com/AlmatJuvashev/phd-students-portal/backend/internal/repository/tenant_repository.go:190.84,194.2 3 1
github.com/AlmatJuvashev/phd-students-portal/backend/internal/repository/tenant_repository.go:196.121,203.2 2 1
github.com/AlmatJuvashev/phd-students-portal/backend/internal/repository/tenant_repository.go:205.133,214.26 4 1
github.com/AlmatJuvashev/phd-students-portal/backend/internal/repository/tenant_repository.go:214.26,216.3 1 1
github.com/AlmatJuvashev/phd-students-portal/backend/internal/repository/tenant_repository.go:217.2,217.16 1 1
github.com/AlmatJuvashev/phd-students-portal/backend/internal/repository/tenant_repository.go:220.101,223.26 3 1
github.com/AlmatJuvashev/phd-students-portal/backend/internal/repository/tenant_repository.go:223.26,225.3 1 0
github.com/AlmatJuvashev/phd-students-portal/backend/internal/repository/tenant_repository.go:226.2,226.18 1 1
github.com/AlmatJuvashev/phd-students-portal/backend/internal/repository/tenant_repository.go:229.94,232.2 2 1
github.com/AlmatJuvashev/phd-students-portal/backend/internal/repository/user_repository.go:79.59,81.2 1 1
github.com/AlmatJuvashev/phd-students-portal/backend/internal/repository/user_repository.go:83.89,98.16 4 1
github.com/AlmatJuvashev/phd-students-portal/backend/internal/repository/user_repository.go:98.16,100.3 1 0
github.com/AlmatJuvashev/phd-students-portal/backend/internal/repository/user_repository.go:101.2,101.16 1 1
github.com/AlmatJuvashev/phd-students-portal/backend/internal/repository/user_repository.go:104.91,108.26 4 1
github.com/AlmatJuvashev/phd-students-portal/backend/internal/repository/user_repository.go:108.26,110.3 1 0
github.com/AlmatJuvashev/phd-students-portal/backend/internal/repository/user_repository.go:111.2,111.16 1 1
github.com/AlmatJuvashev/phd-students-portal/backend/internal/repository/user_repository.go:111.16,113.3 1 0
github.com/AlmatJuvashev/phd-students-portal/backend/internal/repository/user_repository.go:114.2,114.16 1 1
github.com/AlmatJuvashev/phd-students-portal/backend/internal/repository/user_repository.go:117.97,121.26 4 1
github.com/AlmatJuvashev/phd-students-portal/backend/internal/repository/user_repository.go:121.26,123.3 1 0
github.com/AlmatJuvashev/phd-students-portal/backend/internal/repository/user_repository.go:124.2,124.16 1 1
github.com/AlmatJuvashev/phd-students-portal/backend/internal/repository/user_repository.go:124.16,126.3 1 0
github.com/AlmatJuvashev/phd-students-portal/backend/internal/repository/user_repository.go:127.2,127.16 1 1
github.com/AlmatJuvashev/phd-students-portal/backend/internal/repository/user_repository.go:130.103,134.26 4 0
github.com/AlmatJuvashev/phd-students-portal/backend/internal/repository/user_repository.go:134.26,136.3 1 0
github.com/AlmatJuvashev/phd-students-portal/backend/internal/repository/user_repository.go:137.2,137.16 1 0
github.com/AlmatJuvashev/phd-students-portal/backend/internal/repository/user_repository.go:137.16,139.3 1 0
github.com/AlmatJuvashev/phd-students-portal/backend/internal/repository/user_repository.go:140.2,140.16 1 0
github.com/AlmatJuvashev/phd-students-portal/backend/internal/repository/user_repository.go:143.79,158.2 3 1
github.com/AlmatJuvashev/phd-students-portal/backend/internal/repository/user_repository.go:160.95,163.2 2 0
github.com/AlmatJuvashev/phd-students-portal/backend/internal/repository/user_repository.go:165.98,168.2 2 0
github.com/AlmatJuvashev/phd-students-portal/backend/internal/repository/user_repository.go:170.90,173.2 2 0
github.com/AlmatJuvashev/phd-students-portal/backend/internal/repository/user_repository.go:175.88,179.2 3 0
github.com/AlmatJuvashev/phd-students-portal/backend/internal/repository/user_repository.go:181.112,185.25 4 0
github.com/AlmatJuvashev/phd-students-portal/backend/internal/repository/user_repository.go:185.25,188.3 2 0
github.com/AlmatJuvashev/phd-students-portal/backend/internal/repository/user_repository.go:189.2,190.23 2 0
github.com/AlmatJuvashev/phd-students-portal/backend/internal/repository/user_repository.go:193.107,199.2 2 1
github.com/AlmatJuvashev/phd-students-portal/backend/internal/repository/user_repository.go:203.125,227.23 6 0
github.com/AlmatJuvashev/phd-students-portal/backend/internal/repository/user_repository.go:227.23,231.3 3 0
github.com/AlmatJuvashev/phd-students-portal/backend/internal/repository/user_repository.go:236.2,236.26 1 0
github.com/AlmatJuvashev/phd-students-portal/backend/internal/repository/user_repository.go:236.26,240.3 3 0
github.com/AlmatJuvashev/phd-students-portal/backend/internal/repository/user_repository.go:241.2,241.29 1 0
github.com/AlmatJuvashev/phd-students-portal/backend/internal/repository/user_repository.go:241.29,245.3 3 0
github.com/AlmatJuvashev/phd-students-portal/backend/internal/repository/user_repository.go:246.2,246.25 1 0
github.com/AlmatJuvashev/phd-students-portal/backend/internal/repository/user_repository.go:246.25,250.3 3 0
github.com/AlmatJuvashev/phd-students-portal/backend/internal/repository/user_repository.go:251.2,251.28 1 0
github.com/AlmatJuvashev/phd-students-portal/backend/internal/repository/user_repository.go:251.28,255.3 3 0
github.com/AlmatJuvashev/phd-students-portal/backend/internal/repository/user_repository.go:257.2,257.26 1 0
github.com/AlmatJuvashev/phd-students-portal/backend/internal/repository/user_repository.go:257.26,261.3 3 0
github.com/AlmatJuvashev/phd-students-portal/backend/internal/repository/user_repository.go:263.2,263.25 1 0
github.com/AlmatJuvashev/phd-students-portal/backend/internal/repository/user_repository.go:263.25,269.3 4 0
github.com/AlmatJuvashev/phd-students-portal/backend/internal/repository/user_repository.go:271.2,271.25 1 0
github.com/AlmatJuvashev/phd-students-portal/backend/internal/repository/user_repository.go:271.25,275.3 3 0
github.com/AlmatJuvashev/phd-students-portal/backend/internal/repository/user_repository.go:278.2,280.16 3 0
github.com/AlmatJuvashev/phd-students-portal/backend/internal/repository/user_repository.go:280.16,282.3 1 0
github.com/AlmatJuvashev/phd-students-portal/backend/internal/repository/user_repository.go:285.2,290.16 5 0
github.com/AlmatJuvashev/phd-students-portal/backend/internal/repository/user_repository.go:290.16,292.3 1 0
github.com/AlmatJuvashev/phd-students-portal/backend/internal/repository/user_repository.go:294.2,294.26 1 0
github.com/AlmatJuvashev/phd-students-portal/backend/internal/repository/user_repository.go:299.128,305.2 2 0
github.com/AlmatJuvashev/phd-students-portal/backend/internal/repository/user_repository.go:307.117,314.26 4 0
github.com/AlmatJuvashev/phd-students-portal/backend/internal/repository/user_repository.go:314.26,316.3 1 0
github.com/AlmatJuvashev/phd-students-portal/backend/internal/repository/user_repository.go:317.2,317.31 1 0
github.com/AlmatJuvashev/phd-students-portal/backend/internal/repository/user_repository.go:320.99,323.2 2 0
github.com/AlmatJuvashev/phd-students-portal/backend/internal/repository/user_repository.go:325.105,331.26 3 0
github.com/AlmatJuvashev/phd-students-portal/backend/internal/repository/user_repository.go:331.26,333.3 1 0
github.com/AlmatJuvashev/phd-students-portal/backend/internal/repository/user_repository.go:334.2,334.18 1 0
github.com/AlmatJuvashev/phd-students-portal/backend/internal/repository/user_repository.go:341.123,355.2 5 0
github.com/AlmatJuvashev/phd-students-portal/backend/internal/repository/user_repository.go:357.95,360.2 2 0
github.com/AlmatJuvashev/phd-students-portal/backend/internal/repository/user_repository.go:363.138,369.2 2 0
github.com/AlmatJuvashev/phd-students-portal/backend/internal/repository/user_repository.go:371.109,378.26 3 0
github.com/AlmatJuvashev/phd-students-portal/backend/internal/repository/user_repository.go:378.26,380.3 1 0
github.com/AlmatJuvashev/phd-students-portal/backend/internal/repository/user_repository.go:381.2,381.22 1 0
github.com/AlmatJuvashev/phd-students-portal/backend/internal/repository/user_repository.go:384.122,396.26 4 0
github.com/AlmatJuvashev/phd-students-portal/backend/internal/repository/user_repository.go:396.26,398.3 1 0
github.com/AlmatJuvashev/phd-students-portal/backend/internal/repository/user_repository.go:399.2,399.16 1 0
github.com/AlmatJuvashev/phd-students-portal/backend/internal/repository/user_repository.go:399.16,401.3 1 0
github.com/AlmatJuvashev/phd-students-portal/backend/internal/repository/user_repository.go:402.2,402.62 1 0
github.com/AlmatJuvashev/phd-students-portal/backend/internal/repository/user_repository.go:405.99,408.2 2 0
github.com/AlmatJuvashev/phd-students-portal/backend/internal/repository/user_repository.go:411.125,417.2 2 0
github.com/AlmatJuvashev/phd-students-portal/backend/internal/repository/user_repository.go:419.139,420.24 1 0
github.com/AlmatJuvashev/phd-students-portal/backend/internal/repository/user_repository.go:420.24,420.38 1 0
github.com/AlmatJuvashev/phd-students-portal/backend/internal/repository/user_repository.go:421.2,422.16 2 0
github.com/AlmatJuvashev/phd-students-portal/backend/internal/repository/user_repository.go:422.16,422.30 1 0
github.com/AlmatJuvashev/phd-students-portal/backend/internal/repository/user_repository.go:424.2,429.12 2 0
github.com/AlmatJuvashev/phd-students-portal/backend/internal/repository/user_repository.go:433.29,434.32 1 1
github.com/AlmatJuvashev/phd-students-portal/backend/internal/repository/user_repository.go:434.32,436.3 1 1
github.com/AlmatJuvashev/phd-students-portal/backend/internal/repository/user_repository.go:437.2,437.10 1 1
