mode: set
github.com/AlmatJuvashev/phd-students-portal/backend/internal/handlers/admin_progress.go:26.88,28.2 1 1
github.com/AlmatJuvashev/phd-students-portal/backend/internal/handlers/admin_progress.go:38.56,60.24 7 0
github.com/AlmatJuvashev/phd-students-portal/backend/internal/handlers/admin_progress.go:60.24,71.17 8 0
github.com/AlmatJuvashev/phd-students-portal/backend/internal/handlers/admin_progress.go:71.17,73.4 1 0
github.com/AlmatJuvashev/phd-students-portal/backend/internal/handlers/admin_progress.go:75.3,76.21 2 0
github.com/AlmatJuvashev/phd-students-portal/backend/internal/handlers/admin_progress.go:76.21,78.4 1 0
github.com/AlmatJuvashev/phd-students-portal/backend/internal/handlers/admin_progress.go:79.3,91.5 1 0
github.com/AlmatJuvashev/phd-students-portal/backend/internal/handlers/admin_progress.go:94.2,94.28 1 0
github.com/AlmatJuvashev/phd-students-portal/backend/internal/handlers/admin_progress.go:99.56,120.41 13 0
github.com/AlmatJuvashev/phd-students-portal/backend/internal/handlers/admin_progress.go:120.41,124.3 3 0
github.com/AlmatJuvashev/phd-students-portal/backend/internal/handlers/admin_progress.go:125.2,125.21 1 0
github.com/AlmatJuvashev/phd-students-portal/backend/internal/handlers/admin_progress.go:125.21,126.50 1 0
github.com/AlmatJuvashev/phd-students-portal/backend/internal/handlers/admin_progress.go:126.50,128.4 1 0
github.com/AlmatJuvashev/phd-students-portal/backend/internal/handlers/admin_progress.go:129.3,130.33 2 0
github.com/AlmatJuvashev/phd-students-portal/backend/internal/handlers/admin_progress.go:133.5,133.22 1 0
github.com/AlmatJuvashev/phd-students-portal/backend/internal/handlers/admin_progress.go:133.22,136.6 2 0
github.com/AlmatJuvashev/phd-students-portal/backend/internal/handlers/admin_progress.go:137.5,137.25 1 0
github.com/AlmatJuvashev/phd-students-portal/backend/internal/handlers/admin_progress.go:137.25,140.6 2 0
github.com/AlmatJuvashev/phd-students-portal/backend/internal/handlers/admin_progress.go:141.5,141.21 1 0
github.com/AlmatJuvashev/phd-students-portal/backend/internal/handlers/admin_progress.go:141.21,144.6 2 0
github.com/AlmatJuvashev/phd-students-portal/backend/internal/handlers/admin_progress.go:145.2,145.13 1 0
github.com/AlmatJuvashev/phd-students-portal/backend/internal/handlers/admin_progress.go:145.13,148.3 2 0
github.com/AlmatJuvashev/phd-students-portal/backend/internal/handlers/admin_progress.go:149.2,166.25 7 0
github.com/AlmatJuvashev/phd-students-portal/backend/internal/handlers/admin_progress.go:166.25,168.3 1 0
github.com/AlmatJuvashev/phd-students-portal/backend/internal/handlers/admin_progress.go:169.2,170.18 2 0
github.com/AlmatJuvashev/phd-students-portal/backend/internal/handlers/admin_progress.go:170.18,173.16 3 0
github.com/AlmatJuvashev/phd-students-portal/backend/internal/handlers/admin_progress.go:173.16,174.17 1 0
github.com/AlmatJuvashev/phd-students-portal/backend/internal/handlers/admin_progress.go:174.17,176.5 1 0
github.com/AlmatJuvashev/phd-students-portal/backend/internal/handlers/admin_progress.go:178.3,178.16 1 0
github.com/AlmatJuvashev/phd-students-portal/backend/internal/handlers/admin_progress.go:178.16,179.18 1 0
github.com/AlmatJuvashev/phd-students-portal/backend/internal/handlers/admin_progress.go:179.18,183.5 3 0
github.com/AlmatJuvashev/phd-students-portal/backend/internal/handlers/admin_progress.go:188.2,190.18 3 0
github.com/AlmatJuvashev/phd-students-portal/backend/internal/handlers/admin_progress.go:190.18,194.19 3 0
github.com/AlmatJuvashev/phd-students-portal/backend/internal/handlers/admin_progress.go:194.19,195.21 1 0
github.com/AlmatJuvashev/phd-students-portal/backend/internal/handlers/admin_progress.go:195.21,200.5 4 0
github.com/AlmatJuvashev/phd-students-portal/backend/internal/handlers/admin_progress.go:201.4,201.17 1 0
github.com/AlmatJuvashev/phd-students-portal/backend/internal/handlers/admin_progress.go:204.3,204.26 1 0
github.com/AlmatJuvashev/phd-students-portal/backend/internal/handlers/admin_progress.go:204.26,213.16 3 0
github.com/AlmatJuvashev/phd-students-portal/backend/internal/handlers/admin_progress.go:213.16,215.5 1 0
github.com/AlmatJuvashev/phd-students-portal/backend/internal/handlers/admin_progress.go:220.2,221.18 2 0
github.com/AlmatJuvashev/phd-students-portal/backend/internal/handlers/admin_progress.go:221.18,224.19 3 0
github.com/AlmatJuvashev/phd-students-portal/backend/internal/handlers/admin_progress.go:224.19,225.21 1 0
github.com/AlmatJuvashev/phd-students-portal/backend/internal/handlers/admin_progress.go:225.21,231.68 6 0
github.com/AlmatJuvashev/phd-students-portal/backend/internal/handlers/admin_progress.go:231.68,233.6 1 0
github.com/AlmatJuvashev/phd-students-portal/backend/internal/handlers/admin_progress.go:235.4,235.17 1 0
github.com/AlmatJuvashev/phd-students-portal/backend/internal/handlers/admin_progress.go:240.2,248.25 6 0
github.com/AlmatJuvashev/phd-students-portal/backend/internal/handlers/admin_progress.go:248.25,250.20 2 0
github.com/AlmatJuvashev/phd-students-portal/backend/internal/handlers/admin_progress.go:250.20,251.12 1 0
github.com/AlmatJuvashev/phd-students-portal/backend/internal/handlers/admin_progress.go:253.3,254.10 2 0
github.com/AlmatJuvashev/phd-students-portal/backend/internal/handlers/admin_progress.go:254.10,256.4 1 0
github.com/AlmatJuvashev/phd-students-portal/backend/internal/handlers/admin_progress.go:257.3,257.25 1 0
github.com/AlmatJuvashev/phd-students-portal/backend/internal/handlers/admin_progress.go:257.25,259.4 1 0
github.com/AlmatJuvashev/phd-students-portal/backend/internal/handlers/admin_progress.go:260.3,262.24 3 0
github.com/AlmatJuvashev/phd-students-portal/backend/internal/handlers/admin_progress.go:262.24,264.4 1 0
github.com/AlmatJuvashev/phd-students-portal/backend/internal/handlers/admin_progress.go:267.3,270.18 4 0
github.com/AlmatJuvashev/phd-students-portal/backend/internal/handlers/admin_progress.go:270.18,272.4 1 0
github.com/AlmatJuvashev/phd-students-portal/backend/internal/handlers/admin_progress.go:273.3,276.21 3 0
github.com/AlmatJuvashev/phd-students-portal/backend/internal/handlers/admin_progress.go:276.21,280.4 2 0
github.com/AlmatJuvashev/phd-students-portal/backend/internal/handlers/admin_progress.go:284.3,303.47 5 0
github.com/AlmatJuvashev/phd-students-portal/backend/internal/handlers/admin_progress.go:303.47,304.12 1 0
github.com/AlmatJuvashev/phd-students-portal/backend/internal/handlers/admin_progress.go:308.3,308.65 1 0
github.com/AlmatJuvashev/phd-students-portal/backend/internal/handlers/admin_progress.go:308.65,312.15 3 0
github.com/AlmatJuvashev/phd-students-portal/backend/internal/handlers/admin_progress.go:312.15,313.13 1 0
github.com/AlmatJuvashev/phd-students-portal/backend/internal/handlers/admin_progress.go:316.3,316.59 1 0
github.com/AlmatJuvashev/phd-students-portal/backend/internal/handlers/admin_progress.go:316.59,319.15 3 0
github.com/AlmatJuvashev/phd-students-portal/backend/internal/handlers/admin_progress.go:319.15,320.13 1 0
github.com/AlmatJuvashev/phd-students-portal/backend/internal/handlers/admin_progress.go:324.3,340.39 2 0
github.com/AlmatJuvashev/phd-students-portal/backend/internal/handlers/admin_progress.go:340.39,342.4 1 0
github.com/AlmatJuvashev/phd-students-portal/backend/internal/handlers/admin_progress.go:343.3,343.23 1 0
github.com/AlmatJuvashev/phd-students-portal/backend/internal/handlers/admin_progress.go:345.2,345.28 1 0
github.com/AlmatJuvashev/phd-students-portal/backend/internal/handlers/admin_progress.go:350.57,365.41 12 0
github.com/AlmatJuvashev/phd-students-portal/backend/internal/handlers/admin_progress.go:365.41,369.3 3 0
github.com/AlmatJuvashev/phd-students-portal/backend/internal/handlers/admin_progress.go:370.2,370.21 1 0
github.com/AlmatJuvashev/phd-students-portal/backend/internal/handlers/admin_progress.go:370.21,371.50 1 0
github.com/AlmatJuvashev/phd-students-portal/backend/internal/handlers/admin_progress.go:371.50,373.4 1 0
github.com/AlmatJuvashev/phd-students-portal/backend/internal/handlers/admin_progress.go:374.3,375.33 2 0
github.com/AlmatJuvashev/phd-students-portal/backend/internal/handlers/admin_progress.go:377.2,377.19 1 0
github.com/AlmatJuvashev/phd-students-portal/backend/internal/handlers/admin_progress.go:377.19,380.3 2 0
github.com/AlmatJuvashev/phd-students-portal/backend/internal/handlers/admin_progress.go:381.2,381.22 1 0
github.com/AlmatJuvashev/phd-students-portal/backend/internal/handlers/admin_progress.go:381.22,384.3 2 0
github.com/AlmatJuvashev/phd-students-portal/backend/internal/handlers/admin_progress.go:385.2,385.18 1 0
github.com/AlmatJuvashev/phd-students-portal/backend/internal/handlers/admin_progress.go:385.18,388.3 2 0
github.com/AlmatJuvashev/phd-students-portal/backend/internal/handlers/admin_progress.go:389.2,389.13 1 0
github.com/AlmatJuvashev/phd-students-portal/backend/internal/handlers/admin_progress.go:389.13,392.3 2 0
github.com/AlmatJuvashev/phd-students-portal/backend/internal/handlers/admin_progress.go:394.2,396.17 3 0
github.com/AlmatJuvashev/phd-students-portal/backend/internal/handlers/admin_progress.go:396.17,397.19 1 0
github.com/AlmatJuvashev/phd-students-portal/backend/internal/handlers/admin_progress.go:397.19,401.4 3 0
github.com/AlmatJuvashev/phd-students-portal/backend/internal/handlers/admin_progress.go:402.3,402.15 1 0
github.com/AlmatJuvashev/phd-students-portal/backend/internal/handlers/admin_progress.go:404.2,404.19 1 0
github.com/AlmatJuvashev/phd-students-portal/backend/internal/handlers/admin_progress.go:404.19,407.3 2 0
github.com/AlmatJuvashev/phd-students-portal/backend/internal/handlers/admin_progress.go:410.2,413.18 4 0
github.com/AlmatJuvashev/phd-students-portal/backend/internal/handlers/admin_progress.go:413.18,414.20 1 0
github.com/AlmatJuvashev/phd-students-portal/backend/internal/handlers/admin_progress.go:414.20,420.67 6 0
github.com/AlmatJuvashev/phd-students-portal/backend/internal/handlers/admin_progress.go:420.67,422.5 1 0
github.com/AlmatJuvashev/phd-students-portal/backend/internal/handlers/admin_progress.go:424.3,424.16 1 0
github.com/AlmatJuvashev/phd-students-portal/backend/internal/handlers/admin_progress.go:426.2,427.25 2 0
github.com/AlmatJuvashev/phd-students-portal/backend/internal/handlers/admin_progress.go:427.25,428.21 1 0
github.com/AlmatJuvashev/phd-students-portal/backend/internal/handlers/admin_progress.go:428.21,430.4 1 0
github.com/AlmatJuvashev/phd-students-portal/backend/internal/handlers/admin_progress.go:432.2,432.12 1 0
github.com/AlmatJuvashev/phd-students-portal/backend/internal/handlers/admin_progress.go:432.12,434.26 2 0
github.com/AlmatJuvashev/phd-students-portal/backend/internal/handlers/admin_progress.go:434.26,435.22 1 0
github.com/AlmatJuvashev/phd-students-portal/backend/internal/handlers/admin_progress.go:435.22,437.5 1 0
github.com/AlmatJuvashev/phd-students-portal/backend/internal/handlers/admin_progress.go:439.3,440.20 2 0
github.com/AlmatJuvashev/phd-students-portal/backend/internal/handlers/admin_progress.go:440.20,443.4 2 0
github.com/AlmatJuvashev/phd-students-portal/backend/internal/handlers/admin_progress.go:447.2,451.18 5 0
github.com/AlmatJuvashev/phd-students-portal/backend/internal/handlers/admin_progress.go:451.18,453.3 1 0
github.com/AlmatJuvashev/phd-students-portal/backend/internal/handlers/admin_progress.go:456.2,460.25 4 0
github.com/AlmatJuvashev/phd-students-portal/backend/internal/handlers/admin_progress.go:460.25,462.24 2 0
github.com/AlmatJuvashev/phd-students-portal/backend/internal/handlers/admin_progress.go:462.24,463.9 1 0
github.com/AlmatJuvashev/phd-students-portal/backend/internal/handlers/admin_progress.go:465.3,471.56 7 0
github.com/AlmatJuvashev/phd-students-portal/backend/internal/handlers/admin_progress.go:471.56,474.4 2 0
github.com/AlmatJuvashev/phd-students-portal/backend/internal/handlers/admin_progress.go:476.2,477.24 2 0
github.com/AlmatJuvashev/phd-students-portal/backend/internal/handlers/admin_progress.go:477.24,479.39 1 0
github.com/AlmatJuvashev/phd-students-portal/backend/internal/handlers/admin_progress.go:479.39,482.37 3 0
github.com/AlmatJuvashev/phd-students-portal/backend/internal/handlers/admin_progress.go:482.37,485.5 2 0
github.com/AlmatJuvashev/phd-students-portal/backend/internal/handlers/admin_progress.go:486.4,486.24 1 0
github.com/AlmatJuvashev/phd-students-portal/backend/internal/handlers/admin_progress.go:488.3,489.28 2 0
github.com/AlmatJuvashev/phd-students-portal/backend/internal/handlers/admin_progress.go:489.28,491.4 1 0
github.com/AlmatJuvashev/phd-students-portal/backend/internal/handlers/admin_progress.go:491.9,493.4 1 0
github.com/AlmatJuvashev/phd-students-portal/backend/internal/handlers/admin_progress.go:497.2,509.4 6 0
github.com/AlmatJuvashev/phd-students-portal/backend/internal/handlers/admin_progress.go:513.58,517.39 4 0
github.com/AlmatJuvashev/phd-students-portal/backend/internal/handlers/admin_progress.go:517.39,520.14 3 0
github.com/AlmatJuvashev/phd-students-portal/backend/internal/handlers/admin_progress.go:520.14,523.4 2 0
github.com/AlmatJuvashev/phd-students-portal/backend/internal/handlers/admin_progress.go:525.2,545.52 3 0
github.com/AlmatJuvashev/phd-students-portal/backend/internal/handlers/admin_progress.go:545.52,548.3 2 0
github.com/AlmatJuvashev/phd-students-portal/backend/internal/handlers/admin_progress.go:549.2,557.28 4 0
github.com/AlmatJuvashev/phd-students-portal/backend/internal/handlers/admin_progress.go:557.28,559.3 1 0
github.com/AlmatJuvashev/phd-students-portal/backend/internal/handlers/admin_progress.go:562.2,563.151 2 0
github.com/AlmatJuvashev/phd-students-portal/backend/internal/handlers/admin_progress.go:563.151,566.66 3 0
github.com/AlmatJuvashev/phd-students-portal/backend/internal/handlers/admin_progress.go:566.66,568.4 1 0
github.com/AlmatJuvashev/phd-students-portal/backend/internal/handlers/admin_progress.go:571.2,577.9 7 0
github.com/AlmatJuvashev/phd-students-portal/backend/internal/handlers/admin_progress.go:577.9,579.3 1 0
github.com/AlmatJuvashev/phd-students-portal/backend/internal/handlers/admin_progress.go:580.2,580.24 1 0
github.com/AlmatJuvashev/phd-students-portal/backend/internal/handlers/admin_progress.go:580.24,582.3 1 0
github.com/AlmatJuvashev/phd-students-portal/backend/internal/handlers/admin_progress.go:583.2,584.23 2 0
github.com/AlmatJuvashev/phd-students-portal/backend/internal/handlers/admin_progress.go:584.23,586.3 1 0
github.com/AlmatJuvashev/phd-students-portal/backend/internal/handlers/admin_progress.go:588.2,591.17 4 0
github.com/AlmatJuvashev/phd-students-portal/backend/internal/handlers/admin_progress.go:591.17,593.3 1 0
github.com/AlmatJuvashev/phd-students-portal/backend/internal/handlers/admin_progress.go:594.2,596.20 3 0
github.com/AlmatJuvashev/phd-students-portal/backend/internal/handlers/admin_progress.go:596.20,599.3 2 0
github.com/AlmatJuvashev/phd-students-portal/backend/internal/handlers/admin_progress.go:601.2,620.19 4 0
github.com/AlmatJuvashev/phd-students-portal/backend/internal/handlers/admin_progress.go:624.55,630.41 4 0
github.com/AlmatJuvashev/phd-students-portal/backend/internal/handlers/admin_progress.go:630.41,633.14 3 0
github.com/AlmatJuvashev/phd-students-portal/backend/internal/handlers/admin_progress.go:633.14,636.4 2 0
github.com/AlmatJuvashev/phd-students-portal/backend/internal/handlers/admin_progress.go:639.2,645.16 2 0
github.com/AlmatJuvashev/phd-students-portal/backend/internal/handlers/admin_progress.go:645.16,648.3 2 0
github.com/AlmatJuvashev/phd-students-portal/backend/internal/handlers/admin_progress.go:650.2,667.18 4 0
github.com/AlmatJuvashev/phd-students-portal/backend/internal/handlers/admin_progress.go:667.18,677.3 4 0
github.com/AlmatJuvashev/phd-students-portal/backend/internal/handlers/admin_progress.go:678.2,682.33 3 0
github.com/AlmatJuvashev/phd-students-portal/backend/internal/handlers/admin_progress.go:682.33,690.16 5 0
github.com/AlmatJuvashev/phd-students-portal/backend/internal/handlers/admin_progress.go:690.16,691.18 1 0
github.com/AlmatJuvashev/phd-students-portal/backend/internal/handlers/admin_progress.go:691.18,698.5 6 0
github.com/AlmatJuvashev/phd-students-portal/backend/internal/handlers/admin_progress.go:699.4,699.14 1 0
github.com/AlmatJuvashev/phd-students-portal/backend/internal/handlers/admin_progress.go:701.3,703.28 3 0
github.com/AlmatJuvashev/phd-students-portal/backend/internal/handlers/admin_progress.go:705.2,705.35 1 0
github.com/AlmatJuvashev/phd-students-portal/backend/internal/handlers/admin_progress.go:709.61,717.41 6 0
github.com/AlmatJuvashev/phd-students-portal/backend/internal/handlers/admin_progress.go:717.41,720.14 3 0
github.com/AlmatJuvashev/phd-students-portal/backend/internal/handlers/admin_progress.go:720.14,723.4 2 0
github.com/AlmatJuvashev/phd-students-portal/backend/internal/handlers/admin_progress.go:727.2,729.16 3 0
github.com/AlmatJuvashev/phd-students-portal/backend/internal/handlers/admin_progress.go:729.16,733.3 3 0
github.com/AlmatJuvashev/phd-students-portal/backend/internal/handlers/admin_progress.go:734.2,750.16 3 0
github.com/AlmatJuvashev/phd-students-portal/backend/internal/handlers/admin_progress.go:750.16,754.3 3 0
github.com/AlmatJuvashev/phd-students-portal/backend/internal/handlers/admin_progress.go:755.2,757.18 3 0
github.com/AlmatJuvashev/phd-students-portal/backend/internal/handlers/admin_progress.go:757.18,765.114 6 0
github.com/AlmatJuvashev/phd-students-portal/backend/internal/handlers/admin_progress.go:765.114,767.12 2 0
github.com/AlmatJuvashev/phd-students-portal/backend/internal/handlers/admin_progress.go:769.3,780.50 2 0
github.com/AlmatJuvashev/phd-students-portal/backend/internal/handlers/admin_progress.go:780.50,782.4 1 0
github.com/AlmatJuvashev/phd-students-portal/backend/internal/handlers/admin_progress.go:783.3,783.23 1 0
github.com/AlmatJuvashev/phd-students-portal/backend/internal/handlers/admin_progress.go:783.23,785.4 1 0
github.com/AlmatJuvashev/phd-students-portal/backend/internal/handlers/admin_progress.go:786.3,786.23 1 0
github.com/AlmatJuvashev/phd-students-portal/backend/internal/handlers/admin_progress.go:786.23,788.4 1 0
github.com/AlmatJuvashev/phd-students-portal/backend/internal/handlers/admin_progress.go:789.3,789.23 1 0
github.com/AlmatJuvashev/phd-students-portal/backend/internal/handlers/admin_progress.go:789.23,791.4 1 0
github.com/AlmatJuvashev/phd-students-portal/backend/internal/handlers/admin_progress.go:793.3,793.56 1 0
github.com/AlmatJuvashev/phd-students-portal/backend/internal/handlers/admin_progress.go:793.56,798.30 2 0
github.com/AlmatJuvashev/phd-students-portal/backend/internal/handlers/admin_progress.go:798.30,800.5 1 0
github.com/AlmatJuvashev/phd-students-portal/backend/internal/handlers/admin_progress.go:801.4,801.28 1 0
github.com/AlmatJuvashev/phd-students-portal/backend/internal/handlers/admin_progress.go:801.28,803.5 1 0
github.com/AlmatJuvashev/phd-students-portal/backend/internal/handlers/admin_progress.go:804.4,804.24 1 0
github.com/AlmatJuvashev/phd-students-portal/backend/internal/handlers/admin_progress.go:804.24,806.5 1 0
github.com/AlmatJuvashev/phd-students-portal/backend/internal/handlers/admin_progress.go:807.4,807.43 1 0
github.com/AlmatJuvashev/phd-students-portal/backend/internal/handlers/admin_progress.go:809.3,809.26 1 0
github.com/AlmatJuvashev/phd-students-portal/backend/internal/handlers/admin_progress.go:811.2,812.18 2 0
github.com/AlmatJuvashev/phd-students-portal/backend/internal/handlers/admin_progress.go:816.57,819.19 3 0
github.com/AlmatJuvashev/phd-students-portal/backend/internal/handlers/admin_progress.go:819.19,822.3 2 0
github.com/AlmatJuvashev/phd-students-portal/backend/internal/handlers/admin_progress.go:823.2,828.48 3 0
github.com/AlmatJuvashev/phd-students-portal/backend/internal/handlers/admin_progress.go:828.48,831.3 2 0
github.com/AlmatJuvashev/phd-students-portal/backend/internal/handlers/admin_progress.go:832.2,834.22 3 0
github.com/AlmatJuvashev/phd-students-portal/backend/internal/handlers/admin_progress.go:834.22,837.3 2 0
github.com/AlmatJuvashev/phd-students-portal/backend/internal/handlers/admin_progress.go:838.2,839.16 2 0
github.com/AlmatJuvashev/phd-students-portal/backend/internal/handlers/admin_progress.go:839.16,842.3 2 0
github.com/AlmatJuvashev/phd-students-portal/backend/internal/handlers/admin_progress.go:843.2,858.16 4 0
github.com/AlmatJuvashev/phd-students-portal/backend/internal/handlers/admin_progress.go:858.16,859.36 1 0
github.com/AlmatJuvashev/phd-students-portal/backend/internal/handlers/admin_progress.go:859.36,862.4 2 0
github.com/AlmatJuvashev/phd-students-portal/backend/internal/handlers/admin_progress.go:863.3,864.9 2 0
github.com/AlmatJuvashev/phd-students-portal/backend/internal/handlers/admin_progress.go:866.2,866.23 1 0
github.com/AlmatJuvashev/phd-students-portal/backend/internal/handlers/admin_progress.go:866.23,869.22 3 0
github.com/AlmatJuvashev/phd-students-portal/backend/internal/handlers/admin_progress.go:869.22,872.4 2 0
github.com/AlmatJuvashev/phd-students-portal/backend/internal/handlers/admin_progress.go:874.2,877.50 2 0
github.com/AlmatJuvashev/phd-students-portal/backend/internal/handlers/admin_progress.go:877.50,885.3 1 0
github.com/AlmatJuvashev/phd-students-portal/backend/internal/handlers/admin_progress.go:885.8,893.3 1 0
github.com/AlmatJuvashev/phd-students-portal/backend/internal/handlers/admin_progress.go:895.2,895.16 1 0
github.com/AlmatJuvashev/phd-students-portal/backend/internal/handlers/admin_progress.go:895.16,899.3 3 0
github.com/AlmatJuvashev/phd-students-portal/backend/internal/handlers/admin_progress.go:900.2,901.40 2 0
github.com/AlmatJuvashev/phd-students-portal/backend/internal/handlers/admin_progress.go:901.40,903.3 1 0
github.com/AlmatJuvashev/phd-students-portal/backend/internal/handlers/admin_progress.go:904.2,904.102 1 0
github.com/AlmatJuvashev/phd-students-portal/backend/internal/handlers/admin_progress.go:904.102,907.3 2 0
github.com/AlmatJuvashev/phd-students-portal/backend/internal/handlers/admin_progress.go:909.2,917.50 3 0
github.com/AlmatJuvashev/phd-students-portal/backend/internal/handlers/admin_progress.go:917.50,921.3 3 0
github.com/AlmatJuvashev/phd-students-portal/backend/internal/handlers/admin_progress.go:923.2,940.15 6 0
github.com/AlmatJuvashev/phd-students-portal/backend/internal/handlers/admin_progress.go:940.15,941.10 1 0
github.com/AlmatJuvashev/phd-students-portal/backend/internal/handlers/admin_progress.go:942.39,944.21 1 0
github.com/AlmatJuvashev/phd-students-portal/backend/internal/handlers/admin_progress.go:945.39,947.28 1 0
github.com/AlmatJuvashev/phd-students-portal/backend/internal/handlers/admin_progress.go:948.40,950.29 1 0
github.com/AlmatJuvashev/phd-students-portal/backend/internal/handlers/admin_progress.go:951.11,953.26 1 0
github.com/AlmatJuvashev/phd-students-portal/backend/internal/handlers/admin_progress.go:956.2,957.28 2 0
github.com/AlmatJuvashev/phd-students-portal/backend/internal/handlers/admin_progress.go:957.28,960.60 2 0
github.com/AlmatJuvashev/phd-students-portal/backend/internal/handlers/admin_progress.go:960.60,962.4 1 0
github.com/AlmatJuvashev/phd-students-portal/backend/internal/handlers/admin_progress.go:963.3,963.70 1 0
github.com/AlmatJuvashev/phd-students-portal/backend/internal/handlers/admin_progress.go:963.70,966.4 2 0
github.com/AlmatJuvashev/phd-students-portal/backend/internal/handlers/admin_progress.go:970.3,973.17 2 0
github.com/AlmatJuvashev/phd-students-portal/backend/internal/handlers/admin_progress.go:973.17,975.4 1 0
github.com/AlmatJuvashev/phd-students-portal/backend/internal/handlers/admin_progress.go:977.3,980.121 2 0
github.com/AlmatJuvashev/phd-students-portal/backend/internal/handlers/admin_progress.go:982.2,982.36 1 0
github.com/AlmatJuvashev/phd-students-portal/backend/internal/handlers/admin_progress.go:982.36,985.3 2 0
github.com/AlmatJuvashev/phd-students-portal/backend/internal/handlers/admin_progress.go:988.2,988.50 1 0
github.com/AlmatJuvashev/phd-students-portal/backend/internal/handlers/admin_progress.go:988.50,990.74 2 0
github.com/AlmatJuvashev/phd-students-portal/backend/internal/handlers/admin_progress.go:990.74,993.4 1 0
github.com/AlmatJuvashev/phd-students-portal/backend/internal/handlers/admin_progress.go:996.2,1004.27 4 0
github.com/AlmatJuvashev/phd-students-portal/backend/internal/handlers/admin_progress.go:1004.27,1006.3 1 0
github.com/AlmatJuvashev/phd-students-portal/backend/internal/handlers/admin_progress.go:1007.2,1007.27 1 0
github.com/AlmatJuvashev/phd-students-portal/backend/internal/handlers/admin_progress.go:1007.27,1009.3 1 0
github.com/AlmatJuvashev/phd-students-portal/backend/internal/handlers/admin_progress.go:1010.2,1010.21 1 0
github.com/AlmatJuvashev/phd-students-portal/backend/internal/handlers/admin_progress.go:1015.63,1018.19 3 0
github.com/AlmatJuvashev/phd-students-portal/backend/internal/handlers/admin_progress.go:1018.19,1021.3 2 0
github.com/AlmatJuvashev/phd-students-portal/backend/internal/handlers/admin_progress.go:1022.2,1027.48 3 0
github.com/AlmatJuvashev/phd-students-portal/backend/internal/handlers/admin_progress.go:1027.48,1030.3 2 0
github.com/AlmatJuvashev/phd-students-portal/backend/internal/handlers/admin_progress.go:1032.2,1033.16 2 0
github.com/AlmatJuvashev/phd-students-portal/backend/internal/handlers/admin_progress.go:1033.16,1036.3 2 0
github.com/AlmatJuvashev/phd-students-portal/backend/internal/handlers/admin_progress.go:1037.2,1051.16 4 0
github.com/AlmatJuvashev/phd-students-portal/backend/internal/handlers/admin_progress.go:1051.16,1052.36 1 0
github.com/AlmatJuvashev/phd-students-portal/backend/internal/handlers/admin_progress.go:1052.36,1055.4 2 0
github.com/AlmatJuvashev/phd-students-portal/backend/internal/handlers/admin_progress.go:1056.3,1057.9 2 0
github.com/AlmatJuvashev/phd-students-portal/backend/internal/handlers/admin_progress.go:1061.2,1061.23 1 0
github.com/AlmatJuvashev/phd-students-portal/backend/internal/handlers/admin_progress.go:1061.23,1064.22 3 0
github.com/AlmatJuvashev/phd-students-portal/backend/internal/handlers/admin_progress.go:1064.22,1067.4 2 0
github.com/AlmatJuvashev/phd-students-portal/backend/internal/handlers/admin_progress.go:1071.2,1073.34 3 0
github.com/AlmatJuvashev/phd-students-portal/backend/internal/handlers/admin_progress.go:1073.34,1076.3 2 0
github.com/AlmatJuvashev/phd-students-portal/backend/internal/handlers/admin_progress.go:1078.2,1087.16 3 0
github.com/AlmatJuvashev/phd-students-portal/backend/internal/handlers/admin_progress.go:1087.16,1091.3 3 0
github.com/AlmatJuvashev/phd-students-portal/backend/internal/handlers/admin_progress.go:1094.2,1098.109 2 0
github.com/AlmatJuvashev/phd-students-portal/backend/internal/handlers/admin_progress.go:1098.109,1101.3 2 0
github.com/AlmatJuvashev/phd-students-portal/backend/internal/handlers/admin_progress.go:1103.2,1103.36 1 0
github.com/AlmatJuvashev/phd-students-portal/backend/internal/handlers/admin_progress.go:1103.36,1106.3 2 0
github.com/AlmatJuvashev/phd-students-portal/backend/internal/handlers/admin_progress.go:1108.2,1112.4 1 0
github.com/AlmatJuvashev/phd-students-portal/backend/internal/handlers/admin_progress.go:1116.62,1122.48 4 0
github.com/AlmatJuvashev/phd-students-portal/backend/internal/handlers/admin_progress.go:1122.48,1125.3 2 0
github.com/AlmatJuvashev/phd-students-portal/backend/internal/handlers/admin_progress.go:1126.2,1130.44 4 0
github.com/AlmatJuvashev/phd-students-portal/backend/internal/handlers/admin_progress.go:1130.44,1132.17 2 0
github.com/AlmatJuvashev/phd-students-portal/backend/internal/handlers/admin_progress.go:1132.17,1134.4 1 0
github.com/AlmatJuvashev/phd-students-portal/backend/internal/handlers/admin_progress.go:1135.3,1135.51 1 0
github.com/AlmatJuvashev/phd-students-portal/backend/internal/handlers/admin_progress.go:1135.51,1137.4 1 0
github.com/AlmatJuvashev/phd-students-portal/backend/internal/handlers/admin_progress.go:1138.3,1138.62 1 0
github.com/AlmatJuvashev/phd-students-portal/backend/internal/handlers/admin_progress.go:1140.2,1140.16 1 0
github.com/AlmatJuvashev/phd-students-portal/backend/internal/handlers/admin_progress.go:1140.16,1143.3 2 0
github.com/AlmatJuvashev/phd-students-portal/backend/internal/handlers/admin_progress.go:1144.2,1144.32 1 0
github.com/AlmatJuvashev/phd-students-portal/backend/internal/handlers/admin_progress.go:1148.60,1150.48 2 0
github.com/AlmatJuvashev/phd-students-portal/backend/internal/handlers/admin_progress.go:1150.48,1152.3 1 0
github.com/AlmatJuvashev/phd-students-portal/backend/internal/handlers/admin_progress.go:1153.2,1153.29 1 0
github.com/AlmatJuvashev/phd-students-portal/backend/internal/handlers/admin_progress.go:1153.29,1154.22 1 0
github.com/AlmatJuvashev/phd-students-portal/backend/internal/handlers/admin_progress.go:1154.22,1156.4 1 0
github.com/AlmatJuvashev/phd-students-portal/backend/internal/handlers/admin_progress.go:1158.2,1158.10 1 0
github.com/AlmatJuvashev/phd-students-portal/backend/internal/handlers/admin_progress.go:1161.73,1163.48 2 0
github.com/AlmatJuvashev/phd-students-portal/backend/internal/handlers/admin_progress.go:1163.48,1165.3 1 0
github.com/AlmatJuvashev/phd-students-portal/backend/internal/handlers/admin_progress.go:1166.2,1168.29 3 0
github.com/AlmatJuvashev/phd-students-portal/backend/internal/handlers/admin_progress.go:1168.29,1171.29 3 0
github.com/AlmatJuvashev/phd-students-portal/backend/internal/handlers/admin_progress.go:1171.29,1173.4 1 0
github.com/AlmatJuvashev/phd-students-portal/backend/internal/handlers/admin_progress.go:1174.3,1174.16 1 0
github.com/AlmatJuvashev/phd-students-portal/backend/internal/handlers/admin_progress.go:1176.2,1176.17 1 0
github.com/AlmatJuvashev/phd-students-portal/backend/internal/handlers/admin_progress.go:1179.66,1180.18 1 0
github.com/AlmatJuvashev/phd-students-portal/backend/internal/handlers/admin_progress.go:1180.18,1182.3 1 0
github.com/AlmatJuvashev/phd-students-portal/backend/internal/handlers/admin_progress.go:1183.2,1183.29 1 0
github.com/AlmatJuvashev/phd-students-portal/backend/internal/handlers/admin_progress.go:1183.29,1184.26 1 0
github.com/AlmatJuvashev/phd-students-portal/backend/internal/handlers/admin_progress.go:1184.26,1185.20 1 0
github.com/AlmatJuvashev/phd-students-portal/backend/internal/handlers/admin_progress.go:1185.20,1187.5 1 0
github.com/AlmatJuvashev/phd-students-portal/backend/internal/handlers/admin_progress.go:1190.2,1190.11 1 0
github.com/AlmatJuvashev/phd-students-portal/backend/internal/handlers/admin_progress.go:1194.54,1201.48 2 0
github.com/AlmatJuvashev/phd-students-portal/backend/internal/handlers/admin_progress.go:1201.48,1204.3 2 0
github.com/AlmatJuvashev/phd-students-portal/backend/internal/handlers/admin_progress.go:1205.2,1206.18 2 0
github.com/AlmatJuvashev/phd-students-portal/backend/internal/handlers/admin_progress.go:1206.18,1209.3 2 0
github.com/AlmatJuvashev/phd-students-portal/backend/internal/handlers/admin_progress.go:1210.2,1211.38 2 0
github.com/AlmatJuvashev/phd-students-portal/backend/internal/handlers/admin_progress.go:1211.38,1212.24 1 0
github.com/AlmatJuvashev/phd-students-portal/backend/internal/handlers/admin_progress.go:1212.24,1214.4 1 0
github.com/AlmatJuvashev/phd-students-portal/backend/internal/handlers/admin_progress.go:1214.9,1216.4 1 0
github.com/AlmatJuvashev/phd-students-portal/backend/internal/handlers/admin_progress.go:1218.2,1218.36 1 0
github.com/AlmatJuvashev/phd-students-portal/backend/internal/handlers/admin_progress.go:1218.36,1221.3 2 0
github.com/AlmatJuvashev/phd-students-portal/backend/internal/handlers/admin_progress.go:1222.2,1222.32 1 0
github.com/AlmatJuvashev/phd-students-portal/backend/internal/handlers/admin_progress.go:1226.67,1227.20 1 0
github.com/AlmatJuvashev/phd-students-portal/backend/internal/handlers/admin_progress.go:1227.20,1229.3 1 0
github.com/AlmatJuvashev/phd-students-portal/backend/internal/handlers/admin_progress.go:1230.2,1234.25 5 0
github.com/AlmatJuvashev/phd-students-portal/backend/internal/handlers/admin_progress.go:1234.25,1236.3 1 0
github.com/AlmatJuvashev/phd-students-portal/backend/internal/handlers/admin_progress.go:1237.2,1237.14 1 0
github.com/AlmatJuvashev/phd-students-portal/backend/internal/handlers/admin_progress.go:1241.43,1241.66 1 0
github.com/AlmatJuvashev/phd-students-portal/backend/internal/handlers/admin_progress.go:1243.108,1245.16 2 0
github.com/AlmatJuvashev/phd-students-portal/backend/internal/handlers/admin_progress.go:1245.16,1247.3 1 0
github.com/AlmatJuvashev/phd-students-portal/backend/internal/handlers/admin_progress.go:1248.2,1250.12 2 0
github.com/AlmatJuvashev/phd-students-portal/backend/internal/handlers/admin_progress.go:1254.80,1265.54 2 0
github.com/AlmatJuvashev/phd-students-portal/backend/internal/handlers/admin_progress.go:1265.54,1267.3 1 0
github.com/AlmatJuvashev/phd-students-portal/backend/internal/handlers/admin_progress.go:1270.2,1271.34 2 0
github.com/AlmatJuvashev/phd-students-portal/backend/internal/handlers/admin_progress.go:1271.34,1272.36 1 0
github.com/AlmatJuvashev/phd-students-portal/backend/internal/handlers/admin_progress.go:1272.36,1273.34 1 0
github.com/AlmatJuvashev/phd-students-portal/backend/internal/handlers/admin_progress.go:1273.34,1275.10 2 0
github.com/AlmatJuvashev/phd-students-portal/backend/internal/handlers/admin_progress.go:1278.3,1278.25 1 0
github.com/AlmatJuvashev/phd-students-portal/backend/internal/handlers/admin_progress.go:1278.25,1279.9 1 0
github.com/AlmatJuvashev/phd-students-portal/backend/internal/handlers/admin_progress.go:1283.2,1283.25 1 0
github.com/AlmatJuvashev/phd-students-portal/backend/internal/handlers/admin_progress.go:1283.25,1286.3 2 0
github.com/AlmatJuvashev/phd-students-portal/backend/internal/handlers/admin_progress.go:1288.2,1291.35 2 0
github.com/AlmatJuvashev/phd-students-portal/backend/internal/handlers/admin_progress.go:1291.35,1297.27 3 0
github.com/AlmatJuvashev/phd-students-portal/backend/internal/handlers/admin_progress.go:1297.27,1303.18 3 0
github.com/AlmatJuvashev/phd-students-portal/backend/internal/handlers/admin_progress.go:1303.18,1305.13 2 0
github.com/AlmatJuvashev/phd-students-portal/backend/internal/handlers/admin_progress.go:1307.4,1307.88 1 0
github.com/AlmatJuvashev/phd-students-portal/backend/internal/handlers/admin_progress.go:1308.9,1308.24 1 0
github.com/AlmatJuvashev/phd-students-portal/backend/internal/handlers/admin_progress.go:1308.24,1310.12 2 0
github.com/AlmatJuvashev/phd-students-portal/backend/internal/handlers/admin_progress.go:1311.9,1315.18 2 0
github.com/AlmatJuvashev/phd-students-portal/backend/internal/handlers/admin_progress.go:1315.18,1317.5 1 0
github.com/AlmatJuvashev/phd-students-portal/backend/internal/handlers/admin_progress.go:1317.10,1319.5 1 0
github.com/AlmatJuvashev/phd-students-portal/backend/internal/handlers/admin_progress.go:1323.3,1326.19 1 0
github.com/AlmatJuvashev/phd-students-portal/backend/internal/handlers/admin_progress.go:1329.2,1329.12 1 0
github.com/AlmatJuvashev/phd-students-portal/backend/internal/handlers/admin_progress.go:1334.70,1337.19 3 0
github.com/AlmatJuvashev/phd-students-portal/backend/internal/handlers/admin_progress.go:1337.19,1340.3 2 0
github.com/AlmatJuvashev/phd-students-portal/backend/internal/handlers/admin_progress.go:1342.2,1347.47 2 0
github.com/AlmatJuvashev/phd-students-portal/backend/internal/handlers/admin_progress.go:1347.47,1350.3 2 0
github.com/AlmatJuvashev/phd-students-portal/backend/internal/handlers/admin_progress.go:1353.2,1359.16 3 0
github.com/AlmatJuvashev/phd-students-portal/backend/internal/handlers/admin_progress.go:1359.16,1360.36 1 0
github.com/AlmatJuvashev/phd-students-portal/backend/internal/handlers/admin_progress.go:1360.36,1363.4 2 0
github.com/AlmatJuvashev/phd-students-portal/backend/internal/handlers/admin_progress.go:1364.3,1365.9 2 0
github.com/AlmatJuvashev/phd-students-portal/backend/internal/handlers/admin_progress.go:1369.2,1370.23 2 0
github.com/AlmatJuvashev/phd-students-portal/backend/internal/handlers/admin_progress.go:1370.23,1374.15 3 0
github.com/AlmatJuvashev/phd-students-portal/backend/internal/handlers/admin_progress.go:1374.15,1377.4 2 0
github.com/AlmatJuvashev/phd-students-portal/backend/internal/handlers/admin_progress.go:1381.2,1382.30 2 0
github.com/AlmatJuvashev/phd-students-portal/backend/internal/handlers/admin_progress.go:1382.30,1385.3 2 0
github.com/AlmatJuvashev/phd-students-portal/backend/internal/handlers/admin_progress.go:1388.2,1393.16 5 0
github.com/AlmatJuvashev/phd-students-portal/backend/internal/handlers/admin_progress.go:1393.16,1396.3 2 0
github.com/AlmatJuvashev/phd-students-portal/backend/internal/handlers/admin_progress.go:1398.2,1401.4 1 0
github.com/AlmatJuvashev/phd-students-portal/backend/internal/handlers/admin_progress.go:1406.63,1409.19 3 0
github.com/AlmatJuvashev/phd-students-portal/backend/internal/handlers/admin_progress.go:1409.19,1412.3 2 0
github.com/AlmatJuvashev/phd-students-portal/backend/internal/handlers/admin_progress.go:1413.2,1422.47 3 0
github.com/AlmatJuvashev/phd-students-portal/backend/internal/handlers/admin_progress.go:1422.47,1425.3 2 0
github.com/AlmatJuvashev/phd-students-portal/backend/internal/handlers/admin_progress.go:1427.2,1428.16 2 0
github.com/AlmatJuvashev/phd-students-portal/backend/internal/handlers/admin_progress.go:1428.16,1431.3 2 0
github.com/AlmatJuvashev/phd-students-portal/backend/internal/handlers/admin_progress.go:1432.2,1448.16 4 0
github.com/AlmatJuvashev/phd-students-portal/backend/internal/handlers/admin_progress.go:1448.16,1449.36 1 0
github.com/AlmatJuvashev/phd-students-portal/backend/internal/handlers/admin_progress.go:1449.36,1452.4 2 0
github.com/AlmatJuvashev/phd-students-portal/backend/internal/handlers/admin_progress.go:1453.3,1454.9 2 0
github.com/AlmatJuvashev/phd-students-portal/backend/internal/handlers/admin_progress.go:1458.2,1458.23 1 0
github.com/AlmatJuvashev/phd-students-portal/backend/internal/handlers/admin_progress.go:1458.23,1462.15 3 0
github.com/AlmatJuvashev/phd-students-portal/backend/internal/handlers/admin_progress.go:1462.15,1465.4 2 0
github.com/AlmatJuvashev/phd-students-portal/backend/internal/handlers/admin_progress.go:1469.2,1470.30 2 0
github.com/AlmatJuvashev/phd-students-portal/backend/internal/handlers/admin_progress.go:1470.30,1473.3 2 0
github.com/AlmatJuvashev/phd-students-portal/backend/internal/handlers/admin_progress.go:1474.2,1486.16 5 0
github.com/AlmatJuvashev/phd-students-portal/backend/internal/handlers/admin_progress.go:1486.16,1490.3 3 0
github.com/AlmatJuvashev/phd-students-portal/backend/internal/handlers/admin_progress.go:1492.2,1500.16 3 0
github.com/AlmatJuvashev/phd-students-portal/backend/internal/handlers/admin_progress.go:1500.16,1503.3 2 0
github.com/AlmatJuvashev/phd-students-portal/backend/internal/handlers/admin_progress.go:1506.2,1511.109 2 0
github.com/AlmatJuvashev/phd-students-portal/backend/internal/handlers/admin_progress.go:1511.109,1514.3 2 0
github.com/AlmatJuvashev/phd-students-portal/backend/internal/handlers/admin_progress.go:1516.2,1516.36 1 0
github.com/AlmatJuvashev/phd-students-portal/backend/internal/handlers/admin_progress.go:1516.36,1519.3 2 0
github.com/AlmatJuvashev/phd-students-portal/backend/internal/handlers/admin_progress.go:1521.2,1525.4 1 0
github.com/AlmatJuvashev/phd-students-portal/backend/internal/handlers/analytics_handler.go:14.80,16.2 1 0
github.com/AlmatJuvashev/phd-students-portal/backend/internal/handlers/analytics_handler.go:18.58,20.16 2 0
github.com/AlmatJuvashev/phd-students-portal/backend/internal/handlers/analytics_handler.go:20.16,23.3 2 0
github.com/AlmatJuvashev/phd-students-portal/backend/internal/handlers/analytics_handler.go:24.2,24.30 1 0
github.com/AlmatJuvashev/phd-students-portal/backend/internal/handlers/analytics_handler.go:27.60,29.16 2 0
github.com/AlmatJuvashev/phd-students-portal/backend/internal/handlers/analytics_handler.go:29.16,32.3 2 0
github.com/AlmatJuvashev/phd-students-portal/backend/internal/handlers/analytics_handler.go:33.2,33.30 1 0
github.com/AlmatJuvashev/phd-students-portal/backend/internal/handlers/api.go:19.106,23.45 2 0
github.com/AlmatJuvashev/phd-students-portal/backend/internal/handlers/api.go:23.45,24.20 1 0
github.com/AlmatJuvashev/phd-students-portal/backend/internal/handlers/api.go:24.20,26.5 1 0
github.com/AlmatJuvashev/phd-students-portal/backend/internal/handlers/api.go:27.4,27.34 1 0
github.com/AlmatJuvashev/phd-students-portal/backend/internal/handlers/api.go:27.34,29.5 1 0
github.com/AlmatJuvashev/phd-students-portal/backend/internal/handlers/api.go:31.4,31.105 1 0
github.com/AlmatJuvashev/phd-students-portal/backend/internal/handlers/api.go:31.105,33.5 1 0
github.com/AlmatJuvashev/phd-students-portal/backend/internal/handlers/api.go:34.4,34.105 1 0
github.com/AlmatJuvashev/phd-students-portal/backend/internal/handlers/api.go:34.105,36.5 1 0
github.com/AlmatJuvashev/phd-students-portal/backend/internal/handlers/api.go:37.4,37.16 1 0
github.com/AlmatJuvashev/phd-students-portal/backend/internal/handlers/api.go:45.2,55.46 4 0
github.com/AlmatJuvashev/phd-students-portal/backend/internal/handlers/api.go:55.46,60.3 1 0
github.com/AlmatJuvashev/phd-students-portal/backend/internal/handlers/api.go:62.2,62.38 1 0
github.com/AlmatJuvashev/phd-students-portal/backend/internal/handlers/api.go:62.38,65.20 2 0
github.com/AlmatJuvashev/phd-students-portal/backend/internal/handlers/api.go:65.20,67.4 1 0
github.com/AlmatJuvashev/phd-students-portal/backend/internal/handlers/api.go:68.3,68.43 1 0
github.com/AlmatJuvashev/phd-students-portal/backend/internal/handlers/api.go:68.43,71.4 2 0
github.com/AlmatJuvashev/phd-students-portal/backend/internal/handlers/api.go:72.3,72.49 1 0
github.com/AlmatJuvashev/phd-students-portal/backend/internal/handlers/api.go:76.2,89.42 11 0
github.com/AlmatJuvashev/phd-students-portal/backend/internal/handlers/api.go:89.42,89.86 1 0
github.com/AlmatJuvashev/phd-students-portal/backend/internal/handlers/api.go:90.2,240.2 115 0
github.com/AlmatJuvashev/phd-students-portal/backend/internal/handlers/api.go:240.2,260.3 16 0
github.com/AlmatJuvashev/phd-students-portal/backend/internal/handlers/api.go:262.2,262.10 1 0
github.com/AlmatJuvashev/phd-students-portal/backend/internal/handlers/app7.go:15.46,15.62 1 0
github.com/AlmatJuvashev/phd-students-portal/backend/internal/handlers/app7.go:76.75,78.16 2 0
github.com/AlmatJuvashev/phd-students-portal/backend/internal/handlers/app7.go:78.16,80.3 1 0
github.com/AlmatJuvashev/phd-students-portal/backend/internal/handlers/app7.go:81.2,81.47 1 0
github.com/AlmatJuvashev/phd-students-portal/backend/internal/handlers/app7.go:81.47,83.3 1 0
github.com/AlmatJuvashev/phd-students-portal/backend/internal/handlers/app7.go:84.2,85.16 2 0
github.com/AlmatJuvashev/phd-students-portal/backend/internal/handlers/app7.go:85.16,87.3 1 0
github.com/AlmatJuvashev/phd-students-portal/backend/internal/handlers/app7.go:88.2,88.29 1 0
github.com/AlmatJuvashev/phd-students-portal/backend/internal/handlers/app7.go:91.60,93.55 2 0
github.com/AlmatJuvashev/phd-students-portal/backend/internal/handlers/app7.go:93.55,96.66 2 0
github.com/AlmatJuvashev/phd-students-portal/backend/internal/handlers/app7.go:96.66,98.4 1 0
github.com/AlmatJuvashev/phd-students-portal/backend/internal/handlers/app7.go:99.3,100.35 2 0
github.com/AlmatJuvashev/phd-students-portal/backend/internal/handlers/app7.go:100.35,102.4 1 0
github.com/AlmatJuvashev/phd-students-portal/backend/internal/handlers/app7.go:103.3,103.32 1 0
github.com/AlmatJuvashev/phd-students-portal/backend/internal/handlers/app7.go:103.32,105.4 1 0
github.com/AlmatJuvashev/phd-students-portal/backend/internal/handlers/app7.go:106.3,106.37 1 0
github.com/AlmatJuvashev/phd-students-portal/backend/internal/handlers/app7.go:106.37,108.4 1 0
github.com/AlmatJuvashev/phd-students-portal/backend/internal/handlers/app7.go:109.3,109.28 1 0
github.com/AlmatJuvashev/phd-students-portal/backend/internal/handlers/app7.go:109.28,111.4 1 0
github.com/AlmatJuvashev/phd-students-portal/backend/internal/handlers/app7.go:112.3,112.72 1 0
github.com/AlmatJuvashev/phd-students-portal/backend/internal/handlers/app7.go:115.2,116.34 2 0
github.com/AlmatJuvashev/phd-students-portal/backend/internal/handlers/app7.go:116.34,118.3 1 0
github.com/AlmatJuvashev/phd-students-portal/backend/internal/handlers/app7.go:118.8,120.3 1 0
github.com/AlmatJuvashev/phd-students-portal/backend/internal/handlers/app7.go:122.2,122.30 1 0
github.com/AlmatJuvashev/phd-students-portal/backend/internal/handlers/app7.go:122.30,124.3 1 0
github.com/AlmatJuvashev/phd-students-portal/backend/internal/handlers/app7.go:124.8,131.3 1 0
github.com/AlmatJuvashev/phd-students-portal/backend/internal/handlers/app7.go:132.2,132.18 1 0
github.com/AlmatJuvashev/phd-students-portal/backend/internal/handlers/app7.go:135.45,136.30 1 0
github.com/AlmatJuvashev/phd-students-portal/backend/internal/handlers/app7.go:136.30,138.3 1 0
github.com/AlmatJuvashev/phd-students-portal/backend/internal/handlers/app7.go:140.2,142.88 2 0
github.com/AlmatJuvashev/phd-students-portal/backend/internal/handlers/app7.go:142.88,144.35 2 0
github.com/AlmatJuvashev/phd-students-portal/backend/internal/handlers/app7.go:144.35,146.67 2 0
github.com/AlmatJuvashev/phd-students-portal/backend/internal/handlers/app7.go:146.67,148.5 1 0
github.com/AlmatJuvashev/phd-students-portal/backend/internal/handlers/app7.go:149.4,149.41 1 0
github.com/AlmatJuvashev/phd-students-portal/backend/internal/handlers/app7.go:151.3,151.21 1 0
github.com/AlmatJuvashev/phd-students-portal/backend/internal/handlers/app7.go:151.21,153.4 1 0
github.com/AlmatJuvashev/phd-students-portal/backend/internal/handlers/app7.go:154.3,154.17 1 0
github.com/AlmatJuvashev/phd-students-portal/backend/internal/handlers/app7.go:157.2,162.19 5 0
github.com/AlmatJuvashev/phd-students-portal/backend/internal/handlers/app7.go:162.19,165.3 2 0
github.com/AlmatJuvashev/phd-students-portal/backend/internal/handlers/app7.go:167.2,167.12 1 0
github.com/AlmatJuvashev/phd-students-portal/backend/internal/handlers/app7.go:170.48,189.39 18 0
github.com/AlmatJuvashev/phd-students-portal/backend/internal/handlers/app7.go:189.39,191.17 2 0
github.com/AlmatJuvashev/phd-students-portal/backend/internal/handlers/app7.go:191.17,193.4 1 0
github.com/AlmatJuvashev/phd-students-portal/backend/internal/handlers/app7.go:195.2,197.14 2 0
github.com/AlmatJuvashev/phd-students-portal/backend/internal/handlers/app7.go:200.63,201.23 1 0
github.com/AlmatJuvashev/phd-students-portal/backend/internal/handlers/app7.go:201.23,203.3 1 0
github.com/AlmatJuvashev/phd-students-portal/backend/internal/handlers/app7.go:204.2,204.29 1 0
github.com/AlmatJuvashev/phd-students-portal/backend/internal/handlers/app7.go:204.29,206.3 1 0
github.com/AlmatJuvashev/phd-students-portal/backend/internal/handlers/app7.go:207.2,207.62 1 0
github.com/AlmatJuvashev/phd-students-portal/backend/internal/handlers/app7.go:207.62,209.3 1 0
github.com/AlmatJuvashev/phd-students-portal/backend/internal/handlers/app7.go:210.2,210.59 1 0
github.com/AlmatJuvashev/phd-students-portal/backend/internal/handlers/app7.go:210.59,212.3 1 0
github.com/AlmatJuvashev/phd-students-portal/backend/internal/handlers/app7.go:213.2,213.72 1 0
github.com/AlmatJuvashev/phd-students-portal/backend/internal/handlers/app7.go:213.72,215.3 1 0
github.com/AlmatJuvashev/phd-students-portal/backend/internal/handlers/app7.go:216.2,216.74 1 0
github.com/AlmatJuvashev/phd-students-portal/backend/internal/handlers/app7.go:216.74,218.3 1 0
github.com/AlmatJuvashev/phd-students-portal/backend/internal/handlers/app7.go:219.2,219.68 1 0
github.com/AlmatJuvashev/phd-students-portal/backend/internal/handlers/app7.go:219.68,221.3 1 0
github.com/AlmatJuvashev/phd-students-portal/backend/internal/handlers/app7.go:222.2,222.12 1 0
github.com/AlmatJuvashev/phd-students-portal/backend/internal/handlers/app7.go:225.58,232.2 1 0
github.com/AlmatJuvashev/phd-students-portal/backend/internal/handlers/auth.go:17.69,19.2 1 0
github.com/AlmatJuvashev/phd-students-portal/backend/internal/handlers/auth.go:27.45,29.47 2 0
github.com/AlmatJuvashev/phd-students-portal/backend/internal/handlers/auth.go:29.47,32.3 2 0
github.com/AlmatJuvashev/phd-students-portal/backend/internal/handlers/auth.go:33.2,35.16 3 0
github.com/AlmatJuvashev/phd-students-portal/backend/internal/handlers/auth.go:35.16,38.3 2 0
github.com/AlmatJuvashev/phd-students-portal/backend/internal/handlers/auth.go:39.2,39.45 1 0
github.com/AlmatJuvashev/phd-students-portal/backend/internal/handlers/auth.go:39.45,42.3 2 0
github.com/AlmatJuvashev/phd-students-portal/backend/internal/handlers/auth.go:43.2,44.16 2 0
github.com/AlmatJuvashev/phd-students-portal/backend/internal/handlers/auth.go:44.16,47.3 2 0
github.com/AlmatJuvashev/phd-students-portal/backend/internal/handlers/auth.go:48.2,48.58 1 0
github.com/AlmatJuvashev/phd-students-portal/backend/internal/handlers/calendar_handler.go:19.77,21.2 1 0
github.com/AlmatJuvashev/phd-students-portal/backend/internal/handlers/calendar_handler.go:23.55,38.47 2 0
github.com/AlmatJuvashev/phd-students-portal/backend/internal/handlers/calendar_handler.go:38.47,41.3 2 0
github.com/AlmatJuvashev/phd-students-portal/backend/internal/handlers/calendar_handler.go:43.2,46.16 3 0
github.com/AlmatJuvashev/phd-students-portal/backend/internal/handlers/calendar_handler.go:46.16,49.3 2 0
github.com/AlmatJuvashev/phd-students-portal/backend/internal/handlers/calendar_handler.go:50.2,51.16 2 0
github.com/AlmatJuvashev/phd-students-portal/backend/internal/handlers/calendar_handler.go:51.16,54.3 2 0
github.com/AlmatJuvashev/phd-students-portal/backend/internal/handlers/calendar_handler.go:57.2,58.23 2 0
github.com/AlmatJuvashev/phd-students-portal/backend/internal/handlers/calendar_handler.go:58.23,60.3 1 0
github.com/AlmatJuvashev/phd-students-portal/backend/internal/handlers/calendar_handler.go:63.2,63.35 1 0
github.com/AlmatJuvashev/phd-students-portal/backend/internal/handlers/calendar_handler.go:63.35,64.14 1 0
github.com/AlmatJuvashev/phd-students-portal/backend/internal/handlers/calendar_handler.go:64.14,66.4 1 0
github.com/AlmatJuvashev/phd-students-portal/backend/internal/handlers/calendar_handler.go:67.3,67.12 1 0
github.com/AlmatJuvashev/phd-students-portal/backend/internal/handlers/calendar_handler.go:70.2,84.89 2 0
github.com/AlmatJuvashev/phd-students-portal/backend/internal/handlers/calendar_handler.go:84.89,87.3 2 0
github.com/AlmatJuvashev/phd-students-portal/backend/internal/handlers/calendar_handler.go:89.2,89.35 1 0
github.com/AlmatJuvashev/phd-students-portal/backend/internal/handlers/calendar_handler.go:92.53,94.18 2 0
github.com/AlmatJuvashev/phd-students-portal/backend/internal/handlers/calendar_handler.go:94.18,97.3 2 0
github.com/AlmatJuvashev/phd-students-portal/backend/internal/handlers/calendar_handler.go:99.2,102.36 3 0
github.com/AlmatJuvashev/phd-students-portal/backend/internal/handlers/calendar_handler.go:102.36,105.3 2 0
github.com/AlmatJuvashev/phd-students-portal/backend/internal/handlers/calendar_handler.go:107.2,108.16 2 0
github.com/AlmatJuvashev/phd-students-portal/backend/internal/handlers/calendar_handler.go:108.16,111.3 2 0
github.com/AlmatJuvashev/phd-students-portal/backend/internal/handlers/calendar_handler.go:112.2,113.16 2 0
github.com/AlmatJuvashev/phd-students-portal/backend/internal/handlers/calendar_handler.go:113.16,116.3 2 0
github.com/AlmatJuvashev/phd-students-portal/backend/internal/handlers/calendar_handler.go:118.2,119.16 2 0
github.com/AlmatJuvashev/phd-students-portal/backend/internal/handlers/calendar_handler.go:119.16,122.3 2 0
github.com/AlmatJuvashev/phd-students-portal/backend/internal/handlers/calendar_handler.go:125.2,125.19 1 0
github.com/AlmatJuvashev/phd-students-portal/backend/internal/handlers/calendar_handler.go:125.19,127.3 1 0
github.com/AlmatJuvashev/phd-students-portal/backend/internal/handlers/calendar_handler.go:129.2,129.31 1 0
github.com/AlmatJuvashev/phd-students-portal/backend/internal/handlers/calendar_handler.go:132.55,151.47 5 0
github.com/AlmatJuvashev/phd-students-portal/backend/internal/handlers/calendar_handler.go:151.47,155.3 3 0
github.com/AlmatJuvashev/phd-students-portal/backend/internal/handlers/calendar_handler.go:157.2,161.16 3 0
github.com/AlmatJuvashev/phd-students-portal/backend/internal/handlers/calendar_handler.go:161.16,165.3 3 0
github.com/AlmatJuvashev/phd-students-portal/backend/internal/handlers/calendar_handler.go:168.2,170.90 2 0
github.com/AlmatJuvashev/phd-students-portal/backend/internal/handlers/calendar_handler.go:170.90,174.3 3 0
github.com/AlmatJuvashev/phd-students-portal/backend/internal/handlers/calendar_handler.go:177.2,178.16 2 0
github.com/AlmatJuvashev/phd-students-portal/backend/internal/handlers/calendar_handler.go:178.16,182.3 3 0
github.com/AlmatJuvashev/phd-students-portal/backend/internal/handlers/calendar_handler.go:184.2,185.16 2 0
github.com/AlmatJuvashev/phd-students-portal/backend/internal/handlers/calendar_handler.go:185.16,189.3 3 0
github.com/AlmatJuvashev/phd-students-portal/backend/internal/handlers/calendar_handler.go:192.2,192.31 1 0
github.com/AlmatJuvashev/phd-students-portal/backend/internal/handlers/calendar_handler.go:192.31,196.3 3 0
github.com/AlmatJuvashev/phd-students-portal/backend/internal/handlers/calendar_handler.go:199.2,199.35 1 0
github.com/AlmatJuvashev/phd-students-portal/backend/internal/handlers/calendar_handler.go:199.35,200.14 1 0
github.com/AlmatJuvashev/phd-students-portal/backend/internal/handlers/calendar_handler.go:200.14,202.4 1 0
github.com/AlmatJuvashev/phd-students-portal/backend/internal/handlers/calendar_handler.go:203.3,203.12 1 0
github.com/AlmatJuvashev/phd-students-portal/backend/internal/handlers/calendar_handler.go:206.2,221.74 2 0
github.com/AlmatJuvashev/phd-students-portal/backend/internal/handlers/calendar_handler.go:221.74,225.3 3 0
github.com/AlmatJuvashev/phd-students-portal/backend/internal/handlers/calendar_handler.go:227.2,228.58 2 0
github.com/AlmatJuvashev/phd-students-portal/backend/internal/handlers/calendar_handler.go:231.55,237.16 4 0
github.com/AlmatJuvashev/phd-students-portal/backend/internal/handlers/calendar_handler.go:237.16,240.3 2 0
github.com/AlmatJuvashev/phd-students-portal/backend/internal/handlers/calendar_handler.go:243.2,244.104 2 0
github.com/AlmatJuvashev/phd-students-portal/backend/internal/handlers/calendar_handler.go:244.104,247.3 2 0
github.com/AlmatJuvashev/phd-students-portal/backend/internal/handlers/calendar_handler.go:249.2,249.84 1 0
github.com/AlmatJuvashev/phd-students-portal/backend/internal/handlers/calendar_handler.go:249.84,252.3 2 0
github.com/AlmatJuvashev/phd-students-portal/backend/internal/handlers/calendar_handler.go:254.2,254.58 1 0
github.com/AlmatJuvashev/phd-students-portal/backend/internal/handlers/chat.go:32.106,39.2 1 0
github.com/AlmatJuvashev/phd-students-portal/backend/internal/handlers/chat.go:42.50,44.15 2 0
github.com/AlmatJuvashev/phd-students-portal/backend/internal/handlers/chat.go:44.15,47.3 2 0
github.com/AlmatJuvashev/phd-students-portal/backend/internal/handlers/chat.go:48.2,53.47 2 0
github.com/AlmatJuvashev/phd-students-portal/backend/internal/handlers/chat.go:53.47,56.3 2 0
github.com/AlmatJuvashev/phd-students-portal/backend/internal/handlers/chat.go:57.2,57.32 1 0
github.com/AlmatJuvashev/phd-students-portal/backend/internal/handlers/chat.go:57.32,60.3 2 0
github.com/AlmatJuvashev/phd-students-portal/backend/internal/handlers/chat.go:61.2,62.16 2 0
github.com/AlmatJuvashev/phd-students-portal/backend/internal/handlers/chat.go:62.16,66.3 3 0
github.com/AlmatJuvashev/phd-students-portal/backend/internal/handlers/chat.go:67.2,67.49 1 0
github.com/AlmatJuvashev/phd-students-portal/backend/internal/handlers/chat.go:71.50,73.15 2 0
github.com/AlmatJuvashev/phd-students-portal/backend/internal/handlers/chat.go:73.15,76.3 2 0
github.com/AlmatJuvashev/phd-students-portal/backend/internal/handlers/chat.go:77.2,84.47 4 0
github.com/AlmatJuvashev/phd-students-portal/backend/internal/handlers/chat.go:84.47,87.3 2 0
github.com/AlmatJuvashev/phd-students-portal/backend/internal/handlers/chat.go:88.2,89.16 2 0
github.com/AlmatJuvashev/phd-students-portal/backend/internal/handlers/chat.go:89.16,92.3 2 0
github.com/AlmatJuvashev/phd-students-portal/backend/internal/handlers/chat.go:93.2,93.44 1 0
github.com/AlmatJuvashev/phd-students-portal/backend/internal/handlers/chat.go:97.49,99.15 2 0
github.com/AlmatJuvashev/phd-students-portal/backend/internal/handlers/chat.go:99.15,102.3 2 0
github.com/AlmatJuvashev/phd-students-portal/backend/internal/handlers/chat.go:103.2,104.16 2 0
github.com/AlmatJuvashev/phd-students-portal/backend/internal/handlers/chat.go:104.16,107.3 2 0
github.com/AlmatJuvashev/phd-students-portal/backend/internal/handlers/chat.go:108.2,108.46 1 0
github.com/AlmatJuvashev/phd-students-portal/backend/internal/handlers/chat.go:112.53,114.15 2 0
github.com/AlmatJuvashev/phd-students-portal/backend/internal/handlers/chat.go:114.15,117.3 2 0
github.com/AlmatJuvashev/phd-students-portal/backend/internal/handlers/chat.go:118.2,120.16 3 0
github.com/AlmatJuvashev/phd-students-portal/backend/internal/handlers/chat.go:120.16,123.3 2 0
github.com/AlmatJuvashev/phd-students-portal/backend/internal/handlers/chat.go:124.2,124.15 1 0
github.com/AlmatJuvashev/phd-students-portal/backend/internal/handlers/chat.go:124.15,127.3 2 0
github.com/AlmatJuvashev/phd-students-portal/backend/internal/handlers/chat.go:128.2,133.47 2 0
github.com/AlmatJuvashev/phd-students-portal/backend/internal/handlers/chat.go:133.47,136.3 2 0
github.com/AlmatJuvashev/phd-students-portal/backend/internal/handlers/chat.go:139.2,139.49 1 0
github.com/AlmatJuvashev/phd-students-portal/backend/internal/handlers/chat.go:139.49,142.3 2 0
github.com/AlmatJuvashev/phd-students-portal/backend/internal/handlers/chat.go:145.2,146.27 2 0
github.com/AlmatJuvashev/phd-students-portal/backend/internal/handlers/chat.go:146.27,148.46 2 0
github.com/AlmatJuvashev/phd-students-portal/backend/internal/handlers/chat.go:148.46,150.66 1 0
github.com/AlmatJuvashev/phd-students-portal/backend/internal/handlers/chat.go:150.66,152.5 1 0
github.com/AlmatJuvashev/phd-students-portal/backend/internal/handlers/chat.go:156.2,157.16 2 0
github.com/AlmatJuvashev/phd-students-portal/backend/internal/handlers/chat.go:157.16,160.3 2 0
github.com/AlmatJuvashev/phd-students-portal/backend/internal/handlers/chat.go:161.2,161.51 1 0
github.com/AlmatJuvashev/phd-students-portal/backend/internal/handlers/chat.go:165.51,168.16 3 0
github.com/AlmatJuvashev/phd-students-portal/backend/internal/handlers/chat.go:168.16,172.3 3 0
github.com/AlmatJuvashev/phd-students-portal/backend/internal/handlers/chat.go:173.2,173.50 1 0
github.com/AlmatJuvashev/phd-students-portal/backend/internal/handlers/chat.go:177.49,183.47 3 0
github.com/AlmatJuvashev/phd-students-portal/backend/internal/handlers/chat.go:183.47,186.3 2 0
github.com/AlmatJuvashev/phd-students-portal/backend/internal/handlers/chat.go:187.2,188.16 2 0
github.com/AlmatJuvashev/phd-students-portal/backend/internal/handlers/chat.go:188.16,190.3 1 0
github.com/AlmatJuvashev/phd-students-portal/backend/internal/handlers/chat.go:191.2,191.30 1 0
github.com/AlmatJuvashev/phd-students-portal/backend/internal/handlers/chat.go:191.30,194.3 2 0
github.com/AlmatJuvashev/phd-students-portal/backend/internal/handlers/chat.go:195.2,195.89 1 0
github.com/AlmatJuvashev/phd-students-portal/backend/internal/handlers/chat.go:195.89,199.3 3 0
github.com/AlmatJuvashev/phd-students-portal/backend/internal/handlers/chat.go:200.2,200.47 1 0
github.com/AlmatJuvashev/phd-students-portal/backend/internal/handlers/chat.go:204.52,207.18 3 0
github.com/AlmatJuvashev/phd-students-portal/backend/internal/handlers/chat.go:207.18,210.3 2 0
github.com/AlmatJuvashev/phd-students-portal/backend/internal/handlers/chat.go:211.2,211.82 1 0
github.com/AlmatJuvashev/phd-students-portal/backend/internal/handlers/chat.go:211.82,214.3 2 0
github.com/AlmatJuvashev/phd-students-portal/backend/internal/handlers/chat.go:215.2,215.42 1 0
github.com/AlmatJuvashev/phd-students-portal/backend/internal/handlers/chat.go:228.59,231.47 3 0
github.com/AlmatJuvashev/phd-students-portal/backend/internal/handlers/chat.go:231.47,234.3 2 0
github.com/AlmatJuvashev/phd-students-portal/backend/internal/handlers/chat.go:236.2,240.131 3 0
github.com/AlmatJuvashev/phd-students-portal/backend/internal/handlers/chat.go:240.131,243.24 3 0
github.com/AlmatJuvashev/phd-students-portal/backend/internal/handlers/chat.go:243.24,246.4 2 0
github.com/AlmatJuvashev/phd-students-portal/backend/internal/handlers/chat.go:247.3,247.27 1 0
github.com/AlmatJuvashev/phd-students-portal/backend/internal/handlers/chat.go:247.27,250.4 2 0
github.com/AlmatJuvashev/phd-students-portal/backend/internal/handlers/chat.go:251.3,251.23 1 0
github.com/AlmatJuvashev/phd-students-portal/backend/internal/handlers/chat.go:251.23,254.4 2 0
github.com/AlmatJuvashev/phd-students-portal/backend/internal/handlers/chat.go:255.3,255.26 1 0
github.com/AlmatJuvashev/phd-students-portal/backend/internal/handlers/chat.go:255.26,258.4 2 0
github.com/AlmatJuvashev/phd-students-portal/backend/internal/handlers/chat.go:259.3,259.21 1 0
github.com/AlmatJuvashev/phd-students-portal/backend/internal/handlers/chat.go:259.21,262.4 2 0
github.com/AlmatJuvashev/phd-students-portal/backend/internal/handlers/chat.go:264.3,264.75 1 0
github.com/AlmatJuvashev/phd-students-portal/backend/internal/handlers/chat.go:264.75,267.4 2 0
github.com/AlmatJuvashev/phd-students-portal/backend/internal/handlers/chat.go:270.2,270.23 1 0
github.com/AlmatJuvashev/phd-students-portal/backend/internal/handlers/chat.go:270.23,273.3 2 0
github.com/AlmatJuvashev/phd-students-portal/backend/internal/handlers/chat.go:276.2,278.30 3 0
github.com/AlmatJuvashev/phd-students-portal/backend/internal/handlers/chat.go:278.30,279.94 1 0
github.com/AlmatJuvashev/phd-students-portal/backend/internal/handlers/chat.go:279.94,282.4 2 0
github.com/AlmatJuvashev/phd-students-portal/backend/internal/handlers/chat.go:286.2,286.27 1 0
github.com/AlmatJuvashev/phd-students-portal/backend/internal/handlers/chat.go:286.27,287.38 1 0
github.com/AlmatJuvashev/phd-students-portal/backend/internal/handlers/chat.go:287.38,290.18 2 0
github.com/AlmatJuvashev/phd-students-portal/backend/internal/handlers/chat.go:290.18,293.5 2 0
github.com/AlmatJuvashev/phd-students-portal/backend/internal/handlers/chat.go:296.4,297.18 2 0
github.com/AlmatJuvashev/phd-students-portal/backend/internal/handlers/chat.go:297.18,300.5 2 0
github.com/AlmatJuvashev/phd-students-portal/backend/internal/handlers/chat.go:301.4,307.62 3 0
github.com/AlmatJuvashev/phd-students-portal/backend/internal/handlers/chat.go:307.62,310.5 2 0
github.com/AlmatJuvashev/phd-students-portal/backend/internal/handlers/chat.go:312.4,312.28 1 0
github.com/AlmatJuvashev/phd-students-portal/backend/internal/handlers/chat.go:312.28,314.100 2 0
github.com/AlmatJuvashev/phd-students-portal/backend/internal/handlers/chat.go:314.100,316.6 1 0
github.com/AlmatJuvashev/phd-students-portal/backend/internal/handlers/chat.go:321.2,321.52 1 0
github.com/AlmatJuvashev/phd-students-portal/backend/internal/handlers/chat.go:325.62,328.47 3 0
github.com/AlmatJuvashev/phd-students-portal/backend/internal/handlers/chat.go:328.47,331.3 2 0
github.com/AlmatJuvashev/phd-students-portal/backend/internal/handlers/chat.go:333.2,337.131 3 0
github.com/AlmatJuvashev/phd-students-portal/backend/internal/handlers/chat.go:337.131,342.24 3 0
github.com/AlmatJuvashev/phd-students-portal/backend/internal/handlers/chat.go:342.24,345.4 2 0
github.com/AlmatJuvashev/phd-students-portal/backend/internal/handlers/chat.go:346.3,346.27 1 0
github.com/AlmatJuvashev/phd-students-portal/backend/internal/handlers/chat.go:346.27,349.4 2 0
github.com/AlmatJuvashev/phd-students-portal/backend/internal/handlers/chat.go:350.3,350.23 1 0
github.com/AlmatJuvashev/phd-students-portal/backend/internal/handlers/chat.go:350.23,353.4 2 0
github.com/AlmatJuvashev/phd-students-portal/backend/internal/handlers/chat.go:354.3,354.26 1 0
github.com/AlmatJuvashev/phd-students-portal/backend/internal/handlers/chat.go:354.26,357.4 2 0
github.com/AlmatJuvashev/phd-students-portal/backend/internal/handlers/chat.go:358.3,358.21 1 0
github.com/AlmatJuvashev/phd-students-portal/backend/internal/handlers/chat.go:358.21,361.4 2 0
github.com/AlmatJuvashev/phd-students-portal/backend/internal/handlers/chat.go:363.3,363.75 1 0
github.com/AlmatJuvashev/phd-students-portal/backend/internal/handlers/chat.go:363.75,366.4 2 0
github.com/AlmatJuvashev/phd-students-portal/backend/internal/handlers/chat.go:369.2,369.23 1 0
github.com/AlmatJuvashev/phd-students-portal/backend/internal/handlers/chat.go:369.23,372.3 2 0
github.com/AlmatJuvashev/phd-students-portal/backend/internal/handlers/chat.go:375.2,376.30 2 0
github.com/AlmatJuvashev/phd-students-portal/backend/internal/handlers/chat.go:376.30,377.64 1 0
github.com/AlmatJuvashev/phd-students-portal/backend/internal/handlers/chat.go:377.64,379.4 1 0
github.com/AlmatJuvashev/phd-students-portal/backend/internal/handlers/chat.go:382.2,382.54 1 0
github.com/AlmatJuvashev/phd-students-portal/backend/internal/handlers/chat.go:386.50,393.16 6 0
github.com/AlmatJuvashev/phd-students-portal/backend/internal/handlers/chat.go:393.16,397.3 3 0
github.com/AlmatJuvashev/phd-students-portal/backend/internal/handlers/chat.go:399.2,403.30 2 0
github.com/AlmatJuvashev/phd-students-portal/backend/internal/handlers/chat.go:403.30,407.3 3 0
github.com/AlmatJuvashev/phd-students-portal/backend/internal/handlers/chat.go:410.2,413.53 3 0
github.com/AlmatJuvashev/phd-students-portal/backend/internal/handlers/chat.go:413.53,417.3 3 0
github.com/AlmatJuvashev/phd-students-portal/backend/internal/handlers/chat.go:418.2,427.59 6 0
github.com/AlmatJuvashev/phd-students-portal/backend/internal/handlers/chat.go:427.59,431.3 3 0
github.com/AlmatJuvashev/phd-students-portal/backend/internal/handlers/chat.go:434.2,434.48 1 0
github.com/AlmatJuvashev/phd-students-portal/backend/internal/handlers/chat.go:434.48,436.3 1 0
github.com/AlmatJuvashev/phd-students-portal/backend/internal/handlers/chat.go:436.8,438.3 1 0
github.com/AlmatJuvashev/phd-students-portal/backend/internal/handlers/chat.go:445.2,453.4 3 0
github.com/AlmatJuvashev/phd-students-portal/backend/internal/handlers/chat.go:457.52,467.16 7 0
github.com/AlmatJuvashev/phd-students-portal/backend/internal/handlers/chat.go:467.16,471.3 3 0
github.com/AlmatJuvashev/phd-students-portal/backend/internal/handlers/chat.go:472.2,472.15 1 0
github.com/AlmatJuvashev/phd-students-portal/backend/internal/handlers/chat.go:472.15,476.3 3 0
github.com/AlmatJuvashev/phd-students-portal/backend/internal/handlers/chat.go:477.2,485.24 5 0
github.com/AlmatJuvashev/phd-students-portal/backend/internal/handlers/chat.go:485.24,489.52 3 0
github.com/AlmatJuvashev/phd-students-portal/backend/internal/handlers/chat.go:489.52,491.28 2 0
github.com/AlmatJuvashev/phd-students-portal/backend/internal/handlers/chat.go:491.28,493.5 1 0
github.com/AlmatJuvashev/phd-students-portal/backend/internal/handlers/chat.go:494.9,496.4 1 0
github.com/AlmatJuvashev/phd-students-portal/backend/internal/handlers/chat.go:497.3,498.9 2 0
github.com/AlmatJuvashev/phd-students-portal/backend/internal/handlers/chat.go:500.2,500.16 1 0
github.com/AlmatJuvashev/phd-students-portal/backend/internal/handlers/chat.go:500.16,504.3 3 0
github.com/AlmatJuvashev/phd-students-portal/backend/internal/handlers/chat.go:505.2,511.21 4 0
github.com/AlmatJuvashev/phd-students-portal/backend/internal/handlers/chat.go:511.21,513.3 1 0
github.com/AlmatJuvashev/phd-students-portal/backend/internal/handlers/chat.go:514.2,519.55 4 0
github.com/AlmatJuvashev/phd-students-portal/backend/internal/handlers/chat.go:523.53,530.47 4 0
github.com/AlmatJuvashev/phd-students-portal/backend/internal/handlers/chat.go:530.47,533.3 2 0
github.com/AlmatJuvashev/phd-students-portal/backend/internal/handlers/chat.go:535.2,536.16 2 0
github.com/AlmatJuvashev/phd-students-portal/backend/internal/handlers/chat.go:536.16,537.27 1 0
github.com/AlmatJuvashev/phd-students-portal/backend/internal/handlers/chat.go:537.27,540.4 2 0
github.com/AlmatJuvashev/phd-students-portal/backend/internal/handlers/chat.go:541.3,542.9 2 0
github.com/AlmatJuvashev/phd-students-portal/backend/internal/handlers/chat.go:545.2,545.46 1 0
github.com/AlmatJuvashev/phd-students-portal/backend/internal/handlers/chat.go:549.53,554.16 4 0
github.com/AlmatJuvashev/phd-students-portal/backend/internal/handlers/chat.go:554.16,555.27 1 0
github.com/AlmatJuvashev/phd-students-portal/backend/internal/handlers/chat.go:555.27,558.4 2 0
github.com/AlmatJuvashev/phd-students-portal/backend/internal/handlers/chat.go:559.3,560.9 2 0
github.com/AlmatJuvashev/phd-students-portal/backend/internal/handlers/chat.go:563.2,563.47 1 0
github.com/AlmatJuvashev/phd-students-portal/backend/internal/handlers/chat.go:567.52,569.15 2 0
github.com/AlmatJuvashev/phd-students-portal/backend/internal/handlers/chat.go:569.15,572.3 2 0
github.com/AlmatJuvashev/phd-students-portal/backend/internal/handlers/chat.go:573.2,575.16 3 0
github.com/AlmatJuvashev/phd-students-portal/backend/internal/handlers/chat.go:575.16,578.3 2 0
github.com/AlmatJuvashev/phd-students-portal/backend/internal/handlers/chat.go:579.2,579.15 1 0
github.com/AlmatJuvashev/phd-students-portal/backend/internal/handlers/chat.go:579.15,582.3 2 0
github.com/AlmatJuvashev/phd-students-portal/backend/internal/handlers/chat.go:584.2,586.16 3 0
github.com/AlmatJuvashev/phd-students-portal/backend/internal/handlers/chat.go:586.16,589.3 2 0
github.com/AlmatJuvashev/phd-students-portal/backend/internal/handlers/chat.go:590.2,591.16 2 0
github.com/AlmatJuvashev/phd-students-portal/backend/internal/handlers/chat.go:591.16,594.3 2 0
github.com/AlmatJuvashev/phd-students-portal/backend/internal/handlers/chat.go:596.2,597.16 2 0
github.com/AlmatJuvashev/phd-students-portal/backend/internal/handlers/chat.go:597.16,600.3 2 0
github.com/AlmatJuvashev/phd-students-portal/backend/internal/handlers/chat.go:601.2,601.48 1 0
github.com/AlmatJuvashev/phd-students-portal/backend/internal/handlers/chat.go:605.50,607.15 2 0
github.com/AlmatJuvashev/phd-students-portal/backend/internal/handlers/chat.go:607.15,610.3 2 0
github.com/AlmatJuvashev/phd-students-portal/backend/internal/handlers/chat.go:611.2,615.16 3 0
github.com/AlmatJuvashev/phd-students-portal/backend/internal/handlers/chat.go:615.16,618.3 2 0
github.com/AlmatJuvashev/phd-students-portal/backend/internal/handlers/chat.go:619.2,619.15 1 0
github.com/AlmatJuvashev/phd-students-portal/backend/internal/handlers/chat.go:619.15,622.3 2 0
github.com/AlmatJuvashev/phd-students-portal/backend/internal/handlers/chat.go:624.2,624.81 1 0
github.com/AlmatJuvashev/phd-students-portal/backend/internal/handlers/chat.go:624.81,627.3 2 0
github.com/AlmatJuvashev/phd-students-portal/backend/internal/handlers/chat.go:628.2,628.42 1 0
github.com/AlmatJuvashev/phd-students-portal/backend/internal/handlers/chat.go:631.40,632.13 1 0
github.com/AlmatJuvashev/phd-students-portal/backend/internal/handlers/chat.go:632.13,634.3 1 0
github.com/AlmatJuvashev/phd-students-portal/backend/internal/handlers/chat.go:635.2,636.16 2 0
github.com/AlmatJuvashev/phd-students-portal/backend/internal/handlers/chat.go:636.16,638.3 1 0
github.com/AlmatJuvashev/phd-students-portal/backend/internal/handlers/chat.go:639.2,639.12 1 0
github.com/AlmatJuvashev/phd-students-portal/backend/internal/handlers/chat.go:639.12,641.3 1 0
github.com/AlmatJuvashev/phd-students-portal/backend/internal/handlers/chat.go:642.2,642.13 1 0
github.com/AlmatJuvashev/phd-students-portal/backend/internal/handlers/chat.go:642.13,644.3 1 0
github.com/AlmatJuvashev/phd-students-portal/backend/internal/handlers/chat.go:645.2,645.10 1 0
github.com/AlmatJuvashev/phd-students-portal/backend/internal/handlers/chat.go:648.49,649.13 1 0
github.com/AlmatJuvashev/phd-students-portal/backend/internal/handlers/chat.go:649.13,651.3 1 0
github.com/AlmatJuvashev/phd-students-portal/backend/internal/handlers/chat.go:652.2,653.16 2 0
github.com/AlmatJuvashev/phd-students-portal/backend/internal/handlers/chat.go:653.16,655.3 1 0
github.com/AlmatJuvashev/phd-students-portal/backend/internal/handlers/chat.go:656.2,656.16 1 0
github.com/AlmatJuvashev/phd-students-portal/backend/internal/handlers/chat.go:661.50,662.11 1 0
github.com/AlmatJuvashev/phd-students-portal/backend/internal/handlers/chat.go:663.88,664.14 1 0
github.com/AlmatJuvashev/phd-students-portal/backend/internal/handlers/chat.go:665.10,666.15 1 0
github.com/AlmatJuvashev/phd-students-portal/backend/internal/handlers/chat.go:670.58,671.11 1 0
github.com/AlmatJuvashev/phd-students-portal/backend/internal/handlers/chat.go:672.107,673.14 1 0
github.com/AlmatJuvashev/phd-students-portal/backend/internal/handlers/chat.go:674.10,675.15 1 0
github.com/AlmatJuvashev/phd-students-portal/backend/internal/handlers/checklist.go:17.79,19.2 1 0
github.com/AlmatJuvashev/phd-students-portal/backend/internal/handlers/checklist.go:22.56,31.2 3 0
github.com/AlmatJuvashev/phd-students-portal/backend/internal/handlers/checklist.go:34.62,46.2 4 0
github.com/AlmatJuvashev/phd-students-portal/backend/internal/handlers/checklist.go:49.61,57.2 4 0
github.com/AlmatJuvashev/phd-students-portal/backend/internal/handlers/checklist.go:65.62,69.47 4 0
github.com/AlmatJuvashev/phd-students-portal/backend/internal/handlers/checklist.go:69.47,72.3 2 0
github.com/AlmatJuvashev/phd-students-portal/backend/internal/handlers/checklist.go:73.2,77.16 3 0
github.com/AlmatJuvashev/phd-students-portal/backend/internal/handlers/checklist.go:77.16,80.3 2 0
github.com/AlmatJuvashev/phd-students-portal/backend/internal/handlers/checklist.go:81.2,81.32 1 0
github.com/AlmatJuvashev/phd-students-portal/backend/internal/handlers/checklist.go:85.57,104.2 4 0
github.com/AlmatJuvashev/phd-students-portal/backend/internal/handlers/checklist.go:112.56,120.21 6 0
github.com/AlmatJuvashev/phd-students-portal/backend/internal/handlers/checklist.go:120.21,125.3 1 0
github.com/AlmatJuvashev/phd-students-portal/backend/internal/handlers/checklist.go:126.2,126.32 1 0
github.com/AlmatJuvashev/phd-students-portal/backend/internal/handlers/checklist.go:130.55,138.21 6 0
github.com/AlmatJuvashev/phd-students-portal/backend/internal/handlers/checklist.go:138.21,143.3 1 0
github.com/AlmatJuvashev/phd-students-portal/backend/internal/handlers/checklist.go:144.2,144.32 1 0
github.com/AlmatJuvashev/phd-students-portal/backend/internal/handlers/checklist.go:148.36,148.48 1 0
github.com/AlmatJuvashev/phd-students-portal/backend/internal/handlers/comments.go:14.77,16.2 1 0
github.com/AlmatJuvashev/phd-students-portal/backend/internal/handlers/comments.go:19.57,28.45 5 0
github.com/AlmatJuvashev/phd-students-portal/backend/internal/handlers/comments.go:28.45,31.3 2 0
github.com/AlmatJuvashev/phd-students-portal/backend/internal/handlers/comments.go:33.2,36.16 3 0
github.com/AlmatJuvashev/phd-students-portal/backend/internal/handlers/comments.go:36.16,39.3 2 0
github.com/AlmatJuvashev/phd-students-portal/backend/internal/handlers/comments.go:40.2,40.37 1 0
github.com/AlmatJuvashev/phd-students-portal/backend/internal/handlers/comments.go:44.55,57.16 5 0
github.com/AlmatJuvashev/phd-students-portal/backend/internal/handlers/comments.go:57.16,60.3 2 0
github.com/AlmatJuvashev/phd-students-portal/backend/internal/handlers/comments.go:62.2,62.23 1 0
github.com/AlmatJuvashev/phd-students-portal/backend/internal/handlers/contacts.go:40.55,42.2 1 0
github.com/AlmatJuvashev/phd-students-portal/backend/internal/handlers/contacts.go:44.54,55.16 3 0
github.com/AlmatJuvashev/phd-students-portal/backend/internal/handlers/contacts.go:55.16,58.3 2 0
github.com/AlmatJuvashev/phd-students-portal/backend/internal/handlers/contacts.go:59.2,59.21 1 0
github.com/AlmatJuvashev/phd-students-portal/backend/internal/handlers/contacts.go:59.21,61.3 1 0
github.com/AlmatJuvashev/phd-students-portal/backend/internal/handlers/contacts.go:62.2,62.33 1 0
github.com/AlmatJuvashev/phd-students-portal/backend/internal/handlers/contacts.go:65.53,71.22 3 0
github.com/AlmatJuvashev/phd-students-portal/backend/internal/handlers/contacts.go:71.22,73.3 1 0
github.com/AlmatJuvashev/phd-students-portal/backend/internal/handlers/contacts.go:74.2,77.54 3 0
github.com/AlmatJuvashev/phd-students-portal/backend/internal/handlers/contacts.go:77.54,80.3 2 0
github.com/AlmatJuvashev/phd-students-portal/backend/internal/handlers/contacts.go:81.2,81.21 1 0
github.com/AlmatJuvashev/phd-students-portal/backend/internal/handlers/contacts.go:81.21,83.3 1 0
github.com/AlmatJuvashev/phd-students-portal/backend/internal/handlers/contacts.go:84.2,84.33 1 0
github.com/AlmatJuvashev/phd-students-portal/backend/internal/handlers/contacts.go:87.50,89.47 2 0
github.com/AlmatJuvashev/phd-students-portal/backend/internal/handlers/contacts.go:89.47,92.3 2 0
github.com/AlmatJuvashev/phd-students-portal/backend/internal/handlers/contacts.go:93.2,93.24 1 0
github.com/AlmatJuvashev/phd-students-portal/backend/internal/handlers/contacts.go:93.24,96.3 2 0
github.com/AlmatJuvashev/phd-students-portal/backend/internal/handlers/contacts.go:98.2,99.26 2 0
github.com/AlmatJuvashev/phd-students-portal/backend/internal/handlers/contacts.go:99.26,101.3 1 0
github.com/AlmatJuvashev/phd-students-portal/backend/internal/handlers/contacts.go:102.2,103.25 2 0
github.com/AlmatJuvashev/phd-students-portal/backend/internal/handlers/contacts.go:103.25,105.3 1 0
github.com/AlmatJuvashev/phd-students-portal/backend/internal/handlers/contacts.go:107.2,118.16 3 0
github.com/AlmatJuvashev/phd-students-portal/backend/internal/handlers/contacts.go:118.16,119.57 1 0
github.com/AlmatJuvashev/phd-students-portal/backend/internal/handlers/contacts.go:119.57,122.4 2 0
github.com/AlmatJuvashev/phd-students-portal/backend/internal/handlers/contacts.go:123.3,124.9 2 0
github.com/AlmatJuvashev/phd-students-portal/backend/internal/handlers/contacts.go:126.2,126.45 1 0
github.com/AlmatJuvashev/phd-students-portal/backend/internal/handlers/contacts.go:129.50,132.47 3 0
github.com/AlmatJuvashev/phd-students-portal/backend/internal/handlers/contacts.go:132.47,135.3 2 0
github.com/AlmatJuvashev/phd-students-portal/backend/internal/handlers/contacts.go:137.2,140.42 3 0
github.com/AlmatJuvashev/phd-students-portal/backend/internal/handlers/contacts.go:140.42,143.3 2 0
github.com/AlmatJuvashev/phd-students-portal/backend/internal/handlers/contacts.go:144.2,144.22 1 0
github.com/AlmatJuvashev/phd-students-portal/backend/internal/handlers/contacts.go:144.22,147.3 2 0
github.com/AlmatJuvashev/phd-students-portal/backend/internal/handlers/contacts.go:148.2,148.22 1 0
github.com/AlmatJuvashev/phd-students-portal/backend/internal/handlers/contacts.go:148.22,151.3 2 0
github.com/AlmatJuvashev/phd-students-portal/backend/internal/handlers/contacts.go:152.2,152.22 1 0
github.com/AlmatJuvashev/phd-students-portal/backend/internal/handlers/contacts.go:152.22,155.3 2 0
github.com/AlmatJuvashev/phd-students-portal/backend/internal/handlers/contacts.go:156.2,156.26 1 0
github.com/AlmatJuvashev/phd-students-portal/backend/internal/handlers/contacts.go:156.26,159.3 2 0
github.com/AlmatJuvashev/phd-students-portal/backend/internal/handlers/contacts.go:160.2,160.25 1 0
github.com/AlmatJuvashev/phd-students-portal/backend/internal/handlers/contacts.go:160.25,163.3 2 0
github.com/AlmatJuvashev/phd-students-portal/backend/internal/handlers/contacts.go:165.2,165.24 1 0
github.com/AlmatJuvashev/phd-students-portal/backend/internal/handlers/contacts.go:165.24,168.3 2 0
github.com/AlmatJuvashev/phd-students-portal/backend/internal/handlers/contacts.go:170.2,173.53 3 0
[...]
github.com/AlmatJuvashev/phd-students-portal/backend/internal/handlers/search_handler.go:18.73,20.2 1 0
github.com/AlmatJuvashev/phd-students-portal/backend/internal/handlers/search_handler.go:32.54,34.20 2 0
github.com/AlmatJuvashev/phd-students-portal/backend/internal/handlers/search_handler.go:34.20,37.3 2 0
github.com/AlmatJuvashev/phd-students-portal/backend/internal/handlers/search_handler.go:40.2,47.85 5 0
github.com/AlmatJuvashev/phd-students-portal/backend/internal/handlers/search_handler.go:47.85,59.24 3 0
github.com/AlmatJuvashev/phd-students-portal/backend/internal/handlers/search_handler.go:59.24,62.4 2 0
github.com/AlmatJuvashev/phd-students-portal/backend/internal/handlers/search_handler.go:64.3,68.17 4 0
github.com/AlmatJuvashev/phd-students-portal/backend/internal/handlers/search_handler.go:68.17,70.20 2 0
github.com/AlmatJuvashev/phd-students-portal/backend/internal/handlers/search_handler.go:70.20,81.28 4 0
github.com/AlmatJuvashev/phd-students-portal/backend/internal/handlers/search_handler.go:81.28,83.6 1 0
github.com/AlmatJuvashev/phd-students-portal/backend/internal/handlers/search_handler.go:85.5,92.7 1 0
github.com/AlmatJuvashev/phd-students-portal/backend/internal/handlers/search_handler.go:101.2,111.23 3 0
github.com/AlmatJuvashev/phd-students-portal/backend/internal/handlers/search_handler.go:111.23,114.3 2 0
github.com/AlmatJuvashev/phd-students-portal/backend/internal/handlers/search_handler.go:114.8,114.30 1 0
github.com/AlmatJuvashev/phd-students-portal/backend/internal/handlers/search_handler.go:114.30,117.3 2 0
github.com/AlmatJuvashev/phd-students-portal/backend/internal/handlers/search_handler.go:119.2,123.16 4 0
github.com/AlmatJuvashev/phd-students-portal/backend/internal/handlers/search_handler.go:123.16,125.22 2 0
github.com/AlmatJuvashev/phd-students-portal/backend/internal/handlers/search_handler.go:125.22,143.4 3 0
github.com/AlmatJuvashev/phd-students-portal/backend/internal/handlers/search_handler.go:157.2,157.32 1 0
github.com/AlmatJuvashev/phd-students-portal/backend/internal/handlers/users.go:28.71,31.2 2 0
github.com/AlmatJuvashev/phd-students-portal/backend/internal/handlers/users.go:49.51,53.47 2 0
github.com/AlmatJuvashev/phd-students-portal/backend/internal/handlers/users.go:53.47,56.3 2 0
github.com/AlmatJuvashev/phd-students-portal/backend/internal/handlers/users.go:57.2,57.30 1 0
github.com/AlmatJuvashev/phd-students-portal/backend/internal/handlers/users.go:57.30,60.3 2 0
github.com/AlmatJuvashev/phd-students-portal/backend/internal/handlers/users.go:61.2,62.16 2 0
github.com/AlmatJuvashev/phd-students-portal/backend/internal/handlers/users.go:62.16,65.3 2 0
github.com/AlmatJuvashev/phd-students-portal/backend/internal/handlers/users.go:66.2,75.16 5 0
github.com/AlmatJuvashev/phd-students-portal/backend/internal/handlers/users.go:75.16,79.3 3 0
github.com/AlmatJuvashev/phd-students-portal/backend/internal/handlers/users.go:82.2,82.54 1 0
github.com/AlmatJuvashev/phd-students-portal/backend/internal/handlers/users.go:82.54,83.38 1 0
github.com/AlmatJuvashev/phd-students-portal/backend/internal/handlers/users.go:83.38,87.4 1 0
github.com/AlmatJuvashev/phd-students-portal/backend/internal/handlers/users.go:91.2,91.27 1 0
github.com/AlmatJuvashev/phd-students-portal/backend/internal/handlers/users.go:91.27,93.3 1 0
github.com/AlmatJuvashev/phd-students-portal/backend/internal/handlers/users.go:95.2,95.75 1 0
github.com/AlmatJuvashev/phd-students-portal/backend/internal/handlers/users.go:116.51,122.16 4 0
github.com/AlmatJuvashev/phd-students-portal/backend/internal/handlers/users.go:122.16,125.3 2 0
github.com/AlmatJuvashev/phd-students-portal/backend/internal/handlers/users.go:126.2,126.26 1 0
github.com/AlmatJuvashev/phd-students-portal/backend/internal/handlers/users.go:126.26,129.3 2 0
github.com/AlmatJuvashev/phd-students-portal/backend/internal/handlers/users.go:131.2,132.47 2 0
github.com/AlmatJuvashev/phd-students-portal/backend/internal/handlers/users.go:132.47,135.3 2 0
github.com/AlmatJuvashev/phd-students-portal/backend/internal/handlers/users.go:138.2,138.30 1 0
github.com/AlmatJuvashev/phd-students-portal/backend/internal/handlers/users.go:138.30,141.3 2 0
github.com/AlmatJuvashev/phd-students-portal/backend/internal/handlers/users.go:143.2,147.16 2 0
github.com/AlmatJuvashev/phd-students-portal/backend/internal/handlers/users.go:147.16,150.3 2 0
github.com/AlmatJuvashev/phd-students-portal/backend/internal/handlers/users.go:153.2,153.27 1 0
github.com/AlmatJuvashev/phd-students-portal/backend/internal/handlers/users.go:153.27,155.3 1 0
github.com/AlmatJuvashev/phd-students-portal/backend/internal/handlers/users.go:157.2,157.32 1 0
github.com/AlmatJuvashev/phd-students-portal/backend/internal/handlers/users.go:161.58,163.47 2 0
github.com/AlmatJuvashev/phd-students-portal/backend/internal/handlers/users.go:163.47,166.3 2 0
github.com/AlmatJuvashev/phd-students-portal/backend/internal/handlers/users.go:168.2,169.15 2 0
github.com/AlmatJuvashev/phd-students-portal/backend/internal/handlers/users.go:169.15,172.13 2 0
github.com/AlmatJuvashev/phd-students-portal/backend/internal/handlers/users.go:172.13,173.51 1 0
github.com/AlmatJuvashev/phd-students-portal/backend/internal/handlers/users.go:173.51,174.49 1 0
github.com/AlmatJuvashev/phd-students-portal/backend/internal/handlers/users.go:174.49,176.6 1 0
github.com/AlmatJuvashev/phd-students-portal/backend/internal/handlers/users.go:180.2,180.15 1 0
github.com/AlmatJuvashev/phd-students-portal/backend/internal/handlers/users.go:180.15,183.3 2 0
github.com/AlmatJuvashev/phd-students-portal/backend/internal/handlers/users.go:184.2,186.16 3 0
github.com/AlmatJuvashev/phd-students-portal/backend/internal/handlers/users.go:186.16,189.3 2 0
github.com/AlmatJuvashev/phd-students-portal/backend/internal/handlers/users.go:190.2,190.32 1 0
github.com/AlmatJuvashev/phd-students-portal/backend/internal/handlers/users.go:195.61,199.16 4 0
github.com/AlmatJuvashev/phd-students-portal/backend/internal/handlers/users.go:199.16,202.3 2 0
github.com/AlmatJuvashev/phd-students-portal/backend/internal/handlers/users.go:203.2,203.26 1 0
github.com/AlmatJuvashev/phd-students-portal/backend/internal/handlers/users.go:203.26,206.3 2 0
github.com/AlmatJuvashev/phd-students-portal/backend/internal/handlers/users.go:209.2,213.16 4 0
github.com/AlmatJuvashev/phd-students-portal/backend/internal/handlers/users.go:213.16,216.3 2 0
github.com/AlmatJuvashev/phd-students-portal/backend/internal/handlers/users.go:219.2,219.73 1 0
github.com/AlmatJuvashev/phd-students-portal/backend/internal/handlers/users.go:227.50,230.47 3 0
github.com/AlmatJuvashev/phd-students-portal/backend/internal/handlers/users.go:230.47,233.3 2 0
github.com/AlmatJuvashev/phd-students-portal/backend/internal/handlers/users.go:234.2,235.16 2 0
github.com/AlmatJuvashev/phd-students-portal/backend/internal/handlers/users.go:235.16,238.3 2 0
github.com/AlmatJuvashev/phd-students-portal/backend/internal/handlers/users.go:239.2,239.32 1 0
github.com/AlmatJuvashev/phd-students-portal/backend/internal/handlers/users.go:265.50,277.35 9 0
github.com/AlmatJuvashev/phd-students-portal/backend/internal/handlers/users.go:277.35,278.63 1 0
github.com/AlmatJuvashev/phd-students-portal/backend/internal/handlers/users.go:278.63,280.4 1 0
github.com/AlmatJuvashev/phd-students-portal/backend/internal/handlers/users.go:282.2,283.36 2 0
github.com/AlmatJuvashev/phd-students-portal/backend/internal/handlers/users.go:283.36,284.80 1 0
github.com/AlmatJuvashev/phd-students-portal/backend/internal/handlers/users.go:284.80,286.4 1 0
github.com/AlmatJuvashev/phd-students-portal/backend/internal/handlers/users.go:288.2,293.22 4 0
github.com/AlmatJuvashev/phd-students-portal/backend/internal/handlers/users.go:293.22,296.3 2 0
github.com/AlmatJuvashev/phd-students-portal/backend/internal/handlers/users.go:297.2,297.25 1 0
github.com/AlmatJuvashev/phd-students-portal/backend/internal/handlers/users.go:297.25,300.3 2 0
github.com/AlmatJuvashev/phd-students-portal/backend/internal/handlers/users.go:301.2,301.28 1 0
github.com/AlmatJuvashev/phd-students-portal/backend/internal/handlers/users.go:301.28,304.3 2 0
github.com/AlmatJuvashev/phd-students-portal/backend/internal/handlers/users.go:305.2,305.24 1 0
github.com/AlmatJuvashev/phd-students-portal/backend/internal/handlers/users.go:305.24,308.3 2 0
github.com/AlmatJuvashev/phd-students-portal/backend/internal/handlers/users.go:309.2,309.27 1 0
github.com/AlmatJuvashev/phd-students-portal/backend/internal/handlers/users.go:309.27,312.3 2 0
github.com/AlmatJuvashev/phd-students-portal/backend/internal/handlers/users.go:313.2,313.13 1 0
github.com/AlmatJuvashev/phd-students-portal/backend/internal/handlers/users.go:313.13,317.3 3 0
github.com/AlmatJuvashev/phd-students-portal/backend/internal/handlers/users.go:320.2,321.39 2 0
github.com/AlmatJuvashev/phd-students-portal/backend/internal/handlers/users.go:322.15,323.40 1 0
github.com/AlmatJuvashev/phd-students-portal/backend/internal/handlers/users.go:324.13,324.13 0 0
github.com/AlmatJuvashev/phd-students-portal/backend/internal/handlers/users.go:326.10,327.39 1 0
github.com/AlmatJuvashev/phd-students-portal/backend/internal/handlers/users.go:331.2,334.16 4 0
github.com/AlmatJuvashev/phd-students-portal/backend/internal/handlers/users.go:334.16,337.3 2 0
github.com/AlmatJuvashev/phd-students-portal/backend/internal/handlers/users.go:340.2,359.16 6 0
github.com/AlmatJuvashev/phd-students-portal/backend/internal/handlers/users.go:359.16,362.3 2 0
github.com/AlmatJuvashev/phd-students-portal/backend/internal/handlers/users.go:364.2,371.4 2 0
github.com/AlmatJuvashev/phd-students-portal/backend/internal/handlers/users.go:375.29,376.32 1 0
github.com/AlmatJuvashev/phd-students-portal/backend/internal/handlers/users.go:376.32,378.3 1 0
github.com/AlmatJuvashev/phd-students-portal/backend/internal/handlers/users.go:379.2,379.10 1 0
github.com/AlmatJuvashev/phd-students-portal/backend/internal/handlers/users.go:382.45,384.26 2 0
github.com/AlmatJuvashev/phd-students-portal/backend/internal/handlers/users.go:384.26,385.29 1 0
github.com/AlmatJuvashev/phd-students-portal/backend/internal/handlers/users.go:385.29,387.4 1 0
github.com/AlmatJuvashev/phd-students-portal/backend/internal/handlers/users.go:389.2,389.11 1 0
github.com/AlmatJuvashev/phd-students-portal/backend/internal/handlers/users.go:392.53,394.30 2 0
github.com/AlmatJuvashev/phd-students-portal/backend/internal/handlers/users.go:394.30,396.3 1 0
github.com/AlmatJuvashev/phd-students-portal/backend/internal/handlers/users.go:397.2,398.16 2 0
github.com/AlmatJuvashev/phd-students-portal/backend/internal/handlers/users.go:398.16,400.3 1 0
github.com/AlmatJuvashev/phd-students-portal/backend/internal/handlers/users.go:401.2,402.44 2 0
github.com/AlmatJuvashev/phd-students-portal/backend/internal/handlers/users.go:405.85,407.17 2 0
github.com/AlmatJuvashev/phd-students-portal/backend/internal/handlers/users.go:407.17,409.3 1 0
github.com/AlmatJuvashev/phd-students-portal/backend/internal/handlers/users.go:410.2,411.16 2 0
github.com/AlmatJuvashev/phd-students-portal/backend/internal/handlers/users.go:411.16,413.3 1 0
github.com/AlmatJuvashev/phd-students-portal/backend/internal/handlers/users.go:414.2,415.44 2 0
github.com/AlmatJuvashev/phd-students-portal/backend/internal/handlers/users.go:415.44,417.17 2 0
github.com/AlmatJuvashev/phd-students-portal/backend/internal/handlers/users.go:417.17,419.4 1 0
github.com/AlmatJuvashev/phd-students-portal/backend/internal/handlers/users.go:420.3,422.110 3 0
github.com/AlmatJuvashev/phd-students-portal/backend/internal/handlers/users.go:422.110,424.4 1 0
github.com/AlmatJuvashev/phd-students-portal/backend/internal/handlers/users.go:425.3,425.14 1 0
github.com/AlmatJuvashev/phd-students-portal/backend/internal/handlers/users.go:425.14,427.4 1 0
github.com/AlmatJuvashev/phd-students-portal/backend/internal/handlers/users.go:429.2,429.54 1 0
github.com/AlmatJuvashev/phd-students-portal/backend/internal/handlers/users.go:443.49,446.13 2 0
github.com/AlmatJuvashev/phd-students-portal/backend/internal/handlers/users.go:446.13,448.14 2 0
github.com/AlmatJuvashev/phd-students-portal/backend/internal/handlers/users.go:448.14,451.4 2 0
github.com/AlmatJuvashev/phd-students-portal/backend/internal/handlers/users.go:452.3,452.50 1 0
github.com/AlmatJuvashev/phd-students-portal/backend/internal/handlers/users.go:452.50,453.48 1 0
github.com/AlmatJuvashev/phd-students-portal/backend/internal/handlers/users.go:453.48,455.5 1 0
github.com/AlmatJuvashev/phd-students-portal/backend/internal/handlers/users.go:455.10,458.5 2 0
github.com/AlmatJuvashev/phd-students-portal/backend/internal/handlers/users.go:459.9,462.4 2 0
github.com/AlmatJuvashev/phd-students-portal/backend/internal/handlers/users.go:465.2,466.47 2 0
github.com/AlmatJuvashev/phd-students-portal/backend/internal/handlers/users.go:466.47,469.3 2 0
github.com/AlmatJuvashev/phd-students-portal/backend/internal/handlers/users.go:472.2,481.16 3 0
github.com/AlmatJuvashev/phd-students-portal/backend/internal/handlers/users.go:481.16,484.3 2 0
github.com/AlmatJuvashev/phd-students-portal/backend/internal/handlers/users.go:487.2,487.65 1 0
github.com/AlmatJuvashev/phd-students-portal/backend/internal/handlers/users.go:487.65,490.3 2 0
github.com/AlmatJuvashev/phd-students-portal/backend/internal/handlers/users.go:493.2,498.36 3 0
github.com/AlmatJuvashev/phd-students-portal/backend/internal/handlers/users.go:498.36,501.3 2 0
github.com/AlmatJuvashev/phd-students-portal/backend/internal/handlers/users.go:504.2,531.16 5 0
github.com/AlmatJuvashev/phd-students-portal/backend/internal/handlers/users.go:531.16,534.3 2 0
github.com/AlmatJuvashev/phd-students-portal/backend/internal/handlers/users.go:536.2,536.19 1 0
github.com/AlmatJuvashev/phd-students-portal/backend/internal/handlers/users.go:536.19,539.3 2 0
github.com/AlmatJuvashev/phd-students-portal/backend/internal/handlers/users.go:542.2,542.18 1 0
github.com/AlmatJuvashev/phd-students-portal/backend/internal/handlers/users.go:542.18,546.17 3 0
github.com/AlmatJuvashev/phd-students-portal/backend/internal/handlers/users.go:546.17,549.4 2 0
github.com/AlmatJuvashev/phd-students-portal/backend/internal/handlers/users.go:550.3,550.16 1 0
github.com/AlmatJuvashev/phd-students-portal/backend/internal/handlers/users.go:550.16,553.4 2 0
github.com/AlmatJuvashev/phd-students-portal/backend/internal/handlers/users.go:556.3,557.17 2 0
github.com/AlmatJuvashev/phd-students-portal/backend/internal/handlers/users.go:557.17,560.4 2 0
github.com/AlmatJuvashev/phd-students-portal/backend/internal/handlers/users.go:563.3,567.17 2 0
github.com/AlmatJuvashev/phd-students-portal/backend/internal/handlers/users.go:567.17,570.4 2 0
github.com/AlmatJuvashev/phd-students-portal/backend/internal/handlers/users.go:573.3,576.17 4 0
github.com/AlmatJuvashev/phd-students-portal/backend/internal/handlers/users.go:576.17,582.4 1 0
github.com/AlmatJuvashev/phd-students-portal/backend/internal/handlers/users.go:582.9,590.4 2 0
github.com/AlmatJuvashev/phd-students-portal/backend/internal/handlers/users.go:593.3,598.9 2 0
github.com/AlmatJuvashev/phd-students-portal/backend/internal/handlers/users.go:605.2,605.18 1 0
github.com/AlmatJuvashev/phd-students-portal/backend/internal/handlers/users.go:605.18,610.3 1 0
github.com/AlmatJuvashev/phd-students-portal/backend/internal/handlers/users.go:620.60,622.13 2 0
github.com/AlmatJuvashev/phd-students-portal/backend/internal/handlers/users.go:622.13,625.50 2 0
github.com/AlmatJuvashev/phd-students-portal/backend/internal/handlers/users.go:625.50,627.4 1 0
github.com/AlmatJuvashev/phd-students-portal/backend/internal/handlers/users.go:629.2,629.16 1 0
github.com/AlmatJuvashev/phd-students-portal/backend/internal/handlers/users.go:629.16,632.3 2 0
github.com/AlmatJuvashev/phd-students-portal/backend/internal/handlers/users.go:634.2,635.47 2 0
github.com/AlmatJuvashev/phd-students-portal/backend/internal/handlers/users.go:635.47,638.3 2 0
github.com/AlmatJuvashev/phd-students-portal/backend/internal/handlers/users.go:641.2,641.33 1 0
github.com/AlmatJuvashev/phd-students-portal/backend/internal/handlers/users.go:641.33,644.3 2 0
github.com/AlmatJuvashev/phd-students-portal/backend/internal/handlers/users.go:647.2,647.51 1 0
github.com/AlmatJuvashev/phd-students-portal/backend/internal/handlers/users.go:647.51,650.3 2 0
github.com/AlmatJuvashev/phd-students-portal/backend/internal/handlers/users.go:653.2,656.16 3 0
github.com/AlmatJuvashev/phd-students-portal/backend/internal/handlers/users.go:656.16,659.3 2 0
github.com/AlmatJuvashev/phd-students-portal/backend/internal/handlers/users.go:661.2,665.4 1 0
github.com/AlmatJuvashev/phd-students-portal/backend/internal/handlers/users.go:669.58,671.17 2 0
github.com/AlmatJuvashev/phd-students-portal/backend/internal/handlers/users.go:671.17,674.3 2 0
github.com/AlmatJuvashev/phd-students-portal/backend/internal/handlers/users.go:677.2,687.16 3 0
github.com/AlmatJuvashev/phd-students-portal/backend/internal/handlers/users.go:687.16,690.3 2 0
github.com/AlmatJuvashev/phd-students-portal/backend/internal/handlers/users.go:693.2,699.16 4 0
github.com/AlmatJuvashev/phd-students-portal/backend/internal/handlers/users.go:699.16,702.3 2 0
github.com/AlmatJuvashev/phd-students-portal/backend/internal/handlers/users.go:705.2,716.4 3 0
github.com/AlmatJuvashev/phd-students-portal/backend/internal/handlers/users.go:720.68,722.13 2 0
github.com/AlmatJuvashev/phd-students-portal/backend/internal/handlers/users.go:722.13,724.50 2 0
github.com/AlmatJuvashev/phd-students-portal/backend/internal/handlers/users.go:724.50,725.48 1 0
github.com/AlmatJuvashev/phd-students-portal/backend/internal/handlers/users.go:725.48,727.5 1 0
github.com/AlmatJuvashev/phd-students-portal/backend/internal/handlers/users.go:731.2,731.29 1 0
github.com/AlmatJuvashev/phd-students-portal/backend/internal/handlers/users.go:731.29,734.3 2 0
github.com/AlmatJuvashev/phd-students-portal/backend/internal/handlers/users.go:736.2,749.16 3 0
github.com/AlmatJuvashev/phd-students-portal/backend/internal/handlers/users.go:749.16,752.3 2 0
github.com/AlmatJuvashev/phd-students-portal/backend/internal/handlers/users.go:754.2,759.4 1 0
github.com/AlmatJuvashev/phd-students-portal/backend/internal/handlers/users.go:762.38,765.16 3 0
github.com/AlmatJuvashev/phd-students-portal/backend/internal/handlers/users.go:765.16,767.3 1 0
github.com/AlmatJuvashev/phd-students-portal/backend/internal/handlers/users.go:768.2,768.34 1 0
github.com/AlmatJuvashev/phd-students-portal/backend/internal/handlers/users.go:773.108,776.21 2 0
github.com/AlmatJuvashev/phd-students-portal/backend/internal/handlers/users.go:776.21,778.3 1 0
github.com/AlmatJuvashev/phd-students-portal/backend/internal/handlers/users.go:779.2,779.22 1 0
github.com/AlmatJuvashev/phd-students-portal/backend/internal/handlers/users.go:779.22,781.3 1 0
github.com/AlmatJuvashev/phd-students-portal/backend/internal/handlers/users.go:782.2,782.19 1 0
github.com/AlmatJuvashev/phd-students-portal/backend/internal/handlers/users.go:782.19,784.3 1 0
github.com/AlmatJuvashev/phd-students-portal/backend/internal/handlers/users.go:785.2,785.18 1 0
github.com/AlmatJuvashev/phd-students-portal/backend/internal/handlers/users.go:785.18,787.3 1 0
github.com/AlmatJuvashev/phd-students-portal/backend/internal/handlers/users.go:789.2,789.24 1 0
github.com/AlmatJuvashev/phd-students-portal/backend/internal/handlers/users.go:789.24,791.3 1 0
github.com/AlmatJuvashev/phd-students-portal/backend/internal/handlers/users.go:794.2,795.16 2 0
github.com/AlmatJuvashev/phd-students-portal/backend/internal/handlers/users.go:795.16,798.3 2 0
github.com/AlmatJuvashev/phd-students-portal/backend/internal/handlers/users.go:801.2,806.16 2 0
github.com/AlmatJuvashev/phd-students-portal/backend/internal/handlers/users.go:806.16,808.3 1 0
