mode: set
github.com/AlmatJuvashev/phd-students-portal/backend/internal/handlers/admin_progress.go:27.140,29.2 1 1
github.com/AlmatJuvashev/phd-students-portal/backend/internal/handlers/admin_progress.go:34.56,37.16 3 1
github.com/AlmatJuvashev/phd-students-portal/backend/internal/handlers/admin_progress.go:37.16,41.3 3 0
github.com/AlmatJuvashev/phd-students-portal/backend/internal/handlers/admin_progress.go:43.2,44.30 2 1
github.com/AlmatJuvashev/phd-students-portal/backend/internal/handlers/admin_progress.go:44.30,58.3 1 1
github.com/AlmatJuvashev/phd-students-portal/backend/internal/handlers/admin_progress.go:59.2,59.29 1 1
github.com/AlmatJuvashev/phd-students-portal/backend/internal/handlers/admin_progress.go:64.56,82.41 4 1
github.com/AlmatJuvashev/phd-students-portal/backend/internal/handlers/admin_progress.go:82.41,104.3 1 1
github.com/AlmatJuvashev/phd-students-portal/backend/internal/handlers/admin_progress.go:106.2,107.16 2 1
github.com/AlmatJuvashev/phd-students-portal/backend/internal/handlers/admin_progress.go:107.16,111.3 3 0
github.com/AlmatJuvashev/phd-students-portal/backend/internal/handlers/admin_progress.go:113.2,114.25 2 1
github.com/AlmatJuvashev/phd-students-portal/backend/internal/handlers/admin_progress.go:114.25,136.3 2 1
github.com/AlmatJuvashev/phd-students-portal/backend/internal/handlers/admin_progress.go:138.2,138.29 1 1
github.com/AlmatJuvashev/phd-students-portal/backend/internal/handlers/admin_progress.go:145.57,160.16 3 1
github.com/AlmatJuvashev/phd-students-portal/backend/internal/handlers/admin_progress.go:160.16,164.3 3 0
github.com/AlmatJuvashev/phd-students-portal/backend/internal/handlers/admin_progress.go:165.2,165.30 1 1
github.com/AlmatJuvashev/phd-students-portal/backend/internal/handlers/admin_progress.go:170.58,175.16 4 1
github.com/AlmatJuvashev/phd-students-portal/backend/internal/handlers/admin_progress.go:175.16,176.27 1 1
github.com/AlmatJuvashev/phd-students-portal/backend/internal/handlers/admin_progress.go:176.27,179.4 2 1
github.com/AlmatJuvashev/phd-students-portal/backend/internal/handlers/admin_progress.go:180.3,182.9 3 0
github.com/AlmatJuvashev/phd-students-portal/backend/internal/handlers/admin_progress.go:186.2,207.29 2 1
github.com/AlmatJuvashev/phd-students-portal/backend/internal/handlers/admin_progress.go:211.55,219.16 6 1
github.com/AlmatJuvashev/phd-students-portal/backend/internal/handlers/admin_progress.go:219.16,221.33 2 1
github.com/AlmatJuvashev/phd-students-portal/backend/internal/handlers/admin_progress.go:221.33,224.4 2 1
github.com/AlmatJuvashev/phd-students-portal/backend/internal/handlers/admin_progress.go:225.3,226.9 2 0
github.com/AlmatJuvashev/phd-students-portal/backend/internal/handlers/admin_progress.go:229.2,229.18 1 1
github.com/AlmatJuvashev/phd-students-portal/backend/internal/handlers/admin_progress.go:229.18,231.3 1 1
github.com/AlmatJuvashev/phd-students-portal/backend/internal/handlers/admin_progress.go:232.2,233.36 2 1
github.com/AlmatJuvashev/phd-students-portal/backend/internal/handlers/admin_progress.go:238.61,247.16 7 1
github.com/AlmatJuvashev/phd-students-portal/backend/internal/handlers/admin_progress.go:247.16,249.33 2 1
github.com/AlmatJuvashev/phd-students-portal/backend/internal/handlers/admin_progress.go:249.33,252.4 2 1
github.com/AlmatJuvashev/phd-students-portal/backend/internal/handlers/admin_progress.go:253.3,253.36 1 1
github.com/AlmatJuvashev/phd-students-portal/backend/internal/handlers/admin_progress.go:253.36,256.4 2 1
github.com/AlmatJuvashev/phd-students-portal/backend/internal/handlers/admin_progress.go:257.3,258.9 2 0
github.com/AlmatJuvashev/phd-students-portal/backend/internal/handlers/admin_progress.go:262.2,263.26 2 1
github.com/AlmatJuvashev/phd-students-portal/backend/internal/handlers/admin_progress.go:263.26,265.3 1 1
github.com/AlmatJuvashev/phd-students-portal/backend/internal/handlers/admin_progress.go:266.2,267.20 2 1
github.com/AlmatJuvashev/phd-students-portal/backend/internal/handlers/admin_progress.go:271.57,274.19 3 1
github.com/AlmatJuvashev/phd-students-portal/backend/internal/handlers/admin_progress.go:274.19,277.3 2 0
github.com/AlmatJuvashev/phd-students-portal/backend/internal/handlers/admin_progress.go:278.2,285.48 4 1
github.com/AlmatJuvashev/phd-students-portal/backend/internal/handlers/admin_progress.go:285.48,288.3 2 0
github.com/AlmatJuvashev/phd-students-portal/backend/internal/handlers/admin_progress.go:289.2,291.22 3 1
github.com/AlmatJuvashev/phd-students-portal/backend/internal/handlers/admin_progress.go:291.22,294.3 2 1
github.com/AlmatJuvashev/phd-students-portal/backend/internal/handlers/admin_progress.go:296.2,297.16 2 1
github.com/AlmatJuvashev/phd-students-portal/backend/internal/handlers/admin_progress.go:297.16,298.33 1 1
github.com/AlmatJuvashev/phd-students-portal/backend/internal/handlers/admin_progress.go:298.33,301.4 2 1
github.com/AlmatJuvashev/phd-students-portal/backend/internal/handlers/admin_progress.go:302.3,302.36 1 1
github.com/AlmatJuvashev/phd-students-portal/backend/internal/handlers/admin_progress.go:302.36,305.4 2 1
github.com/AlmatJuvashev/phd-students-portal/backend/internal/handlers/admin_progress.go:306.3,307.9 2 0
github.com/AlmatJuvashev/phd-students-portal/backend/internal/handlers/admin_progress.go:312.2,312.48 1 1
github.com/AlmatJuvashev/phd-students-portal/backend/internal/handlers/admin_progress.go:312.48,313.114 1 1
github.com/AlmatJuvashev/phd-students-portal/backend/internal/handlers/admin_progress.go:313.114,315.4 1 0
github.com/AlmatJuvashev/phd-students-portal/backend/internal/handlers/admin_progress.go:318.2,319.27 2 1
github.com/AlmatJuvashev/phd-students-portal/backend/internal/handlers/admin_progress.go:319.27,321.3 1 1
github.com/AlmatJuvashev/phd-students-portal/backend/internal/handlers/admin_progress.go:322.2,322.27 1 1
github.com/AlmatJuvashev/phd-students-portal/backend/internal/handlers/admin_progress.go:322.27,324.3 1 1
github.com/AlmatJuvashev/phd-students-portal/backend/internal/handlers/admin_progress.go:325.2,325.21 1 1
github.com/AlmatJuvashev/phd-students-portal/backend/internal/handlers/admin_progress.go:330.63,333.19 3 1
github.com/AlmatJuvashev/phd-students-portal/backend/internal/handlers/admin_progress.go:333.19,336.3 2 0
github.com/AlmatJuvashev/phd-students-portal/backend/internal/handlers/admin_progress.go:337.2,342.48 3 1
github.com/AlmatJuvashev/phd-students-portal/backend/internal/handlers/admin_progress.go:342.48,345.3 2 1
github.com/AlmatJuvashev/phd-students-portal/backend/internal/handlers/admin_progress.go:347.2,348.16 2 1
github.com/AlmatJuvashev/phd-students-portal/backend/internal/handlers/admin_progress.go:348.16,349.33 1 1
github.com/AlmatJuvashev/phd-students-portal/backend/internal/handlers/admin_progress.go:349.33,352.4 2 1
github.com/AlmatJuvashev/phd-students-portal/backend/internal/handlers/admin_progress.go:353.3,353.36 1 1
github.com/AlmatJuvashev/phd-students-portal/backend/internal/handlers/admin_progress.go:353.36,356.4 2 1
github.com/AlmatJuvashev/phd-students-portal/backend/internal/handlers/admin_progress.go:357.3,358.9 2 0
github.com/AlmatJuvashev/phd-students-portal/backend/internal/handlers/admin_progress.go:361.2,365.4 1 1
github.com/AlmatJuvashev/phd-students-portal/backend/internal/handlers/admin_progress.go:369.62,375.48 4 1
github.com/AlmatJuvashev/phd-students-portal/backend/internal/handlers/admin_progress.go:375.48,378.3 2 0
github.com/AlmatJuvashev/phd-students-portal/backend/internal/handlers/admin_progress.go:379.2,383.16 4 1
github.com/AlmatJuvashev/phd-students-portal/backend/internal/handlers/admin_progress.go:383.16,386.3 2 0
github.com/AlmatJuvashev/phd-students-portal/backend/internal/handlers/admin_progress.go:390.2,390.32 1 1
github.com/AlmatJuvashev/phd-students-portal/backend/internal/handlers/admin_progress.go:394.54,401.48 2 1
github.com/AlmatJuvashev/phd-students-portal/backend/internal/handlers/admin_progress.go:401.48,404.3 2 1
github.com/AlmatJuvashev/phd-students-portal/backend/internal/handlers/admin_progress.go:405.2,406.18 2 1
github.com/AlmatJuvashev/phd-students-portal/backend/internal/handlers/admin_progress.go:406.18,409.3 2 1
github.com/AlmatJuvashev/phd-students-portal/backend/internal/handlers/admin_progress.go:410.2,411.16 2 1
github.com/AlmatJuvashev/phd-students-portal/backend/internal/handlers/admin_progress.go:411.16,414.3 2 0
github.com/AlmatJuvashev/phd-students-portal/backend/internal/handlers/admin_progress.go:415.2,415.32 1 1
github.com/AlmatJuvashev/phd-students-portal/backend/internal/handlers/admin_progress.go:422.70,425.19 3 1
github.com/AlmatJuvashev/phd-students-portal/backend/internal/handlers/admin_progress.go:425.19,428.3 2 0
github.com/AlmatJuvashev/phd-students-portal/backend/internal/handlers/admin_progress.go:429.2,436.47 3 1
github.com/AlmatJuvashev/phd-students-portal/backend/internal/handlers/admin_progress.go:436.47,439.3 2 1
github.com/AlmatJuvashev/phd-students-portal/backend/internal/handlers/admin_progress.go:441.2,442.16 2 1
github.com/AlmatJuvashev/phd-students-portal/backend/internal/handlers/admin_progress.go:442.16,443.33 1 1
github.com/AlmatJuvashev/phd-students-portal/backend/internal/handlers/admin_progress.go:443.33,446.4 2 0
github.com/AlmatJuvashev/phd-students-portal/backend/internal/handlers/admin_progress.go:447.3,447.36 1 1
github.com/AlmatJuvashev/phd-students-portal/backend/internal/handlers/admin_progress.go:447.36,450.4 2 1
github.com/AlmatJuvashev/phd-students-portal/backend/internal/handlers/admin_progress.go:451.3,452.9 2 1
github.com/AlmatJuvashev/phd-students-portal/backend/internal/handlers/admin_progress.go:455.2,458.4 1 0
github.com/AlmatJuvashev/phd-students-portal/backend/internal/handlers/admin_progress.go:463.63,466.19 3 1
github.com/AlmatJuvashev/phd-students-portal/backend/internal/handlers/admin_progress.go:466.19,469.3 2 1
github.com/AlmatJuvashev/phd-students-portal/backend/internal/handlers/admin_progress.go:470.2,480.47 4 1
github.com/AlmatJuvashev/phd-students-portal/backend/internal/handlers/admin_progress.go:480.47,483.3 2 1
github.com/AlmatJuvashev/phd-students-portal/backend/internal/handlers/admin_progress.go:486.2,487.30 2 1
github.com/AlmatJuvashev/phd-students-portal/backend/internal/handlers/admin_progress.go:487.30,490.3 2 0
github.com/AlmatJuvashev/phd-students-portal/backend/internal/handlers/admin_progress.go:491.2,494.16 3 1
github.com/AlmatJuvashev/phd-students-portal/backend/internal/handlers/admin_progress.go:494.16,495.33 1 0
github.com/AlmatJuvashev/phd-students-portal/backend/internal/handlers/admin_progress.go:495.33,498.4 2 0
github.com/AlmatJuvashev/phd-students-portal/backend/internal/handlers/admin_progress.go:499.3,499.36 1 0
github.com/AlmatJuvashev/phd-students-portal/backend/internal/handlers/admin_progress.go:499.36,502.4 2 0
github.com/AlmatJuvashev/phd-students-portal/backend/internal/handlers/admin_progress.go:503.3,504.9 2 0
github.com/AlmatJuvashev/phd-students-portal/backend/internal/handlers/admin_progress.go:507.2,511.4 1 1
github.com/AlmatJuvashev/phd-students-portal/backend/internal/handlers/admin_progress.go:526.60,530.2 1 1
github.com/AlmatJuvashev/phd-students-portal/backend/internal/handlers/ai_handler.go:14.61,16.2 1 1
github.com/AlmatJuvashev/phd-students-portal/backend/internal/handlers/ai_handler.go:24.61,26.47 2 1
github.com/AlmatJuvashev/phd-students-portal/backend/internal/handlers/ai_handler.go:26.47,29.3 2 0
github.com/AlmatJuvashev/phd-students-portal/backend/internal/handlers/ai_handler.go:31.2,32.16 2 1
github.com/AlmatJuvashev/phd-students-portal/backend/internal/handlers/ai_handler.go:32.16,35.3 2 1
github.com/AlmatJuvashev/phd-students-portal/backend/internal/handlers/ai_handler.go:37.2,39.4 1 0
github.com/AlmatJuvashev/phd-students-portal/backend/internal/handlers/ai_handler.go:65.50,67.47 2 1
github.com/AlmatJuvashev/phd-students-portal/backend/internal/handlers/ai_handler.go:67.47,70.3 2 0
github.com/AlmatJuvashev/phd-students-portal/backend/internal/handlers/ai_handler.go:71.2,71.20 1 1
github.com/AlmatJuvashev/phd-students-portal/backend/internal/handlers/ai_handler.go:71.20,71.37 1 1
github.com/AlmatJuvashev/phd-students-portal/backend/internal/handlers/ai_handler.go:73.2,74.16 2 1
github.com/AlmatJuvashev/phd-students-portal/backend/internal/handlers/ai_handler.go:74.16,77.3 2 1
github.com/AlmatJuvashev/phd-students-portal/backend/internal/handlers/ai_handler.go:78.2,78.31 1 0
github.com/AlmatJuvashev/phd-students-portal/backend/internal/handlers/ai_handler.go:83.52,85.47 2 1
github.com/AlmatJuvashev/phd-students-portal/backend/internal/handlers/ai_handler.go:85.47,88.3 2 0
github.com/AlmatJuvashev/phd-students-portal/backend/internal/handlers/ai_handler.go:89.2,89.20 1 1
github.com/AlmatJuvashev/phd-students-portal/backend/internal/handlers/ai_handler.go:89.20,89.37 1 1
github.com/AlmatJuvashev/phd-students-portal/backend/internal/handlers/ai_handler.go:91.2,92.16 2 1
github.com/AlmatJuvashev/phd-students-portal/backend/internal/handlers/ai_handler.go:92.16,95.3 2 1
github.com/AlmatJuvashev/phd-students-portal/backend/internal/handlers/ai_handler.go:96.2,96.31 1 0
github.com/AlmatJuvashev/phd-students-portal/backend/internal/handlers/ai_handler.go:101.61,103.47 2 1
github.com/AlmatJuvashev/phd-students-portal/backend/internal/handlers/ai_handler.go:103.47,106.3 2 0
github.com/AlmatJuvashev/phd-students-portal/backend/internal/handlers/ai_handler.go:107.2,107.20 1 1
github.com/AlmatJuvashev/phd-students-portal/backend/internal/handlers/ai_handler.go:107.20,107.37 1 1
github.com/AlmatJuvashev/phd-students-portal/backend/internal/handlers/ai_handler.go:108.2,108.20 1 1
github.com/AlmatJuvashev/phd-students-portal/backend/internal/handlers/ai_handler.go:108.20,108.52 1 1
github.com/AlmatJuvashev/phd-students-portal/backend/internal/handlers/ai_handler.go:110.2,111.16 2 1
github.com/AlmatJuvashev/phd-students-portal/backend/internal/handlers/ai_handler.go:111.16,114.3 2 1
github.com/AlmatJuvashev/phd-students-portal/backend/internal/handlers/ai_handler.go:115.2,115.46 1 0
github.com/AlmatJuvashev/phd-students-portal/backend/internal/handlers/analytics_handler.go:16.80,18.2 1 1
github.com/AlmatJuvashev/phd-students-portal/backend/internal/handlers/analytics_handler.go:21.62,37.35 3 1
github.com/AlmatJuvashev/phd-students-portal/backend/internal/handlers/analytics_handler.go:37.35,39.3 1 0
github.com/AlmatJuvashev/phd-students-portal/backend/internal/handlers/analytics_handler.go:41.2,42.16 2 1
github.com/AlmatJuvashev/phd-students-portal/backend/internal/handlers/analytics_handler.go:42.16,45.3 2 0
github.com/AlmatJuvashev/phd-students-portal/backend/internal/handlers/analytics_handler.go:48.2,57.33 2 1
github.com/AlmatJuvashev/phd-students-portal/backend/internal/handlers/analytics_handler.go:60.58,62.16 2 1
github.com/AlmatJuvashev/phd-students-portal/backend/internal/handlers/analytics_handler.go:62.16,65.3 2 0
github.com/AlmatJuvashev/phd-students-portal/backend/internal/handlers/analytics_handler.go:66.2,66.30 1 1
github.com/AlmatJuvashev/phd-students-portal/backend/internal/handlers/analytics_handler.go:69.60,71.16 2 1
github.com/AlmatJuvashev/phd-students-portal/backend/internal/handlers/analytics_handler.go:71.16,74.3 2 0
github.com/AlmatJuvashev/phd-students-portal/backend/internal/handlers/analytics_handler.go:75.2,75.30 1 1
github.com/AlmatJuvashev/phd-students-portal/backend/internal/handlers/analytics_handler.go:78.64,81.16 3 1
github.com/AlmatJuvashev/phd-students-portal/backend/internal/handlers/analytics_handler.go:81.16,84.3 2 0
github.com/AlmatJuvashev/phd-students-portal/backend/internal/handlers/analytics_handler.go:86.2,87.16 2 1
github.com/AlmatJuvashev/phd-students-portal/backend/internal/handlers/analytics_handler.go:87.16,90.3 2 0
github.com/AlmatJuvashev/phd-students-portal/backend/internal/handlers/analytics_handler.go:91.2,91.33 1 1
github.com/AlmatJuvashev/phd-students-portal/backend/internal/handlers/analytics_handler.go:94.68,96.16 2 1
github.com/AlmatJuvashev/phd-students-portal/backend/internal/handlers/analytics_handler.go:96.16,99.3 2 0
github.com/AlmatJuvashev/phd-students-portal/backend/internal/handlers/analytics_handler.go:100.2,100.89 1 1
github.com/AlmatJuvashev/phd-students-portal/backend/internal/handlers/api.go:23.106,30.45 3 1
github.com/AlmatJuvashev/phd-students-portal/backend/internal/handlers/api.go:30.45,31.20 1 1
github.com/AlmatJuvashev/phd-students-portal/backend/internal/handlers/api.go:31.20,33.5 1 0
github.com/AlmatJuvashev/phd-students-portal/backend/internal/handlers/api.go:35.4,37.37 2 1
github.com/AlmatJuvashev/phd-students-portal/backend/internal/handlers/api.go:37.37,39.5 1 1
github.com/AlmatJuvashev/phd-students-portal/backend/internal/handlers/api.go:41.4,41.105 1 1
github.com/AlmatJuvashev/phd-students-portal/backend/internal/handlers/api.go:41.105,43.5 1 0
github.com/AlmatJuvashev/phd-students-portal/backend/internal/handlers/api.go:44.4,44.105 1 1
github.com/AlmatJuvashev/phd-students-portal/backend/internal/handlers/api.go:44.105,46.5 1 0
github.com/AlmatJuvashev/phd-students-portal/backend/internal/handlers/api.go:48.4,48.47 1 1
github.com/AlmatJuvashev/phd-students-portal/backend/internal/handlers/api.go:48.47,50.5 1 0
github.com/AlmatJuvashev/phd-students-portal/backend/internal/handlers/api.go:53.4,53.33 1 1
github.com/AlmatJuvashev/phd-students-portal/backend/internal/handlers/api.go:53.33,58.90 3 1
github.com/AlmatJuvashev/phd-students-portal/backend/internal/handlers/api.go:58.90,60.6 1 0
github.com/AlmatJuvashev/phd-students-portal/backend/internal/handlers/api.go:63.4,63.48 1 1
github.com/AlmatJuvashev/phd-students-portal/backend/internal/handlers/api.go:63.48,65.5 1 0
github.com/AlmatJuvashev/phd-students-portal/backend/internal/handlers/api.go:66.4,66.16 1 1
github.com/AlmatJuvashev/phd-students-portal/backend/internal/handlers/api.go:77.2,89.46 5 1
github.com/AlmatJuvashev/phd-students-portal/backend/internal/handlers/api.go:89.46,96.3 1 1
github.com/AlmatJuvashev/phd-students-portal/backend/internal/handlers/api.go:99.2,104.16 3 1
github.com/AlmatJuvashev/phd-students-portal/backend/internal/handlers/api.go:104.16,106.3 1 0
github.com/AlmatJuvashev/phd-students-portal/backend/internal/handlers/api.go:109.2,286.42 99 1
github.com/AlmatJuvashev/phd-students-portal/backend/internal/handlers/api.go:286.42,286.86 1 1
github.com/AlmatJuvashev/phd-students-portal/backend/internal/handlers/api.go:287.2,292.2 4 1
github.com/AlmatJuvashev/phd-students-portal/backend/internal/handlers/api.go:292.2,296.3 3 1
github.com/AlmatJuvashev/phd-students-portal/backend/internal/handlers/api.go:299.2,301.2 3 1
github.com/AlmatJuvashev/phd-students-portal/backend/internal/handlers/api.go:301.2,305.3 3 1
github.com/AlmatJuvashev/phd-students-portal/backend/internal/handlers/api.go:305.3,320.4 14 1
github.com/AlmatJuvashev/phd-students-portal/backend/internal/handlers/api.go:323.3,324.3 2 1
github.com/AlmatJuvashev/phd-students-portal/backend/internal/handlers/api.go:324.3,329.4 4 1
github.com/AlmatJuvashev/phd-students-portal/backend/internal/handlers/api.go:332.3,337.3 3 1
github.com/AlmatJuvashev/phd-students-portal/backend/internal/handlers/api.go:337.3,352.4 13 1
github.com/AlmatJuvashev/phd-students-portal/backend/internal/handlers/api.go:355.3,356.3 2 1
github.com/AlmatJuvashev/phd-students-portal/backend/internal/handlers/api.go:356.3,358.4 1 1
github.com/AlmatJuvashev/phd-students-portal/backend/internal/handlers/api.go:361.3,362.3 2 1
github.com/AlmatJuvashev/phd-students-portal/backend/internal/handlers/api.go:362.3,372.4 7 1
github.com/AlmatJuvashev/phd-students-portal/backend/internal/handlers/api.go:375.3,376.3 2 1
github.com/AlmatJuvashev/phd-students-portal/backend/internal/handlers/api.go:376.3,379.4 2 1
github.com/AlmatJuvashev/phd-students-portal/backend/internal/handlers/api.go:382.3,386.3 3 1
github.com/AlmatJuvashev/phd-students-portal/backend/internal/handlers/api.go:386.3,391.4 4 1
github.com/AlmatJuvashev/phd-students-portal/backend/internal/handlers/api.go:394.3,399.3 5 1
github.com/AlmatJuvashev/phd-students-portal/backend/internal/handlers/api.go:399.3,404.4 4 1
github.com/AlmatJuvashev/phd-students-portal/backend/internal/handlers/api.go:407.3,412.3 5 1
github.com/AlmatJuvashev/phd-students-portal/backend/internal/handlers/api.go:412.3,421.4 8 1
github.com/AlmatJuvashev/phd-students-portal/backend/internal/handlers/api.go:424.3,428.3 4 1
github.com/AlmatJuvashev/phd-students-portal/backend/internal/handlers/api.go:428.3,436.4 7 1
github.com/AlmatJuvashev/phd-students-portal/backend/internal/handlers/api.go:438.3,439.3 2 1
github.com/AlmatJuvashev/phd-students-portal/backend/internal/handlers/api.go:439.3,444.4 4 1
github.com/AlmatJuvashev/phd-students-portal/backend/internal/handlers/api.go:447.3,452.3 5 1
github.com/AlmatJuvashev/phd-students-portal/backend/internal/handlers/api.go:452.3,458.4 5 1
github.com/AlmatJuvashev/phd-students-portal/backend/internal/handlers/api.go:461.9,469.3 7 1
github.com/AlmatJuvashev/phd-students-portal/backend/internal/handlers/api.go:469.3,474.4 4 1
github.com/AlmatJuvashev/phd-students-portal/backend/internal/handlers/api.go:477.3,478.3 2 1
github.com/AlmatJuvashev/phd-students-portal/backend/internal/handlers/api.go:478.3,486.4 7 1
github.com/AlmatJuvashev/phd-students-portal/backend/internal/handlers/api.go:486.4,492.5 5 1
github.com/AlmatJuvashev/phd-students-portal/backend/internal/handlers/api.go:492.5,495.6 2 1
github.com/AlmatJuvashev/phd-students-portal/backend/internal/handlers/api.go:500.3,508.3 4 1
github.com/AlmatJuvashev/phd-students-portal/backend/internal/handlers/api.go:508.3,529.4 15 1
github.com/AlmatJuvashev/phd-students-portal/backend/internal/handlers/api.go:529.4,535.5 5 1
github.com/AlmatJuvashev/phd-students-portal/backend/internal/handlers/api.go:538.4,538.58 1 1
github.com/AlmatJuvashev/phd-students-portal/backend/internal/handlers/api.go:542.3,544.3 3 1
github.com/AlmatJuvashev/phd-students-portal/backend/internal/handlers/api.go:544.3,560.4 11 1
github.com/AlmatJuvashev/phd-students-portal/backend/internal/handlers/api.go:567.3,569.3 3 1
github.com/AlmatJuvashev/phd-students-portal/backend/internal/handlers/api.go:569.3,572.4 2 1
github.com/AlmatJuvashev/phd-students-portal/backend/internal/handlers/api.go:572.4,592.5 16 1
github.com/AlmatJuvashev/phd-students-portal/backend/internal/handlers/api.go:595.4,596.4 2 1
github.com/AlmatJuvashev/phd-students-portal/backend/internal/handlers/api.go:596.4,602.5 5 1
github.com/AlmatJuvashev/phd-students-portal/backend/internal/handlers/api.go:605.4,608.87 4 1
github.com/AlmatJuvashev/phd-students-portal/backend/internal/handlers/api.go:612.3,613.3 2 1
github.com/AlmatJuvashev/phd-students-portal/backend/internal/handlers/api.go:613.3,627.4 10 1
github.com/AlmatJuvashev/phd-students-portal/backend/internal/handlers/api.go:627.4,635.5 7 1
github.com/AlmatJuvashev/phd-students-portal/backend/internal/handlers/api.go:638.4,639.66 2 1
github.com/AlmatJuvashev/phd-students-portal/backend/internal/handlers/api.go:643.3,645.3 3 1
github.com/AlmatJuvashev/phd-students-portal/backend/internal/handlers/api.go:645.3,651.4 5 1
github.com/AlmatJuvashev/phd-students-portal/backend/internal/handlers/api.go:654.3,656.3 3 1
github.com/AlmatJuvashev/phd-students-portal/backend/internal/handlers/api.go:656.3,666.4 7 1
github.com/AlmatJuvashev/phd-students-portal/backend/internal/handlers/api.go:666.4,672.5 5 1
github.com/AlmatJuvashev/phd-students-portal/backend/internal/handlers/api.go:675.4,676.57 2 1
github.com/AlmatJuvashev/phd-students-portal/backend/internal/handlers/api.go:685.3,687.3 3 1
github.com/AlmatJuvashev/phd-students-portal/backend/internal/handlers/api.go:687.3,694.4 6 1
github.com/AlmatJuvashev/phd-students-portal/backend/internal/handlers/api.go:697.3,699.3 3 1
github.com/AlmatJuvashev/phd-students-portal/backend/internal/handlers/api.go:699.3,703.4 3 1
github.com/AlmatJuvashev/phd-students-portal/backend/internal/handlers/api.go:706.3,715.3 6 1
github.com/AlmatJuvashev/phd-students-portal/backend/internal/handlers/api.go:715.3,718.4 2 1
github.com/AlmatJuvashev/phd-students-portal/backend/internal/handlers/api.go:721.3,722.3 2 1
github.com/AlmatJuvashev/phd-students-portal/backend/internal/handlers/api.go:722.3,725.4 2 1
github.com/AlmatJuvashev/phd-students-portal/backend/internal/handlers/api.go:728.3,736.77 7 1
github.com/AlmatJuvashev/phd-students-portal/backend/internal/handlers/api.go:740.2,748.2 8 1
github.com/AlmatJuvashev/phd-students-portal/backend/internal/handlers/api.go:748.2,779.3 23 1
github.com/AlmatJuvashev/phd-students-portal/backend/internal/handlers/api.go:781.2,781.10 1 1
github.com/AlmatJuvashev/phd-students-portal/backend/internal/handlers/assessment_handler.go:16.79,18.2 1 1
github.com/AlmatJuvashev/phd-students-portal/backend/internal/handlers/assessment_handler.go:21.62,23.45 2 1
github.com/AlmatJuvashev/phd-students-portal/backend/internal/handlers/assessment_handler.go:23.45,26.3 2 1
github.com/AlmatJuvashev/phd-students-portal/backend/internal/handlers/assessment_handler.go:27.2,31.16 4 1
github.com/AlmatJuvashev/phd-students-portal/backend/internal/handlers/assessment_handler.go:31.16,34.3 2 0
github.com/AlmatJuvashev/phd-students-portal/backend/internal/handlers/assessment_handler.go:35.2,35.37 1 1
github.com/AlmatJuvashev/phd-students-portal/backend/internal/handlers/assessment_handler.go:39.61,44.16 4 1
github.com/AlmatJuvashev/phd-students-portal/backend/internal/handlers/assessment_handler.go:44.16,47.3 2 0
github.com/AlmatJuvashev/phd-students-portal/backend/internal/handlers/assessment_handler.go:48.2,48.30 1 1
github.com/AlmatJuvashev/phd-students-portal/backend/internal/handlers/assessment_handler.go:52.59,57.16 4 1
github.com/AlmatJuvashev/phd-students-portal/backend/internal/handlers/assessment_handler.go:57.16,58.35 1 1
github.com/AlmatJuvashev/phd-students-portal/backend/internal/handlers/assessment_handler.go:58.35,61.4 2 1
github.com/AlmatJuvashev/phd-students-portal/backend/internal/handlers/assessment_handler.go:62.3,63.9 2 0
github.com/AlmatJuvashev/phd-students-portal/backend/internal/handlers/assessment_handler.go:65.2,65.23 1 1
github.com/AlmatJuvashev/phd-students-portal/backend/internal/handlers/assessment_handler.go:65.23,68.3 2 1
github.com/AlmatJuvashev/phd-students-portal/backend/internal/handlers/assessment_handler.go:70.2,70.80 1 1
github.com/AlmatJuvashev/phd-students-portal/backend/internal/handlers/assessment_handler.go:74.62,79.45 4 1
github.com/AlmatJuvashev/phd-students-portal/backend/internal/handlers/assessment_handler.go:79.45,82.3 2 0
github.com/AlmatJuvashev/phd-students-portal/backend/internal/handlers/assessment_handler.go:83.2,86.16 3 1
github.com/AlmatJuvashev/phd-students-portal/backend/internal/handlers/assessment_handler.go:86.16,87.35 1 1
github.com/AlmatJuvashev/phd-students-portal/backend/internal/handlers/assessment_handler.go:87.35,90.4 2 1
github.com/AlmatJuvashev/phd-students-portal/backend/internal/handlers/assessment_handler.go:91.3,92.9 2 0
github.com/AlmatJuvashev/phd-students-portal/backend/internal/handlers/assessment_handler.go:94.2,94.32 1 1
github.com/AlmatJuvashev/phd-students-portal/backend/internal/handlers/assessment_handler.go:98.62,102.92 3 1
github.com/AlmatJuvashev/phd-students-portal/backend/internal/handlers/assessment_handler.go:102.92,103.35 1 1
github.com/AlmatJuvashev/phd-students-portal/backend/internal/handlers/assessment_handler.go:103.35,106.4 2 1
github.com/AlmatJuvashev/phd-students-portal/backend/internal/handlers/assessment_handler.go:107.3,108.9 2 1
github.com/AlmatJuvashev/phd-students-portal/backend/internal/handlers/assessment_handler.go:110.2,110.32 1 1
github.com/AlmatJuvashev/phd-students-portal/backend/internal/handlers/assessment_handler.go:114.58,120.16 5 1
github.com/AlmatJuvashev/phd-students-portal/backend/internal/handlers/assessment_handler.go:120.16,121.26 1 1
github.com/AlmatJuvashev/phd-students-portal/backend/internal/handlers/assessment_handler.go:122.48,124.10 2 1
github.com/AlmatJuvashev/phd-students-portal/backend/internal/handlers/assessment_handler.go:125.42,127.10 2 1
github.com/AlmatJuvashev/phd-students-portal/backend/internal/handlers/assessment_handler.go:128.38,130.10 2 1
github.com/AlmatJuvashev/phd-students-portal/backend/internal/handlers/assessment_handler.go:131.11,132.36 1 0
github.com/AlmatJuvashev/phd-students-portal/backend/internal/handlers/assessment_handler.go:132.36,135.5 2 0
github.com/AlmatJuvashev/phd-students-portal/backend/internal/handlers/assessment_handler.go:136.4,137.10 2 0
github.com/AlmatJuvashev/phd-students-portal/backend/internal/handlers/assessment_handler.go:139.3,139.9 1 0
github.com/AlmatJuvashev/phd-students-portal/backend/internal/handlers/assessment_handler.go:141.2,141.37 1 1
github.com/AlmatJuvashev/phd-students-portal/backend/internal/handlers/assessment_handler.go:145.60,154.47 5 1
github.com/AlmatJuvashev/phd-students-portal/backend/internal/handlers/assessment_handler.go:154.47,157.3 2 0
github.com/AlmatJuvashev/phd-students-portal/backend/internal/handlers/assessment_handler.go:159.2,159.138 1 1
github.com/AlmatJuvashev/phd-students-portal/backend/internal/handlers/assessment_handler.go:159.138,160.26 1 1
github.com/AlmatJuvashev/phd-students-portal/backend/internal/handlers/assessment_handler.go:161.44,163.10 2 1
github.com/AlmatJuvashev/phd-students-portal/backend/internal/handlers/assessment_handler.go:164.11,165.36 1 0
github.com/AlmatJuvashev/phd-students-portal/backend/internal/handlers/assessment_handler.go:165.36,168.5 2 0
github.com/AlmatJuvashev/phd-students-portal/backend/internal/handlers/assessment_handler.go:169.4,170.10 2 0
github.com/AlmatJuvashev/phd-students-portal/backend/internal/handlers/assessment_handler.go:172.3,172.9 1 0
github.com/AlmatJuvashev/phd-students-portal/backend/internal/handlers/assessment_handler.go:174.2,174.25 1 1
github.com/AlmatJuvashev/phd-students-portal/backend/internal/handlers/assessment_handler.go:178.64,186.47 5 1
github.com/AlmatJuvashev/phd-students-portal/backend/internal/handlers/assessment_handler.go:186.47,189.3 2 1
github.com/AlmatJuvashev/phd-students-portal/backend/internal/handlers/assessment_handler.go:191.2,192.16 2 1
github.com/AlmatJuvashev/phd-students-portal/backend/internal/handlers/assessment_handler.go:192.16,193.35 1 1
github.com/AlmatJuvashev/phd-students-portal/backend/internal/handlers/assessment_handler.go:193.35,196.4 2 1
github.com/AlmatJuvashev/phd-students-portal/backend/internal/handlers/assessment_handler.go:197.3,198.9 2 1
github.com/AlmatJuvashev/phd-students-portal/backend/internal/handlers/assessment_handler.go:200.2,200.30 1 1
github.com/AlmatJuvashev/phd-students-portal/backend/internal/handlers/assessment_handler.go:204.61,209.16 5 1
github.com/AlmatJuvashev/phd-students-portal/backend/internal/handlers/assessment_handler.go:209.16,210.35 1 1
github.com/AlmatJuvashev/phd-students-portal/backend/internal/handlers/assessment_handler.go:210.35,213.4 2 1
github.com/AlmatJuvashev/phd-students-portal/backend/internal/handlers/assessment_handler.go:214.3,215.9 2 1
github.com/AlmatJuvashev/phd-students-portal/backend/internal/handlers/assessment_handler.go:217.2,217.31 1 1
github.com/AlmatJuvashev/phd-students-portal/backend/internal/handlers/assessment_handler.go:221.60,227.16 5 1
github.com/AlmatJuvashev/phd-students-portal/backend/internal/handlers/assessment_handler.go:227.16,228.35 1 1
github.com/AlmatJuvashev/phd-students-portal/backend/internal/handlers/assessment_handler.go:228.35,231.4 2 1
github.com/AlmatJuvashev/phd-students-portal/backend/internal/handlers/assessment_handler.go:232.3,233.9 2 1
github.com/AlmatJuvashev/phd-students-portal/backend/internal/handlers/assessment_handler.go:235.2,235.33 1 1
github.com/AlmatJuvashev/phd-students-portal/backend/internal/handlers/assessment_handler.go:239.63,245.16 5 1
github.com/AlmatJuvashev/phd-students-portal/backend/internal/handlers/assessment_handler.go:245.16,246.35 1 1
github.com/AlmatJuvashev/phd-students-portal/backend/internal/handlers/assessment_handler.go:246.35,249.4 2 1
github.com/AlmatJuvashev/phd-students-portal/backend/internal/handlers/assessment_handler.go:250.3,251.9 2 1
github.com/AlmatJuvashev/phd-students-portal/backend/internal/handlers/assessment_handler.go:254.2,259.4 1 1
github.com/AlmatJuvashev/phd-students-portal/backend/internal/handlers/attendance_handler.go:20.74,22.2 1 1
github.com/AlmatJuvashev/phd-students-portal/backend/internal/handlers/attendance_handler.go:44.67,46.21 2 1
github.com/AlmatJuvashev/phd-students-portal/backend/internal/handlers/attendance_handler.go:46.21,49.3 2 0
github.com/AlmatJuvashev/phd-students-portal/backend/internal/handlers/attendance_handler.go:51.2,52.47 2 1
github.com/AlmatJuvashev/phd-students-portal/backend/internal/handlers/attendance_handler.go:52.47,55.3 2 0
github.com/AlmatJuvashev/phd-students-portal/backend/internal/handlers/attendance_handler.go:57.2,61.33 3 1
github.com/AlmatJuvashev/phd-students-portal/backend/internal/handlers/attendance_handler.go:61.33,67.3 1 1
github.com/AlmatJuvashev/phd-students-portal/backend/internal/handlers/attendance_handler.go:69.2,69.108 1 1
github.com/AlmatJuvashev/phd-students-portal/backend/internal/handlers/attendance_handler.go:69.108,72.3 2 0
github.com/AlmatJuvashev/phd-students-portal/backend/internal/handlers/attendance_handler.go:74.2,74.64 1 1
github.com/AlmatJuvashev/phd-students-portal/backend/internal/handlers/attendance_handler.go:85.66,87.21 2 1
github.com/AlmatJuvashev/phd-students-portal/backend/internal/handlers/attendance_handler.go:87.21,90.3 2 0
github.com/AlmatJuvashev/phd-students-portal/backend/internal/handlers/attendance_handler.go:92.2,93.16 2 1
github.com/AlmatJuvashev/phd-students-portal/backend/internal/handlers/attendance_handler.go:93.16,96.3 2 0
github.com/AlmatJuvashev/phd-students-portal/backend/internal/handlers/attendance_handler.go:97.2,97.32 1 1
github.com/AlmatJuvashev/phd-students-portal/backend/internal/handlers/audit_handler.go:19.107,21.2 1 1
github.com/AlmatJuvashev/phd-students-portal/backend/internal/handlers/audit_handler.go:26.53,29.16 3 1
github.com/AlmatJuvashev/phd-students-portal/backend/internal/handlers/audit_handler.go:29.16,32.3 2 0
github.com/AlmatJuvashev/phd-students-portal/backend/internal/handlers/audit_handler.go:33.2,33.33 1 1
github.com/AlmatJuvashev/phd-students-portal/backend/internal/handlers/audit_handler.go:37.51,40.16 3 1
github.com/AlmatJuvashev/phd-students-portal/backend/internal/handlers/audit_handler.go:40.16,43.3 2 0
github.com/AlmatJuvashev/phd-students-portal/backend/internal/handlers/audit_handler.go:44.2,44.20 1 1
github.com/AlmatJuvashev/phd-students-portal/backend/internal/handlers/audit_handler.go:44.20,47.3 2 0
github.com/AlmatJuvashev/phd-students-portal/backend/internal/handlers/audit_handler.go:48.2,48.32 1 1
github.com/AlmatJuvashev/phd-students-portal/backend/internal/handlers/audit_handler.go:52.52,56.21 4 1
github.com/AlmatJuvashev/phd-students-portal/backend/internal/handlers/audit_handler.go:56.21,58.3 1 0
github.com/AlmatJuvashev/phd-students-portal/backend/internal/handlers/audit_handler.go:60.2,61.16 2 1
github.com/AlmatJuvashev/phd-students-portal/backend/internal/handlers/audit_handler.go:61.16,64.3 2 0
github.com/AlmatJuvashev/phd-students-portal/backend/internal/handlers/audit_handler.go:65.2,65.32 1 1
github.com/AlmatJuvashev/phd-students-portal/backend/internal/handlers/audit_handler.go:69.50,72.16 3 1
github.com/AlmatJuvashev/phd-students-portal/backend/internal/handlers/audit_handler.go:72.16,75.3 2 0
github.com/AlmatJuvashev/phd-students-portal/backend/internal/handlers/audit_handler.go:76.2,76.19 1 1
github.com/AlmatJuvashev/phd-students-portal/backend/internal/handlers/audit_handler.go:76.19,79.3 2 0
github.com/AlmatJuvashev/phd-students-portal/backend/internal/handlers/audit_handler.go:80.2,80.31 1 1
github.com/AlmatJuvashev/phd-students-portal/backend/internal/handlers/audit_handler.go:84.53,90.21 5 1
github.com/AlmatJuvashev/phd-students-portal/backend/internal/handlers/audit_handler.go:90.21,92.3 1 0
github.com/AlmatJuvashev/phd-students-portal/backend/internal/handlers/audit_handler.go:93.2,93.20 1 1
github.com/AlmatJuvashev/phd-students-portal/backend/internal/handlers/audit_handler.go:93.20,95.3 1 0
github.com/AlmatJuvashev/phd-students-portal/backend/internal/handlers/audit_handler.go:97.2,98.16 2 1
github.com/AlmatJuvashev/phd-students-portal/backend/internal/handlers/audit_handler.go:98.16,101.3 2 0
github.com/AlmatJuvashev/phd-students-portal/backend/internal/handlers/audit_handler.go:102.2,102.33 1 1
github.com/AlmatJuvashev/phd-students-portal/backend/internal/handlers/audit_handler.go:106.54,115.24 5 1
github.com/AlmatJuvashev/phd-students-portal/backend/internal/handlers/audit_handler.go:115.24,116.67 1 0
github.com/AlmatJuvashev/phd-students-portal/backend/internal/handlers/audit_handler.go:116.67,118.4 1 0
github.com/AlmatJuvashev/phd-students-portal/backend/internal/handlers/audit_handler.go:120.2,120.22 1 1
github.com/AlmatJuvashev/phd-students-portal/backend/internal/handlers/audit_handler.go:120.22,121.65 1 0
github.com/AlmatJuvashev/phd-students-portal/backend/internal/handlers/audit_handler.go:121.65,123.4 1 0
github.com/AlmatJuvashev/phd-students-portal/backend/internal/handlers/audit_handler.go:126.2,127.16 2 1
github.com/AlmatJuvashev/phd-students-portal/backend/internal/handlers/audit_handler.go:127.16,130.3 2 0
github.com/AlmatJuvashev/phd-students-portal/backend/internal/handlers/audit_handler.go:131.2,131.32 1 1
github.com/AlmatJuvashev/phd-students-portal/backend/internal/handlers/audit_handler.go:135.61,138.21 3 1
github.com/AlmatJuvashev/phd-students-portal/backend/internal/handlers/audit_handler.go:138.21,141.3 2 0
github.com/AlmatJuvashev/phd-students-portal/backend/internal/handlers/audit_handler.go:143.2,144.16 2 1
github.com/AlmatJuvashev/phd-students-portal/backend/internal/handlers/audit_handler.go:144.16,147.3 2 0
github.com/AlmatJuvashev/phd-students-portal/backend/internal/handlers/audit_handler.go:148.2,148.31 1 1
github.com/AlmatJuvashev/phd-students-portal/backend/internal/handlers/audit_handler.go:153.54,158.51 4 1
github.com/AlmatJuvashev/phd-students-portal/backend/internal/handlers/audit_handler.go:158.51,161.3 2 0
github.com/AlmatJuvashev/phd-students-portal/backend/internal/handlers/audit_handler.go:162.2,164.91 2 1
github.com/AlmatJuvashev/phd-students-portal/backend/internal/handlers/audit_handler.go:164.91,167.3 2 0
github.com/AlmatJuvashev/phd-students-portal/backend/internal/handlers/audit_handler.go:168.2,168.37 1 1
github.com/AlmatJuvashev/phd-students-portal/backend/internal/handlers/audit_handler.go:171.54,177.51 5 1
github.com/AlmatJuvashev/phd-students-portal/backend/internal/handlers/audit_handler.go:177.51,180.3 2 0
github.com/AlmatJuvashev/phd-students-portal/backend/internal/handlers/audit_handler.go:181.2,184.91 3 1
github.com/AlmatJuvashev/phd-students-portal/backend/internal/handlers/audit_handler.go:184.91,187.3 2 0
github.com/AlmatJuvashev/phd-students-portal/backend/internal/handlers/audit_handler.go:188.2,188.32 1 1
github.com/AlmatJuvashev/phd-students-portal/backend/internal/handlers/audit_handler.go:191.54,196.95 4 1
github.com/AlmatJuvashev/phd-students-portal/backend/internal/handlers/audit_handler.go:196.95,199.3 2 0
github.com/AlmatJuvashev/phd-students-portal/backend/internal/handlers/audit_handler.go:200.2,200.42 1 1
github.com/AlmatJuvashev/phd-students-portal/backend/internal/handlers/auth.go:24.110,31.2 2 1
github.com/AlmatJuvashev/phd-students-portal/backend/internal/handlers/auth.go:40.45,42.47 2 1
github.com/AlmatJuvashev/phd-students-portal/backend/internal/handlers/auth.go:42.47,45.3 2 0
github.com/AlmatJuvashev/phd-students-portal/backend/internal/handlers/auth.go:48.2,49.16 2 1
github.com/AlmatJuvashev/phd-students-portal/backend/internal/handlers/auth.go:49.16,51.3 1 0
github.com/AlmatJuvashev/phd-students-portal/backend/internal/handlers/auth.go:52.2,52.14 1 1
github.com/AlmatJuvashev/phd-students-portal/backend/internal/handlers/auth.go:52.14,57.3 2 1
github.com/AlmatJuvashev/phd-students-portal/backend/internal/handlers/auth.go:60.2,65.16 4 1
github.com/AlmatJuvashev/phd-students-portal/backend/internal/handlers/auth.go:65.16,70.53 3 1
github.com/AlmatJuvashev/phd-students-portal/backend/internal/handlers/auth.go:70.53,72.4 1 0
github.com/AlmatJuvashev/phd-students-portal/backend/internal/handlers/auth.go:73.3,74.9 2 1
github.com/AlmatJuvashev/phd-students-portal/backend/internal/handlers/auth.go:78.2,88.44 5 1
github.com/AlmatJuvashev/phd-students-portal/backend/internal/handlers/auth.go:88.44,91.3 1 0
github.com/AlmatJuvashev/phd-students-portal/backend/internal/handlers/auth.go:94.2,99.33 4 1
github.com/AlmatJuvashev/phd-students-portal/backend/internal/handlers/auth.go:99.33,101.3 1 0
github.com/AlmatJuvashev/phd-students-portal/backend/internal/handlers/auth.go:105.2,115.19 4 1
github.com/AlmatJuvashev/phd-students-portal/backend/internal/handlers/auth.go:115.19,121.3 1 0
github.com/AlmatJuvashev/phd-students-portal/backend/internal/handlers/auth.go:123.2,123.33 1 1
github.com/AlmatJuvashev/phd-students-portal/backend/internal/handlers/auth.go:127.54,131.47 2 1
github.com/AlmatJuvashev/phd-students-portal/backend/internal/handlers/auth.go:131.47,134.3 2 0
github.com/AlmatJuvashev/phd-students-portal/backend/internal/handlers/auth.go:137.2,137.91 1 1
github.com/AlmatJuvashev/phd-students-portal/backend/internal/handlers/auth.go:137.91,139.3 1 1
github.com/AlmatJuvashev/phd-students-portal/backend/internal/handlers/auth.go:141.2,141.25 1 1
github.com/AlmatJuvashev/phd-students-portal/backend/internal/handlers/auth.go:144.53,149.47 2 1
github.com/AlmatJuvashev/phd-students-portal/backend/internal/handlers/auth.go:149.47,152.3 2 1
github.com/AlmatJuvashev/phd-students-portal/backend/internal/handlers/auth.go:154.2,154.101 1 1
github.com/AlmatJuvashev/phd-students-portal/backend/internal/handlers/auth.go:154.101,157.3 2 1
github.com/AlmatJuvashev/phd-students-portal/backend/internal/handlers/auth.go:165.2,165.74 1 1
github.com/AlmatJuvashev/phd-students-portal/backend/internal/handlers/auth.go:169.46,175.33 5 1
github.com/AlmatJuvashev/phd-students-portal/backend/internal/handlers/auth.go:175.33,177.3 1 1
github.com/AlmatJuvashev/phd-students-portal/backend/internal/handlers/auth.go:180.2,180.44 1 1
github.com/AlmatJuvashev/phd-students-portal/backend/internal/handlers/auth.go:180.44,182.3 1 0
github.com/AlmatJuvashev/phd-students-portal/backend/internal/handlers/auth.go:184.2,189.33 4 1
github.com/AlmatJuvashev/phd-students-portal/backend/internal/handlers/auth.go:189.33,191.3 1 1
github.com/AlmatJuvashev/phd-students-portal/backend/internal/handlers/auth.go:193.2,202.18 3 1
github.com/AlmatJuvashev/phd-students-portal/backend/internal/handlers/auth.go:202.18,203.46 1 0
github.com/AlmatJuvashev/phd-students-portal/backend/internal/handlers/auth.go:203.46,205.75 2 0
github.com/AlmatJuvashev/phd-students-portal/backend/internal/handlers/auth.go:205.75,207.5 1 0
github.com/AlmatJuvashev/phd-students-portal/backend/internal/handlers/auth.go:211.2,213.35 2 1
github.com/AlmatJuvashev/phd-students-portal/backend/internal/handlers/auth.go:213.35,225.3 6 1
github.com/AlmatJuvashev/phd-students-portal/backend/internal/handlers/auth.go:228.2,230.55 2 1
github.com/AlmatJuvashev/phd-students-portal/backend/internal/handlers/bulk_handler.go:19.56,21.2 1 1
github.com/AlmatJuvashev/phd-students-portal/backend/internal/handlers/bulk_handler.go:32.58,35.20 2 1
github.com/AlmatJuvashev/phd-students-portal/backend/internal/handlers/bulk_handler.go:35.20,38.3 2 0
github.com/AlmatJuvashev/phd-students-portal/backend/internal/handlers/bulk_handler.go:40.2,41.16 2 1
github.com/AlmatJuvashev/phd-students-portal/backend/internal/handlers/bulk_handler.go:41.16,44.3 2 1
github.com/AlmatJuvashev/phd-students-portal/backend/internal/handlers/bulk_handler.go:46.2,47.16 2 1
github.com/AlmatJuvashev/phd-students-portal/backend/internal/handlers/bulk_handler.go:47.16,50.3 2 0
github.com/AlmatJuvashev/phd-students-portal/backend/internal/handlers/bulk_handler.go:51.2,59.19 4 1
github.com/AlmatJuvashev/phd-students-portal/backend/internal/handlers/bulk_handler.go:59.19,61.26 2 0
github.com/AlmatJuvashev/phd-students-portal/backend/internal/handlers/bulk_handler.go:61.26,63.4 1 0
github.com/AlmatJuvashev/phd-students-portal/backend/internal/handlers/bulk_handler.go:64.3,64.31 1 0
github.com/AlmatJuvashev/phd-students-portal/backend/internal/handlers/bulk_handler.go:69.2,69.33 1 1
github.com/AlmatJuvashev/phd-students-portal/backend/internal/handlers/calendar_handler.go:19.77,21.2 1 1
github.com/AlmatJuvashev/phd-students-portal/backend/internal/handlers/calendar_handler.go:23.55,38.47 2 1
github.com/AlmatJuvashev/phd-students-portal/backend/internal/handlers/calendar_handler.go:38.47,41.3 2 1
github.com/AlmatJuvashev/phd-students-portal/backend/internal/handlers/calendar_handler.go:43.2,45.20 3 1
github.com/AlmatJuvashev/phd-students-portal/backend/internal/handlers/calendar_handler.go:45.20,48.3 2 1
github.com/AlmatJuvashev/phd-students-portal/backend/internal/handlers/calendar_handler.go:50.2,51.16 2 1
github.com/AlmatJuvashev/phd-students-portal/backend/internal/handlers/calendar_handler.go:51.16,54.3 2 1
github.com/AlmatJuvashev/phd-students-portal/backend/internal/handlers/calendar_handler.go:55.2,56.16 2 1
github.com/AlmatJuvashev/phd-students-portal/backend/internal/handlers/calendar_handler.go:56.16,59.3 2 0
github.com/AlmatJuvashev/phd-students-portal/backend/internal/handlers/calendar_handler.go:62.2,63.23 2 1
github.com/AlmatJuvashev/phd-students-portal/backend/internal/handlers/calendar_handler.go:63.23,65.3 1 1
github.com/AlmatJuvashev/phd-students-portal/backend/internal/handlers/calendar_handler.go:68.2,68.35 1 1
github.com/AlmatJuvashev/phd-students-portal/backend/internal/handlers/calendar_handler.go:68.35,69.14 1 1
github.com/AlmatJuvashev/phd-students-portal/backend/internal/handlers/calendar_handler.go:69.14,71.4 1 1
github.com/AlmatJuvashev/phd-students-portal/backend/internal/handlers/calendar_handler.go:72.3,72.12 1 1
github.com/AlmatJuvashev/phd-students-portal/backend/internal/handlers/calendar_handler.go:75.2,90.89 2 1
github.com/AlmatJuvashev/phd-students-portal/backend/internal/handlers/calendar_handler.go:90.89,93.3 2 0
github.com/AlmatJuvashev/phd-students-portal/backend/internal/handlers/calendar_handler.go:95.2,95.35 1 1
github.com/AlmatJuvashev/phd-students-portal/backend/internal/handlers/calendar_handler.go:98.53,101.18 3 1
github.com/AlmatJuvashev/phd-students-portal/backend/internal/handlers/calendar_handler.go:101.18,104.3 2 1
github.com/AlmatJuvashev/phd-students-portal/backend/internal/handlers/calendar_handler.go:105.2,105.20 1 1
github.com/AlmatJuvashev/phd-students-portal/backend/internal/handlers/calendar_handler.go:105.20,108.3 2 1
github.com/AlmatJuvashev/phd-students-portal/backend/internal/handlers/calendar_handler.go:110.2,113.36 3 1
github.com/AlmatJuvashev/phd-students-portal/backend/internal/handlers/calendar_handler.go:113.36,116.3 2 1
github.com/AlmatJuvashev/phd-students-portal/backend/internal/handlers/calendar_handler.go:118.2,119.16 2 1
github.com/AlmatJuvashev/phd-students-portal/backend/internal/handlers/calendar_handler.go:119.16,122.3 2 1
github.com/AlmatJuvashev/phd-students-portal/backend/internal/handlers/calendar_handler.go:123.2,124.16 2 1
github.com/AlmatJuvashev/phd-students-portal/backend/internal/handlers/calendar_handler.go:124.16,127.3 2 0
github.com/AlmatJuvashev/phd-students-portal/backend/internal/handlers/calendar_handler.go:129.2,130.16 2 1
github.com/AlmatJuvashev/phd-students-portal/backend/internal/handlers/calendar_handler.go:130.16,133.3 2 0
github.com/AlmatJuvashev/phd-students-portal/backend/internal/handlers/calendar_handler.go:136.2,136.19 1 1
github.com/AlmatJuvashev/phd-students-portal/backend/internal/handlers/calendar_handler.go:136.19,138.3 1 0
github.com/AlmatJuvashev/phd-students-portal/backend/internal/handlers/calendar_handler.go:140.2,140.31 1 1
github.com/AlmatJuvashev/phd-students-portal/backend/internal/handlers/calendar_handler.go:143.55,162.47 5 1
github.com/AlmatJuvashev/phd-students-portal/backend/internal/handlers/calendar_handler.go:162.47,166.3 3 1
github.com/AlmatJuvashev/phd-students-portal/backend/internal/handlers/calendar_handler.go:168.2,172.16 3 1
github.com/AlmatJuvashev/phd-students-portal/backend/internal/handlers/calendar_handler.go:172.16,176.3 3 1
github.com/AlmatJuvashev/phd-students-portal/backend/internal/handlers/calendar_handler.go:179.2,181.90 2 1
github.com/AlmatJuvashev/phd-students-portal/backend/internal/handlers/calendar_handler.go:181.90,185.3 3 1
github.com/AlmatJuvashev/phd-students-portal/backend/internal/handlers/calendar_handler.go:188.2,189.16 2 1
github.com/AlmatJuvashev/phd-students-portal/backend/internal/handlers/calendar_handler.go:189.16,193.3 3 1
github.com/AlmatJuvashev/phd-students-portal/backend/internal/handlers/calendar_handler.go:195.2,196.16 2 1
github.com/AlmatJuvashev/phd-students-portal/backend/internal/handlers/calendar_handler.go:196.16,200.3 3 0
github.com/AlmatJuvashev/phd-students-portal/backend/internal/handlers/calendar_handler.go:203.2,203.31 1 1
github.com/AlmatJuvashev/phd-students-portal/backend/internal/handlers/calendar_handler.go:203.31,207.3 3 1
github.com/AlmatJuvashev/phd-students-portal/backend/internal/handlers/calendar_handler.go:210.2,210.35 1 1
github.com/AlmatJuvashev/phd-students-portal/backend/internal/handlers/calendar_handler.go:210.35,211.14 1 1
github.com/AlmatJuvashev/phd-students-portal/backend/internal/handlers/calendar_handler.go:211.14,213.4 1 1
github.com/AlmatJuvashev/phd-students-portal/backend/internal/handlers/calendar_handler.go:214.3,214.12 1 0
github.com/AlmatJuvashev/phd-students-portal/backend/internal/handlers/calendar_handler.go:217.2,232.74 2 1
github.com/AlmatJuvashev/phd-students-portal/backend/internal/handlers/calendar_handler.go:232.74,236.3 3 0
github.com/AlmatJuvashev/phd-students-portal/backend/internal/handlers/calendar_handler.go:238.2,239.58 2 1
github.com/AlmatJuvashev/phd-students-portal/backend/internal/handlers/calendar_handler.go:242.55,248.16 4 1
github.com/AlmatJuvashev/phd-students-portal/backend/internal/handlers/calendar_handler.go:248.16,251.3 2 1
github.com/AlmatJuvashev/phd-students-portal/backend/internal/handlers/calendar_handler.go:254.2,255.104 2 1
github.com/AlmatJuvashev/phd-students-portal/backend/internal/handlers/calendar_handler.go:255.104,258.3 2 0
github.com/AlmatJuvashev/phd-students-portal/backend/internal/handlers/calendar_handler.go:260.2,260.84 1 1
github.com/AlmatJuvashev/phd-students-portal/backend/internal/handlers/calendar_handler.go:260.84,263.3 2 0
github.com/AlmatJuvashev/phd-students-portal/backend/internal/handlers/calendar_handler.go:265.2,265.58 1 1
github.com/AlmatJuvashev/phd-students-portal/backend/internal/handlers/chat.go:26.83,31.2 1 1
github.com/AlmatJuvashev/phd-students-portal/backend/internal/handlers/chat.go:34.50,36.15 2 1
github.com/AlmatJuvashev/phd-students-portal/backend/internal/handlers/chat.go:36.15,39.3 2 0
github.com/AlmatJuvashev/phd-students-portal/backend/internal/handlers/chat.go:40.2,41.20 2 1
github.com/AlmatJuvashev/phd-students-portal/backend/internal/handlers/chat.go:41.20,44.3 2 0
github.com/AlmatJuvashev/phd-students-portal/backend/internal/handlers/chat.go:45.2,50.47 2 1
github.com/AlmatJuvashev/phd-students-portal/backend/internal/handlers/chat.go:50.47,53.3 2 0
github.com/AlmatJuvashev/phd-students-portal/backend/internal/handlers/chat.go:54.2,54.32 1 1
github.com/AlmatJuvashev/phd-students-portal/backend/internal/handlers/chat.go:54.32,57.3 2 1
github.com/AlmatJuvashev/phd-students-portal/backend/internal/handlers/chat.go:58.2,59.16 2 1
github.com/AlmatJuvashev/phd-students-portal/backend/internal/handlers/chat.go:59.16,63.3 3 1
github.com/AlmatJuvashev/phd-students-portal/backend/internal/handlers/chat.go:64.2,64.49 1 1
github.com/AlmatJuvashev/phd-students-portal/backend/internal/handlers/chat.go:68.50,70.15 2 1
github.com/AlmatJuvashev/phd-students-portal/backend/internal/handlers/chat.go:70.15,73.3 2 0
github.com/AlmatJuvashev/phd-students-portal/backend/internal/handlers/chat.go:75.2,80.47 3 1
github.com/AlmatJuvashev/phd-students-portal/backend/internal/handlers/chat.go:80.47,83.3 2 0
github.com/AlmatJuvashev/phd-students-portal/backend/internal/handlers/chat.go:84.2,85.16 2 1
github.com/AlmatJuvashev/phd-students-portal/backend/internal/handlers/chat.go:85.16,88.3 2 0
github.com/AlmatJuvashev/phd-students-portal/backend/internal/handlers/chat.go:89.2,89.44 1 1
github.com/AlmatJuvashev/phd-students-portal/backend/internal/handlers/chat.go:93.49,95.15 2 1
github.com/AlmatJuvashev/phd-students-portal/backend/internal/handlers/chat.go:95.15,98.3 2 0
github.com/AlmatJuvashev/phd-students-portal/backend/internal/handlers/chat.go:99.2,100.20 2 1
github.com/AlmatJuvashev/phd-students-portal/backend/internal/handlers/chat.go:100.20,103.3 2 0
github.com/AlmatJuvashev/phd-students-portal/backend/internal/handlers/chat.go:104.2,105.16 2 1
github.com/AlmatJuvashev/phd-students-portal/backend/internal/handlers/chat.go:105.16,108.3 2 1
github.com/AlmatJuvashev/phd-students-portal/backend/internal/handlers/chat.go:109.2,109.46 1 1
github.com/AlmatJuvashev/phd-students-portal/backend/internal/handlers/chat.go:113.52,115.15 2 1
github.com/AlmatJuvashev/phd-students-portal/backend/internal/handlers/chat.go:115.15,118.3 2 0
github.com/AlmatJuvashev/phd-students-portal/backend/internal/handlers/chat.go:119.2,120.20 2 1
github.com/AlmatJuvashev/phd-students-portal/backend/internal/handlers/chat.go:120.20,123.3 2 1
github.com/AlmatJuvashev/phd-students-portal/backend/internal/handlers/chat.go:124.2,125.16 2 1
github.com/AlmatJuvashev/phd-students-portal/backend/internal/handlers/chat.go:125.16,129.3 3 0
github.com/AlmatJuvashev/phd-students-portal/backend/internal/handlers/chat.go:130.2,130.46 1 1
github.com/AlmatJuvashev/phd-students-portal/backend/internal/handlers/chat.go:134.53,136.15 2 1
github.com/AlmatJuvashev/phd-students-portal/backend/internal/handlers/chat.go:136.15,139.3 2 0
github.com/AlmatJuvashev/phd-students-portal/backend/internal/handlers/chat.go:140.2,142.16 3 1
github.com/AlmatJuvashev/phd-students-portal/backend/internal/handlers/chat.go:142.16,145.3 2 1
github.com/AlmatJuvashev/phd-students-portal/backend/internal/handlers/chat.go:146.2,146.15 1 1
github.com/AlmatJuvashev/phd-students-portal/backend/internal/handlers/chat.go:146.15,149.3 2 1
github.com/AlmatJuvashev/phd-students-portal/backend/internal/handlers/chat.go:150.2,156.47 2 1
github.com/AlmatJuvashev/phd-students-portal/backend/internal/handlers/chat.go:156.47,159.3 2 0
github.com/AlmatJuvashev/phd-students-portal/backend/internal/handlers/chat.go:161.2,161.49 1 1
github.com/AlmatJuvashev/phd-students-portal/backend/internal/handlers/chat.go:161.49,164.3 2 1
github.com/AlmatJuvashev/phd-students-portal/backend/internal/handlers/chat.go:166.2,167.27 2 1
github.com/AlmatJuvashev/phd-students-portal/backend/internal/handlers/chat.go:167.27,169.46 2 0
github.com/AlmatJuvashev/phd-students-portal/backend/internal/handlers/chat.go:169.46,170.66 1 0
github.com/AlmatJuvashev/phd-students-portal/backend/internal/handlers/chat.go:170.66,172.5 1 0
github.com/AlmatJuvashev/phd-students-portal/backend/internal/handlers/chat.go:176.2,177.16 2 1
github.com/AlmatJuvashev/phd-students-portal/backend/internal/handlers/chat.go:177.16,181.3 3 0
github.com/AlmatJuvashev/phd-students-portal/backend/internal/handlers/chat.go:182.2,182.51 1 1
github.com/AlmatJuvashev/phd-students-portal/backend/internal/handlers/chat.go:186.54,189.15 3 1
github.com/AlmatJuvashev/phd-students-portal/backend/internal/handlers/chat.go:189.15,192.3 2 0
github.com/AlmatJuvashev/phd-students-portal/backend/internal/handlers/chat.go:194.2,195.16 2 1
github.com/AlmatJuvashev/phd-students-portal/backend/internal/handlers/chat.go:195.16,198.3 2 0
github.com/AlmatJuvashev/phd-students-portal/backend/internal/handlers/chat.go:200.2,203.27 3 1
github.com/AlmatJuvashev/phd-students-portal/backend/internal/handlers/chat.go:203.27,206.3 2 0
github.com/AlmatJuvashev/phd-students-portal/backend/internal/handlers/chat.go:208.2,209.16 2 1
github.com/AlmatJuvashev/phd-students-portal/backend/internal/handlers/chat.go:209.16,212.3 2 0
github.com/AlmatJuvashev/phd-students-portal/backend/internal/handlers/chat.go:213.2,213.50 1 1
github.com/AlmatJuvashev/phd-students-portal/backend/internal/handlers/chat.go:217.49,223.47 3 1
github.com/AlmatJuvashev/phd-students-portal/backend/internal/handlers/chat.go:223.47,226.3 2 0
github.com/AlmatJuvashev/phd-students-portal/backend/internal/handlers/chat.go:227.2,228.16 2 1
github.com/AlmatJuvashev/phd-students-portal/backend/internal/handlers/chat.go:228.16,230.3 1 0
github.com/AlmatJuvashev/phd-students-portal/backend/internal/handlers/chat.go:231.2,231.30 1 1
github.com/AlmatJuvashev/phd-students-portal/backend/internal/handlers/chat.go:231.30,234.3 2 1
github.com/AlmatJuvashev/phd-students-portal/backend/internal/handlers/chat.go:235.2,235.87 1 1
github.com/AlmatJuvashev/phd-students-portal/backend/internal/handlers/chat.go:235.87,239.3 3 1
github.com/AlmatJuvashev/phd-students-portal/backend/internal/handlers/chat.go:240.2,240.47 1 1
github.com/AlmatJuvashev/phd-students-portal/backend/internal/handlers/chat.go:244.52,247.18 3 1
github.com/AlmatJuvashev/phd-students-portal/backend/internal/handlers/chat.go:247.18,250.3 2 0
github.com/AlmatJuvashev/phd-students-portal/backend/internal/handlers/chat.go:251.2,251.80 1 1
github.com/AlmatJuvashev/phd-students-portal/backend/internal/handlers/chat.go:251.80,254.3 2 0
github.com/AlmatJuvashev/phd-students-portal/backend/internal/handlers/chat.go:255.2,255.42 1 1
github.com/AlmatJuvashev/phd-students-portal/backend/internal/handlers/chat.go:259.59,269.47 3 1
github.com/AlmatJuvashev/phd-students-portal/backend/internal/handlers/chat.go:269.47,272.3 2 0
github.com/AlmatJuvashev/phd-students-portal/backend/internal/handlers/chat.go:275.2,276.23 2 1
github.com/AlmatJuvashev/phd-students-portal/backend/internal/handlers/chat.go:276.23,276.59 1 0
github.com/AlmatJuvashev/phd-students-portal/backend/internal/handlers/chat.go:277.2,277.26 1 1
github.com/AlmatJuvashev/phd-students-portal/backend/internal/handlers/chat.go:277.26,277.68 1 0
github.com/AlmatJuvashev/phd-students-portal/backend/internal/handlers/chat.go:278.2,278.22 1 1
github.com/AlmatJuvashev/phd-students-portal/backend/internal/handlers/chat.go:278.22,278.56 1 0
github.com/AlmatJuvashev/phd-students-portal/backend/internal/handlers/chat.go:279.2,279.25 1 1
github.com/AlmatJuvashev/phd-students-portal/backend/internal/handlers/chat.go:279.25,279.65 1 0
github.com/AlmatJuvashev/phd-students-portal/backend/internal/handlers/chat.go:280.2,280.20 1 1
github.com/AlmatJuvashev/phd-students-portal/backend/internal/handlers/chat.go:280.20,280.50 1 0
github.com/AlmatJuvashev/phd-students-portal/backend/internal/handlers/chat.go:282.2,283.16 2 1
github.com/AlmatJuvashev/phd-students-portal/backend/internal/handlers/chat.go:283.16,286.3 2 0
github.com/AlmatJuvashev/phd-students-portal/backend/internal/handlers/chat.go:288.2,288.52 1 1
github.com/AlmatJuvashev/phd-students-portal/backend/internal/handlers/chat.go:292.62,302.47 3 1
github.com/AlmatJuvashev/phd-students-portal/backend/internal/handlers/chat.go:302.47,305.3 2 0
github.com/AlmatJuvashev/phd-students-portal/backend/internal/handlers/chat.go:307.2,308.23 2 1
github.com/AlmatJuvashev/phd-students-portal/backend/internal/handlers/chat.go:308.23,308.59 1 0
github.com/AlmatJuvashev/phd-students-portal/backend/internal/handlers/chat.go:309.2,309.26 1 1
github.com/AlmatJuvashev/phd-students-portal/backend/internal/handlers/chat.go:309.26,309.68 1 0
github.com/AlmatJuvashev/phd-students-portal/backend/internal/handlers/chat.go:310.2,310.22 1 1
github.com/AlmatJuvashev/phd-students-portal/backend/internal/handlers/chat.go:310.22,310.56 1 0
github.com/AlmatJuvashev/phd-students-portal/backend/internal/handlers/chat.go:311.2,311.25 1 1
github.com/AlmatJuvashev/phd-students-portal/backend/internal/handlers/chat.go:311.25,311.65 1 0
github.com/AlmatJuvashev/phd-students-portal/backend/internal/handlers/chat.go:312.2,312.20 1 1
github.com/AlmatJuvashev/phd-students-portal/backend/internal/handlers/chat.go:312.20,312.50 1 0
github.com/AlmatJuvashev/phd-students-portal/backend/internal/handlers/chat.go:314.2,315.16 2 1
github.com/AlmatJuvashev/phd-students-portal/backend/internal/handlers/chat.go:315.16,318.3 2 0
github.com/AlmatJuvashev/phd-students-portal/backend/internal/handlers/chat.go:320.2,320.54 1 1
github.com/AlmatJuvashev/phd-students-portal/backend/internal/handlers/chat.go:324.50,328.16 3 1
github.com/AlmatJuvashev/phd-students-portal/backend/internal/handlers/chat.go:328.16,331.3 2 1
github.com/AlmatJuvashev/phd-students-portal/backend/internal/handlers/chat.go:333.2,334.16 2 1
github.com/AlmatJuvashev/phd-students-portal/backend/internal/handlers/chat.go:334.16,338.3 3 0
github.com/AlmatJuvashev/phd-students-portal/backend/internal/handlers/chat.go:340.2,345.4 1 1
github.com/AlmatJuvashev/phd-students-portal/backend/internal/handlers/chat.go:349.52,356.16 5 1
github.com/AlmatJuvashev/phd-students-portal/backend/internal/handlers/chat.go:356.16,359.3 2 0
github.com/AlmatJuvashev/phd-students-portal/backend/internal/handlers/chat.go:360.2,360.15 1 1
github.com/AlmatJuvashev/phd-students-portal/backend/internal/handlers/chat.go:360.15,363.3 2 1
github.com/AlmatJuvashev/phd-students-portal/backend/internal/handlers/chat.go:365.2,366.16 2 1
github.com/AlmatJuvashev/phd-students-portal/backend/internal/handlers/chat.go:366.16,367.25 1 1
github.com/AlmatJuvashev/phd-students-portal/backend/internal/handlers/chat.go:367.25,370.4 2 1
github.com/AlmatJuvashev/phd-students-portal/backend/internal/handlers/chat.go:371.3,372.9 2 0
github.com/AlmatJuvashev/phd-students-portal/backend/internal/handlers/chat.go:376.2,378.21 3 0
github.com/AlmatJuvashev/phd-students-portal/backend/internal/handlers/chat.go:378.21,380.3 1 0
github.com/AlmatJuvashev/phd-students-portal/backend/internal/handlers/chat.go:382.2,383.18 2 0
github.com/AlmatJuvashev/phd-students-portal/backend/internal/handlers/chat.go:387.53,390.15 3 1
github.com/AlmatJuvashev/phd-students-portal/backend/internal/handlers/chat.go:390.15,393.3 2 0
github.com/AlmatJuvashev/phd-students-portal/backend/internal/handlers/chat.go:395.2,398.47 2 1
github.com/AlmatJuvashev/phd-students-portal/backend/internal/handlers/chat.go:398.47,401.3 2 0
github.com/AlmatJuvashev/phd-students-portal/backend/internal/handlers/chat.go:403.2,404.16 2 1
github.com/AlmatJuvashev/phd-students-portal/backend/internal/handlers/chat.go:404.16,405.27 1 1
github.com/AlmatJuvashev/phd-students-portal/backend/internal/handlers/chat.go:405.27,408.4 2 1
github.com/AlmatJuvashev/phd-students-portal/backend/internal/handlers/chat.go:409.3,410.9 2 0
github.com/AlmatJuvashev/phd-students-portal/backend/internal/handlers/chat.go:413.2,413.46 1 1
github.com/AlmatJuvashev/phd-students-portal/backend/internal/handlers/chat.go:417.53,420.15 3 1
github.com/AlmatJuvashev/phd-students-portal/backend/internal/handlers/chat.go:420.15,423.3 2 0
github.com/AlmatJuvashev/phd-students-portal/backend/internal/handlers/chat.go:425.2,426.16 2 1
github.com/AlmatJuvashev/phd-students-portal/backend/internal/handlers/chat.go:426.16,427.27 1 1
github.com/AlmatJuvashev/phd-students-portal/backend/internal/handlers/chat.go:427.27,430.4 2 1
github.com/AlmatJuvashev/phd-students-portal/backend/internal/handlers/chat.go:431.3,432.9 2 0
github.com/AlmatJuvashev/phd-students-portal/backend/internal/handlers/chat.go:435.2,435.47 1 1
github.com/AlmatJuvashev/phd-students-portal/backend/internal/handlers/chat.go:439.52,441.15 2 1
github.com/AlmatJuvashev/phd-students-portal/backend/internal/handlers/chat.go:441.15,444.3 2 0
github.com/AlmatJuvashev/phd-students-portal/backend/internal/handlers/chat.go:445.2,447.16 3 1
github.com/AlmatJuvashev/phd-students-portal/backend/internal/handlers/chat.go:447.16,450.3 2 0
github.com/AlmatJuvashev/phd-students-portal/backend/internal/handlers/chat.go:451.2,451.15 1 1
github.com/AlmatJuvashev/phd-students-portal/backend/internal/handlers/chat.go:451.15,454.3 2 0
github.com/AlmatJuvashev/phd-students-portal/backend/internal/handlers/chat.go:456.2,458.16 3 1
github.com/AlmatJuvashev/phd-students-portal/backend/internal/handlers/chat.go:458.16,461.3 2 1
github.com/AlmatJuvashev/phd-students-portal/backend/internal/handlers/chat.go:462.2,463.16 2 1
github.com/AlmatJuvashev/phd-students-portal/backend/internal/handlers/chat.go:463.16,466.3 2 1
github.com/AlmatJuvashev/phd-students-portal/backend/internal/handlers/chat.go:468.2,469.16 2 1
github.com/AlmatJuvashev/phd-students-portal/backend/internal/handlers/chat.go:469.16,472.3 2 0
github.com/AlmatJuvashev/phd-students-portal/backend/internal/handlers/chat.go:473.2,473.48 1 1
github.com/AlmatJuvashev/phd-students-portal/backend/internal/handlers/chat.go:477.50,479.15 2 1
github.com/AlmatJuvashev/phd-students-portal/backend/internal/handlers/chat.go:479.15,482.3 2 0
github.com/AlmatJuvashev/phd-students-portal/backend/internal/handlers/chat.go:483.2,486.16 3 1
github.com/AlmatJuvashev/phd-students-portal/backend/internal/handlers/chat.go:486.16,489.3 2 0
github.com/AlmatJuvashev/phd-students-portal/backend/internal/handlers/chat.go:490.2,490.15 1 1
github.com/AlmatJuvashev/phd-students-portal/backend/internal/handlers/chat.go:490.15,493.3 2 1
github.com/AlmatJuvashev/phd-students-portal/backend/internal/handlers/chat.go:495.2,495.79 1 1
github.com/AlmatJuvashev/phd-students-portal/backend/internal/handlers/chat.go:495.79,498.3 2 0
github.com/AlmatJuvashev/phd-students-portal/backend/internal/handlers/chat.go:499.2,499.42 1 1
github.com/AlmatJuvashev/phd-students-portal/backend/internal/handlers/chat.go:502.40,503.13 1 1
github.com/AlmatJuvashev/phd-students-portal/backend/internal/handlers/chat.go:503.13,505.3 1 1
github.com/AlmatJuvashev/phd-students-portal/backend/internal/handlers/chat.go:506.2,507.16 2 1
github.com/AlmatJuvashev/phd-students-portal/backend/internal/handlers/chat.go:507.16,509.3 1 1
github.com/AlmatJuvashev/phd-students-portal/backend/internal/handlers/chat.go:510.2,510.12 1 1
github.com/AlmatJuvashev/phd-students-portal/backend/internal/handlers/chat.go:510.12,512.3 1 1
github.com/AlmatJuvashev/phd-students-portal/backend/internal/handlers/chat.go:513.2,513.13 1 1
github.com/AlmatJuvashev/phd-students-portal/backend/internal/handlers/chat.go:513.13,515.3 1 1
github.com/AlmatJuvashev/phd-students-portal/backend/internal/handlers/chat.go:516.2,516.10 1 1
github.com/AlmatJuvashev/phd-students-portal/backend/internal/handlers/chat.go:519.49,520.13 1 1
github.com/AlmatJuvashev/phd-students-portal/backend/internal/handlers/chat.go:520.13,522.3 1 1
github.com/AlmatJuvashev/phd-students-portal/backend/internal/handlers/chat.go:523.2,524.16 2 1
github.com/AlmatJuvashev/phd-students-portal/backend/internal/handlers/chat.go:524.16,526.3 1 1
github.com/AlmatJuvashev/phd-students-portal/backend/internal/handlers/chat.go:527.2,527.16 1 1
github.com/AlmatJuvashev/phd-students-portal/backend/internal/handlers/chat.go:530.50,531.11 1 1
github.com/AlmatJuvashev/phd-students-portal/backend/internal/handlers/chat.go:532.142,533.14 1 1
github.com/AlmatJuvashev/phd-students-portal/backend/internal/handlers/chat.go:534.10,535.15 1 1
github.com/AlmatJuvashev/phd-students-portal/backend/internal/handlers/chat.go:539.58,540.11 1 1
github.com/AlmatJuvashev/phd-students-portal/backend/internal/handlers/chat.go:541.107,542.14 1 1
github.com/AlmatJuvashev/phd-students-portal/backend/internal/handlers/chat.go:543.10,544.15 1 1
github.com/AlmatJuvashev/phd-students-portal/backend/internal/handlers/checklist.go:18.98,20.2 1 1
github.com/AlmatJuvashev/phd-students-portal/backend/internal/handlers/checklist.go:23.56,25.16 2 1
github.com/AlmatJuvashev/phd-students-portal/backend/internal/handlers/checklist.go:25.16,28.3 2 1
github.com/AlmatJuvashev/phd-students-portal/backend/internal/handlers/checklist.go:29.2,29.19 1 1
github.com/AlmatJuvashev/phd-students-portal/backend/internal/handlers/checklist.go:33.62,36.16 3 1
github.com/AlmatJuvashev/phd-students-portal/backend/internal/handlers/checklist.go:36.16,39.3 2 1
github.com/AlmatJuvashev/phd-students-portal/backend/internal/handlers/checklist.go:40.2,40.19 1 1
github.com/AlmatJuvashev/phd-students-portal/backend/internal/handlers/checklist.go:44.61,47.16 3 1
github.com/AlmatJuvashev/phd-students-portal/backend/internal/handlers/checklist.go:47.16,50.3 2 1
github.com/AlmatJuvashev/phd-students-portal/backend/internal/handlers/checklist.go:51.2,51.19 1 1
github.com/AlmatJuvashev/phd-students-portal/backend/internal/handlers/checklist.go:60.62,64.47 4 1
github.com/AlmatJuvashev/phd-students-portal/backend/internal/handlers/checklist.go:64.47,67.3 2 1
github.com/AlmatJuvashev/phd-students-portal/backend/internal/handlers/checklist.go:68.2,69.102 2 1
github.com/AlmatJuvashev/phd-students-portal/backend/internal/handlers/checklist.go:69.102,72.3 2 1
github.com/AlmatJuvashev/phd-students-portal/backend/internal/handlers/checklist.go:73.2,73.32 1 1
github.com/AlmatJuvashev/phd-students-portal/backend/internal/handlers/checklist.go:77.57,79.16 2 1
github.com/AlmatJuvashev/phd-students-portal/backend/internal/handlers/checklist.go:79.16,82.3 2 1
github.com/AlmatJuvashev/phd-students-portal/backend/internal/handlers/checklist.go:83.2,83.19 1 1
github.com/AlmatJuvashev/phd-students-portal/backend/internal/handlers/checklist.go:92.56,100.111 6 1
github.com/AlmatJuvashev/phd-students-portal/backend/internal/handlers/checklist.go:100.111,103.3 2 1
github.com/AlmatJuvashev/phd-students-portal/backend/internal/handlers/checklist.go:104.2,104.32 1 1
github.com/AlmatJuvashev/phd-students-portal/backend/internal/handlers/checklist.go:108.55,116.110 6 1
github.com/AlmatJuvashev/phd-students-portal/backend/internal/handlers/checklist.go:116.110,120.3 3 1
github.com/AlmatJuvashev/phd-students-portal/backend/internal/handlers/checklist.go:121.2,121.32 1 1
github.com/AlmatJuvashev/phd-students-portal/backend/internal/handlers/comments.go:17.94,19.2 1 1
github.com/AlmatJuvashev/phd-students-portal/backend/internal/handlers/comments.go:22.57,32.45 6 1
github.com/AlmatJuvashev/phd-students-portal/backend/internal/handlers/comments.go:32.45,35.3 2 0
github.com/AlmatJuvashev/phd-students-portal/backend/internal/handlers/comments.go:37.2,46.16 3 1
github.com/AlmatJuvashev/phd-students-portal/backend/internal/handlers/comments.go:46.16,49.3 2 0
github.com/AlmatJuvashev/phd-students-portal/backend/internal/handlers/comments.go:50.2,50.45 1 1
github.com/AlmatJuvashev/phd-students-portal/backend/internal/handlers/comments.go:54.55,59.16 4 1
github.com/AlmatJuvashev/phd-students-portal/backend/internal/handlers/comments.go:59.16,62.3 2 0
github.com/AlmatJuvashev/phd-students-portal/backend/internal/handlers/comments.go:64.2,64.33 1 1
github.com/AlmatJuvashev/phd-students-portal/backend/internal/handlers/contacts.go:16.72,18.2 1 1
github.com/AlmatJuvashev/phd-students-portal/backend/internal/handlers/contacts.go:29.54,31.13 2 1
github.com/AlmatJuvashev/phd-students-portal/backend/internal/handlers/contacts.go:31.13,34.3 2 0
github.com/AlmatJuvashev/phd-students-portal/backend/internal/handlers/contacts.go:36.2,37.16 2 1
github.com/AlmatJuvashev/phd-students-portal/backend/internal/handlers/contacts.go:37.16,40.3 2 0
github.com/AlmatJuvashev/phd-students-portal/backend/internal/handlers/contacts.go:41.2,41.33 1 1
github.com/AlmatJuvashev/phd-students-portal/backend/internal/handlers/contacts.go:44.53,46.13 2 1
github.com/AlmatJuvashev/phd-students-portal/backend/internal/handlers/contacts.go:46.13,49.3 2 0
github.com/AlmatJuvashev/phd-students-portal/backend/internal/handlers/contacts.go:50.2,53.16 3 1
github.com/AlmatJuvashev/phd-students-portal/backend/internal/handlers/contacts.go:53.16,56.3 2 0
github.com/AlmatJuvashev/phd-students-portal/backend/internal/handlers/contacts.go:57.2,57.33 1 1
github.com/AlmatJuvashev/phd-students-portal/backend/internal/handlers/contacts.go:60.50,62.47 2 1
github.com/AlmatJuvashev/phd-students-portal/backend/internal/handlers/contacts.go:62.47,65.3 2 0
github.com/AlmatJuvashev/phd-students-portal/backend/internal/handlers/contacts.go:66.2,66.24 1 1
github.com/AlmatJuvashev/phd-students-portal/backend/internal/handlers/contacts.go:66.24,69.3 2 1
github.com/AlmatJuvashev/phd-students-portal/backend/internal/handlers/contacts.go:71.2,72.23 2 1
github.com/AlmatJuvashev/phd-students-portal/backend/internal/handlers/contacts.go:72.23,75.3 2 0
github.com/AlmatJuvashev/phd-students-portal/backend/internal/handlers/contacts.go:77.2,78.26 2 1
github.com/AlmatJuvashev/phd-students-portal/backend/internal/handlers/contacts.go:78.26,80.3 1 1
github.com/AlmatJuvashev/phd-students-portal/backend/internal/handlers/contacts.go:81.2,82.25 2 1
github.com/AlmatJuvashev/phd-students-portal/backend/internal/handlers/contacts.go:82.25,84.3 1 0
github.com/AlmatJuvashev/phd-students-portal/backend/internal/handlers/contacts.go:86.2,96.16 3 1
github.com/AlmatJuvashev/phd-students-portal/backend/internal/handlers/contacts.go:96.16,97.57 1 0
github.com/AlmatJuvashev/phd-students-portal/backend/internal/handlers/contacts.go:97.57,100.4 2 0
github.com/AlmatJuvashev/phd-students-portal/backend/internal/handlers/contacts.go:101.3,102.9 2 0
github.com/AlmatJuvashev/phd-students-portal/backend/internal/handlers/contacts.go:104.2,104.45 1 1
github.com/AlmatJuvashev/phd-students-portal/backend/internal/handlers/contacts.go:107.50,112.47 4 1
github.com/AlmatJuvashev/phd-students-portal/backend/internal/handlers/contacts.go:112.47,115.3 2 0
github.com/AlmatJuvashev/phd-students-portal/backend/internal/handlers/contacts.go:117.2,119.23 2 1
github.com/AlmatJuvashev/phd-students-portal/backend/internal/handlers/contacts.go:119.23,121.3 1 1
github.com/AlmatJuvashev/phd-students-portal/backend/internal/handlers/contacts.go:122.2,122.22 1 1
github.com/AlmatJuvashev/phd-students-portal/backend/internal/handlers/contacts.go:122.22,124.3 1 0
github.com/AlmatJuvashev/phd-students-portal/backend/internal/handlers/contacts.go:125.2,125.22 1 1
github.com/AlmatJuvashev/phd-students-portal/backend/internal/handlers/contacts.go:125.22,127.3 1 0
github.com/AlmatJuvashev/phd-students-portal/backend/internal/handlers/contacts.go:128.2,128.22 1 1
github.com/AlmatJuvashev/phd-students-portal/backend/internal/handlers/contacts.go:128.22,130.3 1 0
github.com/AlmatJuvashev/phd-students-portal/backend/internal/handlers/contacts.go:131.2,131.26 1 1
github.com/AlmatJuvashev/phd-students-portal/backend/internal/handlers/contacts.go:131.26,133.3 1 0
github.com/AlmatJuvashev/phd-students-portal/backend/internal/handlers/contacts.go:134.2,134.25 1 1
github.com/AlmatJuvashev/phd-students-portal/backend/internal/handlers/contacts.go:134.25,136.3 1 0
github.com/AlmatJuvashev/phd-students-portal/backend/internal/handlers/contacts.go:138.2,138.23 1 1
github.com/AlmatJuvashev/phd-students-portal/backend/internal/handlers/contacts.go:138.23,141.3 2 1
github.com/AlmatJuvashev/phd-students-portal/backend/internal/handlers/contacts.go:143.2,143.84 1 1
github.com/AlmatJuvashev/phd-students-portal/backend/internal/handlers/contacts.go:143.84,146.3 2 0
github.com/AlmatJuvashev/phd-students-portal/backend/internal/handlers/contacts.go:147.2,147.42 1 1
github.com/AlmatJuvashev/phd-students-portal/backend/internal/handlers/contacts.go:150.50,154.75 3 1
github.com/AlmatJuvashev/phd-students-portal/backend/internal/handlers/contacts.go:154.75,157.3 2 0
github.com/AlmatJuvashev/phd-students-portal/backend/internal/handlers/contacts.go:158.2,158.42 1 1
github.com/AlmatJuvashev/phd-students-portal/backend/internal/handlers/course_content_handler.go:15.88,17.2 1 1
github.com/AlmatJuvashev/phd-students-portal/backend/internal/handlers/course_content_handler.go:21.60,23.20 2 1
github.com/AlmatJuvashev/phd-students-portal/backend/internal/handlers/course_content_handler.go:23.20,26.3 2 0
github.com/AlmatJuvashev/phd-students-portal/backend/internal/handlers/course_content_handler.go:27.2,28.16 2 1
github.com/AlmatJuvashev/phd-students-portal/backend/internal/handlers/course_content_handler.go:28.16,31.3 2 0
github.com/AlmatJuvashev/phd-students-portal/backend/internal/handlers/course_content_handler.go:32.2,32.29 1 1
github.com/AlmatJuvashev/phd-students-portal/backend/internal/handlers/course_content_handler.go:35.61,37.45 2 1
github.com/AlmatJuvashev/phd-students-portal/backend/internal/handlers/course_content_handler.go:37.45,40.3 2 1
github.com/AlmatJuvashev/phd-students-portal/backend/internal/handlers/course_content_handler.go:41.2,41.68 1 1
github.com/AlmatJuvashev/phd-students-portal/backend/internal/handlers/course_content_handler.go:41.68,44.3 2 1
github.com/AlmatJuvashev/phd-students-portal/backend/internal/handlers/course_content_handler.go:45.2,45.31 1 1
github.com/AlmatJuvashev/phd-students-portal/backend/internal/handlers/course_content_handler.go:48.61,51.45 3 1
github.com/AlmatJuvashev/phd-students-portal/backend/internal/handlers/course_content_handler.go:51.45,54.3 2 0
github.com/AlmatJuvashev/phd-students-portal/backend/internal/handlers/course_content_handler.go:55.2,56.68 2 1
github.com/AlmatJuvashev/phd-students-portal/backend/internal/handlers/course_content_handler.go:56.68,59.3 2 0
github.com/AlmatJuvashev/phd-students-portal/backend/internal/handlers/course_content_handler.go:60.2,60.26 1 1
github.com/AlmatJuvashev/phd-students-portal/backend/internal/handlers/course_content_handler.go:63.61,65.68 2 1
github.com/AlmatJuvashev/phd-students-portal/backend/internal/handlers/course_content_handler.go:65.68,68.3 2 0
github.com/AlmatJuvashev/phd-students-portal/backend/internal/handlers/course_content_handler.go:69.2,69.42 1 1
github.com/AlmatJuvashev/phd-students-portal/backend/internal/handlers/course_content_handler.go:74.60,76.20 2 1
github.com/AlmatJuvashev/phd-students-portal/backend/internal/handlers/course_content_handler.go:76.20,79.3 2 0
github.com/AlmatJuvashev/phd-students-portal/backend/internal/handlers/course_content_handler.go:80.2,81.16 2 1
github.com/AlmatJuvashev/phd-students-portal/backend/internal/handlers/course_content_handler.go:81.16,84.3 2 0
github.com/AlmatJuvashev/phd-students-portal/backend/internal/handlers/course_content_handler.go:85.2,85.29 1 1
github.com/AlmatJuvashev/phd-students-portal/backend/internal/handlers/course_content_handler.go:88.61,90.45 2 1
github.com/AlmatJuvashev/phd-students-portal/backend/internal/handlers/course_content_handler.go:90.45,93.3 2 1
github.com/AlmatJuvashev/phd-students-portal/backend/internal/handlers/course_content_handler.go:94.2,94.68 1 1
github.com/AlmatJuvashev/phd-students-portal/backend/internal/handlers/course_content_handler.go:94.68,97.3 2 1
github.com/AlmatJuvashev/phd-students-portal/backend/internal/handlers/course_content_handler.go:98.2,98.31 1 1
github.com/AlmatJuvashev/phd-students-portal/backend/internal/handlers/course_content_handler.go:101.61,104.45 3 1
github.com/AlmatJuvashev/phd-students-portal/backend/internal/handlers/course_content_handler.go:104.45,107.3 2 0
github.com/AlmatJuvashev/phd-students-portal/backend/internal/handlers/course_content_handler.go:108.2,109.68 2 1
github.com/AlmatJuvashev/phd-students-portal/backend/internal/handlers/course_content_handler.go:109.68,112.3 2 0
github.com/AlmatJuvashev/phd-students-portal/backend/internal/handlers/course_content_handler.go:113.2,113.26 1 1
github.com/AlmatJuvashev/phd-students-portal/backend/internal/handlers/course_content_handler.go:116.61,118.68 2 1
[...]
github.com/AlmatJuvashev/phd-students-portal/backend/internal/handlers/superadmin_tenants.go:155.2,155.31 1 1
github.com/AlmatJuvashev/phd-students-portal/backend/internal/handlers/superadmin_tenants.go:155.31,155.83 1 0
github.com/AlmatJuvashev/phd-students-portal/backend/internal/handlers/superadmin_tenants.go:156.2,156.25 1 1
github.com/AlmatJuvashev/phd-students-portal/backend/internal/handlers/superadmin_tenants.go:156.25,156.65 1 0
github.com/AlmatJuvashev/phd-students-portal/backend/internal/handlers/superadmin_tenants.go:158.2,159.16 2 1
github.com/AlmatJuvashev/phd-students-portal/backend/internal/handlers/superadmin_tenants.go:159.16,162.3 2 1
github.com/AlmatJuvashev/phd-students-portal/backend/internal/handlers/superadmin_tenants.go:164.2,175.31 2 1
github.com/AlmatJuvashev/phd-students-portal/backend/internal/handlers/superadmin_tenants.go:180.65,183.16 3 1
github.com/AlmatJuvashev/phd-students-portal/backend/internal/handlers/superadmin_tenants.go:183.16,186.3 2 1
github.com/AlmatJuvashev/phd-students-portal/backend/internal/handlers/superadmin_tenants.go:188.2,199.63 2 1
github.com/AlmatJuvashev/phd-students-portal/backend/internal/handlers/superadmin_tenants.go:203.63,208.16 3 1
github.com/AlmatJuvashev/phd-students-portal/backend/internal/handlers/superadmin_tenants.go:208.16,211.3 2 0
github.com/AlmatJuvashev/phd-students-portal/backend/internal/handlers/superadmin_tenants.go:214.2,218.30 3 1
github.com/AlmatJuvashev/phd-students-portal/backend/internal/handlers/superadmin_tenants.go:218.30,221.3 2 1
github.com/AlmatJuvashev/phd-students-portal/backend/internal/handlers/superadmin_tenants.go:224.2,227.16 3 1
github.com/AlmatJuvashev/phd-students-portal/backend/internal/handlers/superadmin_tenants.go:227.16,230.3 2 1
github.com/AlmatJuvashev/phd-students-portal/backend/internal/handlers/superadmin_tenants.go:232.2,243.51 2 1
github.com/AlmatJuvashev/phd-students-portal/backend/internal/handlers/superadmin_tenants.go:252.73,256.47 3 1
github.com/AlmatJuvashev/phd-students-portal/backend/internal/handlers/superadmin_tenants.go:256.47,259.3 2 0
github.com/AlmatJuvashev/phd-students-portal/backend/internal/handlers/superadmin_tenants.go:262.2,265.46 2 1
github.com/AlmatJuvashev/phd-students-portal/backend/internal/handlers/superadmin_tenants.go:265.46,266.30 1 1
github.com/AlmatJuvashev/phd-students-portal/backend/internal/handlers/superadmin_tenants.go:266.30,269.4 2 1
github.com/AlmatJuvashev/phd-students-portal/backend/internal/handlers/superadmin_tenants.go:272.2,273.16 2 1
github.com/AlmatJuvashev/phd-students-portal/backend/internal/handlers/superadmin_tenants.go:273.16,276.3 2 1
github.com/AlmatJuvashev/phd-students-portal/backend/internal/handlers/superadmin_tenants.go:278.2,292.4 2 1
github.com/AlmatJuvashev/phd-students-portal/backend/internal/handlers/superadmin_tenants.go:295.31,296.13 1 1
github.com/AlmatJuvashev/phd-students-portal/backend/internal/handlers/superadmin_tenants.go:296.13,296.27 1 1
github.com/AlmatJuvashev/phd-students-portal/backend/internal/handlers/superadmin_tenants.go:297.2,297.11 1 1
github.com/AlmatJuvashev/phd-students-portal/backend/internal/handlers/teacher_handler.go:16.70,18.2 1 1
github.com/AlmatJuvashev/phd-students-portal/backend/internal/handlers/teacher_handler.go:21.60,24.16 3 1
github.com/AlmatJuvashev/phd-students-portal/backend/internal/handlers/teacher_handler.go:24.16,27.3 2 0
github.com/AlmatJuvashev/phd-students-portal/backend/internal/handlers/teacher_handler.go:28.2,28.30 1 1
github.com/AlmatJuvashev/phd-students-portal/backend/internal/handlers/teacher_handler.go:33.56,38.2 1 1
github.com/AlmatJuvashev/phd-students-portal/backend/internal/handlers/teacher_handler.go:41.55,44.16 3 1
github.com/AlmatJuvashev/phd-students-portal/backend/internal/handlers/teacher_handler.go:44.16,47.3 2 0
github.com/AlmatJuvashev/phd-students-portal/backend/internal/handlers/teacher_handler.go:48.2,48.32 1 1
github.com/AlmatJuvashev/phd-students-portal/backend/internal/handlers/teacher_handler.go:52.58,56.16 3 1
github.com/AlmatJuvashev/phd-students-portal/backend/internal/handlers/teacher_handler.go:56.16,59.3 2 0
github.com/AlmatJuvashev/phd-students-portal/backend/internal/handlers/teacher_handler.go:60.2,60.31 1 1
github.com/AlmatJuvashev/phd-students-portal/backend/internal/handlers/teacher_handler.go:64.60,67.16 3 1
github.com/AlmatJuvashev/phd-students-portal/backend/internal/handlers/teacher_handler.go:67.16,70.3 2 0
github.com/AlmatJuvashev/phd-students-portal/backend/internal/handlers/teacher_handler.go:71.2,71.33 1 1
github.com/AlmatJuvashev/phd-students-portal/backend/internal/handlers/teacher_handler.go:75.60,78.16 3 1
github.com/AlmatJuvashev/phd-students-portal/backend/internal/handlers/teacher_handler.go:78.16,81.3 2 0
github.com/AlmatJuvashev/phd-students-portal/backend/internal/handlers/teacher_handler.go:82.2,82.33 1 1
github.com/AlmatJuvashev/phd-students-portal/backend/internal/handlers/teacher_handler.go:86.64,89.22 3 1
github.com/AlmatJuvashev/phd-students-portal/backend/internal/handlers/teacher_handler.go:89.22,92.3 2 0
github.com/AlmatJuvashev/phd-students-portal/backend/internal/handlers/teacher_handler.go:94.2,95.36 2 1
github.com/AlmatJuvashev/phd-students-portal/backend/internal/handlers/teacher_handler.go:95.36,96.44 1 1
github.com/AlmatJuvashev/phd-students-portal/backend/internal/handlers/teacher_handler.go:96.44,98.4 1 1
github.com/AlmatJuvashev/phd-students-portal/backend/internal/handlers/teacher_handler.go:101.2,102.16 2 1
github.com/AlmatJuvashev/phd-students-portal/backend/internal/handlers/teacher_handler.go:102.16,105.3 2 0
github.com/AlmatJuvashev/phd-students-portal/backend/internal/handlers/teacher_handler.go:106.2,106.31 1 1
github.com/AlmatJuvashev/phd-students-portal/backend/internal/handlers/teacher_handler.go:110.55,113.16 3 1
github.com/AlmatJuvashev/phd-students-portal/backend/internal/handlers/teacher_handler.go:113.16,116.3 2 0
github.com/AlmatJuvashev/phd-students-portal/backend/internal/handlers/teacher_handler.go:117.2,117.31 1 1
github.com/AlmatJuvashev/phd-students-portal/backend/internal/handlers/teacher_handler.go:121.57,124.16 3 1
github.com/AlmatJuvashev/phd-students-portal/backend/internal/handlers/teacher_handler.go:124.16,127.3 2 0
github.com/AlmatJuvashev/phd-students-portal/backend/internal/handlers/teacher_handler.go:128.2,128.29 1 1
github.com/AlmatJuvashev/phd-students-portal/backend/internal/handlers/teacher_handler.go:132.56,135.47 3 1
github.com/AlmatJuvashev/phd-students-portal/backend/internal/handlers/teacher_handler.go:135.47,138.3 2 0
github.com/AlmatJuvashev/phd-students-portal/backend/internal/handlers/teacher_handler.go:139.2,143.16 4 1
github.com/AlmatJuvashev/phd-students-portal/backend/internal/handlers/teacher_handler.go:143.16,146.3 2 0
github.com/AlmatJuvashev/phd-students-portal/backend/internal/handlers/teacher_handler.go:147.2,147.37 1 1
github.com/AlmatJuvashev/phd-students-portal/backend/internal/handlers/teacher_handler.go:151.57,154.16 3 1
github.com/AlmatJuvashev/phd-students-portal/backend/internal/handlers/teacher_handler.go:154.16,157.3 2 0
github.com/AlmatJuvashev/phd-students-portal/backend/internal/handlers/teacher_handler.go:158.2,158.29 1 1
github.com/AlmatJuvashev/phd-students-portal/backend/internal/handlers/teacher_handler.go:162.59,165.82 2 1
github.com/AlmatJuvashev/phd-students-portal/backend/internal/handlers/teacher_handler.go:165.82,168.3 2 0
github.com/AlmatJuvashev/phd-students-portal/backend/internal/handlers/teacher_handler.go:169.2,169.32 1 1
github.com/AlmatJuvashev/phd-students-portal/backend/internal/handlers/transcript_handler.go:14.78,16.2 1 1
github.com/AlmatJuvashev/phd-students-portal/backend/internal/handlers/transcript_handler.go:26.66,29.18 2 1
github.com/AlmatJuvashev/phd-students-portal/backend/internal/handlers/transcript_handler.go:29.18,32.3 2 1
github.com/AlmatJuvashev/phd-students-portal/backend/internal/handlers/transcript_handler.go:34.2,35.16 2 1
github.com/AlmatJuvashev/phd-students-portal/backend/internal/handlers/transcript_handler.go:35.16,38.3 2 1
github.com/AlmatJuvashev/phd-students-portal/backend/internal/handlers/transcript_handler.go:40.2,40.35 1 1
github.com/AlmatJuvashev/phd-students-portal/backend/internal/handlers/users.go:26.93,31.2 1 1
github.com/AlmatJuvashev/phd-students-portal/backend/internal/handlers/users.go:49.51,53.47 2 1
github.com/AlmatJuvashev/phd-students-portal/backend/internal/handlers/users.go:53.47,56.3 2 1
github.com/AlmatJuvashev/phd-students-portal/backend/internal/handlers/users.go:57.2,57.30 1 1
github.com/AlmatJuvashev/phd-students-portal/backend/internal/handlers/users.go:57.30,60.3 2 0
github.com/AlmatJuvashev/phd-students-portal/backend/internal/handlers/users.go:62.2,77.16 3 1
github.com/AlmatJuvashev/phd-students-portal/backend/internal/handlers/users.go:77.16,81.3 3 1
github.com/AlmatJuvashev/phd-students-portal/backend/internal/handlers/users.go:83.2,83.27 1 1
github.com/AlmatJuvashev/phd-students-portal/backend/internal/handlers/users.go:83.27,85.21 2 1
github.com/AlmatJuvashev/phd-students-portal/backend/internal/handlers/users.go:85.21,94.4 2 0
github.com/AlmatJuvashev/phd-students-portal/backend/internal/handlers/users.go:97.2,97.84 1 1
github.com/AlmatJuvashev/phd-students-portal/backend/internal/handlers/users.go:108.51,123.47 3 1
github.com/AlmatJuvashev/phd-students-portal/backend/internal/handlers/users.go:123.47,126.3 2 0
github.com/AlmatJuvashev/phd-students-portal/backend/internal/handlers/users.go:129.2,129.30 1 1
github.com/AlmatJuvashev/phd-students-portal/backend/internal/handlers/users.go:129.30,132.3 2 0
github.com/AlmatJuvashev/phd-students-portal/backend/internal/handlers/users.go:134.2,152.16 4 1
github.com/AlmatJuvashev/phd-students-portal/backend/internal/handlers/users.go:152.16,153.62 1 1
github.com/AlmatJuvashev/phd-students-portal/backend/internal/handlers/users.go:153.62,156.4 2 1
github.com/AlmatJuvashev/phd-students-portal/backend/internal/handlers/users.go:157.3,157.36 1 1
github.com/AlmatJuvashev/phd-students-portal/backend/internal/handlers/users.go:157.36,160.4 2 1
github.com/AlmatJuvashev/phd-students-portal/backend/internal/handlers/users.go:161.3,162.9 2 1
github.com/AlmatJuvashev/phd-students-portal/backend/internal/handlers/users.go:165.2,165.32 1 1
github.com/AlmatJuvashev/phd-students-portal/backend/internal/handlers/users.go:169.58,171.47 2 1
github.com/AlmatJuvashev/phd-students-portal/backend/internal/handlers/users.go:171.47,174.3 2 1
github.com/AlmatJuvashev/phd-students-portal/backend/internal/handlers/users.go:176.2,177.15 2 1
github.com/AlmatJuvashev/phd-students-portal/backend/internal/handlers/users.go:177.15,180.13 2 1
github.com/AlmatJuvashev/phd-students-portal/backend/internal/handlers/users.go:180.13,181.51 1 0
github.com/AlmatJuvashev/phd-students-portal/backend/internal/handlers/users.go:181.51,182.49 1 0
github.com/AlmatJuvashev/phd-students-portal/backend/internal/handlers/users.go:182.49,184.6 1 0
github.com/AlmatJuvashev/phd-students-portal/backend/internal/handlers/users.go:188.2,188.15 1 1
github.com/AlmatJuvashev/phd-students-portal/backend/internal/handlers/users.go:188.15,191.3 2 1
github.com/AlmatJuvashev/phd-students-portal/backend/internal/handlers/users.go:193.2,194.16 2 1
github.com/AlmatJuvashev/phd-students-portal/backend/internal/handlers/users.go:194.16,198.3 3 0
github.com/AlmatJuvashev/phd-students-portal/backend/internal/handlers/users.go:199.2,199.32 1 1
github.com/AlmatJuvashev/phd-students-portal/backend/internal/handlers/users.go:204.61,209.16 3 1
github.com/AlmatJuvashev/phd-students-portal/backend/internal/handlers/users.go:209.16,210.63 1 1
github.com/AlmatJuvashev/phd-students-portal/backend/internal/handlers/users.go:210.63,213.4 2 1
github.com/AlmatJuvashev/phd-students-portal/backend/internal/handlers/users.go:214.3,214.36 1 1
github.com/AlmatJuvashev/phd-students-portal/backend/internal/handlers/users.go:214.36,217.4 2 1
github.com/AlmatJuvashev/phd-students-portal/backend/internal/handlers/users.go:218.3,219.9 2 1
github.com/AlmatJuvashev/phd-students-portal/backend/internal/handlers/users.go:223.2,223.73 1 1
github.com/AlmatJuvashev/phd-students-portal/backend/internal/handlers/users.go:231.50,234.47 3 1
github.com/AlmatJuvashev/phd-students-portal/backend/internal/handlers/users.go:234.47,237.3 2 1
github.com/AlmatJuvashev/phd-students-portal/backend/internal/handlers/users.go:238.2,239.16 2 1
github.com/AlmatJuvashev/phd-students-portal/backend/internal/handlers/users.go:239.16,242.3 2 0
github.com/AlmatJuvashev/phd-students-portal/backend/internal/handlers/users.go:244.2,244.32 1 1
github.com/AlmatJuvashev/phd-students-portal/backend/internal/handlers/users.go:270.50,282.35 9 1
github.com/AlmatJuvashev/phd-students-portal/backend/internal/handlers/users.go:282.35,283.63 1 0
github.com/AlmatJuvashev/phd-students-portal/backend/internal/handlers/users.go:283.63,285.4 1 0
github.com/AlmatJuvashev/phd-students-portal/backend/internal/handlers/users.go:287.2,288.36 2 1
github.com/AlmatJuvashev/phd-students-portal/backend/internal/handlers/users.go:288.36,289.80 1 1
github.com/AlmatJuvashev/phd-students-portal/backend/internal/handlers/users.go:289.80,291.4 1 1
github.com/AlmatJuvashev/phd-students-portal/backend/internal/handlers/users.go:293.2,297.39 3 1
github.com/AlmatJuvashev/phd-students-portal/backend/internal/handlers/users.go:298.15,300.14 2 0
github.com/AlmatJuvashev/phd-students-portal/backend/internal/handlers/users.go:301.13,301.13 0 0
github.com/AlmatJuvashev/phd-students-portal/backend/internal/handlers/users.go:303.10,305.14 2 1
github.com/AlmatJuvashev/phd-students-portal/backend/internal/handlers/users.go:308.2,325.19 5 1
github.com/AlmatJuvashev/phd-students-portal/backend/internal/handlers/users.go:325.19,327.3 1 1
github.com/AlmatJuvashev/phd-students-portal/backend/internal/handlers/users.go:327.8,327.34 1 0
github.com/AlmatJuvashev/phd-students-portal/backend/internal/handlers/users.go:327.34,329.3 1 0
github.com/AlmatJuvashev/phd-students-portal/backend/internal/handlers/users.go:331.2,332.16 2 1
github.com/AlmatJuvashev/phd-students-portal/backend/internal/handlers/users.go:332.16,335.3 2 1
github.com/AlmatJuvashev/phd-students-portal/backend/internal/handlers/users.go:338.2,339.26 2 1
github.com/AlmatJuvashev/phd-students-portal/backend/internal/handlers/users.go:339.26,353.3 1 1
github.com/AlmatJuvashev/phd-students-portal/backend/internal/handlers/users.go:355.2,362.4 2 1
github.com/AlmatJuvashev/phd-students-portal/backend/internal/handlers/users.go:380.49,383.13 2 1
github.com/AlmatJuvashev/phd-students-portal/backend/internal/handlers/users.go:383.13,385.14 2 1
github.com/AlmatJuvashev/phd-students-portal/backend/internal/handlers/users.go:385.14,388.4 2 1
github.com/AlmatJuvashev/phd-students-portal/backend/internal/handlers/users.go:389.3,389.50 1 0
github.com/AlmatJuvashev/phd-students-portal/backend/internal/handlers/users.go:389.50,390.48 1 0
github.com/AlmatJuvashev/phd-students-portal/backend/internal/handlers/users.go:390.48,392.5 1 0
github.com/AlmatJuvashev/phd-students-portal/backend/internal/handlers/users.go:392.10,395.5 2 0
github.com/AlmatJuvashev/phd-students-portal/backend/internal/handlers/users.go:396.9,399.4 2 0
github.com/AlmatJuvashev/phd-students-portal/backend/internal/handlers/users.go:402.2,403.47 2 1
github.com/AlmatJuvashev/phd-students-portal/backend/internal/handlers/users.go:403.47,406.3 2 0
github.com/AlmatJuvashev/phd-students-portal/backend/internal/handlers/users.go:410.2,422.16 3 1
github.com/AlmatJuvashev/phd-students-portal/backend/internal/handlers/users.go:422.16,423.42 1 1
github.com/AlmatJuvashev/phd-students-portal/backend/internal/handlers/users.go:423.42,426.4 2 1
github.com/AlmatJuvashev/phd-students-portal/backend/internal/handlers/users.go:427.3,427.43 1 1
github.com/AlmatJuvashev/phd-students-portal/backend/internal/handlers/users.go:427.43,430.4 2 1
github.com/AlmatJuvashev/phd-students-portal/backend/internal/handlers/users.go:431.3,431.44 1 1
github.com/AlmatJuvashev/phd-students-portal/backend/internal/handlers/users.go:431.44,434.4 2 0
github.com/AlmatJuvashev/phd-students-portal/backend/internal/handlers/users.go:435.3,436.9 2 1
github.com/AlmatJuvashev/phd-students-portal/backend/internal/handlers/users.go:439.2,439.19 1 1
github.com/AlmatJuvashev/phd-students-portal/backend/internal/handlers/users.go:448.53,451.13 3 1
github.com/AlmatJuvashev/phd-students-portal/backend/internal/handlers/users.go:451.13,453.14 2 1
github.com/AlmatJuvashev/phd-students-portal/backend/internal/handlers/users.go:453.14,457.4 3 1
github.com/AlmatJuvashev/phd-students-portal/backend/internal/handlers/users.go:458.3,458.50 1 1
github.com/AlmatJuvashev/phd-students-portal/backend/internal/handlers/users.go:458.50,459.48 1 1
github.com/AlmatJuvashev/phd-students-portal/backend/internal/handlers/users.go:459.48,461.5 1 1
github.com/AlmatJuvashev/phd-students-portal/backend/internal/handlers/users.go:464.2,467.47 3 1
github.com/AlmatJuvashev/phd-students-portal/backend/internal/handlers/users.go:467.47,471.3 3 1
github.com/AlmatJuvashev/phd-students-portal/backend/internal/handlers/users.go:472.2,475.16 3 1
github.com/AlmatJuvashev/phd-students-portal/backend/internal/handlers/users.go:475.16,479.3 3 1
github.com/AlmatJuvashev/phd-students-portal/backend/internal/handlers/users.go:480.2,480.32 1 1
github.com/AlmatJuvashev/phd-students-portal/backend/internal/handlers/users.go:491.60,493.13 2 1
github.com/AlmatJuvashev/phd-students-portal/backend/internal/handlers/users.go:493.13,496.50 2 0
github.com/AlmatJuvashev/phd-students-portal/backend/internal/handlers/users.go:496.50,498.4 1 0
github.com/AlmatJuvashev/phd-students-portal/backend/internal/handlers/users.go:500.2,500.16 1 1
github.com/AlmatJuvashev/phd-students-portal/backend/internal/handlers/users.go:500.16,503.3 2 0
github.com/AlmatJuvashev/phd-students-portal/backend/internal/handlers/users.go:505.2,506.47 2 1
github.com/AlmatJuvashev/phd-students-portal/backend/internal/handlers/users.go:506.47,509.3 2 1
github.com/AlmatJuvashev/phd-students-portal/backend/internal/handlers/users.go:511.2,512.16 2 1
github.com/AlmatJuvashev/phd-students-portal/backend/internal/handlers/users.go:512.16,515.3 2 1
github.com/AlmatJuvashev/phd-students-portal/backend/internal/handlers/users.go:517.2,521.4 1 0
github.com/AlmatJuvashev/phd-students-portal/backend/internal/handlers/users.go:525.58,527.17 2 1
github.com/AlmatJuvashev/phd-students-portal/backend/internal/handlers/users.go:527.17,530.3 2 1
github.com/AlmatJuvashev/phd-students-portal/backend/internal/handlers/users.go:532.2,533.16 2 1
github.com/AlmatJuvashev/phd-students-portal/backend/internal/handlers/users.go:533.16,536.3 2 1
github.com/AlmatJuvashev/phd-students-portal/backend/internal/handlers/users.go:538.2,541.4 1 1
github.com/AlmatJuvashev/phd-students-portal/backend/internal/handlers/users.go:545.68,547.13 2 1
github.com/AlmatJuvashev/phd-students-portal/backend/internal/handlers/users.go:547.13,549.50 2 0
github.com/AlmatJuvashev/phd-students-portal/backend/internal/handlers/users.go:549.50,550.48 1 0
github.com/AlmatJuvashev/phd-students-portal/backend/internal/handlers/users.go:550.48,552.5 1 0
github.com/AlmatJuvashev/phd-students-portal/backend/internal/handlers/users.go:556.2,556.29 1 1
github.com/AlmatJuvashev/phd-students-portal/backend/internal/handlers/users.go:556.29,559.3 2 0
github.com/AlmatJuvashev/phd-students-portal/backend/internal/handlers/users.go:561.2,562.16 2 1
github.com/AlmatJuvashev/phd-students-portal/backend/internal/handlers/users.go:562.16,565.3 2 0
github.com/AlmatJuvashev/phd-students-portal/backend/internal/handlers/users.go:566.2,566.20 1 1
github.com/AlmatJuvashev/phd-students-portal/backend/internal/handlers/users.go:566.20,569.3 2 1
github.com/AlmatJuvashev/phd-students-portal/backend/internal/handlers/users.go:571.2,574.4 1 1
