mode: set
github.com/AlmatJuvashev/phd-students-portal/backend/internal/services/mailer/mailer.go:27.25,36.2 1 1
github.com/AlmatJuvashev/phd-students-portal/backend/internal/services/mailer/mailer.go:38.76,39.34 1 1
github.com/AlmatJuvashev/phd-students-portal/backend/internal/services/mailer/mailer.go:39.34,42.3 2 1
github.com/AlmatJuvashev/phd-students-portal/backend/internal/services/mailer/mailer.go:44.2,48.38 4 1
github.com/AlmatJuvashev/phd-students-portal/backend/internal/services/mailer/mailer.go:48.38,50.3 1 0
github.com/AlmatJuvashev/phd-students-portal/backend/internal/services/mailer/mailer.go:52.2,53.16 2 1
github.com/AlmatJuvashev/phd-students-portal/backend/internal/services/mailer/mailer.go:53.16,56.3 2 1
github.com/AlmatJuvashev/phd-students-portal/backend/internal/services/mailer/mailer.go:58.2,59.12 2 1
github.com/AlmatJuvashev/phd-students-portal/backend/internal/services/mailer/mailer.go:62.121,112.16 4 1
github.com/AlmatJuvashev/phd-students-portal/backend/internal/services/mailer/mailer.go:112.16,114.3 1 0
github.com/AlmatJuvashev/phd-students-portal/backend/internal/services/mailer/mailer.go:116.2,124.16 3 1
github.com/AlmatJuvashev/phd-students-portal/backend/internal/services/mailer/mailer.go:124.16,126.3 1 0
github.com/AlmatJuvashev/phd-students-portal/backend/internal/services/mailer/mailer.go:128.2,128.59 1 1
github.com/AlmatJuvashev/phd-students-portal/backend/internal/services/mailer/mailer.go:131.68,140.2 8 1
github.com/AlmatJuvashev/phd-students-portal/backend/internal/services/debouncer/debouncer.go:18.56,20.21 2 1
github.com/AlmatJuvashev/phd-students-portal/backend/internal/services/debouncer/debouncer.go:20.21,22.3 1 1
github.com/AlmatJuvashev/phd-students-portal/backend/internal/services/debouncer/debouncer.go:24.2,27.66 3 1
github.com/AlmatJuvashev/phd-students-portal/backend/internal/services/debouncer/debouncer.go:27.66,28.63 1 0
github.com/AlmatJuvashev/phd-students-portal/backend/internal/services/debouncer/debouncer.go:28.63,30.4 1 0
github.com/AlmatJuvashev/phd-students-portal/backend/internal/services/debouncer/debouncer.go:33.2,44.47 5 1
github.com/AlmatJuvashev/phd-students-portal/backend/internal/services/debouncer/debouncer.go:44.47,47.3 2 1
github.com/AlmatJuvashev/phd-students-portal/backend/internal/services/debouncer/debouncer.go:49.2,53.3 1 1
github.com/AlmatJuvashev/phd-students-portal/backend/internal/services/debouncer/debouncer.go:58.113,59.16 1 1
github.com/AlmatJuvashev/phd-students-portal/backend/internal/services/debouncer/debouncer.go:59.16,61.3 1 1
github.com/AlmatJuvashev/phd-students-portal/backend/internal/services/debouncer/debouncer.go:63.2,67.16 3 0
github.com/AlmatJuvashev/phd-students-portal/backend/internal/services/debouncer/debouncer.go:67.16,70.3 2 0
github.com/AlmatJuvashev/phd-students-portal/backend/internal/services/debouncer/debouncer.go:72.2,72.16 1 0
github.com/AlmatJuvashev/phd-students-portal/backend/internal/services/debouncer/debouncer.go:72.16,75.3 1 0
github.com/AlmatJuvashev/phd-students-portal/backend/internal/services/debouncer/debouncer.go:78.2,78.82 1 0
github.com/AlmatJuvashev/phd-students-portal/backend/internal/services/debouncer/debouncer.go:78.82,80.3 1 0
github.com/AlmatJuvashev/phd-students-portal/backend/internal/services/debouncer/debouncer.go:82.2,82.13 1 0
github.com/AlmatJuvashev/phd-students-portal/backend/internal/services/debouncer/debouncer.go:85.90,87.2 1 1
github.com/AlmatJuvashev/phd-students-portal/backend/internal/services/debouncer/debouncer.go:89.47,90.21 1 1
github.com/AlmatJuvashev/phd-students-portal/backend/internal/services/debouncer/debouncer.go:90.21,92.3 1 1
github.com/AlmatJuvashev/phd-students-portal/backend/internal/services/debouncer/debouncer.go:93.2,93.12 1 1
github.com/AlmatJuvashev/phd-students-portal/backend/internal/services/scheduler/solver/cost.go:9.90,22.41 5 1
github.com/AlmatJuvashev/phd-students-portal/backend/internal/services/scheduler/solver/cost.go:22.41,25.10 2 1
github.com/AlmatJuvashev/phd-students-portal/backend/internal/services/scheduler/solver/cost.go:25.10,25.20 1 0
github.com/AlmatJuvashev/phd-students-portal/backend/internal/services/scheduler/solver/cost.go:27.3,28.10 2 1
github.com/AlmatJuvashev/phd-students-portal/backend/internal/services/scheduler/solver/cost.go:28.10,28.20 1 0
github.com/AlmatJuvashev/phd-students-portal/backend/internal/services/scheduler/solver/cost.go:32.3,32.42 1 1
github.com/AlmatJuvashev/phd-students-portal/backend/internal/services/scheduler/solver/cost.go:32.42,34.45 2 1
github.com/AlmatJuvashev/phd-students-portal/backend/internal/services/scheduler/solver/cost.go:34.45,36.5 1 1
github.com/AlmatJuvashev/phd-students-portal/backend/internal/services/scheduler/solver/cost.go:36.10,38.5 1 1
github.com/AlmatJuvashev/phd-students-portal/backend/internal/services/scheduler/solver/cost.go:43.3,44.31 2 1
github.com/AlmatJuvashev/phd-students-portal/backend/internal/services/scheduler/solver/cost.go:44.31,46.4 1 1
github.com/AlmatJuvashev/phd-students-portal/backend/internal/services/scheduler/solver/cost.go:48.3,48.39 1 1
github.com/AlmatJuvashev/phd-students-portal/backend/internal/services/scheduler/solver/cost.go:48.39,50.47 2 1
github.com/AlmatJuvashev/phd-students-portal/backend/internal/services/scheduler/solver/cost.go:50.47,52.5 1 1
github.com/AlmatJuvashev/phd-students-portal/backend/internal/services/scheduler/solver/cost.go:52.10,54.5 1 0
github.com/AlmatJuvashev/phd-students-portal/backend/internal/services/scheduler/solver/cost.go:58.3,58.50 1 1
github.com/AlmatJuvashev/phd-students-portal/backend/internal/services/scheduler/solver/cost.go:58.50,59.63 1 0
github.com/AlmatJuvashev/phd-students-portal/backend/internal/services/scheduler/solver/cost.go:59.63,60.28 1 0
github.com/AlmatJuvashev/phd-students-portal/backend/internal/services/scheduler/solver/cost.go:60.28,61.58 1 0
github.com/AlmatJuvashev/phd-students-portal/backend/internal/services/scheduler/solver/cost.go:61.58,65.7 1 0
github.com/AlmatJuvashev/phd-students-portal/backend/internal/services/scheduler/solver/cost.go:67.10,70.5 1 0
github.com/AlmatJuvashev/phd-students-portal/backend/internal/services/scheduler/solver/cost.go:73.3,74.33 2 1
github.com/AlmatJuvashev/phd-students-portal/backend/internal/services/scheduler/solver/cost.go:74.33,78.84 2 1
github.com/AlmatJuvashev/phd-students-portal/backend/internal/services/scheduler/solver/cost.go:78.84,79.38 1 0
github.com/AlmatJuvashev/phd-students-portal/backend/internal/services/scheduler/solver/cost.go:79.38,83.59 1 0
github.com/AlmatJuvashev/phd-students-portal/backend/internal/services/scheduler/solver/cost.go:83.59,98.49 7 0
github.com/AlmatJuvashev/phd-students-portal/backend/internal/services/scheduler/solver/cost.go:98.49,100.30 1 0
github.com/AlmatJuvashev/phd-students-portal/backend/internal/services/scheduler/solver/cost.go:100.30,102.9 1 0
github.com/AlmatJuvashev/phd-students-portal/backend/internal/services/scheduler/solver/cost.go:112.3,113.16 2 1
github.com/AlmatJuvashev/phd-students-portal/backend/internal/services/scheduler/solver/cost.go:113.16,115.4 1 1
github.com/AlmatJuvashev/phd-students-portal/backend/internal/services/scheduler/solver/cost.go:119.2,125.41 4 1
github.com/AlmatJuvashev/phd-students-portal/backend/internal/services/scheduler/solver/cost.go:125.41,126.58 1 1
github.com/AlmatJuvashev/phd-students-portal/backend/internal/services/scheduler/solver/cost.go:126.58,127.37 1 1
github.com/AlmatJuvashev/phd-students-portal/backend/internal/services/scheduler/solver/cost.go:127.37,129.5 1 0
github.com/AlmatJuvashev/phd-students-portal/backend/internal/services/scheduler/solver/cost.go:132.2,142.18 4 1
github.com/AlmatJuvashev/phd-students-portal/backend/internal/services/scheduler/solver/cost.go:146.60,148.37 2 1
github.com/AlmatJuvashev/phd-students-portal/backend/internal/services/scheduler/solver/cost.go:148.37,150.41 1 1
github.com/AlmatJuvashev/phd-students-portal/backend/internal/services/scheduler/solver/cost.go:150.41,151.46 1 1
github.com/AlmatJuvashev/phd-students-portal/backend/internal/services/scheduler/solver/cost.go:151.46,152.48 1 1
github.com/AlmatJuvashev/phd-students-portal/backend/internal/services/scheduler/solver/cost.go:152.48,154.6 1 1
github.com/AlmatJuvashev/phd-students-portal/backend/internal/services/scheduler/solver/cost.go:158.2,158.18 1 1
github.com/AlmatJuvashev/phd-students-portal/backend/internal/services/scheduler/solver/cost.go:161.36,164.2 1 1
github.com/AlmatJuvashev/phd-students-portal/backend/internal/services/scheduler/solver/cost.go:166.85,167.18 1 1
github.com/AlmatJuvashev/phd-students-portal/backend/internal/services/scheduler/solver/cost.go:168.14,169.37 1 1
github.com/AlmatJuvashev/phd-students-portal/backend/internal/services/scheduler/solver/cost.go:170.14,171.23 1 1
github.com/AlmatJuvashev/phd-students-portal/backend/internal/services/scheduler/solver/cost.go:172.10,173.11 1 0
github.com/AlmatJuvashev/phd-students-portal/backend/internal/services/scheduler/solver/solver.go:15.60,17.2 1 1
github.com/AlmatJuvashev/phd-students-portal/backend/internal/services/scheduler/solver/solver.go:20.99,32.46 6 1
github.com/AlmatJuvashev/phd-students-portal/backend/internal/services/scheduler/solver/solver.go:32.46,34.10 1 1
github.com/AlmatJuvashev/phd-students-portal/backend/internal/services/scheduler/solver/solver.go:35.21,36.34 1 0
github.com/AlmatJuvashev/phd-students-portal/backend/internal/services/scheduler/solver/solver.go:37.11,37.11 0 1
github.com/AlmatJuvashev/phd-students-portal/backend/internal/services/scheduler/solver/solver.go:41.3,49.47 4 1
github.com/AlmatJuvashev/phd-students-portal/backend/internal/services/scheduler/solver/solver.go:49.47,53.50 2 1
github.com/AlmatJuvashev/phd-students-portal/backend/internal/services/scheduler/solver/solver.go:53.50,55.5 1 0
github.com/AlmatJuvashev/phd-students-portal/backend/internal/services/scheduler/solver/solver.go:59.3,62.19 2 1
github.com/AlmatJuvashev/phd-students-portal/backend/internal/services/scheduler/solver/solver.go:62.19,63.9 1 0
github.com/AlmatJuvashev/phd-students-portal/backend/internal/services/scheduler/solver/solver.go:67.2,67.26 1 1
github.com/AlmatJuvashev/phd-students-portal/backend/internal/services/scheduler/solver/solver.go:71.66,74.2 2 1
github.com/AlmatJuvashev/phd-students-portal/backend/internal/services/scheduler/solver/solver.go:77.87,85.34 3 1
github.com/AlmatJuvashev/phd-students-portal/backend/internal/services/scheduler/solver/solver.go:85.34,87.3 1 1
github.com/AlmatJuvashev/phd-students-portal/backend/internal/services/scheduler/solver/solver.go:89.2,89.44 1 1
github.com/AlmatJuvashev/phd-students-portal/backend/internal/services/scheduler/solver/solver.go:89.44,95.31 2 1
github.com/AlmatJuvashev/phd-students-portal/backend/internal/services/scheduler/solver/solver.go:95.31,96.59 1 1
github.com/AlmatJuvashev/phd-students-portal/backend/internal/services/scheduler/solver/solver.go:96.59,98.10 2 1
github.com/AlmatJuvashev/phd-students-portal/backend/internal/services/scheduler/solver/solver.go:102.3,102.43 1 1
github.com/AlmatJuvashev/phd-students-portal/backend/internal/services/scheduler/solver/solver.go:102.43,104.4 1 0
github.com/AlmatJuvashev/phd-students-portal/backend/internal/services/scheduler/solver/solver.go:109.3,117.4 3 1
github.com/AlmatJuvashev/phd-students-portal/backend/internal/services/scheduler/solver/solver.go:119.2,119.12 1 1
github.com/AlmatJuvashev/phd-students-portal/backend/internal/services/scheduler/solver/solver.go:128.85,131.33 2 1
github.com/AlmatJuvashev/phd-students-portal/backend/internal/services/scheduler/solver/solver.go:131.33,133.3 1 0
github.com/AlmatJuvashev/phd-students-portal/backend/internal/services/scheduler/solver/solver.go:137.2,138.36 2 1
github.com/AlmatJuvashev/phd-students-portal/backend/internal/services/scheduler/solver/solver.go:138.36,140.3 1 1
github.com/AlmatJuvashev/phd-students-portal/backend/internal/services/scheduler/solver/solver.go:141.2,147.19 4 1
github.com/AlmatJuvashev/phd-students-portal/backend/internal/services/scheduler/solver/solver.go:147.19,151.35 2 1
github.com/AlmatJuvashev/phd-students-portal/backend/internal/services/scheduler/solver/solver.go:151.35,153.4 1 1
github.com/AlmatJuvashev/phd-students-portal/backend/internal/services/scheduler/solver/solver.go:154.3,154.23 1 1
github.com/AlmatJuvashev/phd-students-portal/backend/internal/services/scheduler/solver/solver.go:154.23,158.4 3 1
github.com/AlmatJuvashev/phd-students-portal/backend/internal/services/scheduler/solver/solver.go:159.8,163.26 2 1
github.com/AlmatJuvashev/phd-students-portal/backend/internal/services/scheduler/solver/solver.go:163.26,173.4 6 1
github.com/AlmatJuvashev/phd-students-portal/backend/internal/services/scheduler/solver/solver.go:178.2,178.15 1 1
github.com/AlmatJuvashev/phd-students-portal/backend/internal/services/scheduler/solver/solver.go:184.40,190.36 2 1
github.com/AlmatJuvashev/phd-students-portal/backend/internal/services/scheduler/solver/solver.go:190.36,192.3 1 1
github.com/AlmatJuvashev/phd-students-portal/backend/internal/services/scheduler/solver/solver.go:193.2,193.15 1 1
github.com/AlmatJuvashev/phd-students-portal/backend/internal/services/scheduler/solver/types.go:75.35,91.2 1 1
github.com/AlmatJuvashev/phd-students-portal/backend/internal/services/scheduler/solver/utils.go:9.35,11.20 2 0
github.com/AlmatJuvashev/phd-students-portal/backend/internal/services/scheduler/solver/utils.go:11.20,11.32 1 0
github.com/AlmatJuvashev/phd-students-portal/backend/internal/services/scheduler/solver/utils.go:12.2,14.17 3 0
github.com/AlmatJuvashev/phd-students-portal/backend/internal/services/playbook/manager.go:65.63,67.2 1 1
github.com/AlmatJuvashev/phd-students-portal/backend/internal/services/playbook/manager.go:69.89,71.2 1 1
github.com/AlmatJuvashev/phd-students-portal/backend/internal/services/playbook/manager.go:73.86,75.16 2 1
github.com/AlmatJuvashev/phd-students-portal/backend/internal/services/playbook/manager.go:75.16,77.3 1 1
github.com/AlmatJuvashev/phd-students-portal/backend/internal/services/playbook/manager.go:78.2,83.16 5 1
github.com/AlmatJuvashev/phd-students-portal/backend/internal/services/playbook/manager.go:83.16,85.50 2 1
github.com/AlmatJuvashev/phd-students-portal/backend/internal/services/playbook/manager.go:85.50,87.4 1 1
github.com/AlmatJuvashev/phd-students-portal/backend/internal/services/playbook/manager.go:88.3,90.17 2 1
github.com/AlmatJuvashev/phd-students-portal/backend/internal/services/playbook/manager.go:90.17,92.4 1 0
github.com/AlmatJuvashev/phd-students-portal/backend/internal/services/playbook/manager.go:93.3,96.73 2 1
github.com/AlmatJuvashev/phd-students-portal/backend/internal/services/playbook/manager.go:96.73,98.10 1 0
github.com/AlmatJuvashev/phd-students-portal/backend/internal/services/playbook/manager.go:100.3,100.167 1 1
github.com/AlmatJuvashev/phd-students-portal/backend/internal/services/playbook/manager.go:104.5,104.69 1 1
github.com/AlmatJuvashev/phd-students-portal/backend/internal/services/playbook/manager.go:104.69,106.6 1 0
github.com/AlmatJuvashev/phd-students-portal/backend/internal/services/playbook/manager.go:108.2,111.16 4 1
github.com/AlmatJuvashev/phd-students-portal/backend/internal/services/playbook/manager.go:111.16,113.3 1 0
github.com/AlmatJuvashev/phd-students-portal/backend/internal/services/playbook/manager.go:114.2,115.53 2 1
github.com/AlmatJuvashev/phd-students-portal/backend/internal/services/playbook/manager.go:115.53,117.3 1 0
github.com/AlmatJuvashev/phd-students-portal/backend/internal/services/playbook/manager.go:118.2,119.167 2 1
github.com/AlmatJuvashev/phd-students-portal/backend/internal/services/playbook/manager.go:122.70,126.16 2 1
github.com/AlmatJuvashev/phd-students-portal/backend/internal/services/playbook/manager.go:126.16,128.3 1 0
github.com/AlmatJuvashev/phd-students-portal/backend/internal/services/playbook/manager.go:129.5,129.15 1 1
github.com/AlmatJuvashev/phd-students-portal/backend/internal/services/playbook/manager.go:132.67,135.30 3 1
github.com/AlmatJuvashev/phd-students-portal/backend/internal/services/playbook/manager.go:135.30,136.29 1 1
github.com/AlmatJuvashev/phd-students-portal/backend/internal/services/playbook/manager.go:136.29,139.4 2 1
github.com/AlmatJuvashev/phd-students-portal/backend/internal/services/playbook/manager.go:141.2,141.26 1 1
github.com/AlmatJuvashev/phd-students-portal/backend/internal/services/playbook/manager.go:144.62,147.2 2 1
github.com/AlmatJuvashev/phd-students-portal/backend/internal/services/playbook/manager.go:149.53,151.2 1 1
github.com/AlmatJuvashev/phd-students-portal/backend/internal/services/playbook/manager.go:153.60,155.37 2 1
github.com/AlmatJuvashev/phd-students-portal/backend/internal/services/playbook/manager.go:155.37,156.21 1 1
github.com/AlmatJuvashev/phd-students-portal/backend/internal/services/playbook/manager.go:156.21,158.4 1 1
github.com/AlmatJuvashev/phd-students-portal/backend/internal/services/playbook/manager.go:160.2,160.14 1 1
github.com/AlmatJuvashev/phd-students-portal/backend/internal/services/playbook/test_setup.go:12.72,21.2 4 0
github.com/AlmatJuvashev/phd-students-portal/backend/internal/services/admin_service.go:23.131,30.2 1 1
github.com/AlmatJuvashev/phd-students-portal/backend/internal/services/admin_service.go:32.123,34.16 2 1
github.com/AlmatJuvashev/phd-students-portal/backend/internal/services/admin_service.go:34.16,36.3 1 0
github.com/AlmatJuvashev/phd-students-portal/backend/internal/services/admin_service.go:38.2,39.27 2 1
github.com/AlmatJuvashev/phd-students-portal/backend/internal/services/admin_service.go:39.27,41.21 2 1
github.com/AlmatJuvashev/phd-students-portal/backend/internal/services/admin_service.go:41.21,43.4 1 1
github.com/AlmatJuvashev/phd-students-portal/backend/internal/services/admin_service.go:45.2,45.23 1 1
github.com/AlmatJuvashev/phd-students-portal/backend/internal/services/admin_service.go:48.125,51.16 2 1
github.com/AlmatJuvashev/phd-students-portal/backend/internal/services/admin_service.go:51.16,53.3 1 0
github.com/AlmatJuvashev/phd-students-portal/backend/internal/services/admin_service.go:54.2,54.20 1 1
github.com/AlmatJuvashev/phd-students-portal/backend/internal/services/admin_service.go:54.20,56.3 1 0
github.com/AlmatJuvashev/phd-students-portal/backend/internal/services/admin_service.go:58.2,59.25 2 1
github.com/AlmatJuvashev/phd-students-portal/backend/internal/services/admin_service.go:59.25,61.3 1 1
github.com/AlmatJuvashev/phd-students-portal/backend/internal/services/admin_service.go:64.2,80.25 11 1
github.com/AlmatJuvashev/phd-students-portal/backend/internal/services/admin_service.go:80.25,83.24 2 1
github.com/AlmatJuvashev/phd-students-portal/backend/internal/services/admin_service.go:83.24,85.4 1 0
github.com/AlmatJuvashev/phd-students-portal/backend/internal/services/admin_service.go:86.3,89.41 2 1
github.com/AlmatJuvashev/phd-students-portal/backend/internal/services/admin_service.go:89.41,90.12 1 0
github.com/AlmatJuvashev/phd-students-portal/backend/internal/services/admin_service.go:95.3,96.37 2 1
github.com/AlmatJuvashev/phd-students-portal/backend/internal/services/admin_service.go:96.37,98.4 1 0
github.com/AlmatJuvashev/phd-students-portal/backend/internal/services/admin_service.go:101.3,103.20 3 1
github.com/AlmatJuvashev/phd-students-portal/backend/internal/services/admin_service.go:103.20,105.4 1 1
github.com/AlmatJuvashev/phd-students-portal/backend/internal/services/admin_service.go:106.3,106.25 1 1
github.com/AlmatJuvashev/phd-students-portal/backend/internal/services/admin_service.go:106.25,108.4 1 0
github.com/AlmatJuvashev/phd-students-portal/backend/internal/services/admin_service.go:109.3,110.24 2 1
github.com/AlmatJuvashev/phd-students-portal/backend/internal/services/admin_service.go:110.24,112.4 1 1
github.com/AlmatJuvashev/phd-students-portal/backend/internal/services/admin_service.go:115.3,116.29 2 1
github.com/AlmatJuvashev/phd-students-portal/backend/internal/services/admin_service.go:116.29,118.4 1 0
github.com/AlmatJuvashev/phd-students-portal/backend/internal/services/admin_service.go:119.3,119.55 1 1
github.com/AlmatJuvashev/phd-students-portal/backend/internal/services/admin_service.go:119.55,121.4 1 0
github.com/AlmatJuvashev/phd-students-portal/backend/internal/services/admin_service.go:122.3,122.27 1 1
github.com/AlmatJuvashev/phd-students-portal/backend/internal/services/admin_service.go:122.27,124.4 1 1
github.com/AlmatJuvashev/phd-students-portal/backend/internal/services/admin_service.go:126.3,128.33 2 1
github.com/AlmatJuvashev/phd-students-portal/backend/internal/services/admin_service.go:132.2,132.22 1 1
github.com/AlmatJuvashev/phd-students-portal/backend/internal/services/admin_service.go:136.68,138.17 1 1
github.com/AlmatJuvashev/phd-students-portal/backend/internal/services/admin_service.go:138.17,140.3 1 0
github.com/AlmatJuvashev/phd-students-portal/backend/internal/services/admin_service.go:143.2,149.40 5 1
github.com/AlmatJuvashev/phd-students-portal/backend/internal/services/admin_service.go:152.122,156.16 3 1
github.com/AlmatJuvashev/phd-students-portal/backend/internal/services/admin_service.go:156.16,158.3 1 0
github.com/AlmatJuvashev/phd-students-portal/backend/internal/services/admin_service.go:160.2,161.25 2 1
github.com/AlmatJuvashev/phd-students-portal/backend/internal/services/admin_service.go:161.25,163.3 1 1
github.com/AlmatJuvashev/phd-students-portal/backend/internal/services/admin_service.go:165.2,166.19 2 1
github.com/AlmatJuvashev/phd-students-portal/backend/internal/services/admin_service.go:166.19,168.3 1 1
github.com/AlmatJuvashev/phd-students-portal/backend/internal/services/admin_service.go:174.2,174.23 1 1
github.com/AlmatJuvashev/phd-students-portal/backend/internal/services/admin_service.go:174.23,176.3 1 1
github.com/AlmatJuvashev/phd-students-portal/backend/internal/services/admin_service.go:176.8,179.27 3 1
github.com/AlmatJuvashev/phd-students-portal/backend/internal/services/admin_service.go:179.27,180.9 1 1
github.com/AlmatJuvashev/phd-students-portal/backend/internal/services/admin_service.go:180.9,182.5 1 1
github.com/AlmatJuvashev/phd-students-portal/backend/internal/services/admin_service.go:192.3,193.26 2 1
github.com/AlmatJuvashev/phd-students-portal/backend/internal/services/admin_service.go:193.26,194.17 1 1
github.com/AlmatJuvashev/phd-students-portal/backend/internal/services/admin_service.go:194.17,196.5 1 1
github.com/AlmatJuvashev/phd-students-portal/backend/internal/services/admin_service.go:196.10,196.33 1 1
github.com/AlmatJuvashev/phd-students-portal/backend/internal/services/admin_service.go:196.33,198.5 1 1
github.com/AlmatJuvashev/phd-students-portal/backend/internal/services/admin_service.go:200.3,203.24 3 1
github.com/AlmatJuvashev/phd-students-portal/backend/internal/services/admin_service.go:203.24,205.4 1 0
github.com/AlmatJuvashev/phd-students-portal/backend/internal/services/admin_service.go:208.2,208.19 1 1
github.com/AlmatJuvashev/phd-students-portal/backend/internal/services/admin_service.go:208.19,210.3 1 0
github.com/AlmatJuvashev/phd-students-portal/backend/internal/services/admin_service.go:213.2,213.83 1 1
github.com/AlmatJuvashev/phd-students-portal/backend/internal/services/admin_service.go:213.83,215.3 1 1
github.com/AlmatJuvashev/phd-students-portal/backend/internal/services/admin_service.go:218.2,219.95 2 1
github.com/AlmatJuvashev/phd-students-portal/backend/internal/services/admin_service.go:219.95,222.3 2 1
github.com/AlmatJuvashev/phd-students-portal/backend/internal/services/admin_service.go:225.2,227.22 3 1
github.com/AlmatJuvashev/phd-students-portal/backend/internal/services/admin_service.go:227.22,228.105 1 1
github.com/AlmatJuvashev/phd-students-portal/backend/internal/services/admin_service.go:228.105,231.35 1 1
github.com/AlmatJuvashev/phd-students-portal/backend/internal/services/admin_service.go:231.35,234.33 3 1
github.com/AlmatJuvashev/phd-students-portal/backend/internal/services/admin_service.go:234.33,237.6 2 0
github.com/AlmatJuvashev/phd-students-portal/backend/internal/services/admin_service.go:238.5,238.20 1 1
github.com/AlmatJuvashev/phd-students-portal/backend/internal/services/admin_service.go:240.4,241.24 2 1
github.com/AlmatJuvashev/phd-students-portal/backend/internal/services/admin_service.go:241.24,243.5 1 1
github.com/AlmatJuvashev/phd-students-portal/backend/internal/services/admin_service.go:243.10,245.5 1 1
github.com/AlmatJuvashev/phd-students-portal/backend/internal/services/admin_service.go:249.2,249.17 1 1
github.com/AlmatJuvashev/phd-students-portal/backend/internal/services/admin_service.go:252.123,255.16 2 1
github.com/AlmatJuvashev/phd-students-portal/backend/internal/services/admin_service.go:255.16,257.3 1 0
github.com/AlmatJuvashev/phd-students-portal/backend/internal/services/admin_service.go:260.2,261.39 2 1
github.com/AlmatJuvashev/phd-students-portal/backend/internal/services/admin_service.go:261.39,263.3 1 0
github.com/AlmatJuvashev/phd-students-portal/backend/internal/services/admin_service.go:263.8,265.3 1 1
github.com/AlmatJuvashev/phd-students-portal/backend/internal/services/admin_service.go:268.2,284.25 9 1
github.com/AlmatJuvashev/phd-students-portal/backend/internal/services/admin_service.go:284.25,286.3 1 1
github.com/AlmatJuvashev/phd-students-portal/backend/internal/services/admin_service.go:287.2,287.24 1 1
github.com/AlmatJuvashev/phd-students-portal/backend/internal/services/admin_service.go:287.24,287.54 1 0
github.com/AlmatJuvashev/phd-students-portal/backend/internal/services/admin_service.go:289.2,295.33 5 1
github.com/AlmatJuvashev/phd-students-portal/backend/internal/services/admin_service.go:295.33,297.3 1 1
github.com/AlmatJuvashev/phd-students-portal/backend/internal/services/admin_service.go:300.2,300.33 1 1
github.com/AlmatJuvashev/phd-students-portal/backend/internal/services/admin_service.go:300.33,308.47 1 1
github.com/AlmatJuvashev/phd-students-portal/backend/internal/services/admin_service.go:308.47,309.28 1 1
github.com/AlmatJuvashev/phd-students-portal/backend/internal/services/admin_service.go:309.28,311.5 1 1
github.com/AlmatJuvashev/phd-students-portal/backend/internal/services/admin_service.go:313.4,313.40 1 1
github.com/AlmatJuvashev/phd-students-portal/backend/internal/services/admin_service.go:313.40,316.5 2 0
github.com/AlmatJuvashev/phd-students-portal/backend/internal/services/admin_service.go:321.2,324.23 3 1
github.com/AlmatJuvashev/phd-students-portal/backend/internal/services/admin_service.go:324.23,326.3 1 1
github.com/AlmatJuvashev/phd-students-portal/backend/internal/services/admin_service.go:329.2,331.17 3 1
github.com/AlmatJuvashev/phd-students-portal/backend/internal/services/admin_service.go:331.17,331.33 1 1
github.com/AlmatJuvashev/phd-students-portal/backend/internal/services/admin_service.go:332.2,339.40 5 1
github.com/AlmatJuvashev/phd-students-portal/backend/internal/services/admin_service.go:339.40,341.3 1 0
github.com/AlmatJuvashev/phd-students-portal/backend/internal/services/admin_service.go:342.2,342.33 1 1
github.com/AlmatJuvashev/phd-students-portal/backend/internal/services/admin_service.go:342.33,343.100 1 1
github.com/AlmatJuvashev/phd-students-portal/backend/internal/services/admin_service.go:343.100,345.4 1 0
github.com/AlmatJuvashev/phd-students-portal/backend/internal/services/admin_service.go:347.2,360.44 3 1
github.com/AlmatJuvashev/phd-students-portal/backend/internal/services/admin_service.go:360.44,363.3 2 0
github.com/AlmatJuvashev/phd-students-portal/backend/internal/services/admin_service.go:365.2,365.21 1 1
github.com/AlmatJuvashev/phd-students-portal/backend/internal/services/admin_service.go:369.134,371.23 1 1
github.com/AlmatJuvashev/phd-students-portal/backend/internal/services/admin_service.go:371.23,373.17 2 1
github.com/AlmatJuvashev/phd-students-portal/backend/internal/services/admin_service.go:373.17,375.4 1 0
github.com/AlmatJuvashev/phd-students-portal/backend/internal/services/admin_service.go:376.3,376.15 1 1
github.com/AlmatJuvashev/phd-students-portal/backend/internal/services/admin_service.go:376.15,378.4 1 1
github.com/AlmatJuvashev/phd-students-portal/backend/internal/services/admin_service.go:381.2,381.54 1 1
github.com/AlmatJuvashev/phd-students-portal/backend/internal/services/admin_service.go:385.135,387.23 1 1
github.com/AlmatJuvashev/phd-students-portal/backend/internal/services/admin_service.go:387.23,389.17 2 1
github.com/AlmatJuvashev/phd-students-portal/backend/internal/services/admin_service.go:389.17,391.4 1 0
github.com/AlmatJuvashev/phd-students-portal/backend/internal/services/admin_service.go:392.3,392.15 1 1
github.com/AlmatJuvashev/phd-students-portal/backend/internal/services/admin_service.go:392.15,394.4 1 1
github.com/AlmatJuvashev/phd-students-portal/backend/internal/services/admin_service.go:397.2,397.52 1 0
github.com/AlmatJuvashev/phd-students-portal/backend/internal/services/admin_service.go:411.145,415.16 2 1
github.com/AlmatJuvashev/phd-students-portal/backend/internal/services/admin_service.go:415.16,417.3 1 0
github.com/AlmatJuvashev/phd-students-portal/backend/internal/services/admin_service.go:420.2,420.23 1 1
github.com/AlmatJuvashev/phd-students-portal/backend/internal/services/admin_service.go:420.23,422.17 2 0
github.com/AlmatJuvashev/phd-students-portal/backend/internal/services/admin_service.go:422.17,424.4 1 0
github.com/AlmatJuvashev/phd-students-portal/backend/internal/services/admin_service.go:425.3,425.15 1 0
github.com/AlmatJuvashev/phd-students-portal/backend/internal/services/admin_service.go:425.15,427.4 1 0
github.com/AlmatJuvashev/phd-students-portal/backend/internal/services/admin_service.go:431.2,432.16 2 1
github.com/AlmatJuvashev/phd-students-portal/backend/internal/services/admin_service.go:432.16,434.3 1 0
github.com/AlmatJuvashev/phd-students-portal/backend/internal/services/admin_service.go:437.2,438.16 2 1
github.com/AlmatJuvashev/phd-students-portal/backend/internal/services/admin_service.go:438.16,438.42 1 1
github.com/AlmatJuvashev/phd-students-portal/backend/internal/services/admin_service.go:439.2,444.16 3 1
github.com/AlmatJuvashev/phd-students-portal/backend/internal/services/admin_service.go:444.16,446.3 1 0
github.com/AlmatJuvashev/phd-students-portal/backend/internal/services/admin_service.go:452.2,456.15 4 1
github.com/AlmatJuvashev/phd-students-portal/backend/internal/services/admin_service.go:456.15,457.23 1 1
github.com/AlmatJuvashev/phd-students-portal/backend/internal/services/admin_service.go:458.19,459.21 1 1
github.com/AlmatJuvashev/phd-students-portal/backend/internal/services/admin_service.go:460.33,461.21 1 0
github.com/AlmatJuvashev/phd-students-portal/backend/internal/services/admin_service.go:462.19,463.28 1 1
github.com/AlmatJuvashev/phd-students-portal/backend/internal/services/admin_service.go:464.20,465.29 1 0
github.com/AlmatJuvashev/phd-students-portal/backend/internal/services/admin_service.go:466.11,467.26 1 0
github.com/AlmatJuvashev/phd-students-portal/backend/internal/services/admin_service.go:471.2,471.28 1 1
github.com/AlmatJuvashev/phd-students-portal/backend/internal/services/admin_service.go:471.28,473.88 1 1
github.com/AlmatJuvashev/phd-students-portal/backend/internal/services/admin_service.go:473.88,475.4 1 0
github.com/AlmatJuvashev/phd-students-portal/backend/internal/services/admin_service.go:477.3,477.116 1 1
github.com/AlmatJuvashev/phd-students-portal/backend/internal/services/admin_service.go:477.116,479.4 1 0
github.com/AlmatJuvashev/phd-students-portal/backend/internal/services/admin_service.go:481.3,486.25 3 1
github.com/AlmatJuvashev/phd-students-portal/backend/internal/services/admin_service.go:486.25,489.4 1 1
github.com/AlmatJuvashev/phd-students-portal/backend/internal/services/admin_service.go:493.2,495.16 3 1
github.com/AlmatJuvashev/phd-students-portal/backend/internal/services/admin_service.go:496.44,497.43 1 1
github.com/AlmatJuvashev/phd-students-portal/backend/internal/services/admin_service.go:498.18,500.17 2 1
github.com/AlmatJuvashev/phd-students-portal/backend/internal/services/admin_service.go:500.17,502.4 1 1
github.com/AlmatJuvashev/phd-students-portal/backend/internal/services/admin_service.go:505.2,505.25 1 1
github.com/AlmatJuvashev/phd-students-portal/backend/internal/services/admin_service.go:505.25,507.3 1 1
github.com/AlmatJuvashev/phd-students-portal/backend/internal/services/admin_service.go:510.2,512.16 3 1
github.com/AlmatJuvashev/phd-students-portal/backend/internal/services/admin_service.go:512.16,512.30 1 1
github.com/AlmatJuvashev/phd-students-portal/backend/internal/services/admin_service.go:513.2,520.8 1 1
github.com/AlmatJuvashev/phd-students-portal/backend/internal/services/admin_service.go:524.131,526.16 2 1
github.com/AlmatJuvashev/phd-students-portal/backend/internal/services/admin_service.go:526.16,526.34 1 0
github.com/AlmatJuvashev/phd-students-portal/backend/internal/services/admin_service.go:528.2,528.23 1 1
github.com/AlmatJuvashev/phd-students-portal/backend/internal/services/admin_service.go:528.23,530.17 2 1
github.com/AlmatJuvashev/phd-students-portal/backend/internal/services/admin_service.go:530.17,530.35 1 0
github.com/AlmatJuvashev/phd-students-portal/backend/internal/services/admin_service.go:531.3,531.15 1 1
github.com/AlmatJuvashev/phd-students-portal/backend/internal/services/admin_service.go:531.15,531.53 1 1
github.com/AlmatJuvashev/phd-students-portal/backend/internal/services/admin_service.go:534.2,535.16 2 1
github.com/AlmatJuvashev/phd-students-portal/backend/internal/services/admin_service.go:535.16,535.34 1 0
github.com/AlmatJuvashev/phd-students-portal/backend/internal/services/admin_service.go:537.2,541.45 2 1
github.com/AlmatJuvashev/phd-students-portal/backend/internal/services/admin_service.go:544.143,546.2 1 1
github.com/AlmatJuvashev/phd-students-portal/backend/internal/services/admin_service.go:550.61,553.19 2 1
github.com/AlmatJuvashev/phd-students-portal/backend/internal/services/admin_service.go:553.19,553.41 1 0
github.com/AlmatJuvashev/phd-students-portal/backend/internal/services/admin_service.go:555.2,555.23 1 1
github.com/AlmatJuvashev/phd-students-portal/backend/internal/services/admin_service.go:555.23,557.17 2 1
github.com/AlmatJuvashev/phd-students-portal/backend/internal/services/admin_service.go:557.17,557.39 1 0
github.com/AlmatJuvashev/phd-students-portal/backend/internal/services/admin_service.go:558.3,558.15 1 1
github.com/AlmatJuvashev/phd-students-portal/backend/internal/services/admin_service.go:558.15,558.57 1 0
github.com/AlmatJuvashev/phd-students-portal/backend/internal/services/admin_service.go:561.5,562.19 2 1
github.com/AlmatJuvashev/phd-students-portal/backend/internal/services/admin_service.go:562.19,562.41 1 0
github.com/AlmatJuvashev/phd-students-portal/backend/internal/services/admin_service.go:564.5,565.19 2 1
github.com/AlmatJuvashev/phd-students-portal/backend/internal/services/admin_service.go:565.19,565.41 1 0
github.com/AlmatJuvashev/phd-students-portal/backend/internal/services/admin_service.go:567.5,574.59 3 1
github.com/AlmatJuvashev/phd-students-portal/backend/internal/services/admin_service.go:579.95,583.16 2 1
github.com/AlmatJuvashev/phd-students-portal/backend/internal/services/admin_service.go:583.16,585.3 1 1
github.com/AlmatJuvashev/phd-students-portal/backend/internal/services/admin_service.go:588.2,588.23 1 1
github.com/AlmatJuvashev/phd-students-portal/backend/internal/services/admin_service.go:588.23,590.17 2 0
github.com/AlmatJuvashev/phd-students-portal/backend/internal/services/admin_service.go:590.17,590.39 1 0
github.com/AlmatJuvashev/phd-students-portal/backend/internal/services/admin_service.go:591.3,591.15 1 0
github.com/AlmatJuvashev/phd-students-portal/backend/internal/services/admin_service.go:591.15,591.57 1 0
github.com/AlmatJuvashev/phd-students-portal/backend/internal/services/admin_service.go:594.2,594.22 1 1
github.com/AlmatJuvashev/phd-students-portal/backend/internal/services/admin_service.go:594.22,596.3 1 1
github.com/AlmatJuvashev/phd-students-portal/backend/internal/services/admin_service.go:599.2,604.16 5 1
github.com/AlmatJuvashev/phd-students-portal/backend/internal/services/admin_service.go:604.16,606.3 1 1
github.com/AlmatJuvashev/phd-students-portal/backend/internal/services/admin_service.go:608.2,608.28 1 1
github.com/AlmatJuvashev/phd-students-portal/backend/internal/services/admin_service.go:613.116,615.2 1 1
github.com/AlmatJuvashev/phd-students-portal/backend/internal/services/admin_service.go:617.85,619.2 1 1
github.com/AlmatJuvashev/phd-students-portal/backend/internal/services/admin_service.go:621.85,623.2 1 1
github.com/AlmatJuvashev/phd-students-portal/backend/internal/services/admin_service.go:625.78,627.2 1 1
github.com/AlmatJuvashev/phd-students-portal/backend/internal/services/ai_service.go:19.52,20.25 1 1
github.com/AlmatJuvashev/phd-students-portal/backend/internal/services/ai_service.go:20.25,22.3 1 1
github.com/AlmatJuvashev/phd-students-portal/backend/internal/services/ai_service.go:23.2,26.3 1 1
github.com/AlmatJuvashev/phd-students-portal/backend/internal/services/ai_service.go:30.118,31.16 1 1
github.com/AlmatJuvashev/phd-students-portal/backend/internal/services/ai_service.go:31.16,33.3 1 1
github.com/AlmatJuvashev/phd-students-portal/backend/internal/services/ai_service.go:35.2,83.16 3 0
github.com/AlmatJuvashev/phd-students-portal/backend/internal/services/ai_service.go:83.16,85.3 1 0
github.com/AlmatJuvashev/phd-students-portal/backend/internal/services/ai_service.go:87.2,94.66 6 0
github.com/AlmatJuvashev/phd-students-portal/backend/internal/services/ai_service.go:94.66,96.3 1 0
github.com/AlmatJuvashev/phd-students-portal/backend/internal/services/ai_service.go:98.2,98.21 1 0
github.com/AlmatJuvashev/phd-students-portal/backend/internal/services/ai_service.go:102.133,103.16 1 0
github.com/AlmatJuvashev/phd-students-portal/backend/internal/services/ai_service.go:103.16,105.3 1 0
github.com/AlmatJuvashev/phd-students-portal/backend/internal/services/ai_service.go:107.2,131.16 3 0
github.com/AlmatJuvashev/phd-students-portal/backend/internal/services/ai_service.go:131.16,133.3 1 0
github.com/AlmatJuvashev/phd-students-portal/backend/internal/services/ai_service.go:135.2,136.62 2 0
github.com/AlmatJuvashev/phd-students-portal/backend/internal/services/ai_service.go:136.62,138.3 1 0
github.com/AlmatJuvashev/phd-students-portal/backend/internal/services/ai_service.go:139.2,139.21 1 0
github.com/AlmatJuvashev/phd-students-portal/backend/internal/services/ai_service.go:143.118,144.16 1 0
github.com/AlmatJuvashev/phd-students-portal/backend/internal/services/ai_service.go:144.16,146.3 1 0
github.com/AlmatJuvashev/phd-students-portal/backend/internal/services/ai_service.go:148.2,165.16 3 0
github.com/AlmatJuvashev/phd-students-portal/backend/internal/services/ai_service.go:165.16,167.3 1 0
github.com/AlmatJuvashev/phd-students-portal/backend/internal/services/ai_service.go:169.2,170.62 2 0
github.com/AlmatJuvashev/phd-students-portal/backend/internal/services/ai_service.go:170.62,172.3 1 0
github.com/AlmatJuvashev/phd-students-portal/backend/internal/services/ai_service.go:173.2,173.21 1 0
github.com/AlmatJuvashev/phd-students-portal/backend/internal/services/ai_service.go:184.143,185.16 1 0
github.com/AlmatJuvashev/phd-students-portal/backend/internal/services/ai_service.go:185.16,187.3 1 0
github.com/AlmatJuvashev/phd-students-portal/backend/internal/services/ai_service.go:189.2,202.16 3 0
github.com/AlmatJuvashev/phd-students-portal/backend/internal/services/ai_service.go:202.16,204.3 1 0
github.com/AlmatJuvashev/phd-students-portal/backend/internal/services/ai_service.go:206.2,207.61 2 0
github.com/AlmatJuvashev/phd-students-portal/backend/internal/services/ai_service.go:207.61,209.3 1 0
github.com/AlmatJuvashev/phd-students-portal/backend/internal/services/ai_service.go:210.2,210.19 1 0
github.com/AlmatJuvashev/phd-students-portal/backend/internal/services/ai_service.go:214.99,226.16 2 0
github.com/AlmatJuvashev/phd-students-portal/backend/internal/services/ai_service.go:226.16,228.3 1 0
github.com/AlmatJuvashev/phd-students-portal/backend/internal/services/ai_service.go:229.2,233.21 5 0
github.com/AlmatJuvashev/phd-students-portal/backend/internal/services/analytics_service.go:19.48,27.2 1 1
github.com/AlmatJuvashev/phd-students-portal/backend/internal/services/analytics_service.go:37.192,45.2 1 1
github.com/AlmatJuvashev/phd-students-portal/backend/internal/services/analytics_service.go:48.79,51.2 2 0
github.com/AlmatJuvashev/phd-students-portal/backend/internal/services/analytics_service.go:54.118,64.40 3 1
github.com/AlmatJuvashev/phd-students-portal/backend/internal/services/analytics_service.go:64.40,66.33 2 1
github.com/AlmatJuvashev/phd-students-portal/backend/internal/services/analytics_service.go:66.33,67.51 1 1
github.com/AlmatJuvashev/phd-students-portal/backend/internal/services/analytics_service.go:67.51,69.5 1 1
github.com/AlmatJuvashev/phd-students-portal/backend/internal/services/analytics_service.go:71.3,74.34 2 1
github.com/AlmatJuvashev/phd-students-portal/backend/internal/services/analytics_service.go:75.8,77.3 1 0
github.com/AlmatJuvashev/phd-students-portal/backend/internal/services/analytics_service.go:81.2,117.22 9 1
github.com/AlmatJuvashev/phd-students-portal/backend/internal/services/analytics_service.go:121.83,133.6 6 1
github.com/AlmatJuvashev/phd-students-portal/backend/internal/services/analytics_service.go:133.6,135.17 2 1
github.com/AlmatJuvashev/phd-students-portal/backend/internal/services/analytics_service.go:135.17,137.4 1 0
github.com/AlmatJuvashev/phd-students-portal/backend/internal/services/analytics_service.go:139.3,139.22 1 1
github.com/AlmatJuvashev/phd-students-portal/backend/internal/services/analytics_service.go:139.22,140.9 1 0
github.com/AlmatJuvashev/phd-students-portal/backend/internal/services/analytics_service.go:143.3,143.27 1 1
github.com/AlmatJuvashev/phd-students-portal/backend/internal/services/analytics_service.go:143.27,146.18 2 1
github.com/AlmatJuvashev/phd-students-portal/backend/internal/services/analytics_service.go:146.18,148.13 1 0
github.com/AlmatJuvashev/phd-students-portal/backend/internal/services/analytics_service.go:154.4,154.60 1 1
github.com/AlmatJuvashev/phd-students-portal/backend/internal/services/analytics_service.go:154.60,155.13 1 0
github.com/AlmatJuvashev/phd-students-portal/backend/internal/services/analytics_service.go:157.4,157.15 1 1
github.com/AlmatJuvashev/phd-students-portal/backend/internal/services/analytics_service.go:160.3,161.22 2 1
github.com/AlmatJuvashev/phd-students-portal/backend/internal/services/analytics_service.go:161.22,162.9 1 1
github.com/AlmatJuvashev/phd-students-portal/backend/internal/services/analytics_service.go:166.2,166.23 1 1
github.com/AlmatJuvashev/phd-students-portal/backend/internal/services/analytics_service.go:169.103,174.2 1 1
github.com/AlmatJuvashev/phd-students-portal/backend/internal/services/analytics_service.go:176.119,178.2 1 0
github.com/AlmatJuvashev/phd-students-portal/backend/internal/services/analytics_service.go:180.127,187.16 3 1
github.com/AlmatJuvashev/phd-students-portal/backend/internal/services/analytics_service.go:187.16,189.3 1 1
github.com/AlmatJuvashev/phd-students-portal/backend/internal/services/analytics_service.go:190.2,191.16 2 1
github.com/AlmatJuvashev/phd-students-portal/backend/internal/services/analytics_service.go:191.16,193.3 1 1
github.com/AlmatJuvashev/phd-students-portal/backend/internal/services/analytics_service.go:196.2,197.16 2 1
github.com/AlmatJuvashev/phd-students-portal/backend/internal/services/analytics_service.go:197.16,199.3 1 0
github.com/AlmatJuvashev/phd-students-portal/backend/internal/services/analytics_service.go:200.2,204.16 3 1
github.com/AlmatJuvashev/phd-students-portal/backend/internal/services/analytics_service.go:204.16,206.3 1 0
github.com/AlmatJuvashev/phd-students-portal/backend/internal/services/analytics_service.go:207.2,211.16 3 1
github.com/AlmatJuvashev/phd-students-portal/backend/internal/services/analytics_service.go:211.16,213.3 1 0
github.com/AlmatJuvashev/phd-students-portal/backend/internal/services/analytics_service.go:214.2,219.35 3 1
github.com/AlmatJuvashev/phd-students-portal/backend/internal/services/analytics_service.go:219.35,221.17 2 1
github.com/AlmatJuvashev/phd-students-portal/backend/internal/services/analytics_service.go:221.17,223.4 1 0
github.com/AlmatJuvashev/phd-students-portal/backend/internal/services/analytics_service.go:224.3,224.37 1 1
github.com/AlmatJuvashev/phd-students-portal/backend/internal/services/analytics_service.go:227.2,227.21 1 1
github.com/AlmatJuvashev/phd-students-portal/backend/internal/services/analytics_service.go:230.48,231.22 1 1
github.com/AlmatJuvashev/phd-students-portal/backend/internal/services/analytics_service.go:231.22,233.3 1 0
github.com/AlmatJuvashev/phd-students-portal/backend/internal/services/analytics_service.go:234.2,236.14 3 1
github.com/AlmatJuvashev/phd-students-portal/backend/internal/services/analytics_service.go:236.14,238.3 1 1
github.com/AlmatJuvashev/phd-students-portal/backend/internal/services/analytics_service.go:239.2,239.44 1 1
github.com/AlmatJuvashev/phd-students-portal/backend/internal/services/analytics_service.go:244.104,246.2 1 1
github.com/AlmatJuvashev/phd-students-portal/backend/internal/services/analytics_service.go:248.99,250.2 1 1
github.com/AlmatJuvashev/phd-students-portal/backend/internal/services/analytics_service.go:252.100,254.2 1 1
github.com/AlmatJuvashev/phd-students-portal/backend/internal/services/app7.go:56.60,65.13 4 1
github.com/AlmatJuvashev/phd-students-portal/backend/internal/services/app7.go:65.13,68.66 2 0
github.com/AlmatJuvashev/phd-students-portal/backend/internal/services/app7.go:68.66,70.124 1 0
github.com/AlmatJuvashev/phd-students-portal/backend/internal/services/app7.go:70.124,72.37 2 0
github.com/AlmatJuvashev/phd-students-portal/backend/internal/services/app7.go:72.37,74.6 1 0
github.com/AlmatJuvashev/phd-students-portal/backend/internal/services/app7.go:75.5,75.34 1 0
github.com/AlmatJuvashev/phd-students-portal/backend/internal/services/app7.go:75.34,77.6 1 0
github.com/AlmatJuvashev/phd-students-portal/backend/internal/services/app7.go:78.5,78.39 1 0
github.com/AlmatJuvashev/phd-students-portal/backend/internal/services/app7.go:78.39,80.6 1 0
github.com/AlmatJuvashev/phd-students-portal/backend/internal/services/app7.go:81.5,81.30 1 0
github.com/AlmatJuvashev/phd-students-portal/backend/internal/services/app7.go:81.30,83.6 1 0
github.com/AlmatJuvashev/phd-students-portal/backend/internal/services/app7.go:84.5,84.74 1 0
github.com/AlmatJuvashev/phd-students-portal/backend/internal/services/app7.go:89.2,90.34 2 1
github.com/AlmatJuvashev/phd-students-portal/backend/internal/services/app7.go:90.34,92.3 1 1
github.com/AlmatJuvashev/phd-students-portal/backend/internal/services/app7.go:92.8,94.3 1 0
github.com/AlmatJuvashev/phd-students-portal/backend/internal/services/app7.go:96.2,96.30 1 1
github.com/AlmatJuvashev/phd-students-portal/backend/internal/services/app7.go:96.30,98.3 1 1
github.com/AlmatJuvashev/phd-students-portal/backend/internal/services/app7.go:98.8,105.3 1 0
github.com/AlmatJuvashev/phd-students-portal/backend/internal/services/app7.go:106.2,106.18 1 1
github.com/AlmatJuvashev/phd-students-portal/backend/internal/services/app7.go:109.58,116.2 1 1
github.com/AlmatJuvashev/phd-students-portal/backend/internal/services/assessment_service.go:21.56,23.2 1 0
github.com/AlmatJuvashev/phd-students-portal/backend/internal/services/assessment_service.go:29.50,31.2 1 0
github.com/AlmatJuvashev/phd-students-portal/backend/internal/services/assessment_service.go:37.46,39.2 1 0
github.com/AlmatJuvashev/phd-students-portal/backend/internal/services/assessment_service.go:46.52,47.20 1 0
github.com/AlmatJuvashev/phd-students-portal/backend/internal/services/assessment_service.go:47.20,49.3 1 0
github.com/AlmatJuvashev/phd-students-portal/backend/internal/services/assessment_service.go:50.2,50.60 1 0
github.com/AlmatJuvashev/phd-students-portal/backend/internal/services/assessment_service.go:57.84,59.2 1 1
github.com/AlmatJuvashev/phd-students-portal/backend/internal/services/assessment_service.go:61.116,62.22 1 0
github.com/AlmatJuvashev/phd-students-portal/backend/internal/services/assessment_service.go:62.22,64.3 1 0
github.com/AlmatJuvashev/phd-students-portal/backend/internal/services/assessment_service.go:65.2,65.30 1 0
github.com/AlmatJuvashev/phd-students-portal/backend/internal/services/assessment_service.go:65.30,67.3 1 0
github.com/AlmatJuvashev/phd-students-portal/backend/internal/services/assessment_service.go:68.2,68.19 1 0
github.com/AlmatJuvashev/phd-students-portal/backend/internal/services/assessment_service.go:68.19,70.3 1 0
github.com/AlmatJuvashev/phd-students-portal/backend/internal/services/assessment_service.go:71.2,71.34 1 0
github.com/AlmatJuvashev/phd-students-portal/backend/internal/services/assessment_service.go:71.34,73.3 1 0
github.com/AlmatJuvashev/phd-students-portal/backend/internal/services/assessment_service.go:74.2,74.40 1 0
github.com/AlmatJuvashev/phd-students-portal/backend/internal/services/assessment_service.go:77.137,79.2 1 0
github.com/AlmatJuvashev/phd-students-portal/backend/internal/services/assessment_service.go:81.151,83.16 2 0
github.com/AlmatJuvashev/phd-students-portal/backend/internal/services/assessment_service.go:83.16,85.3 1 0
github.com/AlmatJuvashev/phd-students-portal/backend/internal/services/assessment_service.go:86.2,86.37 1 0
github.com/AlmatJuvashev/phd-students-portal/backend/internal/services/assessment_service.go:86.37,88.3 1 0
github.com/AlmatJuvashev/phd-students-portal/backend/internal/services/assessment_service.go:90.2,91.16 2 0
github.com/AlmatJuvashev/phd-students-portal/backend/internal/services/assessment_service.go:91.16,93.3 1 0
github.com/AlmatJuvashev/phd-students-portal/backend/internal/services/assessment_service.go:96.2,96.28 1 0
github.com/AlmatJuvashev/phd-students-portal/backend/internal/services/assessment_service.go:96.28,97.41 1 0
github.com/AlmatJuvashev/phd-students-portal/backend/internal/services/assessment_service.go:97.41,99.4 1 0
github.com/AlmatJuvashev/phd-students-portal/backend/internal/services/assessment_service.go:102.2,102.35 1 0
github.com/AlmatJuvashev/phd-students-portal/backend/internal/services/assessment_service.go:105.133,107.16 2 0
github.com/AlmatJuvashev/phd-students-portal/backend/internal/services/assessment_service.go:107.16,109.3 1 0
github.com/AlmatJuvashev/phd-students-portal/backend/internal/services/assessment_service.go:110.2,110.34 1 0
github.com/AlmatJuvashev/phd-students-portal/backend/internal/services/assessment_service.go:110.34,112.3 1 0
github.com/AlmatJuvashev/phd-students-portal/backend/internal/services/assessment_service.go:115.2,117.34 3 0
github.com/AlmatJuvashev/phd-students-portal/backend/internal/services/assessment_service.go:117.34,119.3 1 0
github.com/AlmatJuvashev/phd-students-portal/backend/internal/services/assessment_service.go:121.2,121.56 1 0
github.com/AlmatJuvashev/phd-students-portal/backend/internal/services/assessment_service.go:121.56,123.3 1 0
github.com/AlmatJuvashev/phd-students-portal/backend/internal/services/assessment_service.go:124.2,124.40 1 0
github.com/AlmatJuvashev/phd-students-portal/backend/internal/services/assessment_service.go:127.104,129.16 2 0
github.com/AlmatJuvashev/phd-students-portal/backend/internal/services/assessment_service.go:129.16,131.3 1 0
github.com/AlmatJuvashev/phd-students-portal/backend/internal/services/assessment_service.go:132.2,132.34 1 0
github.com/AlmatJuvashev/phd-students-portal/backend/internal/services/assessment_service.go:132.34,134.3 1 0
github.com/AlmatJuvashev/phd-students-portal/backend/internal/services/assessment_service.go:135.2,135.51 1 0
github.com/AlmatJuvashev/phd-students-portal/backend/internal/services/assessment_service.go:139.141,142.16 2 1
github.com/AlmatJuvashev/phd-students-portal/backend/internal/services/assessment_service.go:142.16,144.3 1 0
github.com/AlmatJuvashev/phd-students-portal/backend/internal/services/assessment_service.go:145.2,145.37 1 1
github.com/AlmatJuvashev/phd-students-portal/backend/internal/services/assessment_service.go:145.37,147.3 1 0
github.com/AlmatJuvashev/phd-students-portal/backend/internal/services/assessment_service.go:150.2,151.78 2 1
github.com/AlmatJuvashev/phd-students-portal/backend/internal/services/assessment_service.go:151.78,153.3 1 1
github.com/AlmatJuvashev/phd-students-portal/backend/internal/services/assessment_service.go:154.2,154.79 1 1
github.com/AlmatJuvashev/phd-students-portal/backend/internal/services/assessment_service.go:154.79,156.3 1 0
github.com/AlmatJuvashev/phd-students-portal/backend/internal/services/assessment_service.go:159.2,160.42 2 1
github.com/AlmatJuvashev/phd-students-portal/backend/internal/services/assessment_service.go:160.42,162.3 1 1
github.com/AlmatJuvashev/phd-students-portal/backend/internal/services/assessment_service.go:164.2,165.16 2 1
github.com/AlmatJuvashev/phd-students-portal/backend/internal/services/assessment_service.go:165.16,167.3 1 0
github.com/AlmatJuvashev/phd-students-portal/backend/internal/services/assessment_service.go:170.2,170.26 1 1
github.com/AlmatJuvashev/phd-students-portal/backend/internal/services/assessment_service.go:170.26,171.59 1 1
github.com/AlmatJuvashev/phd-students-portal/backend/internal/services/assessment_service.go:171.59,172.12 1 1
github.com/AlmatJuvashev/phd-students-portal/backend/internal/services/assessment_service.go:175.3,175.56 1 1
github.com/AlmatJuvashev/phd-students-portal/backend/internal/services/assessment_service.go:175.56,177.9 2 0
github.com/AlmatJuvashev/phd-students-portal/backend/internal/services/assessment_service.go:180.3,180.68 1 1
github.com/AlmatJuvashev/phd-students-portal/backend/internal/services/assessment_service.go:183.2,183.62 1 1
github.com/AlmatJuvashev/phd-students-portal/backend/internal/services/assessment_service.go:183.62,187.30 3 1
github.com/AlmatJuvashev/phd-students-portal/backend/internal/services/assessment_service.go:187.30,188.50 1 1
github.com/AlmatJuvashev/phd-students-portal/backend/internal/services/assessment_service.go:188.50,189.13 1 0
github.com/AlmatJuvashev/phd-students-portal/backend/internal/services/assessment_service.go:191.4,192.89 2 1
github.com/AlmatJuvashev/phd-students-portal/backend/internal/services/assessment_service.go:192.89,195.5 2 1
github.com/AlmatJuvashev/phd-students-portal/backend/internal/services/assessment_service.go:198.3,198.68 1 1
github.com/AlmatJuvashev/phd-students-portal/backend/internal/services/assessment_service.go:198.68,200.4 1 1
github.com/AlmatJuvashev/phd-students-portal/backend/internal/services/assessment_service.go:202.3,202.58 1 1
github.com/AlmatJuvashev/phd-students-portal/backend/internal/services/assessment_service.go:202.58,204.27 2 1
github.com/AlmatJuvashev/phd-students-portal/backend/internal/services/assessment_service.go:204.27,206.5 1 1
github.com/AlmatJuvashev/phd-students-portal/backend/internal/services/assessment_service.go:211.2,214.4 1 1
github.com/AlmatJuvashev/phd-students-portal/backend/internal/services/assessment_service.go:218.154,221.16 2 1
github.com/AlmatJuvashev/phd-students-portal/backend/internal/services/assessment_service.go:221.16,223.3 1 0
github.com/AlmatJuvashev/phd-students-portal/backend/internal/services/assessment_service.go:224.2,224.36 1 1
github.com/AlmatJuvashev/phd-students-portal/backend/internal/services/assessment_service.go:224.36,226.3 1 0
github.com/AlmatJuvashev/phd-students-portal/backend/internal/services/assessment_service.go:227.2,227.54 1 1
github.com/AlmatJuvashev/phd-students-portal/backend/internal/services/assessment_service.go:227.54,229.3 1 0
github.com/AlmatJuvashev/phd-students-portal/backend/internal/services/assessment_service.go:231.2,232.16 2 1
github.com/AlmatJuvashev/phd-students-portal/backend/internal/services/assessment_service.go:232.16,234.3 1 0
github.com/AlmatJuvashev/phd-students-portal/backend/internal/services/assessment_service.go:235.2,235.37 1 1
github.com/AlmatJuvashev/phd-students-portal/backend/internal/services/assessment_service.go:235.37,237.3 1 0
github.com/AlmatJuvashev/phd-students-portal/backend/internal/services/assessment_service.go:240.2,240.57 1 1
github.com/AlmatJuvashev/phd-students-portal/backend/internal/services/assessment_service.go:240.57,243.3 2 1
github.com/AlmatJuvashev/phd-students-portal/backend/internal/services/assessment_service.go:245.2,254.47 2 0
github.com/AlmatJuvashev/phd-students-portal/backend/internal/services/assessment_service.go:258.140,260.16 2 1
github.com/AlmatJuvashev/phd-students-portal/backend/internal/services/assessment_service.go:260.16,262.3 1 0
github.com/AlmatJuvashev/phd-students-portal/backend/internal/services/assessment_service.go:263.2,263.36 1 1
github.com/AlmatJuvashev/phd-students-portal/backend/internal/services/assessment_service.go:263.36,265.3 1 0
github.com/AlmatJuvashev/phd-students-portal/backend/internal/services/assessment_service.go:266.2,267.16 2 1
github.com/AlmatJuvashev/phd-students-portal/backend/internal/services/assessment_service.go:267.16,269.3 1 0
github.com/AlmatJuvashev/phd-students-portal/backend/internal/services/assessment_service.go:270.2,270.37 1 1
github.com/AlmatJuvashev/phd-students-portal/backend/internal/services/assessment_service.go:270.37,272.3 1 0
github.com/AlmatJuvashev/phd-students-portal/backend/internal/services/assessment_service.go:274.2,274.63 1 1
github.com/AlmatJuvashev/phd-students-portal/backend/internal/services/assessment_service.go:277.140,279.16 2 1
github.com/AlmatJuvashev/phd-students-portal/backend/internal/services/assessment_service.go:279.16,281.3 1 0
github.com/AlmatJuvashev/phd-students-portal/backend/internal/services/assessment_service.go:282.2,282.54 1 1
github.com/AlmatJuvashev/phd-students-portal/backend/internal/services/assessment_service.go:282.54,284.3 1 0
github.com/AlmatJuvashev/phd-students-portal/backend/internal/services/assessment_service.go:287.2,288.16 2 1
github.com/AlmatJuvashev/phd-students-portal/backend/internal/services/assessment_service.go:288.16,290.3 1 0
github.com/AlmatJuvashev/phd-students-portal/backend/internal/services/assessment_service.go:291.2,292.16 2 1
github.com/AlmatJuvashev/phd-students-portal/backend/internal/services/assessment_service.go:292.16,294.3 1 0
github.com/AlmatJuvashev/phd-students-portal/backend/internal/services/assessment_service.go:297.2,298.30 2 1
github.com/AlmatJuvashev/phd-students-portal/backend/internal/services/assessment_service.go:298.30,300.3 1 1
github.com/AlmatJuvashev/phd-students-portal/backend/internal/services/assessment_service.go:303.2,307.30 3 1
github.com/AlmatJuvashev/phd-students-portal/backend/internal/services/assessment_service.go:307.30,309.48 2 1
github.com/AlmatJuvashev/phd-students-portal/backend/internal/services/assessment_service.go:309.48,320.4 5 1
github.com/AlmatJuvashev/phd-students-portal/backend/internal/services/assessment_service.go:323.2,324.23 2 1
github.com/AlmatJuvashev/phd-students-portal/backend/internal/services/assessment_service.go:324.23,326.3 1 1
github.com/AlmatJuvashev/phd-students-portal/backend/internal/services/assessment_service.go:329.2,330.16 2 1
github.com/AlmatJuvashev/phd-students-portal/backend/internal/services/assessment_service.go:330.16,332.3 1 0
github.com/AlmatJuvashev/phd-students-portal/backend/internal/services/assessment_service.go:334.2,334.42 1 1
github.com/AlmatJuvashev/phd-students-portal/backend/internal/services/assessment_service.go:339.116,340.94 1 1
github.com/AlmatJuvashev/phd-students-portal/backend/internal/services/assessment_service.go:340.94,341.40 1 1
github.com/AlmatJuvashev/phd-students-portal/backend/internal/services/assessment_service.go:341.40,342.97 1 1
github.com/AlmatJuvashev/phd-students-portal/backend/internal/services/assessment_service.go:342.97,344.5 1 1
github.com/AlmatJuvashev/phd-students-portal/backend/internal/services/assessment_service.go:348.2,348.17 1 1
github.com/AlmatJuvashev/phd-students-portal/backend/internal/services/assessment_service.go:352.180,354.16 2 1
github.com/AlmatJuvashev/phd-students-portal/backend/internal/services/assessment_service.go:354.16,356.3 1 0
github.com/AlmatJuvashev/phd-students-portal/backend/internal/services/assessment_service.go:357.2,357.36 1 1
github.com/AlmatJuvashev/phd-students-portal/backend/internal/services/assessment_service.go:357.36,359.3 1 0
github.com/AlmatJuvashev/phd-students-portal/backend/internal/services/assessment_service.go:361.2,362.16 2 1
github.com/AlmatJuvashev/phd-students-portal/backend/internal/services/assessment_service.go:362.16,364.3 1 0
github.com/AlmatJuvashev/phd-students-portal/backend/internal/services/assessment_service.go:365.2,365.37 1 1
github.com/AlmatJuvashev/phd-students-portal/backend/internal/services/assessment_service.go:365.37,367.3 1 0
github.com/AlmatJuvashev/phd-students-portal/backend/internal/services/assessment_service.go:370.2,376.60 3 1
github.com/AlmatJuvashev/phd-students-portal/backend/internal/services/assessment_service.go:376.60,378.3 1 0
github.com/AlmatJuvashev/phd-students-portal/backend/internal/services/assessment_service.go:381.2,382.42 2 1
github.com/AlmatJuvashev/phd-students-portal/backend/internal/services/assessment_service.go:382.42,384.3 1 1
github.com/AlmatJuvashev/phd-students-portal/backend/internal/services/assessment_service.go:387.2,387.62 1 1
github.com/AlmatJuvashev/phd-students-portal/backend/internal/services/assessment_service.go:387.62,389.17 2 1
github.com/AlmatJuvashev/phd-students-portal/backend/internal/services/assessment_service.go:389.17,391.4 1 0
github.com/AlmatJuvashev/phd-students-portal/backend/internal/services/assessment_service.go:392.3,392.38 1 1
github.com/AlmatJuvashev/phd-students-portal/backend/internal/services/assessment_service.go:392.38,395.4 1 1
github.com/AlmatJuvashev/phd-students-portal/backend/internal/services/assessment_service.go:398.2,398.12 1 0
github.com/AlmatJuvashev/phd-students-portal/backend/internal/services/assessment_service.go:401.99,407.2 2 1
github.com/AlmatJuvashev/phd-students-portal/backend/internal/services/assessment_service.go:409.204,411.16 2 0
github.com/AlmatJuvashev/phd-students-portal/backend/internal/services/assessment_service.go:411.16,413.3 1 0
github.com/AlmatJuvashev/phd-students-portal/backend/internal/services/assessment_service.go:414.2,414.36 1 0
github.com/AlmatJuvashev/phd-students-portal/backend/internal/services/assessment_service.go:414.36,416.3 1 0
github.com/AlmatJuvashev/phd-students-portal/backend/internal/services/assessment_service.go:418.2,419.16 2 0
github.com/AlmatJuvashev/phd-students-portal/backend/internal/services/assessment_service.go:419.16,421.3 1 0
github.com/AlmatJuvashev/phd-students-portal/backend/internal/services/assessment_service.go:422.2,422.37 1 0
github.com/AlmatJuvashev/phd-students-portal/backend/internal/services/assessment_service.go:422.37,424.3 1 0
github.com/AlmatJuvashev/phd-students-portal/backend/internal/services/assessment_service.go:427.2,427.109 1 0
github.com/AlmatJuvashev/phd-students-portal/backend/internal/services/assessment_service.go:427.109,429.21 2 0
github.com/AlmatJuvashev/phd-students-portal/backend/internal/services/assessment_service.go:429.21,431.4 1 0
github.com/AlmatJuvashev/phd-students-portal/backend/internal/services/assessment_service.go:434.2,435.16 2 0
github.com/AlmatJuvashev/phd-students-portal/backend/internal/services/assessment_service.go:435.16,437.3 1 0
github.com/AlmatJuvashev/phd-students-portal/backend/internal/services/assessment_service.go:438.2,439.16 2 0
github.com/AlmatJuvashev/phd-students-portal/backend/internal/services/assessment_service.go:439.16,441.3 1 0
github.com/AlmatJuvashev/phd-students-portal/backend/internal/services/assessment_service.go:444.2,444.54 1 0
github.com/AlmatJuvashev/phd-students-portal/backend/internal/services/assessment_service.go:444.54,445.29 1 0
github.com/AlmatJuvashev/phd-students-portal/backend/internal/services/assessment_service.go:445.29,446.42 1 0
github.com/AlmatJuvashev/phd-students-portal/backend/internal/services/assessment_service.go:446.42,448.5 1 0
github.com/AlmatJuvashev/phd-students-portal/backend/internal/services/assessment_service.go:452.2,452.55 1 0
github.com/AlmatJuvashev/phd-students-portal/backend/internal/services/assessment_service.go:455.143,457.16 2 0
github.com/AlmatJuvashev/phd-students-portal/backend/internal/services/assessment_service.go:457.16,459.3 1 0
github.com/AlmatJuvashev/phd-students-portal/backend/internal/services/assessment_service.go:460.2,460.37 1 0
github.com/AlmatJuvashev/phd-students-portal/backend/internal/services/assessment_service.go:460.37,462.3 1 0
github.com/AlmatJuvashev/phd-students-portal/backend/internal/services/assessment_service.go:463.2,463.80 1 0
github.com/AlmatJuvashev/phd-students-portal/backend/internal/services/assessment_service.go:466.132,467.41 1 1
github.com/AlmatJuvashev/phd-students-portal/backend/internal/services/assessment_service.go:467.41,469.3 1 0
github.com/AlmatJuvashev/phd-students-portal/backend/internal/services/assessment_service.go:470.2,470.77 1 1
github.com/AlmatJuvashev/phd-students-portal/backend/internal/services/assessment_service.go:470.77,472.3 1 1
github.com/AlmatJuvashev/phd-students-portal/backend/internal/services/assessment_service.go:473.2,474.29 2 1
github.com/AlmatJuvashev/phd-students-portal/backend/internal/services/attendance_service.go:14.84,16.2 1 1
github.com/AlmatJuvashev/phd-students-portal/backend/internal/services/attendance_service.go:19.149,22.2 1 1
github.com/AlmatJuvashev/phd-students-portal/backend/internal/services/attendance_service.go:24.123,26.2 1 0
github.com/AlmatJuvashev/phd-students-portal/backend/internal/services/audit_service.go:18.117,20.2 1 0
github.com/AlmatJuvashev/phd-students-portal/backend/internal/services/audit_service.go:24.146,26.2 1 0
github.com/AlmatJuvashev/phd-students-portal/backend/internal/services/audit_service.go:28.108,30.2 1 0
github.com/AlmatJuvashev/phd-students-portal/backend/internal/services/audit_service.go:32.126,33.67 1 0
github.com/AlmatJuvashev/phd-students-portal/backend/internal/services/audit_service.go:33.67,35.3 1 0
github.com/AlmatJuvashev/phd-students-portal/backend/internal/services/audit_service.go:38.2,46.4 2 0
github.com/AlmatJuvashev/phd-students-portal/backend/internal/services/audit_service.go:49.126,53.67 2 0
github.com/AlmatJuvashev/phd-students-portal/backend/internal/services/audit_service.go:53.67,55.3 1 0
github.com/AlmatJuvashev/phd-students-portal/backend/internal/services/audit_service.go:58.2,68.4 3 0
github.com/AlmatJuvashev/phd-students-portal/backend/internal/services/audit_service.go:71.107,75.62 2 0
github.com/AlmatJuvashev/phd-students-portal/backend/internal/services/audit_service.go:75.62,77.3 1 0
github.com/AlmatJuvashev/phd-students-portal/backend/internal/services/audit_service.go:80.2,88.4 2 0
github.com/AlmatJuvashev/phd-students-portal/backend/internal/services/audit_service.go:93.120,95.2 1 0
github.com/AlmatJuvashev/phd-students-portal/backend/internal/services/audit_service.go:97.121,99.2 1 0
github.com/AlmatJuvashev/phd-students-portal/backend/internal/services/audit_service.go:103.138,105.2 1 0
github.com/AlmatJuvashev/phd-students-portal/backend/internal/services/audit_service.go:119.127,121.16 2 0
github.com/AlmatJuvashev/phd-students-portal/backend/internal/services/audit_service.go:121.16,123.3 1 0
github.com/AlmatJuvashev/phd-students-portal/backend/internal/services/audit_service.go:125.2,126.16 2 0
github.com/AlmatJuvashev/phd-students-portal/backend/internal/services/audit_service.go:126.16,128.3 1 0
github.com/AlmatJuvashev/phd-students-portal/backend/internal/services/audit_service.go:130.2,131.16 2 0
github.com/AlmatJuvashev/phd-students-portal/backend/internal/services/audit_service.go:131.16,133.3 1 0
github.com/AlmatJuvashev/phd-students-portal/backend/internal/services/audit_service.go:135.2,136.28 2 0
github.com/AlmatJuvashev/phd-students-portal/backend/internal/services/audit_service.go:136.28,138.3 1 0
github.com/AlmatJuvashev/phd-students-portal/backend/internal/services/audit_service.go:140.2,148.8 1 0
github.com/AlmatJuvashev/phd-students-portal/backend/internal/services/auth_service.go:23.107,29.2 1 1
github.com/AlmatJuvashev/phd-students-portal/backend/internal/services/auth_service.go:38.118,42.16 3 1
github.com/AlmatJuvashev/phd-students-portal/backend/internal/services/auth_service.go:42.16,45.3 2 1
github.com/AlmatJuvashev/phd-students-portal/backend/internal/services/auth_service.go:46.2,48.20 2 1
github.com/AlmatJuvashev/phd-students-portal/backend/internal/services/auth_service.go:48.20,51.3 2 1
github.com/AlmatJuvashev/phd-students-portal/backend/internal/services/auth_service.go:53.2,53.54 1 1
github.com/AlmatJuvashev/phd-students-portal/backend/internal/services/auth_service.go:53.54,56.3 2 1
github.com/AlmatJuvashev/phd-students-portal/backend/internal/services/auth_service.go:57.2,61.31 3 1
github.com/AlmatJuvashev/phd-students-portal/backend/internal/services/auth_service.go:61.31,64.3 2 1
github.com/AlmatJuvashev/phd-students-portal/backend/internal/services/auth_service.go:64.8,64.27 1 1
github.com/AlmatJuvashev/phd-students-portal/backend/internal/services/auth_service.go:64.27,68.17 3 1
github.com/AlmatJuvashev/phd-students-portal/backend/internal/services/auth_service.go:68.17,71.4 2 1
github.com/AlmatJuvashev/phd-students-portal/backend/internal/services/auth_service.go:72.3,73.75 2 1
github.com/AlmatJuvashev/phd-students-portal/backend/internal/services/auth_service.go:74.8,78.3 2 1
github.com/AlmatJuvashev/phd-students-portal/backend/internal/services/auth_service.go:80.2,81.16 2 1
github.com/AlmatJuvashev/phd-students-portal/backend/internal/services/auth_service.go:81.16,84.3 2 0
github.com/AlmatJuvashev/phd-students-portal/backend/internal/services/auth_service.go:85.2,89.20 3 1
github.com/AlmatJuvashev/phd-students-portal/backend/internal/services/auth_service.go:89.20,91.3 1 1
github.com/AlmatJuvashev/phd-students-portal/backend/internal/services/auth_service.go:93.2,98.8 1 1
github.com/AlmatJuvashev/phd-students-portal/backend/internal/services/auth_service.go:102.85,104.16 2 1
github.com/AlmatJuvashev/phd-students-portal/backend/internal/services/auth_service.go:104.16,106.3 1 0
github.com/AlmatJuvashev/phd-students-portal/backend/internal/services/auth_service.go:108.2,116.92 7 1
github.com/AlmatJuvashev/phd-students-portal/backend/internal/services/auth_service.go:116.92,118.3 1 1
github.com/AlmatJuvashev/phd-students-portal/backend/internal/services/auth_service.go:120.2,120.69 1 1
github.com/AlmatJuvashev/phd-students-portal/backend/internal/services/auth_service.go:123.91,128.16 4 1
github.com/AlmatJuvashev/phd-students-portal/backend/internal/services/auth_service.go:128.16,130.3 1 1
github.com/AlmatJuvashev/phd-students-portal/backend/internal/services/auth_service.go:132.2,132.33 1 1
github.com/AlmatJuvashev/phd-students-portal/backend/internal/services/auth_service.go:132.33,134.3 1 1
github.com/AlmatJuvashev/phd-students-portal/backend/internal/services/auth_service.go:136.2,137.16 2 1
github.com/AlmatJuvashev/phd-students-portal/backend/internal/services/auth_service.go:137.16,139.3 1 0
github.com/AlmatJuvashev/phd-students-portal/backend/internal/services/auth_service.go:141.2,141.68 1 1
github.com/AlmatJuvashev/phd-students-portal/backend/internal/services/auth_service.go:141.68,143.3 1 1
github.com/AlmatJuvashev/phd-students-portal/backend/internal/services/auth_service.go:145.2,145.56 1 1
github.com/AlmatJuvashev/phd-students-portal/backend/internal/services/auth_service.go:148.120,150.2 1 1
github.com/AlmatJuvashev/phd-students-portal/backend/internal/services/authz_service.go:16.68,18.2 1 1
github.com/AlmatJuvashev/phd-students-portal/backend/internal/services/authz_service.go:22.149,24.103 1 1
github.com/AlmatJuvashev/phd-students-portal/backend/internal/services/authz_service.go:24.103,26.3 1 0
github.com/AlmatJuvashev/phd-students-portal/backend/internal/services/authz_service.go:26.8,26.20 1 1
github.com/AlmatJuvashev/phd-students-portal/backend/internal/services/authz_service.go:26.20,28.3 1 1
github.com/AlmatJuvashev/phd-students-portal/backend/internal/services/authz_service.go:36.2,36.70 1 1
github.com/AlmatJuvashev/phd-students-portal/backend/internal/services/authz_service.go:39.136,41.16 2 1
github.com/AlmatJuvashev/phd-students-portal/backend/internal/services/authz_service.go:41.16,43.3 1 0
github.com/AlmatJuvashev/phd-students-portal/backend/internal/services/authz_service.go:45.2,45.29 1 1
github.com/AlmatJuvashev/phd-students-portal/backend/internal/services/authz_service.go:45.29,47.17 2 1
github.com/AlmatJuvashev/phd-students-portal/backend/internal/services/authz_service.go:47.17,49.12 2 0
github.com/AlmatJuvashev/phd-students-portal/backend/internal/services/authz_service.go:51.3,51.27 1 1
github.com/AlmatJuvashev/phd-students-portal/backend/internal/services/authz_service.go:51.27,52.33 1 1
github.com/AlmatJuvashev/phd-students-portal/backend/internal/services/authz_service.go:52.33,54.5 1 1
github.com/AlmatJuvashev/phd-students-portal/backend/internal/services/authz_service.go:57.2,57.19 1 1
github.com/AlmatJuvashev/phd-students-portal/backend/internal/services/bulk_service.go:21.79,23.2 1 1
github.com/AlmatJuvashev/phd-students-portal/backend/internal/services/bulk_service.go:35.114,44.16 6 1
github.com/AlmatJuvashev/phd-students-portal/backend/internal/services/bulk_service.go:44.16,46.3 1 0
github.com/AlmatJuvashev/phd-students-portal/backend/internal/services/bulk_service.go:48.2,51.6 2 1
github.com/AlmatJuvashev/phd-students-portal/backend/internal/services/bulk_service.go:51.6,53.20 2 1
github.com/AlmatJuvashev/phd-students-portal/backend/internal/services/bulk_service.go:53.20,54.9 1 1
github.com/AlmatJuvashev/phd-students-portal/backend/internal/services/bulk_service.go:56.3,58.17 2 1
github.com/AlmatJuvashev/phd-students-portal/backend/internal/services/bulk_service.go:58.17,60.12 2 0
github.com/AlmatJuvashev/phd-students-portal/backend/internal/services/bulk_service.go:63.3,63.19 1 1
github.com/AlmatJuvashev/phd-students-portal/backend/internal/services/bulk_service.go:63.19,65.12 2 1
github.com/AlmatJuvashev/phd-students-portal/backend/internal/services/bulk_service.go:68.3,72.35 5 1
github.com/AlmatJuvashev/phd-students-portal/backend/internal/services/bulk_service.go:72.35,74.4 1 1
github.com/AlmatJuvashev/phd-students-portal/backend/internal/services/bulk_service.go:77.3,92.23 4 1
github.com/AlmatJuvashev/phd-students-portal/backend/internal/services/bulk_service.go:92.23,94.12 2 0
github.com/AlmatJuvashev/phd-students-portal/backend/internal/services/bulk_service.go:96.3,96.17 1 1
github.com/AlmatJuvashev/phd-students-portal/backend/internal/services/bulk_service.go:99.2,99.32 1 1
github.com/AlmatJuvashev/phd-students-portal/backend/internal/services/calendar_service.go:15.75,17.2 1 1
github.com/AlmatJuvashev/phd-students-portal/backend/internal/services/calendar_service.go:19.107,21.2 1 1
github.com/AlmatJuvashev/phd-students-portal/backend/internal/services/calendar_service.go:23.129,25.2 1 1
github.com/AlmatJuvashev/phd-students-portal/backend/internal/services/calendar_service.go:27.96,29.2 1 1
github.com/AlmatJuvashev/phd-students-portal/backend/internal/services/calendar_service.go:31.87,33.2 1 1
github.com/AlmatJuvashev/phd-students-portal/backend/internal/services/calendar_service.go:35.90,37.2 1 1
github.com/AlmatJuvashev/phd-students-portal/backend/internal/services/chat_service.go:26.114,32.2 1 1
github.com/AlmatJuvashev/phd-students-portal/backend/internal/services/chat_service.go:35.174,37.2 1 1
github.com/AlmatJuvashev/phd-students-portal/backend/internal/services/chat_service.go:40.126,42.2 1 1
github.com/AlmatJuvashev/phd-students-portal/backend/internal/services/chat_service.go:45.93,47.2 1 1
github.com/AlmatJuvashev/phd-students-portal/backend/internal/services/chat_service.go:50.113,52.2 1 1
github.com/AlmatJuvashev/phd-students-portal/backend/internal/services/chat_service.go:55.107,57.2 1 1
github.com/AlmatJuvashev/phd-students-portal/backend/internal/services/chat_service.go:60.90,62.2 1 1
github.com/AlmatJuvashev/phd-students-portal/backend/internal/services/chat_service.go:65.115,67.2 1 1
github.com/AlmatJuvashev/phd-students-portal/backend/internal/services/chat_service.go:70.86,72.2 1 1
github.com/AlmatJuvashev/phd-students-portal/backend/internal/services/chat_service.go:75.104,77.2 1 1
github.com/AlmatJuvashev/phd-students-portal/backend/internal/services/chat_service.go:80.196,82.2 1 1
github.com/AlmatJuvashev/phd-students-portal/backend/internal/services/chat_service.go:85.139,87.2 1 1
github.com/AlmatJuvashev/phd-students-portal/backend/internal/services/chat_service.go:90.118,92.2 1 1
github.com/AlmatJuvashev/phd-students-portal/backend/internal/services/chat_service.go:95.86,97.2 1 1
github.com/AlmatJuvashev/phd-students-portal/backend/internal/services/chat_service.go:100.88,102.2 1 1
github.com/AlmatJuvashev/phd-students-portal/backend/internal/services/chat_service.go:105.137,107.43 1 1
github.com/AlmatJuvashev/phd-students-portal/backend/internal/services/chat_service.go:107.43,110.17 3 1
github.com/AlmatJuvashev/phd-students-portal/backend/internal/services/chat_service.go:110.17,112.4 1 1
github.com/AlmatJuvashev/phd-students-portal/backend/internal/services/chat_service.go:115.2,115.23 1 1
github.com/AlmatJuvashev/phd-students-portal/backend/internal/services/chat_service.go:115.23,117.3 1 1
github.com/AlmatJuvashev/phd-students-portal/backend/internal/services/chat_service.go:120.2,122.30 3 1
github.com/AlmatJuvashev/phd-students-portal/backend/internal/services/chat_service.go:122.30,123.93 1 1
github.com/AlmatJuvashev/phd-students-portal/backend/internal/services/chat_service.go:123.93,126.4 2 1
github.com/AlmatJuvashev/phd-students-portal/backend/internal/services/chat_service.go:136.2,136.27 1 1
github.com/AlmatJuvashev/phd-students-portal/backend/internal/services/chat_service.go:136.27,138.3 1 1
github.com/AlmatJuvashev/phd-students-portal/backend/internal/services/chat_service.go:140.2,140.19 1 1
github.com/AlmatJuvashev/phd-students-portal/backend/internal/services/chat_service.go:143.79,149.16 4 1
github.com/AlmatJuvashev/phd-students-portal/backend/internal/services/chat_service.go:149.16,152.3 2 1
github.com/AlmatJuvashev/phd-students-portal/backend/internal/services/chat_service.go:154.2,155.16 2 1
github.com/AlmatJuvashev/phd-students-portal/backend/internal/services/chat_service.go:155.16,158.3 2 1
github.com/AlmatJuvashev/phd-students-portal/backend/internal/services/chat_service.go:160.2,160.26 1 1
github.com/AlmatJuvashev/phd-students-portal/backend/internal/services/chat_service.go:160.26,162.98 2 1
github.com/AlmatJuvashev/phd-students-portal/backend/internal/services/chat_service.go:162.98,164.4 1 1
github.com/AlmatJuvashev/phd-students-portal/backend/internal/services/chat_service.go:169.140,170.43 1 1
github.com/AlmatJuvashev/phd-students-portal/backend/internal/services/chat_service.go:170.43,173.17 3 1
github.com/AlmatJuvashev/phd-students-portal/backend/internal/services/chat_service.go:173.17,175.4 1 0
github.com/AlmatJuvashev/phd-students-portal/backend/internal/services/chat_service.go:178.2,178.23 1 1
github.com/AlmatJuvashev/phd-students-portal/backend/internal/services/chat_service.go:178.23,180.3 1 0
github.com/AlmatJuvashev/phd-students-portal/backend/internal/services/chat_service.go:182.2,183.30 2 1
github.com/AlmatJuvashev/phd-students-portal/backend/internal/services/chat_service.go:183.30,184.63 1 1
[...]
github.com/AlmatJuvashev/phd-students-portal/backend/internal/services/tenant_service.go:66.86,68.2 1 1
github.com/AlmatJuvashev/phd-students-portal/backend/internal/services/tenant_service.go:70.78,72.2 1 1
github.com/AlmatJuvashev/phd-students-portal/backend/internal/services/tenant_service.go:74.115,76.2 1 1
github.com/AlmatJuvashev/phd-students-portal/backend/internal/services/tenant_service.go:78.135,80.2 1 1
github.com/AlmatJuvashev/phd-students-portal/backend/internal/services/tenant_service.go:82.115,84.2 1 1
github.com/AlmatJuvashev/phd-students-portal/backend/internal/services/tenant_service.go:86.107,88.2 1 1
github.com/AlmatJuvashev/phd-students-portal/backend/internal/services/tenant_service.go:90.98,92.2 1 1
github.com/AlmatJuvashev/phd-students-portal/backend/internal/services/tenant_service.go:94.120,96.16 2 1
github.com/AlmatJuvashev/phd-students-portal/backend/internal/services/tenant_service.go:96.16,98.3 1 1
github.com/AlmatJuvashev/phd-students-portal/backend/internal/services/tenant_service.go:99.2,99.16 1 1
github.com/AlmatJuvashev/phd-students-portal/backend/internal/services/tenant_service.go:99.16,101.3 1 1
github.com/AlmatJuvashev/phd-students-portal/backend/internal/services/tenant_service.go:102.2,102.18 1 1
github.com/AlmatJuvashev/phd-students-portal/backend/internal/services/tenant_service.go:102.18,104.3 1 1
github.com/AlmatJuvashev/phd-students-portal/backend/internal/services/tenant_service.go:105.2,105.18 1 1
github.com/AlmatJuvashev/phd-students-portal/backend/internal/services/transcript_service.go:15.117,20.2 1 1
github.com/AlmatJuvashev/phd-students-portal/backend/internal/services/transcript_service.go:22.110,25.16 2 1
github.com/AlmatJuvashev/phd-students-portal/backend/internal/services/transcript_service.go:25.16,27.3 1 0
github.com/AlmatJuvashev/phd-students-portal/backend/internal/services/transcript_service.go:36.2,51.27 7 1
github.com/AlmatJuvashev/phd-students-portal/backend/internal/services/transcript_service.go:51.27,52.51 1 1
github.com/AlmatJuvashev/phd-students-portal/backend/internal/services/transcript_service.go:52.51,55.51 2 1
github.com/AlmatJuvashev/phd-students-portal/backend/internal/services/transcript_service.go:55.51,57.19 2 1
github.com/AlmatJuvashev/phd-students-portal/backend/internal/services/transcript_service.go:57.19,59.6 1 1
github.com/AlmatJuvashev/phd-students-portal/backend/internal/services/transcript_service.go:62.3,70.28 3 1
github.com/AlmatJuvashev/phd-students-portal/backend/internal/services/transcript_service.go:74.2,74.35 1 1
github.com/AlmatJuvashev/phd-students-portal/backend/internal/services/transcript_service.go:74.35,80.32 4 1
github.com/AlmatJuvashev/phd-students-portal/backend/internal/services/transcript_service.go:80.32,84.4 2 1
github.com/AlmatJuvashev/phd-students-portal/backend/internal/services/transcript_service.go:86.3,87.22 2 1
github.com/AlmatJuvashev/phd-students-portal/backend/internal/services/transcript_service.go:87.22,89.4 1 1
github.com/AlmatJuvashev/phd-students-portal/backend/internal/services/transcript_service.go:91.3,92.35 2 1
github.com/AlmatJuvashev/phd-students-portal/backend/internal/services/transcript_service.go:92.35,94.4 1 1
github.com/AlmatJuvashev/phd-students-portal/backend/internal/services/transcript_service.go:96.3,102.5 1 1
github.com/AlmatJuvashev/phd-students-portal/backend/internal/services/transcript_service.go:105.2,107.22 3 1
github.com/AlmatJuvashev/phd-students-portal/backend/internal/services/transcript_service.go:107.22,109.3 1 1
github.com/AlmatJuvashev/phd-students-portal/backend/internal/services/transcript_service.go:111.2,111.24 1 1
github.com/AlmatJuvashev/phd-students-portal/backend/internal/services/user_service.go:41.192,50.2 1 1
github.com/AlmatJuvashev/phd-students-portal/backend/internal/services/user_service.go:54.108,57.16 2 1
github.com/AlmatJuvashev/phd-students-portal/backend/internal/services/user_service.go:57.16,59.3 1 0
github.com/AlmatJuvashev/phd-students-portal/backend/internal/services/user_service.go:62.2,82.16 5 1
github.com/AlmatJuvashev/phd-students-portal/backend/internal/services/user_service.go:82.16,84.3 1 0
github.com/AlmatJuvashev/phd-students-portal/backend/internal/services/user_service.go:85.2,90.24 4 1
github.com/AlmatJuvashev/phd-students-portal/backend/internal/services/user_service.go:90.24,97.17 3 0
github.com/AlmatJuvashev/phd-students-portal/backend/internal/services/user_service.go:97.17,105.4 2 0
github.com/AlmatJuvashev/phd-students-portal/backend/internal/services/user_service.go:109.2,109.54 1 1
github.com/AlmatJuvashev/phd-students-portal/backend/internal/services/user_service.go:109.54,110.38 1 0
github.com/AlmatJuvashev/phd-students-portal/backend/internal/services/user_service.go:110.38,112.4 1 0
github.com/AlmatJuvashev/phd-students-portal/backend/internal/services/user_service.go:116.2,118.28 2 1
github.com/AlmatJuvashev/phd-students-portal/backend/internal/services/user_service.go:121.85,125.2 1 1
github.com/AlmatJuvashev/phd-students-portal/backend/internal/services/user_service.go:127.77,129.16 2 1
github.com/AlmatJuvashev/phd-students-portal/backend/internal/services/user_service.go:129.16,131.3 1 1
github.com/AlmatJuvashev/phd-students-portal/backend/internal/services/user_service.go:133.2,133.18 1 1
github.com/AlmatJuvashev/phd-students-portal/backend/internal/services/user_service.go:133.18,135.3 1 0
github.com/AlmatJuvashev/phd-students-portal/backend/internal/services/user_service.go:136.2,137.12 2 1
github.com/AlmatJuvashev/phd-students-portal/backend/internal/services/user_service.go:142.110,144.16 2 1
github.com/AlmatJuvashev/phd-students-portal/backend/internal/services/user_service.go:144.16,144.30 1 0
github.com/AlmatJuvashev/phd-students-portal/backend/internal/services/user_service.go:146.2,146.61 1 1
github.com/AlmatJuvashev/phd-students-portal/backend/internal/services/user_service.go:146.61,148.3 1 1
github.com/AlmatJuvashev/phd-students-portal/backend/internal/services/user_service.go:150.2,151.16 2 1
github.com/AlmatJuvashev/phd-students-portal/backend/internal/services/user_service.go:151.16,151.30 1 0
github.com/AlmatJuvashev/phd-students-portal/backend/internal/services/user_service.go:153.2,154.16 2 1
github.com/AlmatJuvashev/phd-students-portal/backend/internal/services/user_service.go:154.16,154.30 1 1
github.com/AlmatJuvashev/phd-students-portal/backend/internal/services/user_service.go:156.2,156.18 1 1
github.com/AlmatJuvashev/phd-students-portal/backend/internal/services/user_service.go:156.18,156.52 1 0
github.com/AlmatJuvashev/phd-students-portal/backend/internal/services/user_service.go:157.2,157.12 1 1
github.com/AlmatJuvashev/phd-students-portal/backend/internal/services/user_service.go:160.88,162.16 2 1
github.com/AlmatJuvashev/phd-students-portal/backend/internal/services/user_service.go:162.16,162.30 1 1
github.com/AlmatJuvashev/phd-students-portal/backend/internal/services/user_service.go:164.2,164.18 1 1
github.com/AlmatJuvashev/phd-students-portal/backend/internal/services/user_service.go:164.18,164.52 1 0
github.com/AlmatJuvashev/phd-students-portal/backend/internal/services/user_service.go:165.2,165.12 1 1
github.com/AlmatJuvashev/phd-students-portal/backend/internal/services/user_service.go:170.98,172.16 2 1
github.com/AlmatJuvashev/phd-students-portal/backend/internal/services/user_service.go:172.16,172.30 1 0
github.com/AlmatJuvashev/phd-students-portal/backend/internal/services/user_service.go:174.2,175.16 2 1
github.com/AlmatJuvashev/phd-students-portal/backend/internal/services/user_service.go:175.16,175.30 1 1
github.com/AlmatJuvashev/phd-students-portal/backend/internal/services/user_service.go:177.2,177.18 1 1
github.com/AlmatJuvashev/phd-students-portal/backend/internal/services/user_service.go:177.18,177.52 1 0
github.com/AlmatJuvashev/phd-students-portal/backend/internal/services/user_service.go:178.2,178.12 1 1
github.com/AlmatJuvashev/phd-students-portal/backend/internal/services/user_service.go:181.100,183.16 2 1
github.com/AlmatJuvashev/phd-students-portal/backend/internal/services/user_service.go:183.16,183.38 1 1
github.com/AlmatJuvashev/phd-students-portal/backend/internal/services/user_service.go:185.2,185.31 1 1
github.com/AlmatJuvashev/phd-students-portal/backend/internal/services/user_service.go:185.31,187.3 1 0
github.com/AlmatJuvashev/phd-students-portal/backend/internal/services/user_service.go:189.2,193.16 4 1
github.com/AlmatJuvashev/phd-students-portal/backend/internal/services/user_service.go:193.16,195.3 1 0
github.com/AlmatJuvashev/phd-students-portal/backend/internal/services/user_service.go:196.2,196.18 1 1
github.com/AlmatJuvashev/phd-students-portal/backend/internal/services/user_service.go:196.18,196.48 1 0
github.com/AlmatJuvashev/phd-students-portal/backend/internal/services/user_service.go:197.2,197.37 1 1
github.com/AlmatJuvashev/phd-students-portal/backend/internal/services/user_service.go:200.133,202.2 1 1
github.com/AlmatJuvashev/phd-students-portal/backend/internal/services/user_service.go:204.85,209.16 4 1
github.com/AlmatJuvashev/phd-students-portal/backend/internal/services/user_service.go:209.16,211.3 1 1
github.com/AlmatJuvashev/phd-students-portal/backend/internal/services/user_service.go:213.2,213.18 1 1
github.com/AlmatJuvashev/phd-students-portal/backend/internal/services/user_service.go:213.18,215.3 1 0
github.com/AlmatJuvashev/phd-students-portal/backend/internal/services/user_service.go:216.2,216.22 1 1
github.com/AlmatJuvashev/phd-students-portal/backend/internal/services/user_service.go:220.146,222.2 1 1
github.com/AlmatJuvashev/phd-students-portal/backend/internal/services/user_service.go:237.108,240.16 2 1
github.com/AlmatJuvashev/phd-students-portal/backend/internal/services/user_service.go:240.16,242.3 1 0
github.com/AlmatJuvashev/phd-students-portal/backend/internal/services/user_service.go:245.2,245.65 1 1
github.com/AlmatJuvashev/phd-students-portal/backend/internal/services/user_service.go:245.65,247.3 1 1
github.com/AlmatJuvashev/phd-students-portal/backend/internal/services/user_service.go:250.2,251.16 2 1
github.com/AlmatJuvashev/phd-students-portal/backend/internal/services/user_service.go:251.16,251.35 1 0
github.com/AlmatJuvashev/phd-students-portal/backend/internal/services/user_service.go:252.2,252.18 1 1
github.com/AlmatJuvashev/phd-students-portal/backend/internal/services/user_service.go:252.18,256.3 1 1
github.com/AlmatJuvashev/phd-students-portal/backend/internal/services/user_service.go:259.2,267.21 4 1
github.com/AlmatJuvashev/phd-students-portal/backend/internal/services/user_service.go:267.21,267.50 1 0
github.com/AlmatJuvashev/phd-students-portal/backend/internal/services/user_service.go:268.2,268.19 1 1
github.com/AlmatJuvashev/phd-students-portal/backend/internal/services/user_service.go:268.19,268.44 1 1
github.com/AlmatJuvashev/phd-students-portal/backend/internal/services/user_service.go:269.2,269.23 1 1
github.com/AlmatJuvashev/phd-students-portal/backend/internal/services/user_service.go:269.23,269.56 1 0
github.com/AlmatJuvashev/phd-students-portal/backend/internal/services/user_service.go:270.2,270.28 1 1
github.com/AlmatJuvashev/phd-students-portal/backend/internal/services/user_service.go:270.28,270.69 1 0
github.com/AlmatJuvashev/phd-students-portal/backend/internal/services/user_service.go:271.2,271.25 1 1
github.com/AlmatJuvashev/phd-students-portal/backend/internal/services/user_service.go:271.25,271.62 1 0
github.com/AlmatJuvashev/phd-students-portal/backend/internal/services/user_service.go:274.2,275.16 2 1
github.com/AlmatJuvashev/phd-students-portal/backend/internal/services/user_service.go:275.16,275.35 1 0
github.com/AlmatJuvashev/phd-students-portal/backend/internal/services/user_service.go:278.2,278.18 1 1
github.com/AlmatJuvashev/phd-students-portal/backend/internal/services/user_service.go:278.18,278.56 1 0
github.com/AlmatJuvashev/phd-students-portal/backend/internal/services/user_service.go:280.2,283.18 2 1
github.com/AlmatJuvashev/phd-students-portal/backend/internal/services/user_service.go:283.18,286.17 2 1
github.com/AlmatJuvashev/phd-students-portal/backend/internal/services/user_service.go:286.17,286.36 1 0
github.com/AlmatJuvashev/phd-students-portal/backend/internal/services/user_service.go:287.3,287.12 1 1
github.com/AlmatJuvashev/phd-students-portal/backend/internal/services/user_service.go:287.12,287.62 1 1
github.com/AlmatJuvashev/phd-students-portal/backend/internal/services/user_service.go:290.3,291.17 2 1
github.com/AlmatJuvashev/phd-students-portal/backend/internal/services/user_service.go:291.17,291.36 1 0
github.com/AlmatJuvashev/phd-students-portal/backend/internal/services/user_service.go:293.3,295.17 3 1
github.com/AlmatJuvashev/phd-students-portal/backend/internal/services/user_service.go:295.17,295.36 1 0
github.com/AlmatJuvashev/phd-students-portal/backend/internal/services/user_service.go:298.3,299.24 2 1
github.com/AlmatJuvashev/phd-students-portal/backend/internal/services/user_service.go:299.24,301.18 2 1
github.com/AlmatJuvashev/phd-students-portal/backend/internal/services/user_service.go:301.18,304.5 2 0
github.com/AlmatJuvashev/phd-students-portal/backend/internal/services/user_service.go:304.10,308.5 3 1
github.com/AlmatJuvashev/phd-students-portal/backend/internal/services/user_service.go:309.9,313.4 2 0
github.com/AlmatJuvashev/phd-students-portal/backend/internal/services/user_service.go:316.3,316.103 1 1
github.com/AlmatJuvashev/phd-students-portal/backend/internal/services/user_service.go:319.2,319.22 1 1
github.com/AlmatJuvashev/phd-students-portal/backend/internal/services/user_service.go:338.112,341.16 2 1
github.com/AlmatJuvashev/phd-students-portal/backend/internal/services/user_service.go:341.16,341.30 1 1
github.com/AlmatJuvashev/phd-students-portal/backend/internal/services/user_service.go:343.2,343.33 1 1
github.com/AlmatJuvashev/phd-students-portal/backend/internal/services/user_service.go:343.33,345.3 1 0
github.com/AlmatJuvashev/phd-students-portal/backend/internal/services/user_service.go:346.2,346.30 1 1
github.com/AlmatJuvashev/phd-students-portal/backend/internal/services/user_service.go:346.30,348.3 1 0
github.com/AlmatJuvashev/phd-students-portal/backend/internal/services/user_service.go:351.2,362.16 11 1
github.com/AlmatJuvashev/phd-students-portal/backend/internal/services/user_service.go:362.16,362.30 1 0
github.com/AlmatJuvashev/phd-students-portal/backend/internal/services/user_service.go:365.2,365.49 1 1
github.com/AlmatJuvashev/phd-students-portal/backend/internal/services/user_service.go:365.49,368.17 2 0
github.com/AlmatJuvashev/phd-students-portal/backend/internal/services/user_service.go:368.17,368.31 1 0
github.com/AlmatJuvashev/phd-students-portal/backend/internal/services/user_service.go:371.2,371.12 1 1
github.com/AlmatJuvashev/phd-students-portal/backend/internal/services/user_service.go:375.92,378.16 2 1
github.com/AlmatJuvashev/phd-students-portal/backend/internal/services/user_service.go:378.16,378.34 1 1
github.com/AlmatJuvashev/phd-students-portal/backend/internal/services/user_service.go:381.2,382.16 2 1
github.com/AlmatJuvashev/phd-students-portal/backend/internal/services/user_service.go:382.16,382.34 1 1
github.com/AlmatJuvashev/phd-students-portal/backend/internal/services/user_service.go:383.2,393.16 4 1
github.com/AlmatJuvashev/phd-students-portal/backend/internal/services/user_service.go:393.16,393.34 1 0
github.com/AlmatJuvashev/phd-students-portal/backend/internal/services/user_service.go:396.2,402.18 3 1
github.com/AlmatJuvashev/phd-students-portal/backend/internal/services/user_service.go:402.18,402.52 1 0
github.com/AlmatJuvashev/phd-students-portal/backend/internal/services/user_service.go:404.2,404.22 1 1
github.com/AlmatJuvashev/phd-students-portal/backend/internal/services/user_service.go:407.103,409.2 1 1
github.com/AlmatJuvashev/phd-students-portal/backend/internal/services/user_service.go:412.151,414.29 1 1
github.com/AlmatJuvashev/phd-students-portal/backend/internal/services/user_service.go:414.29,416.3 1 0
github.com/AlmatJuvashev/phd-students-portal/backend/internal/services/user_service.go:417.2,417.40 1 1
github.com/AlmatJuvashev/phd-students-portal/backend/internal/services/user_service.go:417.40,419.94 1 0
github.com/AlmatJuvashev/phd-students-portal/backend/internal/services/user_service.go:419.94,421.4 1 0
github.com/AlmatJuvashev/phd-students-portal/backend/internal/services/user_service.go:424.2,424.22 1 1
github.com/AlmatJuvashev/phd-students-portal/backend/internal/services/user_service.go:424.22,426.3 1 0
github.com/AlmatJuvashev/phd-students-portal/backend/internal/services/user_service.go:428.2,430.16 3 1
github.com/AlmatJuvashev/phd-students-portal/backend/internal/services/user_service.go:430.16,432.3 1 0
github.com/AlmatJuvashev/phd-students-portal/backend/internal/services/user_service.go:434.2,435.33 2 1
github.com/AlmatJuvashev/phd-students-portal/backend/internal/services/user_service.go:438.89,440.16 2 1
github.com/AlmatJuvashev/phd-students-portal/backend/internal/services/user_service.go:440.16,440.30 1 0
github.com/AlmatJuvashev/phd-students-portal/backend/internal/services/user_service.go:441.2,441.18 1 1
github.com/AlmatJuvashev/phd-students-portal/backend/internal/services/user_service.go:441.18,441.52 1 0
github.com/AlmatJuvashev/phd-students-portal/backend/internal/services/user_service.go:442.2,442.12 1 1
github.com/AlmatJuvashev/phd-students-portal/backend/internal/services/user_service.go:448.64,450.2 1 1
github.com/AlmatJuvashev/phd-students-portal/backend/internal/services/user_service.go:452.105,454.17 2 1
github.com/AlmatJuvashev/phd-students-portal/backend/internal/services/user_service.go:454.17,456.3 1 1
github.com/AlmatJuvashev/phd-students-portal/backend/internal/services/user_service.go:457.2,458.16 2 1
github.com/AlmatJuvashev/phd-students-portal/backend/internal/services/user_service.go:458.16,460.3 1 1
github.com/AlmatJuvashev/phd-students-portal/backend/internal/services/user_service.go:461.2,464.44 2 1
github.com/AlmatJuvashev/phd-students-portal/backend/internal/services/user_service.go:464.44,466.17 2 1
github.com/AlmatJuvashev/phd-students-portal/backend/internal/services/user_service.go:466.17,468.4 1 0
github.com/AlmatJuvashev/phd-students-portal/backend/internal/services/user_service.go:469.3,471.17 3 1
github.com/AlmatJuvashev/phd-students-portal/backend/internal/services/user_service.go:471.17,473.4 1 0
github.com/AlmatJuvashev/phd-students-portal/backend/internal/services/user_service.go:474.3,474.14 1 1
github.com/AlmatJuvashev/phd-students-portal/backend/internal/services/user_service.go:474.14,476.4 1 1
github.com/AlmatJuvashev/phd-students-portal/backend/internal/services/user_service.go:478.2,478.79 1 0
github.com/AlmatJuvashev/phd-students-portal/backend/internal/services/user_service.go:481.45,483.26 2 1
github.com/AlmatJuvashev/phd-students-portal/backend/internal/services/user_service.go:483.26,484.29 1 1
github.com/AlmatJuvashev/phd-students-portal/backend/internal/services/user_service.go:484.29,486.4 1 1
github.com/AlmatJuvashev/phd-students-portal/backend/internal/services/user_service.go:488.2,488.11 1 1
github.com/AlmatJuvashev/phd-students-portal/backend/internal/services/user_service.go:491.53,493.30 2 1
github.com/AlmatJuvashev/phd-students-portal/backend/internal/services/user_service.go:493.30,495.3 1 1
github.com/AlmatJuvashev/phd-students-portal/backend/internal/services/user_service.go:496.2,497.16 2 1
github.com/AlmatJuvashev/phd-students-portal/backend/internal/services/user_service.go:497.16,499.3 1 0
github.com/AlmatJuvashev/phd-students-portal/backend/internal/services/user_service.go:500.2,501.44 2 1
github.com/AlmatJuvashev/phd-students-portal/backend/internal/services/utils.go:10.42,11.38 1 1
github.com/AlmatJuvashev/phd-students-portal/backend/internal/services/utils.go:11.38,13.3 1 1
github.com/AlmatJuvashev/phd-students-portal/backend/internal/services/utils.go:15.2,15.88 1 1
