=== RUN   TestApp7_NormalizePayload
--- PASS: TestApp7_NormalizePayload (0.00s)
=== RUN   TestApp7_Summarize
--- PASS: TestApp7_Summarize (0.00s)
=== RUN   TestApp7_ValidateEntry
=== RUN   TestApp7_ValidateEntry/Valid_Entry
=== RUN   TestApp7_ValidateEntry/Missing_Title
=== RUN   TestApp7_ValidateEntry/Title_Too_Long
=== RUN   TestApp7_ValidateEntry/Invalid_Year
=== RUN   TestApp7_ValidateEntry/Invalid_ISSN
=== RUN   TestApp7_ValidateEntry/Missing_IP_Type
--- PASS: TestApp7_ValidateEntry (0.00s)
    --- PASS: TestApp7_ValidateEntry/Valid_Entry (0.00s)
    --- PASS: TestApp7_ValidateEntry/Missing_Title (0.00s)
    --- PASS: TestApp7_ValidateEntry/Title_Too_Long (0.00s)
    --- PASS: TestApp7_ValidateEntry/Invalid_Year (0.00s)
    --- PASS: TestApp7_ValidateEntry/Invalid_ISSN (0.00s)
    --- PASS: TestApp7_ValidateEntry/Missing_IP_Type (0.00s)
=== RUN   TestNotificationsHandler_ListNotifications
=== RUN   TestNotificationsHandler_ListNotifications/List_All
2025/12/06 08:17:53 [ListNotifications] Starting - unreadOnly: false
2025/12/06 08:17:53 [ListNotifications] Executing query: 
		SELECT 
			n.id,
			n.student_id,
			COALESCE(u.first_name || ' ' || u.last_name, 'Unknown') as student_name,
			COALESCE(u.email, '') as student_email,
			n.node_id,
			COALESCE(n.node_instance_id::text, '') as node_instance_id,
			n.event_type,
			n.is_read,
			n.message,
			n.metadata::text as metadata,
			to_char(n.created_at, 'YYYY-MM-DD"T"HH24:MI:SS"Z"') as created_at
		FROM admin_notifications n
		JOIN users u ON u.id = n.student_id
	 ORDER BY n.created_at DESC LIMIT 100
2025/12/06 08:17:53 [ListNotifications] Found 2 notifications
2025/12/06 08:17:53 [ListNotifications] First notification: id=4ee21bdf-2646-436a-bb31-c5dc57e1e56e, student=Admin Notif, node=node1, message=Admin Msg 2
2025/12/06 08:17:53 [ListNotifications] Returning 2 notifications
=== RUN   TestNotificationsHandler_ListNotifications/List_Unread_Only
2025/12/06 08:17:53 [ListNotifications] Starting - unreadOnly: true
2025/12/06 08:17:53 [ListNotifications] Executing query: 
		SELECT 
			n.id,
			n.student_id,
			COALESCE(u.first_name || ' ' || u.last_name, 'Unknown') as student_name,
			COALESCE(u.email, '') as student_email,
			n.node_id,
			COALESCE(n.node_instance_id::text, '') as node_instance_id,
			n.event_type,
			n.is_read,
			n.message,
			n.metadata::text as metadata,
			to_char(n.created_at, 'YYYY-MM-DD"T"HH24:MI:SS"Z"') as created_at
		FROM admin_notifications n
		JOIN users u ON u.id = n.student_id
	 WHERE n.is_read = false ORDER BY n.created_at DESC LIMIT 100
2025/12/06 08:17:53 [ListNotifications] Found 1 notifications
2025/12/06 08:17:53 [ListNotifications] First notification: id=a4e6d217-3c66-4c05-ba5a-0034e128b05c, student=Admin Notif, node=node1, message=Admin Msg 1
2025/12/06 08:17:53 [ListNotifications] Returning 1 notifications
--- PASS: TestNotificationsHandler_ListNotifications (1.43s)
    --- PASS: TestNotificationsHandler_ListNotifications/List_All (0.01s)
    --- PASS: TestNotificationsHandler_ListNotifications/List_Unread_Only (0.00s)
=== RUN   TestNotificationsHandler_GetUnreadCount
=== RUN   TestNotificationsHandler_GetUnreadCount/Get_Count
--- PASS: TestNotificationsHandler_GetUnreadCount (1.66s)
    --- PASS: TestNotificationsHandler_GetUnreadCount/Get_Count (0.00s)
=== RUN   TestNotificationsHandler_MarkAsRead
=== RUN   TestNotificationsHandler_MarkAsRead/Mark_As_Read
--- PASS: TestNotificationsHandler_MarkAsRead (0.81s)
    --- PASS: TestNotificationsHandler_MarkAsRead/Mark_As_Read (0.00s)
=== RUN   TestNotificationsHandler_MarkAllAsRead
=== RUN   TestNotificationsHandler_MarkAllAsRead/Mark_All_As_Read
--- PASS: TestNotificationsHandler_MarkAllAsRead (0.72s)
    --- PASS: TestNotificationsHandler_MarkAllAsRead/Mark_All_As_Read (0.00s)
=== RUN   TestAdminHandler_StudentProgress
=== RUN   TestAdminHandler_StudentProgress/List_Student_Progress
--- PASS: TestAdminHandler_StudentProgress (0.53s)
    --- PASS: TestAdminHandler_StudentProgress/List_Student_Progress (0.00s)
=== RUN   TestAdminHandler_MonitorStudents
=== RUN   TestAdminHandler_MonitorStudents/Admin_List_All
=== RUN   TestAdminHandler_MonitorStudents/Advisor_List_Assigned
=== RUN   TestAdminHandler_MonitorStudents/Advisor_List_Unassigned_(Empty)
=== RUN   TestAdminHandler_MonitorStudents/Filter_by_Program
=== RUN   TestAdminHandler_MonitorStudents/Filter_by_Wrong_Program
--- PASS: TestAdminHandler_MonitorStudents (0.53s)
    --- PASS: TestAdminHandler_MonitorStudents/Admin_List_All (0.01s)
    --- PASS: TestAdminHandler_MonitorStudents/Advisor_List_Assigned (0.01s)
    --- PASS: TestAdminHandler_MonitorStudents/Advisor_List_Unassigned_(Empty) (0.00s)
    --- PASS: TestAdminHandler_MonitorStudents/Filter_by_Program (0.01s)
    --- PASS: TestAdminHandler_MonitorStudents/Filter_by_Wrong_Program (0.00s)
=== RUN   TestAdminHandler_GetStudentDetails
=== RUN   TestAdminHandler_GetStudentDetails/Get_Details_Success
=== RUN   TestAdminHandler_GetStudentDetails/Get_Details_Not_Found
--- PASS: TestAdminHandler_GetStudentDetails (0.44s)
    --- PASS: TestAdminHandler_GetStudentDetails/Get_Details_Success (0.01s)
    --- PASS: TestAdminHandler_GetStudentDetails/Get_Details_Not_Found (0.00s)
=== RUN   TestAdminHandler_StudentJourney
=== RUN   TestAdminHandler_StudentJourney/Get_Student_Journey
--- PASS: TestAdminHandler_StudentJourney (0.41s)
    --- PASS: TestAdminHandler_StudentJourney/Get_Student_Journey (0.01s)
=== RUN   TestAdminHandler_ListStudentNodeFiles
=== RUN   TestAdminHandler_ListStudentNodeFiles/List_Student_Node_Files
2025/12/06 08:18:00 [ListStudentNodeFiles] studentID=10000000-0000-0000-0000-000000000006 nodeID=node1
2025/12/06 08:18:00 [ListStudentNodeFiles] found instanceID=c17bee5d-e627-4815-83a3-f67e1ddaa0eb
2025/12/06 08:18:00 [ListStudentNodeFiles] returning 1 files
--- PASS: TestAdminHandler_ListStudentNodeFiles (0.37s)
    --- PASS: TestAdminHandler_ListStudentNodeFiles/List_Student_Node_Files (0.00s)
=== RUN   TestAdminHandler_MonitorAnalytics
=== RUN   TestAdminHandler_MonitorAnalytics/Get_Analytics
--- PASS: TestAdminHandler_MonitorAnalytics (0.35s)
    --- PASS: TestAdminHandler_MonitorAnalytics/Get_Analytics (0.00s)
=== RUN   TestAdminHandler_ReviewAttachment
=== RUN   TestAdminHandler_ReviewAttachment/Review_Attachment
2025/12/06 08:18:01 [ReviewAttachment] attachmentID=21f3e211-7459-494f-8313-d4a6c6c1e326 status=approved note="" actorID=99999999-9999-9999-9999-999999999999
2025/12/06 08:18:01 [ReviewAttachment] Counts: submitted=0 approved=1 rejected=0 total=1 currentState=done latestFileStatus=approved
2025/12/06 08:18:01 [ReviewAttachment] State transition: done -> done
--- PASS: TestAdminHandler_ReviewAttachment (0.34s)
    --- PASS: TestAdminHandler_ReviewAttachment/Review_Attachment (0.01s)
=== RUN   TestAdminHandler_ListStudentProgress
=== RUN   TestAdminHandler_ListStudentProgress/List_Student_Progress
    admin_progress_test.go:529: Response: [{"id":"11111111-1111-1111-1111-111111111111","name":"Student One","email":"s1@ex.com","role":"student","progress":{"completed_nodes":1,"total_nodes":1,"percent":100,"current_node_id":"node1","last_submission_at":"2025-12-06T03:18:01Z"}}]
--- PASS: TestAdminHandler_ListStudentProgress (0.37s)
    --- PASS: TestAdminHandler_ListStudentProgress/List_Student_Progress (0.00s)
=== RUN   TestAdminHandler_UploadReviewedDocument
=== RUN   TestAdminHandler_UploadReviewedDocument/Upload_Reviewed_Document
2025/12/06 08:18:01 [UploadReviewedDocument] attachmentID=afce0b88-3eef-4b71-a871-959efd6089a4 versionID=1653268f-7857-48fe-9cae-2dc3be04e85c actorID=10000000-0000-0000-0000-000000000000
--- PASS: TestAdminHandler_UploadReviewedDocument (0.39s)
    --- PASS: TestAdminHandler_UploadReviewedDocument/Upload_Reviewed_Document (0.01s)
=== RUN   TestAdminHandler_PatchStudentNodeState
=== RUN   TestAdminHandler_PatchStudentNodeState/Patch_Node_State
--- PASS: TestAdminHandler_PatchStudentNodeState (0.39s)
    --- PASS: TestAdminHandler_PatchStudentNodeState/Patch_Node_State (0.01s)
=== RUN   TestAdminHandler_PresignReviewedDocumentUpload
=== RUN   TestAdminHandler_PresignReviewedDocumentUpload/Presign_Upload
--- PASS: TestAdminHandler_PresignReviewedDocumentUpload (0.32s)
    --- PASS: TestAdminHandler_PresignReviewedDocumentUpload/Presign_Upload (0.00s)
=== RUN   TestAdminHandler_AttachReviewedDocument
=== RUN   TestAdminHandler_AttachReviewedDocument/Attach_Reviewed_Document
--- PASS: TestAdminHandler_AttachReviewedDocument (0.33s)
    --- PASS: TestAdminHandler_AttachReviewedDocument/Attach_Reviewed_Document (0.00s)
=== RUN   TestAnalyticsHandler_GetStageStats
--- PASS: TestAnalyticsHandler_GetStageStats (0.34s)
=== RUN   TestAnalyticsHandler_GetOverdueStats
--- PASS: TestAnalyticsHandler_GetOverdueStats (0.35s)
=== RUN   TestAuthHandler_Login
=== RUN   TestAuthHandler_Login/Successful_Login
    auth_test.go:51: Response body: {"role":"student","token":"eyJhbGciOiJIUzI1NiIsInR5cCI6IkpXVCJ9.eyJleHAiOjE3NjUwNzc0ODMsImlhdCI6MTc2NDk5MTA4Mywicm9sZSI6InN0dWRlbnQiLCJzdWIiOiIxMjNlNDU2Ny1lODliLTEyZDMtYTQ1Ni00MjY2MTQxNzQwMDAifQ.XHN0onO7zY7exMhJsYObLeI8I9X5fpWBVUCGsilrGXY"}
=== RUN   TestAuthHandler_Login/Invalid_Password
=== RUN   TestAuthHandler_Login/User_Not_Found
--- PASS: TestAuthHandler_Login (0.54s)
    --- PASS: TestAuthHandler_Login/Successful_Login (0.07s)
    --- PASS: TestAuthHandler_Login/Invalid_Password (0.07s)
    --- PASS: TestAuthHandler_Login/User_Not_Found (0.01s)
=== RUN   TestCalendarHandler_CreateEvent
=== RUN   TestCalendarHandler_CreateEvent/Create_Event_Success
--- PASS: TestCalendarHandler_CreateEvent (0.31s)
    --- PASS: TestCalendarHandler_CreateEvent/Create_Event_Success (0.00s)
=== RUN   TestCalendarHandler_GetEvents
=== RUN   TestCalendarHandler_GetEvents/Get_Events
--- PASS: TestCalendarHandler_GetEvents (0.31s)
    --- PASS: TestCalendarHandler_GetEvents/Get_Events (0.00s)
=== RUN   TestCalendarHandler_UpdateDelete
=== RUN   TestCalendarHandler_UpdateDelete/Update_Event
2025/12/06 08:18:04 [UpdateEvent] Updating event 1bb40ce5-3c3f-4943-914c-02c01008ea96 for user 11111111-1111-1111-1111-111111111111
2025/12/06 08:18:04 [UpdateEvent] Request data: title=New Title, start=2025-12-06T08:18:04+05:00, end=2025-12-06T09:18:04+05:00, type=academic
2025/12/06 08:18:04 [UpdateEvent] Event 1bb40ce5-3c3f-4943-914c-02c01008ea96 updated successfully
=== RUN   TestCalendarHandler_UpdateDelete/Update_Event_Invalid_Time
2025/12/06 08:18:04 [UpdateEvent] Updating event 1bb40ce5-3c3f-4943-914c-02c01008ea96 for user 11111111-1111-1111-1111-111111111111
2025/12/06 08:18:04 [UpdateEvent] Request data: title=Invalid Time, start=invalid, end=invalid, type=academic
2025/12/06 08:18:04 [UpdateEvent] ERROR parsing start_time 'invalid': parsing time "invalid" as "2006-01-02T15:04:05Z07:00": cannot parse "invalid" as "2006"
=== RUN   TestCalendarHandler_UpdateDelete/Update_Event_End_Before_Start
2025/12/06 08:18:04 [UpdateEvent] Updating event 1bb40ce5-3c3f-4943-914c-02c01008ea96 for user 11111111-1111-1111-1111-111111111111
2025/12/06 08:18:04 [UpdateEvent] Request data: title=End Before Start, start=2025-12-06T09:18:04+05:00, end=2025-12-06T08:18:04+05:00, type=academic
2025/12/06 08:18:04 [UpdateEvent] ERROR: end_time is before start_time
=== RUN   TestCalendarHandler_UpdateDelete/Update_Event_Permission_Denied
    calendar_test.go:204: 
        	Error Trace:	/Users/almatjuvashev/Documents/Projects/KazNMU/kaznmu_phd_bot/checklist/phd-student-portal-starter-v8/backend/internal/handlers/calendar_test.go:204
        	Error:      	Received unexpected error:
        	            	pq: insert or update on table "events" violates foreign key constraint "events_creator_id_fkey"
        	Test:       	TestCalendarHandler_UpdateDelete/Update_Event_Permission_Denied
=== RUN   TestCalendarHandler_UpdateDelete/Delete_Event
--- FAIL: TestCalendarHandler_UpdateDelete (0.28s)
    --- PASS: TestCalendarHandler_UpdateDelete/Update_Event (0.00s)
    --- PASS: TestCalendarHandler_UpdateDelete/Update_Event_Invalid_Time (0.00s)
    --- PASS: TestCalendarHandler_UpdateDelete/Update_Event_End_Before_Start (0.00s)
    --- FAIL: TestCalendarHandler_UpdateDelete/Update_Event_Permission_Denied (0.00s)
    --- PASS: TestCalendarHandler_UpdateDelete/Delete_Event (0.00s)
=== RUN   TestChatHandler_RoomManagement
=== RUN   TestChatHandler_RoomManagement/Update_Room
=== RUN   TestChatHandler_RoomManagement/List_Rooms_(Empty_initially)
--- PASS: TestChatHandler_RoomManagement (0.29s)
    --- PASS: TestChatHandler_RoomManagement/Update_Room (0.00s)
    --- PASS: TestChatHandler_RoomManagement/List_Rooms_(Empty_initially) (0.00s)
=== RUN   TestChatHandler_Members
=== RUN   TestChatHandler_Members/Add_Member
=== RUN   TestChatHandler_Members/List_Members
=== RUN   TestChatHandler_Members/Remove_Member
--- PASS: TestChatHandler_Members (0.32s)
    --- PASS: TestChatHandler_Members/Add_Member (0.00s)
    --- PASS: TestChatHandler_Members/List_Members (0.00s)
    --- PASS: TestChatHandler_Members/Remove_Member (0.00s)
=== RUN   TestChatHandler_MessageOperations
=== RUN   TestChatHandler_MessageOperations/Update_Message
=== RUN   TestChatHandler_MessageOperations/Mark_As_Read
=== RUN   TestChatHandler_MessageOperations/Delete_Message
--- PASS: TestChatHandler_MessageOperations (0.29s)
    --- PASS: TestChatHandler_MessageOperations/Update_Message (0.00s)
    --- PASS: TestChatHandler_MessageOperations/Mark_As_Read (0.00s)
    --- PASS: TestChatHandler_MessageOperations/Delete_Message (0.00s)
=== RUN   TestChatHandler_MessageCreation
=== RUN   TestChatHandler_MessageCreation/Create_Message
=== RUN   TestChatHandler_MessageCreation/List_Messages
--- PASS: TestChatHandler_MessageCreation (0.35s)
    --- PASS: TestChatHandler_MessageCreation/Create_Message (0.00s)
    --- PASS: TestChatHandler_MessageCreation/List_Messages (0.00s)
=== RUN   TestChatHandler_CreateRoom
=== RUN   TestChatHandler_CreateRoom/Create_Room_Success
--- PASS: TestChatHandler_CreateRoom (0.29s)
    --- PASS: TestChatHandler_CreateRoom/Create_Room_Success (0.00s)
=== RUN   TestChatHandler_Messages
=== RUN   TestChatHandler_Messages/Send_Message
=== RUN   TestChatHandler_Messages/List_Messages
--- PASS: TestChatHandler_Messages (0.30s)
    --- PASS: TestChatHandler_Messages/Send_Message (0.00s)
    --- PASS: TestChatHandler_Messages/List_Messages (0.00s)
=== RUN   TestChecklistHandler_ListModules
--- PASS: TestChecklistHandler_ListModules (0.30s)
=== RUN   TestChecklistHandler_ListStepsByModule
--- PASS: TestChecklistHandler_ListStepsByModule (0.30s)
=== RUN   TestChecklistHandler_ListStudentSteps
--- PASS: TestChecklistHandler_ListStudentSteps (0.30s)
=== RUN   TestChecklistHandler_UpdateStudentStep
--- PASS: TestChecklistHandler_UpdateStudentStep (0.30s)
=== RUN   TestChecklistHandler_AdvisorInbox
--- PASS: TestChecklistHandler_AdvisorInbox (0.33s)
=== RUN   TestChecklistHandler_ApproveStep
--- PASS: TestChecklistHandler_ApproveStep (0.31s)
=== RUN   TestChecklistHandler_ReturnStep
--- PASS: TestChecklistHandler_ReturnStep (0.29s)
=== RUN   TestCommentsHandler_CreateComment
--- PASS: TestCommentsHandler_CreateComment (0.32s)
=== RUN   TestCommentsHandler_GetComments
--- PASS: TestCommentsHandler_GetComments (0.28s)
=== RUN   TestContactsHandler_CRUD
=== RUN   TestContactsHandler_CRUD/Create_Contact
=== RUN   TestContactsHandler_CRUD/Public_List
=== RUN   TestContactsHandler_CRUD/Update_Contact
=== RUN   TestContactsHandler_CRUD/Admin_List
=== RUN   TestContactsHandler_CRUD/Delete_Contact
--- PASS: TestContactsHandler_CRUD (0.26s)
    --- PASS: TestContactsHandler_CRUD/Create_Contact (0.00s)
    --- PASS: TestContactsHandler_CRUD/Public_List (0.00s)
    --- PASS: TestContactsHandler_CRUD/Update_Contact (0.00s)
    --- PASS: TestContactsHandler_CRUD/Admin_List (0.00s)
    --- PASS: TestContactsHandler_CRUD/Delete_Contact (0.00s)
=== RUN   TestDictionaryHandler_Programs
=== RUN   TestDictionaryHandler_Programs/Create_Program
=== RUN   TestDictionaryHandler_Programs/List_Programs
=== RUN   TestDictionaryHandler_Programs/Update_Program
=== RUN   TestDictionaryHandler_Programs/Delete_Program
--- PASS: TestDictionaryHandler_Programs (0.25s)
    --- PASS: TestDictionaryHandler_Programs/Create_Program (0.00s)
    --- PASS: TestDictionaryHandler_Programs/List_Programs (0.00s)
    --- PASS: TestDictionaryHandler_Programs/Update_Program (0.00s)
    --- PASS: TestDictionaryHandler_Programs/Delete_Program (0.00s)
=== RUN   TestDictionaryHandler_Departments
=== RUN   TestDictionaryHandler_Departments/Create_Department
=== RUN   TestDictionaryHandler_Departments/List_Departments
=== RUN   TestDictionaryHandler_Departments/Update_Department
=== RUN   TestDictionaryHandler_Departments/Delete_Department
--- PASS: TestDictionaryHandler_Departments (0.29s)
    --- PASS: TestDictionaryHandler_Departments/Create_Department (0.00s)
    --- PASS: TestDictionaryHandler_Departments/List_Departments (0.00s)
    --- PASS: TestDictionaryHandler_Departments/Update_Department (0.00s)
    --- PASS: TestDictionaryHandler_Departments/Delete_Department (0.00s)
=== RUN   TestDictionaryHandler_Cohorts
=== RUN   TestDictionaryHandler_Cohorts/Create_Cohort
=== RUN   TestDictionaryHandler_Cohorts/List_Cohorts
=== RUN   TestDictionaryHandler_Cohorts/Update_Cohort
=== RUN   TestDictionaryHandler_Cohorts/Delete_Cohort
--- PASS: TestDictionaryHandler_Cohorts (0.28s)
    --- PASS: TestDictionaryHandler_Cohorts/Create_Cohort (0.00s)
    --- PASS: TestDictionaryHandler_Cohorts/List_Cohorts (0.00s)
    --- PASS: TestDictionaryHandler_Cohorts/Update_Cohort (0.00s)
    --- PASS: TestDictionaryHandler_Cohorts/Delete_Cohort (0.00s)
=== RUN   TestDictionaryHandler_Specialties
=== RUN   TestDictionaryHandler_Specialties/List_Specialties
--- PASS: TestDictionaryHandler_Specialties (0.24s)
    --- PASS: TestDictionaryHandler_Specialties/List_Specialties (0.00s)
=== RUN   TestDictionaryHandler_SpecialtyCRUD
=== RUN   TestDictionaryHandler_SpecialtyCRUD/Create_Specialty
=== RUN   TestDictionaryHandler_SpecialtyCRUD/Update_Specialty
=== RUN   TestDictionaryHandler_SpecialtyCRUD/Delete_Specialty
--- PASS: TestDictionaryHandler_SpecialtyCRUD (0.26s)
    --- PASS: TestDictionaryHandler_SpecialtyCRUD/Create_Specialty (0.00s)
    --- PASS: TestDictionaryHandler_SpecialtyCRUD/Update_Specialty (0.00s)
    --- PASS: TestDictionaryHandler_SpecialtyCRUD/Delete_Specialty (0.00s)
=== RUN   TestDocumentsHandler_List
=== RUN   TestDocumentsHandler_List/List_Documents
--- PASS: TestDocumentsHandler_List (0.27s)
    --- PASS: TestDocumentsHandler_List/List_Documents (0.00s)
=== RUN   TestDocumentsHandler_Upload
=== RUN   TestDocumentsHandler_Upload/Upload_Document_Version
--- PASS: TestDocumentsHandler_Upload (0.30s)
    --- PASS: TestDocumentsHandler_Upload/Upload_Document_Version (0.01s)
=== RUN   TestDocumentsHandler_Delete
=== RUN   TestDocumentsHandler_Delete/Delete_Document
--- PASS: TestDocumentsHandler_Delete (0.27s)
    --- PASS: TestDocumentsHandler_Delete/Delete_Document (0.00s)
=== RUN   TestDocumentsHandler_Get
=== RUN   TestDocumentsHandler_Get/Get_Document
    documents_test.go:178: Response Code: 200
    documents_test.go:179: Response Body: {"doc":{"id":"aeacca8a-d14f-4824-acde-f952a33ebb02","user_id":"30000000-0000-0000-0000-000000000004","title":"Get Doc","kind":"other","current_version_id":null},"versions":null}
--- PASS: TestDocumentsHandler_Get (0.32s)
    --- PASS: TestDocumentsHandler_Get/Get_Document (0.00s)
=== RUN   TestDocumentsHandler_Create
=== RUN   TestDocumentsHandler_Create/Create_Document
    documents_test.go:224: Response Code: 200
    documents_test.go:225: Response Body: {"id":"daf829f5-623f-402a-bb39-b56ba046afc0"}
--- PASS: TestDocumentsHandler_Create (0.29s)
    --- PASS: TestDocumentsHandler_Create/Create_Document (0.00s)
=== RUN   TestDocumentsHandler_UploadVersion
=== RUN   TestDocumentsHandler_UploadVersion/Upload_Version
--- PASS: TestDocumentsHandler_UploadVersion (0.27s)
    --- PASS: TestDocumentsHandler_UploadVersion/Upload_Version (0.00s)
=== RUN   TestDocumentsHandler_PresignUpload
=== RUN   TestDocumentsHandler_PresignUpload/Presign_Upload
    documents_test.go:325: 
        	Error Trace:	/Users/almatjuvashev/Documents/Projects/KazNMU/kaznmu_phd_bot/checklist/phd-student-portal-starter-v8/backend/internal/handlers/documents_test.go:325
        	Error:      	Not equal: 
        	            	expected: 500
        	            	actual  : 400
        	Test:       	TestDocumentsHandler_PresignUpload/Presign_Upload
--- FAIL: TestDocumentsHandler_PresignUpload (0.28s)
    --- FAIL: TestDocumentsHandler_PresignUpload/Presign_Upload (0.00s)
=== RUN   TestDocumentsHandler_PresignGetLatest
=== RUN   TestDocumentsHandler_PresignGetLatest/Presign_Get_Latest
    documents_test.go:370: 
        	Error Trace:	/Users/almatjuvashev/Documents/Projects/KazNMU/kaznmu_phd_bot/checklist/phd-student-portal-starter-v8/backend/internal/handlers/documents_test.go:370
        	Error:      	Not equal: 
        	            	expected: 500
        	            	actual  : 400
        	Test:       	TestDocumentsHandler_PresignGetLatest/Presign_Get_Latest
--- FAIL: TestDocumentsHandler_PresignGetLatest (0.32s)
    --- FAIL: TestDocumentsHandler_PresignGetLatest/Presign_Get_Latest (0.00s)
=== RUN   TestDocumentsHandler_DownloadVersion
=== RUN   TestDocumentsHandler_DownloadVersion/Download_Version
2025/12/06 08:18:13 [DownloadVersion] version=dcd0669d-41cd-47f0-a686-34b6607fff88 storage_path=path bucket=bucket object_key=key size=100
2025/12/06 08:18:13 [DownloadVersion] S3 not configured
--- PASS: TestDocumentsHandler_DownloadVersion (0.34s)
    --- PASS: TestDocumentsHandler_DownloadVersion/Download_Version (0.00s)
=== RUN   TestJourneyHandler_GetState
=== RUN   TestJourneyHandler_GetState/Get_State
--- PASS: TestJourneyHandler_GetState (0.24s)
    --- PASS: TestJourneyHandler_GetState/Get_State (0.00s)
=== RUN   TestJourneyHandler_SetState
=== RUN   TestJourneyHandler_SetState/Set_State_Success
=== RUN   TestJourneyHandler_SetState/Set_State_Invalid
--- PASS: TestJourneyHandler_SetState (0.30s)
    --- PASS: TestJourneyHandler_SetState/Set_State_Success (0.00s)
    --- PASS: TestJourneyHandler_SetState/Set_State_Invalid (0.00s)
=== RUN   TestJourneyHandler_Reset
=== RUN   TestJourneyHandler_Reset/Reset_Journey
--- PASS: TestJourneyHandler_Reset (0.28s)
    --- PASS: TestJourneyHandler_Reset/Reset_Journey (0.00s)
=== RUN   TestMeHandler_Me
=== RUN   TestMeHandler_Me/Get_Me_Success
=== RUN   TestMeHandler_Me/Get_Me_Not_Found
--- PASS: TestMeHandler_Me (0.26s)
    --- PASS: TestMeHandler_Me/Get_Me_Success (0.00s)
    --- PASS: TestMeHandler_Me/Get_Me_Not_Found (0.00s)
=== RUN   TestInvalidNodeID
--- PASS: TestInvalidNodeID (0.28s)
=== RUN   TestUnauthorizedUser
    node_errors_test.go:104: Unauthorized response: {"error":"unauthorized"}
--- PASS: TestUnauthorizedUser (0.29s)
=== RUN   TestMalformedJSON
2025/12/06 08:18:15 [fetchSlots] instanceID=00c2f009-7775-4a0d-ac90-e48c97ce9c19
2025/12/06 08:18:15 [fetchSlots] returning 0 slots with total attachments
    node_errors_test.go:160: Malformed JSON response: {"error":"invalid character 'o' in literal null (expecting 'u')"}
--- PASS: TestMalformedJSON (0.31s)
=== RUN   TestInvalidStateTransition
2025/12/06 08:18:16 [fetchSlots] instanceID=3ef8c465-ebed-4055-9a28-6a2498a85a13
2025/12/06 08:18:16 [fetchSlots] returning 0 slots with total attachments
    node_errors_test.go:216: Invalid state transition response: {"error":"transition not allowed"}
--- PASS: TestInvalidStateTransition (0.30s)
=== RUN   TestGetProfile
--- PASS: TestGetProfile (0.32s)
=== RUN   TestGetProfile_NotFound
--- PASS: TestGetProfile_NotFound (0.28s)
=== RUN   TestLockedState_CantSubmit
2025/12/06 08:18:16 [fetchSlots] instanceID=b326c53c-9ede-411f-b26e-16b1a381d5e8
2025/12/06 08:18:16 [fetchSlots] returning 0 slots with total attachments
    node_state_full_test.go:84: Locked node response: {"error":"transition not allowed"}
--- PASS: TestLockedState_CantSubmit (0.28s)
=== RUN   TestWaitingState_CantAdvance
2025/12/06 08:18:17 [fetchSlots] instanceID=336820dd-0ebb-4125-baf6-75c98445f7df
2025/12/06 08:18:17 [fetchSlots] returning 0 slots with total attachments
    node_state_full_test.go:148: Waiting node response: {"error":"transition not allowed"}
--- PASS: TestWaitingState_CantAdvance (0.32s)
=== RUN   TestFullStateFlow
2025/12/06 08:18:17 [fetchSlots] instanceID=09b5fcf8-d354-46bf-82d7-5772165bfdb9
2025/12/06 08:18:17 [fetchSlots] returning 0 slots with total attachments
2025/12/06 08:18:17 [fetchSlots] instanceID=09b5fcf8-d354-46bf-82d7-5772165bfdb9
2025/12/06 08:18:17 [fetchSlots] returning 0 slots with total attachments
2025/12/06 08:18:17 [fetchSlots] instanceID=09b5fcf8-d354-46bf-82d7-5772165bfdb9
2025/12/06 08:18:17 [fetchSlots] returning 0 slots with total attachments
    node_state_full_test.go:220: Done transition response: {"locale":"ru","node_id":"flow_node","playbook_version_id":"ffffffff-ffff-ffff-ffff-ffffffffffff","slots":[],"state":"done"}
--- PASS: TestFullStateFlow (0.30s)
=== RUN   TestNeedsFixes_Resubmit
2025/12/06 08:18:17 [fetchSlots] instanceID=82504897-7d43-450b-8cf3-c55d1ff156e6
2025/12/06 08:18:17 [fetchSlots] returning 0 slots with total attachments
2025/12/06 08:18:17 [fetchSlots] instanceID=82504897-7d43-450b-8cf3-c55d1ff156e6
2025/12/06 08:18:17 [fetchSlots] returning 0 slots with total attachments
2025/12/06 08:18:17 [fetchSlots] instanceID=82504897-7d43-450b-8cf3-c55d1ff156e6
2025/12/06 08:18:17 [fetchSlots] returning 0 slots with total attachments
--- PASS: TestNeedsFixes_Resubmit (0.31s)
=== RUN   TestNodeStateTransitions_StudentSubmitsNode
2025/12/06 08:18:18 [fetchSlots] instanceID=9828b32c-6b7b-465b-9396-bb6bf893b17e
2025/12/06 08:18:18 [fetchSlots] returning 0 slots with total attachments
2025/12/06 08:18:18 [fetchSlots] instanceID=9828b32c-6b7b-465b-9396-bb6bf893b17e
2025/12/06 08:18:18 [fetchSlots] returning 0 slots with total attachments
--- PASS: TestNodeStateTransitions_StudentSubmitsNode (0.35s)
=== RUN   TestNodeStateTransitions_StudentCannotDirectlyApprove
2025/12/06 08:18:18 [fetchSlots] instanceID=f47c9dfd-38d2-4cba-8ec9-47c8fc8c3bca
2025/12/06 08:18:18 [fetchSlots] returning 0 slots with total attachments
2025/12/06 08:18:18 [fetchSlots] instanceID=f47c9dfd-38d2-4cba-8ec9-47c8fc8c3bca
2025/12/06 08:18:18 [fetchSlots] returning 0 slots with total attachments
--- PASS: TestNodeStateTransitions_StudentCannotDirectlyApprove (0.34s)
=== RUN   TestNodeStateTransitions_AdminApprovesNode
2025/12/06 08:18:18 [fetchSlots] instanceID=1de28a2c-c010-4de1-abc1-4eea465146d0
2025/12/06 08:18:18 [fetchSlots] returning 0 slots with total attachments
2025/12/06 08:18:18 [fetchSlots] instanceID=1de28a2c-c010-4de1-abc1-4eea465146d0
2025/12/06 08:18:18 [fetchSlots] returning 0 slots with total attachments
    node_state_transitions_test.go:198: Admin approval response: {"error":"transition not allowed"}
--- PASS: TestNodeStateTransitions_AdminApprovesNode (0.29s)
=== RUN   TestNodeStateTransitions_AdvisorRequestsFixes
2025/12/06 08:18:19 [fetchSlots] instanceID=61cf3f53-03fd-422a-89b7-a2e7d28760ac
2025/12/06 08:18:19 [fetchSlots] returning 0 slots with total attachments
2025/12/06 08:18:19 [fetchSlots] instanceID=61cf3f53-03fd-422a-89b7-a2e7d28760ac
2025/12/06 08:18:19 [fetchSlots] returning 0 slots with total attachments
--- PASS: TestNodeStateTransitions_AdvisorRequestsFixes (0.31s)
=== RUN   TestNodeStateTransitions_StudentResubmitsAfterFixes
2025/12/06 08:18:19 [fetchSlots] instanceID=891e574c-cc3e-49c8-b504-a99abfa90bdd
2025/12/06 08:18:19 [fetchSlots] returning 0 slots with total attachments
2025/12/06 08:18:19 [fetchSlots] instanceID=891e574c-cc3e-49c8-b504-a99abfa90bdd
2025/12/06 08:18:19 [fetchSlots] returning 0 slots with total attachments
2025/12/06 08:18:19 [fetchSlots] instanceID=891e574c-cc3e-49c8-b504-a99abfa90bdd
2025/12/06 08:18:19 [fetchSlots] returning 0 slots with total attachments
--- PASS: TestNodeStateTransitions_StudentResubmitsAfterFixes (0.31s)
=== RUN   TestNodeStateTransitions_InvalidStateRejected
2025/12/06 08:18:19 [fetchSlots] instanceID=18cfe4a5-c78e-4120-a939-4b56d9a83e45
2025/12/06 08:18:19 [fetchSlots] returning 0 slots with total attachments
--- PASS: TestNodeStateTransitions_InvalidStateRejected (0.29s)
=== RUN   TestNodeStateTransitions_EventsLogged
2025/12/06 08:18:20 [fetchSlots] instanceID=160ad88a-01a3-4314-97cb-a0b5f58abd71
2025/12/06 08:18:20 [fetchSlots] returning 0 slots with total attachments
2025/12/06 08:18:20 [fetchSlots] instanceID=160ad88a-01a3-4314-97cb-a0b5f58abd71
2025/12/06 08:18:20 [fetchSlots] returning 0 slots with total attachments
--- PASS: TestNodeStateTransitions_EventsLogged (0.29s)
=== RUN   TestNodeSubmissionHandler_GetSubmission
=== RUN   TestNodeSubmissionHandler_GetSubmission/Get_Submission
2025/12/06 08:18:20 [fetchSlots] instanceID=2d17a38c-8ff3-44bb-ba2a-a53491297613
2025/12/06 08:18:20 [fetchSlots] returning 0 slots with total attachments
--- PASS: TestNodeSubmissionHandler_GetSubmission (0.30s)
    --- PASS: TestNodeSubmissionHandler_GetSubmission/Get_Submission (0.01s)
=== RUN   TestNodeSubmissionHandler_SubmitNode
=== RUN   TestNodeSubmissionHandler_SubmitNode/Submit_Node
    node_submission_test.go:123: 
        	Error Trace:	/Users/almatjuvashev/Documents/Projects/KazNMU/kaznmu_phd_bot/checklist/phd-student-portal-starter-v8/backend/internal/handlers/node_submission_test.go:123
        	Error:      	Not equal: 
        	            	expected: 200
        	            	actual  : 500
        	Test:       	TestNodeSubmissionHandler_SubmitNode/Submit_Node
    node_submission_test.go:131: 
        	Error Trace:	/Users/almatjuvashev/Documents/Projects/KazNMU/kaznmu_phd_bot/checklist/phd-student-portal-starter-v8/backend/internal/handlers/node_submission_test.go:131
        	Error:      	Not equal: 
        	            	expected: "submitted"
        	            	actual  : "active"
        	            	
        	            	Diff:
        	            	--- Expected
        	            	+++ Actual
        	            	@@ -1 +1 @@
        	            	-submitted
        	            	+active
        	Test:       	TestNodeSubmissionHandler_SubmitNode/Submit_Node
    node_submission_test.go:134: 
        	Error Trace:	/Users/almatjuvashev/Documents/Projects/KazNMU/kaznmu_phd_bot/checklist/phd-student-portal-starter-v8/backend/internal/handlers/node_submission_test.go:134
        	Error:      	Received unexpected error:
        	            	sql: no rows in result set
        	Test:       	TestNodeSubmissionHandler_SubmitNode/Submit_Node
    node_submission_test.go:135: 
        	Error Trace:	/Users/almatjuvashev/Documents/Projects/KazNMU/kaznmu_phd_bot/checklist/phd-student-portal-starter-v8/backend/internal/handlers/node_submission_test.go:135
        	Error:      	"" does not contain "submitted_value"
        	Test:       	TestNodeSubmissionHandler_SubmitNode/Submit_Node
--- FAIL: TestNodeSubmissionHandler_SubmitNode (0.32s)
    --- FAIL: TestNodeSubmissionHandler_SubmitNode/Submit_Node (0.01s)
=== RUN   TestNodeSubmissionHandler_SubmitProfile
=== RUN   TestNodeSubmissionHandler_SubmitProfile/Submit_Profile
2025/12/06 08:18:20 [fetchSlots] instanceID=0d3c4c7b-0f39-4fd2-ae86-683e40d4c3f8
2025/12/06 08:18:20 [fetchSlots] returning 0 slots with total attachments
--- PASS: TestNodeSubmissionHandler_SubmitProfile (0.32s)
    --- PASS: TestNodeSubmissionHandler_SubmitProfile/Submit_Profile (0.01s)
=== RUN   TestFormNode_GetSubmission
2025/12/06 08:18:21 [fetchSlots] instanceID=4d302780-6a47-4649-9f9f-c715a4e06388
2025/12/06 08:18:21 [fetchSlots] returning 0 slots with total attachments
    node_types_test.go:69: Form node response: map[locale:ru node_id:form_node playbook_version_id:22222222-2222-2222-2222-222222222222 slots:[] state:active]
--- PASS: TestFormNode_GetSubmission (0.29s)
=== RUN   TestConfirmTaskNode_GetSubmission
2025/12/06 08:18:21 [fetchSlots] instanceID=c7d7f41f-b87e-4e38-b0cf-84eaa1ab4fe8
2025/12/06 08:18:21 [fetchSlots] row 1: slot=document attachment_id= version_id= is_active=false reviewed_doc_id=
2025/12/06 08:18:21 [fetchSlots] returning 1 slots with total attachments
    node_types_test.go:130: ConfirmTask slots: [map[attachments:[] key:document mime:[] multiplicity:single required:true]]
    node_types_test.go:132: ConfirmTask node response: map[locale:ru node_id:confirm_node playbook_version_id:44444444-4444-4444-4444-444444444444 slots:[map[attachments:[] key:document mime:[] multiplicity:single required:true]] state:active]
--- PASS: TestConfirmTaskNode_GetSubmission (0.38s)
=== RUN   TestInfoNode_GetSubmission
2025/12/06 08:18:21 [fetchSlots] instanceID=dedb2691-0c55-4299-b73e-87143dcf853e
2025/12/06 08:18:21 [fetchSlots] returning 0 slots with total attachments
    node_types_test.go:184: Info node response: map[locale:ru node_id:info_node playbook_version_id:66666666-6666-6666-6666-666666666666 slots:[] state:active]
--- PASS: TestInfoNode_GetSubmission (0.29s)
=== RUN   TestFormNode_PutSubmission
2025/12/06 08:18:22 [fetchSlots] instanceID=315e267c-2d89-4b5f-8e77-8f688dd59ba8
2025/12/06 08:18:22 [fetchSlots] returning 0 slots with total attachments
2025/12/06 08:18:22 [fetchSlots] instanceID=315e267c-2d89-4b5f-8e77-8f688dd59ba8
2025/12/06 08:18:22 [fetchSlots] returning 0 slots with total attachments
--- PASS: TestFormNode_PutSubmission (0.31s)
=== RUN   TestPresignUpload_Success
2025/12/06 08:18:22 [fetchSlots] instanceID=a7e5dbd6-a010-44cf-8d06-41dcfa48c008
2025/12/06 08:18:22 [fetchSlots] row 1: slot=doc_slot attachment_id= version_id= is_active=false reviewed_doc_id=
2025/12/06 08:18:22 [fetchSlots] returning 1 slots with total attachments
    node_upload_test.go:91: Presign response (S3 may not be configured): {"error":"S3 not configured"}
--- PASS: TestPresignUpload_Success (0.37s)
=== RUN   TestUpload_InvalidMime
2025/12/06 08:18:22 [fetchSlots] instanceID=a398ab6c-56ba-4f85-9d1d-3069be57ba07
2025/12/06 08:18:22 [fetchSlots] row 1: slot=pdf_only attachment_id= version_id= is_active=false reviewed_doc_id=
2025/12/06 08:18:22 [fetchSlots] returning 1 slots with total attachments
    node_upload_test.go:160: Invalid MIME response: {"error":"invalid mime type"}
--- PASS: TestUpload_InvalidMime (0.32s)
=== RUN   TestUpload_SizeTooLarge
2025/12/06 08:18:23 [fetchSlots] instanceID=254385c0-36f7-4e09-98a5-db0970fa22ea
2025/12/06 08:18:23 [fetchSlots] row 1: slot=small_file attachment_id= version_id= is_active=false reviewed_doc_id=
2025/12/06 08:18:23 [fetchSlots] returning 1 slots with total attachments
    node_upload_test.go:229: Size too large response: {"error":"file too large (max 1 MB)"}
--- PASS: TestUpload_SizeTooLarge (0.37s)
=== RUN   TestAttachUpload
2025/12/06 08:18:23 [fetchSlots] instanceID=3efdb8f6-4146-468c-bd3b-4ced65612132
2025/12/06 08:18:23 [fetchSlots] row 1: slot=slot1 attachment_id= version_id= is_active=false reviewed_doc_id=
2025/12/06 08:18:23 [fetchSlots] returning 1 slots with total attachments
2025/12/06 08:18:23 [AttachUpload] Starting: nodeID=attach_node, userID=77777777-aaaa-7777-7777-777777777777
2025/12/06 08:18:23 [AttachUpload] Request: slotKey=slot1, filename=file.pdf, size=100
2025/12/06 08:18:23 [AttachUpload] S3 not configured
--- PASS: TestAttachUpload (0.32s)
=== RUN   TestNotificationsHandler_Admin
=== RUN   TestNotificationsHandler_Admin/List_Notifications
2025/12/06 08:18:23 [ListNotifications] Starting - unreadOnly: false
2025/12/06 08:18:23 [ListNotifications] Executing query: 
		SELECT 
			n.id,
			n.student_id,
			COALESCE(u.first_name || ' ' || u.last_name, 'Unknown') as student_name,
			COALESCE(u.email, '') as student_email,
			n.node_id,
			COALESCE(n.node_instance_id::text, '') as node_instance_id,
			n.event_type,
			n.is_read,
			n.message,
			n.metadata::text as metadata,
			to_char(n.created_at, 'YYYY-MM-DD"T"HH24:MI:SS"Z"') as created_at
		FROM admin_notifications n
		JOIN users u ON u.id = n.student_id
	 ORDER BY n.created_at DESC LIMIT 100
2025/12/06 08:18:23 [ListNotifications] Found 2 notifications
2025/12/06 08:18:23 [ListNotifications] First notification: id=351d4272-c4e6-4c61-a080-77fa2a6a7c0f, student=Student One, node=node1, message=Student submitted node1
2025/12/06 08:18:23 [ListNotifications] Returning 2 notifications
=== RUN   TestNotificationsHandler_Admin/List_Unread_Only
2025/12/06 08:18:23 [ListNotifications] Starting - unreadOnly: true
2025/12/06 08:18:23 [ListNotifications] Executing query: 
		SELECT 
			n.id,
			n.student_id,
			COALESCE(u.first_name || ' ' || u.last_name, 'Unknown') as student_name,
			COALESCE(u.email, '') as student_email,
			n.node_id,
			COALESCE(n.node_instance_id::text, '') as node_instance_id,
			n.event_type,
			n.is_read,
			n.message,
			n.metadata::text as metadata,
			to_char(n.created_at, 'YYYY-MM-DD"T"HH24:MI:SS"Z"') as created_at
		FROM admin_notifications n
		JOIN users u ON u.id = n.student_id
	 WHERE n.is_read = false ORDER BY n.created_at DESC LIMIT 100
2025/12/06 08:18:23 [ListNotifications] Found 1 notifications
2025/12/06 08:18:23 [ListNotifications] First notification: id=351d4272-c4e6-4c61-a080-77fa2a6a7c0f, student=Student One, node=node1, message=Student submitted node1
2025/12/06 08:18:23 [ListNotifications] Returning 1 notifications
=== RUN   TestNotificationsHandler_Admin/Get_Unread_Count
=== RUN   TestNotificationsHandler_Admin/Mark_As_Read
=== RUN   TestNotificationsHandler_Admin/Mark_All_As_Read
--- PASS: TestNotificationsHandler_Admin (0.29s)
    --- PASS: TestNotificationsHandler_Admin/List_Notifications (0.00s)
    --- PASS: TestNotificationsHandler_Admin/List_Unread_Only (0.00s)
    --- PASS: TestNotificationsHandler_Admin/Get_Unread_Count (0.00s)
    --- PASS: TestNotificationsHandler_Admin/Mark_As_Read (0.00s)
    --- PASS: TestNotificationsHandler_Admin/Mark_All_As_Read (0.00s)
=== RUN   TestNotificationHandler_Student_MarkAllAsRead
--- PASS: TestNotificationHandler_Student_MarkAllAsRead (0.30s)
=== RUN   TestNotificationHandler_GetUnread
=== RUN   TestNotificationHandler_GetUnread/Get_Unread
2025/12/06 08:18:24 [GetUnread reqID=1764991104528691000] Handler called
2025/12/06 08:18:24 [GetUnread reqID=1764991104528691000] userID from context: '123e4567-e89b-12d3-a456-426614174000'
2025/12/06 08:18:24 [GetUnread reqID=1764991104528691000] returning 1 notifications
--- PASS: TestNotificationHandler_GetUnread (0.47s)
    --- PASS: TestNotificationHandler_GetUnread/Get_Unread (0.00s)
=== RUN   TestNotificationHandler_MarkAsRead
=== RUN   TestNotificationHandler_MarkAsRead/Mark_As_Read
--- PASS: TestNotificationHandler_MarkAsRead (0.31s)
    --- PASS: TestNotificationHandler_MarkAsRead/Mark_As_Read (0.00s)
=== RUN   TestSearchHandler_GlobalSearch
=== RUN   TestSearchHandler_GlobalSearch/Admin_Search_Users
=== RUN   TestSearchHandler_GlobalSearch/Admin_Search_Documents
=== RUN   TestSearchHandler_GlobalSearch/Student_Search_Own_Document
=== RUN   TestSearchHandler_GlobalSearch/Student_Cannot_Search_Users
--- PASS: TestSearchHandler_GlobalSearch (0.41s)
    --- PASS: TestSearchHandler_GlobalSearch/Admin_Search_Users (0.00s)
    --- PASS: TestSearchHandler_GlobalSearch/Admin_Search_Documents (0.00s)
    --- PASS: TestSearchHandler_GlobalSearch/Student_Search_Own_Document (0.00s)
    --- PASS: TestSearchHandler_GlobalSearch/Student_Cannot_Search_Users (0.00s)
=== RUN   TestUsersHandler_GetPendingEmailVerification
--- PASS: TestUsersHandler_GetPendingEmailVerification (0.31s)
=== RUN   TestUsersHandler_UpdateMe_EmailChange
2025/12/06 08:18:26 [EMAIL] SMTP not configured - email features disabled
2025/12/06 08:18:26 [EMAIL] Skipping verification email to newemail@example.com (SMTP not configured)
--- PASS: TestUsersHandler_UpdateMe_EmailChange (0.47s)
=== RUN   TestUsersHandler_PresignAvatarUpload
2025/12/06 08:18:26 [S3] Presigning PUT for key=avatars/a2345f7b-fb79-4079-90cd-c9a5cebbbffe/1764991106_avatar.jpg bucket=test-bucket expires=15m0s
--- PASS: TestUsersHandler_PresignAvatarUpload (0.35s)
=== RUN   TestUsersHandler_UpdateUser
=== RUN   TestUsersHandler_UpdateUser/Update_User_Not_Found
--- PASS: TestUsersHandler_UpdateUser (0.33s)
    --- PASS: TestUsersHandler_UpdateUser/Update_User_Not_Found (0.00s)
=== RUN   TestUsersHandler_ChangeOwnPassword
--- PASS: TestUsersHandler_ChangeOwnPassword (0.52s)
=== RUN   TestUsersHandler_ResetPasswordForUser
--- PASS: TestUsersHandler_ResetPasswordForUser (0.41s)
=== RUN   TestUsersHandler_CreateUser
=== RUN   TestUsersHandler_CreateUser/Create_Student_Success
--- PASS: TestUsersHandler_CreateUser (0.37s)
    --- PASS: TestUsersHandler_CreateUser/Create_Student_Success (0.08s)
=== RUN   TestUsersHandler_ListUsers
=== RUN   TestUsersHandler_ListUsers/List_All_Users
=== RUN   TestUsersHandler_ListUsers/Filter_by_Role
--- PASS: TestUsersHandler_ListUsers (0.31s)
    --- PASS: TestUsersHandler_ListUsers/List_All_Users (0.00s)
    --- PASS: TestUsersHandler_ListUsers/Filter_by_Role (0.00s)
=== RUN   TestUsersHandler_UpdateMe_Extended
=== RUN   TestUsersHandler_UpdateMe_Extended/Update_Me_Extended
--- PASS: TestUsersHandler_UpdateMe_Extended (0.42s)
    --- PASS: TestUsersHandler_UpdateMe_Extended/Update_Me_Extended (0.08s)
=== RUN   TestUsersHandler_PresignAvatar
=== RUN   TestUsersHandler_PresignAvatar/Presign_Avatar
--- PASS: TestUsersHandler_PresignAvatar (0.30s)
    --- PASS: TestUsersHandler_PresignAvatar/Presign_Avatar (0.00s)
=== RUN   TestUsersHandler_VerifyEmailChange
=== RUN   TestUsersHandler_VerifyEmailChange/Verify_Email
    users_test.go:234: Response: {"email":"new@ex.com","message":"email verified and updated successfully"}
--- PASS: TestUsersHandler_VerifyEmailChange (0.32s)
    --- PASS: TestUsersHandler_VerifyEmailChange/Verify_Email (0.01s)
=== RUN   TestUsersHandler_SetActive
=== RUN   TestUsersHandler_SetActive/Set_Active_False
--- PASS: TestUsersHandler_SetActive (0.28s)
    --- PASS: TestUsersHandler_SetActive/Set_Active_False (0.00s)
FAIL
FAIL	github.com/AlmatJuvashev/phd-students-portal/backend/internal/handlers	37.293s
FAIL
