=== RUN   TestApp7_NormalizePayload
    app7_test.go:39: 
        	Error Trace:	/Users/almatjuvashev/Documents/Projects/KazNMU/kaznmu_phd_bot/checklist/phd-student-portal-starter-v8/backend/internal/handlers/app7_test.go:39
        	Error:      	Not equal: 
        	            	expected: 5
        	            	actual  : 0
        	Test:       	TestApp7_NormalizePayload
    app7_test.go:40: 
        	Error Trace:	/Users/almatjuvashev/Documents/Projects/KazNMU/kaznmu_phd_bot/checklist/phd-student-portal-starter-v8/backend/internal/handlers/app7_test.go:40
        	Error:      	Not equal: 
        	            	expected: 3
        	            	actual  : 0
        	Test:       	TestApp7_NormalizePayload
--- FAIL: TestApp7_NormalizePayload (0.00s)
=== RUN   TestApp7_Summarize
--- PASS: TestApp7_Summarize (0.00s)
=== RUN   TestApp7_ValidateEntry
=== RUN   TestApp7_ValidateEntry/Valid_Entry
=== RUN   TestApp7_ValidateEntry/Missing_Title
=== RUN   TestApp7_ValidateEntry/Title_Too_Long
=== RUN   TestApp7_ValidateEntry/Invalid_Year
=== RUN   TestApp7_ValidateEntry/Invalid_ISSN
=== RUN   TestApp7_ValidateEntry/Missing_IP_Type
--- PASS: TestApp7_ValidateEntry (0.00s)
    --- PASS: TestApp7_ValidateEntry/Valid_Entry (0.00s)
    --- PASS: TestApp7_ValidateEntry/Missing_Title (0.00s)
    --- PASS: TestApp7_ValidateEntry/Title_Too_Long (0.00s)
    --- PASS: TestApp7_ValidateEntry/Invalid_Year (0.00s)
    --- PASS: TestApp7_ValidateEntry/Invalid_ISSN (0.00s)
    --- PASS: TestApp7_ValidateEntry/Missing_IP_Type (0.00s)
=== RUN   TestNotificationsHandler_ListNotifications
=== RUN   TestNotificationsHandler_ListNotifications/List_All
2025/12/06 08:09:05 [ListNotifications] Starting - unreadOnly: false
2025/12/06 08:09:05 [ListNotifications] Executing query: 
		SELECT 
			n.id,
			n.student_id,
			COALESCE(u.first_name || ' ' || u.last_name, 'Unknown') as student_name,
			COALESCE(u.email, '') as student_email,
			n.node_id,
			COALESCE(n.node_instance_id::text, '') as node_instance_id,
			n.event_type,
			n.is_read,
			n.message,
			n.metadata::text as metadata,
			to_char(n.created_at, 'YYYY-MM-DD"T"HH24:MI:SS"Z"') as created_at
		FROM admin_notifications n
		JOIN users u ON u.id = n.student_id
	 ORDER BY n.created_at DESC LIMIT 100
2025/12/06 08:09:05 [ListNotifications] Found 2 notifications
2025/12/06 08:09:05 [ListNotifications] First notification: id=15d08650-d284-4718-89d9-1c05d3c9e1ec, student=Admin Notif, node=node1, message=Admin Msg 2
2025/12/06 08:09:05 [ListNotifications] Returning 2 notifications
=== RUN   TestNotificationsHandler_ListNotifications/List_Unread_Only
2025/12/06 08:09:05 [ListNotifications] Starting - unreadOnly: true
2025/12/06 08:09:05 [ListNotifications] Executing query: 
		SELECT 
			n.id,
			n.student_id,
			COALESCE(u.first_name || ' ' || u.last_name, 'Unknown') as student_name,
			COALESCE(u.email, '') as student_email,
			n.node_id,
			COALESCE(n.node_instance_id::text, '') as node_instance_id,
			n.event_type,
			n.is_read,
			n.message,
			n.metadata::text as metadata,
			to_char(n.created_at, 'YYYY-MM-DD"T"HH24:MI:SS"Z"') as created_at
		FROM admin_notifications n
		JOIN users u ON u.id = n.student_id
	 WHERE n.is_read = false ORDER BY n.created_at DESC LIMIT 100
2025/12/06 08:09:05 [ListNotifications] Found 1 notifications
2025/12/06 08:09:05 [ListNotifications] First notification: id=e7047d42-2b7e-436f-b77c-6675c3760f4a, student=Admin Notif, node=node1, message=Admin Msg 1
2025/12/06 08:09:05 [ListNotifications] Returning 1 notifications
--- PASS: TestNotificationsHandler_ListNotifications (1.79s)
    --- PASS: TestNotificationsHandler_ListNotifications/List_All (0.00s)
    --- PASS: TestNotificationsHandler_ListNotifications/List_Unread_Only (0.00s)
=== RUN   TestNotificationsHandler_GetUnreadCount
=== RUN   TestNotificationsHandler_GetUnreadCount/Get_Count
--- PASS: TestNotificationsHandler_GetUnreadCount (0.62s)
    --- PASS: TestNotificationsHandler_GetUnreadCount/Get_Count (0.00s)
=== RUN   TestNotificationsHandler_MarkAsRead
=== RUN   TestNotificationsHandler_MarkAsRead/Mark_As_Read
--- PASS: TestNotificationsHandler_MarkAsRead (0.59s)
    --- PASS: TestNotificationsHandler_MarkAsRead/Mark_As_Read (0.00s)
=== RUN   TestNotificationsHandler_MarkAllAsRead
=== RUN   TestNotificationsHandler_MarkAllAsRead/Mark_All_As_Read
--- PASS: TestNotificationsHandler_MarkAllAsRead (0.59s)
    --- PASS: TestNotificationsHandler_MarkAllAsRead/Mark_All_As_Read (0.00s)
=== RUN   TestAdminHandler_StudentProgress
=== RUN   TestAdminHandler_StudentProgress/List_Student_Progress
--- PASS: TestAdminHandler_StudentProgress (0.55s)
    --- PASS: TestAdminHandler_StudentProgress/List_Student_Progress (0.00s)
=== RUN   TestAdminHandler_MonitorStudents
=== RUN   TestAdminHandler_MonitorStudents/Admin_List_All
=== RUN   TestAdminHandler_MonitorStudents/Advisor_List_Assigned
=== RUN   TestAdminHandler_MonitorStudents/Advisor_List_Unassigned_(Empty)
=== RUN   TestAdminHandler_MonitorStudents/Filter_by_Program
=== RUN   TestAdminHandler_MonitorStudents/Filter_by_Wrong_Program
--- PASS: TestAdminHandler_MonitorStudents (0.55s)
    --- PASS: TestAdminHandler_MonitorStudents/Admin_List_All (0.01s)
    --- PASS: TestAdminHandler_MonitorStudents/Advisor_List_Assigned (0.01s)
    --- PASS: TestAdminHandler_MonitorStudents/Advisor_List_Unassigned_(Empty) (0.00s)
    --- PASS: TestAdminHandler_MonitorStudents/Filter_by_Program (0.01s)
    --- PASS: TestAdminHandler_MonitorStudents/Filter_by_Wrong_Program (0.00s)
=== RUN   TestAdminHandler_GetStudentDetails
=== RUN   TestAdminHandler_GetStudentDetails/Get_Details_Success
=== RUN   TestAdminHandler_GetStudentDetails/Get_Details_Not_Found
--- PASS: TestAdminHandler_GetStudentDetails (0.36s)
    --- PASS: TestAdminHandler_GetStudentDetails/Get_Details_Success (0.01s)
    --- PASS: TestAdminHandler_GetStudentDetails/Get_Details_Not_Found (0.00s)
=== RUN   TestAdminHandler_StudentJourney
=== RUN   TestAdminHandler_StudentJourney/Get_Student_Journey
--- PASS: TestAdminHandler_StudentJourney (0.41s)
    --- PASS: TestAdminHandler_StudentJourney/Get_Student_Journey (0.00s)
=== RUN   TestAdminHandler_ListStudentNodeFiles
=== RUN   TestAdminHandler_ListStudentNodeFiles/List_Student_Node_Files
2025/12/06 08:09:10 [ListStudentNodeFiles] studentID=10000000-0000-0000-0000-000000000006 nodeID=node1
2025/12/06 08:09:10 [ListStudentNodeFiles] found instanceID=2fda0506-7227-4cd6-8425-6cd07739ce86
2025/12/06 08:09:10 [ListStudentNodeFiles] returning 1 files
--- PASS: TestAdminHandler_ListStudentNodeFiles (0.31s)
    --- PASS: TestAdminHandler_ListStudentNodeFiles/List_Student_Node_Files (0.00s)
=== RUN   TestAdminHandler_MonitorAnalytics
=== RUN   TestAdminHandler_MonitorAnalytics/Get_Analytics
--- PASS: TestAdminHandler_MonitorAnalytics (0.31s)
    --- PASS: TestAdminHandler_MonitorAnalytics/Get_Analytics (0.00s)
=== RUN   TestAdminHandler_ReviewAttachment
=== RUN   TestAdminHandler_ReviewAttachment/Review_Attachment
2025/12/06 08:09:11 [ReviewAttachment] attachmentID=06f1fa5f-464b-4054-8365-8380383657f1 status=approved note="" actorID=99999999-9999-9999-9999-999999999999
2025/12/06 08:09:11 [ReviewAttachment] Counts: submitted=0 approved=1 rejected=0 total=1 currentState=done latestFileStatus=approved
2025/12/06 08:09:11 [ReviewAttachment] State transition: done -> done
--- PASS: TestAdminHandler_ReviewAttachment (0.32s)
    --- PASS: TestAdminHandler_ReviewAttachment/Review_Attachment (0.01s)
=== RUN   TestAdminHandler_ListStudentProgress
=== RUN   TestAdminHandler_ListStudentProgress/List_Student_Progress
    admin_progress_test.go:529: Response: [{"id":"11111111-1111-1111-1111-111111111111","name":"Student One","email":"s1@ex.com","role":"student","progress":{"completed_nodes":1,"total_nodes":1,"percent":100,"current_node_id":"node1","last_submission_at":"2025-12-06T03:09:11Z"}}]
--- PASS: TestAdminHandler_ListStudentProgress (0.34s)
    --- PASS: TestAdminHandler_ListStudentProgress/List_Student_Progress (0.00s)
=== RUN   TestAdminHandler_UploadReviewedDocument
    admin_progress_test.go:588: 
        	Error Trace:	/Users/almatjuvashev/Documents/Projects/KazNMU/kaznmu_phd_bot/checklist/phd-student-portal-starter-v8/backend/internal/handlers/admin_progress_test.go:588
        	Error:      	Received unexpected error:
        	            	pq: column "uploaded_by" of relation "node_instance_slot_attachments" does not exist
        	Test:       	TestAdminHandler_UploadReviewedDocument
--- FAIL: TestAdminHandler_UploadReviewedDocument (0.29s)
=== RUN   TestAdminHandler_PatchStudentNodeState
=== RUN   TestAdminHandler_PatchStudentNodeState/Patch_Node_State
--- PASS: TestAdminHandler_PatchStudentNodeState (0.28s)
    --- PASS: TestAdminHandler_PatchStudentNodeState/Patch_Node_State (0.01s)
=== RUN   TestAdminHandler_PresignReviewedDocumentUpload
=== RUN   TestAdminHandler_PresignReviewedDocumentUpload/Presign_Upload
--- PASS: TestAdminHandler_PresignReviewedDocumentUpload (0.27s)
    --- PASS: TestAdminHandler_PresignReviewedDocumentUpload/Presign_Upload (0.00s)
=== RUN   TestAdminHandler_AttachReviewedDocument
=== RUN   TestAdminHandler_AttachReviewedDocument/Attach_Reviewed_Document
--- PASS: TestAdminHandler_AttachReviewedDocument (0.30s)
    --- PASS: TestAdminHandler_AttachReviewedDocument/Attach_Reviewed_Document (0.00s)
=== RUN   TestAnalyticsHandler_GetStageStats
--- PASS: TestAnalyticsHandler_GetStageStats (0.30s)
=== RUN   TestAnalyticsHandler_GetOverdueStats
--- PASS: TestAnalyticsHandler_GetOverdueStats (0.47s)
=== RUN   TestAuthHandler_Login
=== RUN   TestAuthHandler_Login/Successful_Login
    auth_test.go:51: Response body: {"role":"student","token":"eyJhbGciOiJIUzI1NiIsInR5cCI6IkpXVCJ9.eyJleHAiOjE3NjUwNzY5NTQsImlhdCI6MTc2NDk5MDU1NCwicm9sZSI6InN0dWRlbnQiLCJzdWIiOiIxMjNlNDU2Ny1lODliLTEyZDMtYTQ1Ni00MjY2MTQxNzQwMDAifQ.1r0rNnvCw8ja-45ynTyjXtkDW9gCfhSiZTOP_DmUoLA"}
=== RUN   TestAuthHandler_Login/Invalid_Password
=== RUN   TestAuthHandler_Login/User_Not_Found
--- PASS: TestAuthHandler_Login (0.83s)
    --- PASS: TestAuthHandler_Login/Successful_Login (0.07s)
    --- PASS: TestAuthHandler_Login/Invalid_Password (0.07s)
    --- PASS: TestAuthHandler_Login/User_Not_Found (0.00s)
=== RUN   TestCalendarHandler_CreateEvent
=== RUN   TestCalendarHandler_CreateEvent/Create_Event_Success
--- PASS: TestCalendarHandler_CreateEvent (0.42s)
    --- PASS: TestCalendarHandler_CreateEvent/Create_Event_Success (0.00s)
=== RUN   TestCalendarHandler_GetEvents
=== RUN   TestCalendarHandler_GetEvents/Get_Events
--- PASS: TestCalendarHandler_GetEvents (0.34s)
    --- PASS: TestCalendarHandler_GetEvents/Get_Events (0.00s)
=== RUN   TestCalendarHandler_UpdateDelete
=== RUN   TestCalendarHandler_UpdateDelete/Update_Event
2025/12/06 08:09:15 [UpdateEvent] Updating event e0a5a9e9-9ab7-480d-835d-7d01cb1948bd for user 11111111-1111-1111-1111-111111111111
2025/12/06 08:09:15 [UpdateEvent] Request data: title=New Title, start=2025-12-06T08:09:15+05:00, end=2025-12-06T09:09:15+05:00, type=academic
2025/12/06 08:09:15 [UpdateEvent] Event e0a5a9e9-9ab7-480d-835d-7d01cb1948bd updated successfully
=== RUN   TestCalendarHandler_UpdateDelete/Update_Event_Invalid_Time
2025/12/06 08:09:15 [UpdateEvent] Updating event e0a5a9e9-9ab7-480d-835d-7d01cb1948bd for user 11111111-1111-1111-1111-111111111111
2025/12/06 08:09:15 [UpdateEvent] Request data: title=Invalid Time, start=invalid, end=invalid, type=academic
2025/12/06 08:09:15 [UpdateEvent] ERROR parsing start_time 'invalid': parsing time "invalid" as "2006-01-02T15:04:05Z07:00": cannot parse "invalid" as "2006"
=== RUN   TestCalendarHandler_UpdateDelete/Update_Event_End_Before_Start
2025/12/06 08:09:15 [UpdateEvent] Updating event e0a5a9e9-9ab7-480d-835d-7d01cb1948bd for user 11111111-1111-1111-1111-111111111111
2025/12/06 08:09:15 [UpdateEvent] Request data: title=End Before Start, start=2025-12-06T09:09:15+05:00, end=2025-12-06T08:09:15+05:00, type=academic
2025/12/06 08:09:15 [UpdateEvent] ERROR: end_time is before start_time
=== RUN   TestCalendarHandler_UpdateDelete/Update_Event_Permission_Denied
    calendar_test.go:204: 
        	Error Trace:	/Users/almatjuvashev/Documents/Projects/KazNMU/kaznmu_phd_bot/checklist/phd-student-portal-starter-v8/backend/internal/handlers/calendar_test.go:204
        	Error:      	Received unexpected error:
        	            	pq: insert or update on table "events" violates foreign key constraint "events_creator_id_fkey"
        	Test:       	TestCalendarHandler_UpdateDelete/Update_Event_Permission_Denied
=== RUN   TestCalendarHandler_UpdateDelete/Delete_Event
--- FAIL: TestCalendarHandler_UpdateDelete (0.34s)
    --- PASS: TestCalendarHandler_UpdateDelete/Update_Event (0.00s)
    --- PASS: TestCalendarHandler_UpdateDelete/Update_Event_Invalid_Time (0.00s)
    --- PASS: TestCalendarHandler_UpdateDelete/Update_Event_End_Before_Start (0.00s)
    --- FAIL: TestCalendarHandler_UpdateDelete/Update_Event_Permission_Denied (0.00s)
    --- PASS: TestCalendarHandler_UpdateDelete/Delete_Event (0.00s)
=== RUN   TestChatHandler_RoomManagement
=== RUN   TestChatHandler_RoomManagement/Update_Room
=== RUN   TestChatHandler_RoomManagement/List_Rooms_(Empty_initially)
--- PASS: TestChatHandler_RoomManagement (0.37s)
    --- PASS: TestChatHandler_RoomManagement/Update_Room (0.00s)
    --- PASS: TestChatHandler_RoomManagement/List_Rooms_(Empty_initially) (0.00s)
=== RUN   TestChatHandler_Members
=== RUN   TestChatHandler_Members/Add_Member
=== RUN   TestChatHandler_Members/List_Members
=== RUN   TestChatHandler_Members/Remove_Member
--- PASS: TestChatHandler_Members (0.46s)
    --- PASS: TestChatHandler_Members/Add_Member (0.00s)
    --- PASS: TestChatHandler_Members/List_Members (0.00s)
    --- PASS: TestChatHandler_Members/Remove_Member (0.00s)
=== RUN   TestChatHandler_MessageOperations
=== RUN   TestChatHandler_MessageOperations/Update_Message
=== RUN   TestChatHandler_MessageOperations/Mark_As_Read
=== RUN   TestChatHandler_MessageOperations/Delete_Message
--- PASS: TestChatHandler_MessageOperations (0.35s)
    --- PASS: TestChatHandler_MessageOperations/Update_Message (0.00s)
    --- PASS: TestChatHandler_MessageOperations/Mark_As_Read (0.00s)
    --- PASS: TestChatHandler_MessageOperations/Delete_Message (0.00s)
=== RUN   TestChatHandler_MessageCreation
=== RUN   TestChatHandler_MessageCreation/Create_Message
=== RUN   TestChatHandler_MessageCreation/List_Messages
--- PASS: TestChatHandler_MessageCreation (0.36s)
    --- PASS: TestChatHandler_MessageCreation/Create_Message (0.00s)
    --- PASS: TestChatHandler_MessageCreation/List_Messages (0.00s)
=== RUN   TestChatHandler_CreateRoom
=== RUN   TestChatHandler_CreateRoom/Create_Room_Success
--- PASS: TestChatHandler_CreateRoom (0.34s)
    --- PASS: TestChatHandler_CreateRoom/Create_Room_Success (0.00s)
=== RUN   TestChatHandler_Messages
=== RUN   TestChatHandler_Messages/Send_Message
=== RUN   TestChatHandler_Messages/List_Messages
--- PASS: TestChatHandler_Messages (0.38s)
    --- PASS: TestChatHandler_Messages/Send_Message (0.00s)
    --- PASS: TestChatHandler_Messages/List_Messages (0.00s)
=== RUN   TestChecklistHandler_ListModules
--- PASS: TestChecklistHandler_ListModules (0.39s)
=== RUN   TestChecklistHandler_ListStepsByModule
--- PASS: TestChecklistHandler_ListStepsByModule (0.31s)
=== RUN   TestChecklistHandler_ListStudentSteps
--- PASS: TestChecklistHandler_ListStudentSteps (0.30s)
=== RUN   TestChecklistHandler_UpdateStudentStep
--- PASS: TestChecklistHandler_UpdateStudentStep (0.33s)
=== RUN   TestChecklistHandler_AdvisorInbox
--- PASS: TestChecklistHandler_AdvisorInbox (0.32s)
=== RUN   TestChecklistHandler_ApproveStep
--- PASS: TestChecklistHandler_ApproveStep (0.30s)
=== RUN   TestChecklistHandler_ReturnStep
--- PASS: TestChecklistHandler_ReturnStep (0.31s)
=== RUN   TestCommentsHandler_CreateComment
--- PASS: TestCommentsHandler_CreateComment (0.40s)
=== RUN   TestCommentsHandler_GetComments
--- PASS: TestCommentsHandler_GetComments (0.30s)
=== RUN   TestContactsHandler_CRUD
=== RUN   TestContactsHandler_CRUD/Create_Contact
=== RUN   TestContactsHandler_CRUD/Public_List
=== RUN   TestContactsHandler_CRUD/Update_Contact
=== RUN   TestContactsHandler_CRUD/Admin_List
=== RUN   TestContactsHandler_CRUD/Delete_Contact
--- PASS: TestContactsHandler_CRUD (0.29s)
    --- PASS: TestContactsHandler_CRUD/Create_Contact (0.00s)
    --- PASS: TestContactsHandler_CRUD/Public_List (0.00s)
    --- PASS: TestContactsHandler_CRUD/Update_Contact (0.00s)
    --- PASS: TestContactsHandler_CRUD/Admin_List (0.00s)
    --- PASS: TestContactsHandler_CRUD/Delete_Contact (0.00s)
=== RUN   TestDictionaryHandler_Programs
=== RUN   TestDictionaryHandler_Programs/Create_Program
=== RUN   TestDictionaryHandler_Programs/List_Programs
=== RUN   TestDictionaryHandler_Programs/Update_Program
=== RUN   TestDictionaryHandler_Programs/Delete_Program
--- PASS: TestDictionaryHandler_Programs (0.38s)
    --- PASS: TestDictionaryHandler_Programs/Create_Program (0.00s)
    --- PASS: TestDictionaryHandler_Programs/List_Programs (0.00s)
    --- PASS: TestDictionaryHandler_Programs/Update_Program (0.00s)
    --- PASS: TestDictionaryHandler_Programs/Delete_Program (0.00s)
=== RUN   TestDictionaryHandler_Departments
=== RUN   TestDictionaryHandler_Departments/Create_Department
=== RUN   TestDictionaryHandler_Departments/List_Departments
=== RUN   TestDictionaryHandler_Departments/Update_Department
=== RUN   TestDictionaryHandler_Departments/Delete_Department
--- PASS: TestDictionaryHandler_Departments (0.38s)
    --- PASS: TestDictionaryHandler_Departments/Create_Department (0.00s)
    --- PASS: TestDictionaryHandler_Departments/List_Departments (0.00s)
    --- PASS: TestDictionaryHandler_Departments/Update_Department (0.01s)
    --- PASS: TestDictionaryHandler_Departments/Delete_Department (0.01s)
=== RUN   TestDictionaryHandler_Cohorts
=== RUN   TestDictionaryHandler_Cohorts/Create_Cohort
=== RUN   TestDictionaryHandler_Cohorts/List_Cohorts
=== RUN   TestDictionaryHandler_Cohorts/Update_Cohort
=== RUN   TestDictionaryHandler_Cohorts/Delete_Cohort
--- PASS: TestDictionaryHandler_Cohorts (0.32s)
    --- PASS: TestDictionaryHandler_Cohorts/Create_Cohort (0.00s)
    --- PASS: TestDictionaryHandler_Cohorts/List_Cohorts (0.00s)
    --- PASS: TestDictionaryHandler_Cohorts/Update_Cohort (0.00s)
    --- PASS: TestDictionaryHandler_Cohorts/Delete_Cohort (0.00s)
=== RUN   TestDictionaryHandler_Specialties
=== RUN   TestDictionaryHandler_Specialties/List_Specialties
--- PASS: TestDictionaryHandler_Specialties (0.37s)
    --- PASS: TestDictionaryHandler_Specialties/List_Specialties (0.00s)
=== RUN   TestDictionaryHandler_SpecialtyCRUD
=== RUN   TestDictionaryHandler_SpecialtyCRUD/Create_Specialty
=== RUN   TestDictionaryHandler_SpecialtyCRUD/Update_Specialty
=== RUN   TestDictionaryHandler_SpecialtyCRUD/Delete_Specialty
--- PASS: TestDictionaryHandler_SpecialtyCRUD (0.36s)
    --- PASS: TestDictionaryHandler_SpecialtyCRUD/Create_Specialty (0.00s)
    --- PASS: TestDictionaryHandler_SpecialtyCRUD/Update_Specialty (0.00s)
    --- PASS: TestDictionaryHandler_SpecialtyCRUD/Delete_Specialty (0.00s)
=== RUN   TestDocumentsHandler_List
=== RUN   TestDocumentsHandler_List/List_Documents
--- PASS: TestDocumentsHandler_List (0.33s)
    --- PASS: TestDocumentsHandler_List/List_Documents (0.00s)
=== RUN   TestDocumentsHandler_Upload
=== RUN   TestDocumentsHandler_Upload/Upload_Document_Version
--- PASS: TestDocumentsHandler_Upload (0.36s)
    --- PASS: TestDocumentsHandler_Upload/Upload_Document_Version (0.01s)
=== RUN   TestDocumentsHandler_Delete
=== RUN   TestDocumentsHandler_Delete/Delete_Document
--- PASS: TestDocumentsHandler_Delete (0.42s)
    --- PASS: TestDocumentsHandler_Delete/Delete_Document (0.00s)
=== RUN   TestDocumentsHandler_Get
=== RUN   TestDocumentsHandler_Get/Get_Document
    documents_test.go:178: Response Code: 200
    documents_test.go:179: Response Body: {"doc":{"id":"934fa72e-f68e-41ea-b0e5-31cc30b5dabc","user_id":"30000000-0000-0000-0000-000000000004","title":"Get Doc","kind":"other","current_version_id":null},"versions":null}
--- PASS: TestDocumentsHandler_Get (0.44s)
    --- PASS: TestDocumentsHandler_Get/Get_Document (0.00s)
=== RUN   TestDocumentsHandler_Create
=== RUN   TestDocumentsHandler_Create/Create_Document
    documents_test.go:224: Response Code: 200
    documents_test.go:225: Response Body: {"id":"86a3e286-b3f7-4d8c-9578-05c61fbc875e"}
--- PASS: TestDocumentsHandler_Create (0.30s)
    --- PASS: TestDocumentsHandler_Create/Create_Document (0.00s)
=== RUN   TestDocumentsHandler_UploadVersion
=== RUN   TestDocumentsHandler_UploadVersion/Upload_Version
--- PASS: TestDocumentsHandler_UploadVersion (0.32s)
    --- PASS: TestDocumentsHandler_UploadVersion/Upload_Version (0.00s)
=== RUN   TestDocumentsHandler_PresignUpload
=== RUN   TestDocumentsHandler_PresignUpload/Presign_Upload
    documents_test.go:325: 
        	Error Trace:	/Users/almatjuvashev/Documents/Projects/KazNMU/kaznmu_phd_bot/checklist/phd-student-portal-starter-v8/backend/internal/handlers/documents_test.go:325
        	Error:      	Not equal: 
        	            	expected: 500
        	            	actual  : 400
        	Test:       	TestDocumentsHandler_PresignUpload/Presign_Upload
--- FAIL: TestDocumentsHandler_PresignUpload (0.32s)
    --- FAIL: TestDocumentsHandler_PresignUpload/Presign_Upload (0.00s)
=== RUN   TestDocumentsHandler_PresignGetLatest
=== RUN   TestDocumentsHandler_PresignGetLatest/Presign_Get_Latest
    documents_test.go:370: 
        	Error Trace:	/Users/almatjuvashev/Documents/Projects/KazNMU/kaznmu_phd_bot/checklist/phd-student-portal-starter-v8/backend/internal/handlers/documents_test.go:370
        	Error:      	Not equal: 
        	            	expected: 500
        	            	actual  : 400
        	Test:       	TestDocumentsHandler_PresignGetLatest/Presign_Get_Latest
--- FAIL: TestDocumentsHandler_PresignGetLatest (0.29s)
    --- FAIL: TestDocumentsHandler_PresignGetLatest/Presign_Get_Latest (0.00s)
=== RUN   TestDocumentsHandler_DownloadVersion
=== RUN   TestDocumentsHandler_DownloadVersion/Download_Version
2025/12/06 08:09:26 [DownloadVersion] version=45298474-771a-4e40-bf15-44b3d7f1efd0 storage_path=path bucket=bucket object_key=key size=100
2025/12/06 08:09:26 [DownloadVersion] S3 not configured
--- PASS: TestDocumentsHandler_DownloadVersion (0.29s)
    --- PASS: TestDocumentsHandler_DownloadVersion/Download_Version (0.00s)
=== RUN   TestJourneyHandler_GetState
=== RUN   TestJourneyHandler_GetState/Get_State
--- PASS: TestJourneyHandler_GetState (0.30s)
    --- PASS: TestJourneyHandler_GetState/Get_State (0.00s)
=== RUN   TestJourneyHandler_SetState
=== RUN   TestJourneyHandler_SetState/Set_State_Success
=== RUN   TestJourneyHandler_SetState/Set_State_Invalid
--- PASS: TestJourneyHandler_SetState (0.40s)
    --- PASS: TestJourneyHandler_SetState/Set_State_Success (0.00s)
    --- PASS: TestJourneyHandler_SetState/Set_State_Invalid (0.00s)
=== RUN   TestJourneyHandler_Reset
=== RUN   TestJourneyHandler_Reset/Reset_Journey
--- PASS: TestJourneyHandler_Reset (0.28s)
    --- PASS: TestJourneyHandler_Reset/Reset_Journey (0.00s)
=== RUN   TestMeHandler_Me
=== RUN   TestMeHandler_Me/Get_Me_Success
=== RUN   TestMeHandler_Me/Get_Me_Not_Found
--- PASS: TestMeHandler_Me (0.28s)
    --- PASS: TestMeHandler_Me/Get_Me_Success (0.00s)
    --- PASS: TestMeHandler_Me/Get_Me_Not_Found (0.00s)
=== RUN   TestInvalidNodeID
--- PASS: TestInvalidNodeID (0.29s)
=== RUN   TestUnauthorizedUser
    node_errors_test.go:104: Unauthorized response: {"error":"unauthorized"}
--- PASS: TestUnauthorizedUser (0.28s)
=== RUN   TestMalformedJSON
2025/12/06 08:09:28 [fetchSlots] instanceID=abcbaa41-7010-46e6-bd7a-90c5b6212035
2025/12/06 08:09:28 [fetchSlots] returning 0 slots with total attachments
    node_errors_test.go:160: Malformed JSON response: {"error":"invalid character 'o' in literal null (expecting 'u')"}
--- PASS: TestMalformedJSON (0.31s)
=== RUN   TestInvalidStateTransition
2025/12/06 08:09:28 [fetchSlots] instanceID=a63989cd-ea44-47a4-a325-b2424e5c4eb7
2025/12/06 08:09:28 [fetchSlots] returning 0 slots with total attachments
    node_errors_test.go:216: Invalid state transition response: {"error":"transition not allowed"}
--- PASS: TestInvalidStateTransition (0.29s)
=== RUN   TestGetProfile
--- PASS: TestGetProfile (0.34s)
=== RUN   TestGetProfile_NotFound
--- PASS: TestGetProfile_NotFound (0.28s)
=== RUN   TestLockedState_CantSubmit
2025/12/06 08:09:29 [fetchSlots] instanceID=31e7a815-2634-4d81-b598-59588943bf55
2025/12/06 08:09:29 [fetchSlots] returning 0 slots with total attachments
    node_state_full_test.go:84: Locked node response: {"error":"transition not allowed"}
--- PASS: TestLockedState_CantSubmit (0.29s)
=== RUN   TestWaitingState_CantAdvance
2025/12/06 08:09:29 [fetchSlots] instanceID=218011a4-ae67-46b3-8b26-c189c29b31ea
2025/12/06 08:09:29 [fetchSlots] returning 0 slots with total attachments
    node_state_full_test.go:148: Waiting node response: {"error":"transition not allowed"}
--- PASS: TestWaitingState_CantAdvance (0.27s)
=== RUN   TestFullStateFlow
2025/12/06 08:09:30 [fetchSlots] instanceID=b52118f9-6507-4a95-b246-300a69f062b9
2025/12/06 08:09:30 [fetchSlots] returning 0 slots with total attachments
    node_state_full_test.go:206: 
        	Error Trace:	/Users/almatjuvashev/Documents/Projects/KazNMU/kaznmu_phd_bot/checklist/phd-student-portal-starter-v8/backend/internal/handlers/node_state_full_test.go:206
        	Error:      	Not equal: 
        	            	expected: 200
        	            	actual  : 403
        	Test:       	TestFullStateFlow
--- FAIL: TestFullStateFlow (0.28s)
=== RUN   TestNeedsFixes_Resubmit
2025/12/06 08:09:30 [fetchSlots] instanceID=6809097e-7431-427d-9a41-1617b2a3ab85
2025/12/06 08:09:30 [fetchSlots] returning 0 slots with total attachments
    node_state_full_test.go:279: 
        	Error Trace:	/Users/almatjuvashev/Documents/Projects/KazNMU/kaznmu_phd_bot/checklist/phd-student-portal-starter-v8/backend/internal/handlers/node_state_full_test.go:279
        	Error:      	Not equal: 
        	            	expected: 200
        	            	actual  : 403
        	Test:       	TestNeedsFixes_Resubmit
--- FAIL: TestNeedsFixes_Resubmit (0.28s)
=== RUN   TestNodeStateTransitions_StudentSubmitsNode
2025/12/06 08:09:30 [fetchSlots] instanceID=6ed393ea-56ff-4a06-ac6e-d6af89f93794
2025/12/06 08:09:30 [fetchSlots] returning 0 slots with total attachments
    node_state_transitions_test.go:84: 
        	Error Trace:	/Users/almatjuvashev/Documents/Projects/KazNMU/kaznmu_phd_bot/checklist/phd-student-portal-starter-v8/backend/internal/handlers/node_state_transitions_test.go:84
        	Error:      	Not equal: 
        	            	expected: 200
        	            	actual  : 403
        	Test:       	TestNodeStateTransitions_StudentSubmitsNode
    node_state_transitions_test.go:87: 
        	Error Trace:	/Users/almatjuvashev/Documents/Projects/KazNMU/kaznmu_phd_bot/checklist/phd-student-portal-starter-v8/backend/internal/handlers/node_state_transitions_test.go:87
        	Error:      	Not equal: 
        	            	expected: string("submitted")
        	            	actual  : <nil>(<nil>)
        	Test:       	TestNodeStateTransitions_StudentSubmitsNode
--- FAIL: TestNodeStateTransitions_StudentSubmitsNode (0.29s)
=== RUN   TestNodeStateTransitions_StudentCannotDirectlyApprove
2025/12/06 08:09:30 [fetchSlots] instanceID=feaaeec4-46bf-414c-9f90-021da5fa9c75
2025/12/06 08:09:30 [fetchSlots] returning 0 slots with total attachments
2025/12/06 08:09:30 [fetchSlots] instanceID=feaaeec4-46bf-414c-9f90-021da5fa9c75
2025/12/06 08:09:30 [fetchSlots] returning 0 slots with total attachments
--- PASS: TestNodeStateTransitions_StudentCannotDirectlyApprove (0.36s)
=== RUN   TestNodeStateTransitions_AdminApprovesNode
2025/12/06 08:09:31 [fetchSlots] instanceID=0d4c8197-392b-4e7b-8c78-ab7febfed6ec
2025/12/06 08:09:31 [fetchSlots] returning 0 slots with total attachments
    node_state_transitions_test.go:170: 
        	Error Trace:	/Users/almatjuvashev/Documents/Projects/KazNMU/kaznmu_phd_bot/checklist/phd-student-portal-starter-v8/backend/internal/handlers/node_state_transitions_test.go:170
        	Error:      	Not equal: 
        	            	expected: 200
        	            	actual  : 403
        	Test:       	TestNodeStateTransitions_AdminApprovesNode
--- FAIL: TestNodeStateTransitions_AdminApprovesNode (0.32s)
=== RUN   TestNodeStateTransitions_AdvisorRequestsFixes
2025/12/06 08:09:31 [fetchSlots] instanceID=c957c97e-19fc-45c2-88c1-7518615c99a2
2025/12/06 08:09:31 [fetchSlots] returning 0 slots with total attachments
    node_state_transitions_test.go:247: 
        	Error Trace:	/Users/almatjuvashev/Documents/Projects/KazNMU/kaznmu_phd_bot/checklist/phd-student-portal-starter-v8/backend/internal/handlers/node_state_transitions_test.go:247
        	Error:      	Not equal: 
        	            	expected: 200
        	            	actual  : 403
        	Test:       	TestNodeStateTransitions_AdvisorRequestsFixes
--- FAIL: TestNodeStateTransitions_AdvisorRequestsFixes (0.32s)
=== RUN   TestNodeStateTransitions_StudentResubmitsAfterFixes
2025/12/06 08:09:31 [fetchSlots] instanceID=f3b3da9f-286a-4cc9-92a2-7a2552c8c81f
2025/12/06 08:09:31 [fetchSlots] returning 0 slots with total attachments
    node_state_transitions_test.go:312: 
        	Error Trace:	/Users/almatjuvashev/Documents/Projects/KazNMU/kaznmu_phd_bot/checklist/phd-student-portal-starter-v8/backend/internal/handlers/node_state_transitions_test.go:312
        	Error:      	Not equal: 
        	            	expected: 200
        	            	actual  : 403
        	Test:       	TestNodeStateTransitions_StudentResubmitsAfterFixes
--- FAIL: TestNodeStateTransitions_StudentResubmitsAfterFixes (0.26s)
=== RUN   TestNodeStateTransitions_InvalidStateRejected
2025/12/06 08:09:32 [fetchSlots] instanceID=875d3ace-1f70-43fe-84e1-304069bec8d2
2025/12/06 08:09:32 [fetchSlots] returning 0 slots with total attachments
--- PASS: TestNodeStateTransitions_InvalidStateRejected (0.27s)
=== RUN   TestNodeStateTransitions_EventsLogged
2025/12/06 08:09:32 [fetchSlots] instanceID=abe024f5-2db7-4ba5-acff-a7ea4cbc2ec4
2025/12/06 08:09:32 [fetchSlots] returning 0 slots with total attachments
    node_state_transitions_test.go:401: 
        	Error Trace:	/Users/almatjuvashev/Documents/Projects/KazNMU/kaznmu_phd_bot/checklist/phd-student-portal-starter-v8/backend/internal/handlers/node_state_transitions_test.go:401
        	Error:      	Not equal: 
        	            	expected: 200
        	            	actual  : 403
        	Test:       	TestNodeStateTransitions_EventsLogged
--- FAIL: TestNodeStateTransitions_EventsLogged (0.27s)
=== RUN   TestNodeSubmissionHandler_GetSubmission
=== RUN   TestNodeSubmissionHandler_GetSubmission/Get_Submission
2025/12/06 08:09:32 [fetchSlots] instanceID=263e5995-591e-4dc4-b6ff-905544a3f389
2025/12/06 08:09:32 [fetchSlots] returning 0 slots with total attachments
--- PASS: TestNodeSubmissionHandler_GetSubmission (0.27s)
    --- PASS: TestNodeSubmissionHandler_GetSubmission/Get_Submission (0.00s)
=== RUN   TestNodeSubmissionHandler_SubmitNode
=== RUN   TestNodeSubmissionHandler_SubmitNode/Submit_Node
    node_submission_test.go:123: 
        	Error Trace:	/Users/almatjuvashev/Documents/Projects/KazNMU/kaznmu_phd_bot/checklist/phd-student-portal-starter-v8/backend/internal/handlers/node_submission_test.go:123
        	Error:      	Not equal: 
        	            	expected: 200
        	            	actual  : 403
        	Test:       	TestNodeSubmissionHandler_SubmitNode/Submit_Node
    node_submission_test.go:131: 
        	Error Trace:	/Users/almatjuvashev/Documents/Projects/KazNMU/kaznmu_phd_bot/checklist/phd-student-portal-starter-v8/backend/internal/handlers/node_submission_test.go:131
        	Error:      	Not equal: 
        	            	expected: "submitted"
        	            	actual  : "active"
        	            	
        	            	Diff:
        	            	--- Expected
        	            	+++ Actual
        	            	@@ -1 +1 @@
        	            	-submitted
        	            	+active
        	Test:       	TestNodeSubmissionHandler_SubmitNode/Submit_Node
    node_submission_test.go:134: 
        	Error Trace:	/Users/almatjuvashev/Documents/Projects/KazNMU/kaznmu_phd_bot/checklist/phd-student-portal-starter-v8/backend/internal/handlers/node_submission_test.go:134
        	Error:      	Received unexpected error:
        	            	sql: no rows in result set
        	Test:       	TestNodeSubmissionHandler_SubmitNode/Submit_Node
    node_submission_test.go:135: 
        	Error Trace:	/Users/almatjuvashev/Documents/Projects/KazNMU/kaznmu_phd_bot/checklist/phd-student-portal-starter-v8/backend/internal/handlers/node_submission_test.go:135
        	Error:      	"" does not contain "submitted_value"
        	Test:       	TestNodeSubmissionHandler_SubmitNode/Submit_Node
--- FAIL: TestNodeSubmissionHandler_SubmitNode (0.41s)
    --- FAIL: TestNodeSubmissionHandler_SubmitNode/Submit_Node (0.01s)
=== RUN   TestNodeSubmissionHandler_SubmitProfile
=== RUN   TestNodeSubmissionHandler_SubmitProfile/Submit_Profile
2025/12/06 08:09:33 [fetchSlots] instanceID=927e4df8-6de5-4742-bd4e-934d35d818ff
2025/12/06 08:09:33 [fetchSlots] returning 0 slots with total attachments
--- PASS: TestNodeSubmissionHandler_SubmitProfile (0.31s)
    --- PASS: TestNodeSubmissionHandler_SubmitProfile/Submit_Profile (0.01s)
=== RUN   TestFormNode_GetSubmission
2025/12/06 08:09:33 [fetchSlots] instanceID=7b90273d-2e46-4474-8970-6292314019ba
2025/12/06 08:09:33 [fetchSlots] returning 0 slots with total attachments
    node_types_test.go:69: Form node response: map[locale:ru node_id:form_node playbook_version_id:22222222-2222-2222-2222-222222222222 slots:[] state:active]
--- PASS: TestFormNode_GetSubmission (0.30s)
=== RUN   TestConfirmTaskNode_GetSubmission
2025/12/06 08:09:34 [fetchSlots] instanceID=3ab7616c-fbfc-49d4-b7df-b2dc9571ea47
2025/12/06 08:09:34 [fetchSlots] row 1: slot=document attachment_id= version_id= is_active=false reviewed_doc_id=
2025/12/06 08:09:34 [fetchSlots] returning 1 slots with total attachments
    node_types_test.go:130: ConfirmTask slots: [map[attachments:[] key:document mime:[] multiplicity:single required:true]]
    node_types_test.go:132: ConfirmTask node response: map[locale:ru node_id:confirm_node playbook_version_id:44444444-4444-4444-4444-444444444444 slots:[map[attachments:[] key:document mime:[] multiplicity:single required:true]] state:active]
--- PASS: TestConfirmTaskNode_GetSubmission (0.31s)
=== RUN   TestInfoNode_GetSubmission
2025/12/06 08:09:34 [fetchSlots] instanceID=5bdda10f-c81c-442a-a46b-bba14b799cf7
2025/12/06 08:09:34 [fetchSlots] returning 0 slots with total attachments
    node_types_test.go:184: Info node response: map[locale:ru node_id:info_node playbook_version_id:66666666-6666-6666-6666-666666666666 slots:[] state:active]
--- PASS: TestInfoNode_GetSubmission (0.29s)
=== RUN   TestFormNode_PutSubmission
2025/12/06 08:09:34 [fetchSlots] instanceID=5de5c8a3-2d6d-431b-bf76-f70e5fb158f4
2025/12/06 08:09:34 [fetchSlots] returning 0 slots with total attachments
2025/12/06 08:09:34 [fetchSlots] instanceID=5de5c8a3-2d6d-431b-bf76-f70e5fb158f4
2025/12/06 08:09:34 [fetchSlots] returning 0 slots with total attachments
--- PASS: TestFormNode_PutSubmission (0.29s)
=== RUN   TestPresignUpload_Success
2025/12/06 08:09:34 [fetchSlots] instanceID=2b38ab15-4712-4702-95c3-37cfdcdb9dcf
2025/12/06 08:09:34 [fetchSlots] row 1: slot=doc_slot attachment_id= version_id= is_active=false reviewed_doc_id=
2025/12/06 08:09:34 [fetchSlots] returning 1 slots with total attachments
    node_upload_test.go:91: Presign response (S3 may not be configured): {"error":"S3 not configured"}
--- PASS: TestPresignUpload_Success (0.30s)
=== RUN   TestUpload_InvalidMime
2025/12/06 08:09:35 [fetchSlots] instanceID=83b8d0d9-6492-48f5-a52c-8ca17ac26086
2025/12/06 08:09:35 [fetchSlots] row 1: slot=pdf_only attachment_id= version_id= is_active=false reviewed_doc_id=
2025/12/06 08:09:35 [fetchSlots] returning 1 slots with total attachments
    node_upload_test.go:160: Invalid MIME response: {"error":"invalid mime type"}
--- PASS: TestUpload_InvalidMime (0.42s)
=== RUN   TestUpload_SizeTooLarge
2025/12/06 08:09:35 [fetchSlots] instanceID=05b0d855-fbba-4f09-846a-76ab57111861
2025/12/06 08:09:35 [fetchSlots] row 1: slot=small_file attachment_id= version_id= is_active=false reviewed_doc_id=
2025/12/06 08:09:35 [fetchSlots] returning 1 slots with total attachments
    node_upload_test.go:229: Size too large response: {"error":"file too large (max 1 MB)"}
--- PASS: TestUpload_SizeTooLarge (0.35s)
=== RUN   TestAttachUpload
2025/12/06 08:09:36 [fetchSlots] instanceID=0f3547b4-0bd3-4be7-934e-a324bb2a5017
2025/12/06 08:09:36 [fetchSlots] row 1: slot=slot1 attachment_id= version_id= is_active=false reviewed_doc_id=
2025/12/06 08:09:36 [fetchSlots] returning 1 slots with total attachments
2025/12/06 08:09:36 [AttachUpload] Starting: nodeID=attach_node, userID=77777777-aaaa-7777-7777-777777777777
2025/12/06 08:09:36 [AttachUpload] Request: slotKey=slot1, filename=file.pdf, size=100
2025/12/06 08:09:36 [AttachUpload] S3 not configured
--- PASS: TestAttachUpload (0.37s)
=== RUN   TestNotificationsHandler_Admin
=== RUN   TestNotificationsHandler_Admin/List_Notifications
2025/12/06 08:09:36 [ListNotifications] Starting - unreadOnly: false
2025/12/06 08:09:36 [ListNotifications] Executing query: 
		SELECT 
			n.id,
			n.student_id,
			COALESCE(u.first_name || ' ' || u.last_name, 'Unknown') as student_name,
			COALESCE(u.email, '') as student_email,
			n.node_id,
			COALESCE(n.node_instance_id::text, '') as node_instance_id,
			n.event_type,
			n.is_read,
			n.message,
			n.metadata::text as metadata,
			to_char(n.created_at, 'YYYY-MM-DD"T"HH24:MI:SS"Z"') as created_at
		FROM admin_notifications n
		JOIN users u ON u.id = n.student_id
	 ORDER BY n.created_at DESC LIMIT 100
2025/12/06 08:09:36 [ListNotifications] Found 2 notifications
2025/12/06 08:09:36 [ListNotifications] First notification: id=12f53878-c0db-4e0d-8bec-5c754cfeb915, student=Student One, node=node1, message=Student submitted node1
2025/12/06 08:09:36 [ListNotifications] Returning 2 notifications
=== RUN   TestNotificationsHandler_Admin/List_Unread_Only
2025/12/06 08:09:36 [ListNotifications] Starting - unreadOnly: true
2025/12/06 08:09:36 [ListNotifications] Executing query: 
		SELECT 
			n.id,
			n.student_id,
			COALESCE(u.first_name || ' ' || u.last_name, 'Unknown') as student_name,
			COALESCE(u.email, '') as student_email,
			n.node_id,
			COALESCE(n.node_instance_id::text, '') as node_instance_id,
			n.event_type,
			n.is_read,
			n.message,
			n.metadata::text as metadata,
			to_char(n.created_at, 'YYYY-MM-DD"T"HH24:MI:SS"Z"') as created_at
		FROM admin_notifications n
		JOIN users u ON u.id = n.student_id
	 WHERE n.is_read = false ORDER BY n.created_at DESC LIMIT 100
2025/12/06 08:09:36 [ListNotifications] Found 1 notifications
2025/12/06 08:09:36 [ListNotifications] First notification: id=12f53878-c0db-4e0d-8bec-5c754cfeb915, student=Student One, node=node1, message=Student submitted node1
2025/12/06 08:09:36 [ListNotifications] Returning 1 notifications
=== RUN   TestNotificationsHandler_Admin/Get_Unread_Count
=== RUN   TestNotificationsHandler_Admin/Mark_As_Read
=== RUN   TestNotificationsHandler_Admin/Mark_All_As_Read
--- PASS: TestNotificationsHandler_Admin (0.35s)
    --- PASS: TestNotificationsHandler_Admin/List_Notifications (0.00s)
    --- PASS: TestNotificationsHandler_Admin/List_Unread_Only (0.00s)
    --- PASS: TestNotificationsHandler_Admin/Get_Unread_Count (0.00s)
    --- PASS: TestNotificationsHandler_Admin/Mark_As_Read (0.00s)
    --- PASS: TestNotificationsHandler_Admin/Mark_All_As_Read (0.00s)
=== RUN   TestNotificationHandler_Student_MarkAllAsRead
--- PASS: TestNotificationHandler_Student_MarkAllAsRead (0.38s)
=== RUN   TestNotificationHandler_GetUnread
=== RUN   TestNotificationHandler_GetUnread/Get_Unread
2025/12/06 08:09:37 [GetUnread reqID=1764990577102145000] Handler called
2025/12/06 08:09:37 [GetUnread reqID=1764990577102145000] userID from context: '123e4567-e89b-12d3-a456-426614174000'
2025/12/06 08:09:37 [GetUnread reqID=1764990577102145000] returning 1 notifications
--- PASS: TestNotificationHandler_GetUnread (0.48s)
    --- PASS: TestNotificationHandler_GetUnread/Get_Unread (0.00s)
=== RUN   TestNotificationHandler_MarkAsRead
=== RUN   TestNotificationHandler_MarkAsRead/Mark_As_Read
--- PASS: TestNotificationHandler_MarkAsRead (0.37s)
    --- PASS: TestNotificationHandler_MarkAsRead/Mark_As_Read (0.00s)
=== RUN   TestSearchHandler_GlobalSearch
=== RUN   TestSearchHandler_GlobalSearch/Admin_Search_Users
=== RUN   TestSearchHandler_GlobalSearch/Admin_Search_Documents
=== RUN   TestSearchHandler_GlobalSearch/Student_Search_Own_Document
=== RUN   TestSearchHandler_GlobalSearch/Student_Cannot_Search_Users
--- PASS: TestSearchHandler_GlobalSearch (0.48s)
    --- PASS: TestSearchHandler_GlobalSearch/Admin_Search_Users (0.00s)
    --- PASS: TestSearchHandler_GlobalSearch/Admin_Search_Documents (0.00s)
    --- PASS: TestSearchHandler_GlobalSearch/Student_Search_Own_Document (0.00s)
    --- PASS: TestSearchHandler_GlobalSearch/Student_Cannot_Search_Users (0.00s)
=== RUN   TestUsersHandler_GetPendingEmailVerification
--- PASS: TestUsersHandler_GetPendingEmailVerification (0.36s)
=== RUN   TestUsersHandler_UpdateMe_EmailChange
2025/12/06 08:09:38 [EMAIL] SMTP not configured - email features disabled
2025/12/06 08:09:38 [EMAIL] Skipping verification email to newemail@example.com (SMTP not configured)
--- PASS: TestUsersHandler_UpdateMe_EmailChange (0.47s)
=== RUN   TestUsersHandler_PresignAvatarUpload
2025/12/06 08:09:39 [S3] Presigning PUT for key=avatars/be57d9f1-21de-4b96-89c3-e6f4a2fea3e4/1764990579_avatar.jpg bucket=test-bucket expires=15m0s
--- PASS: TestUsersHandler_PresignAvatarUpload (0.74s)
=== RUN   TestUsersHandler_UpdateUser
=== RUN   TestUsersHandler_UpdateUser/Update_User_Not_Found
--- PASS: TestUsersHandler_UpdateUser (0.54s)
    --- PASS: TestUsersHandler_UpdateUser/Update_User_Not_Found (0.00s)
=== RUN   TestUsersHandler_ChangeOwnPassword
--- PASS: TestUsersHandler_ChangeOwnPassword (0.67s)
=== RUN   TestUsersHandler_ResetPasswordForUser
--- PASS: TestUsersHandler_ResetPasswordForUser (0.63s)
=== RUN   TestUsersHandler_CreateUser
=== RUN   TestUsersHandler_CreateUser/Create_Student_Success
--- PASS: TestUsersHandler_CreateUser (0.43s)
    --- PASS: TestUsersHandler_CreateUser/Create_Student_Success (0.07s)
=== RUN   TestUsersHandler_ListUsers
=== RUN   TestUsersHandler_ListUsers/List_All_Users
=== RUN   TestUsersHandler_ListUsers/Filter_by_Role
--- PASS: TestUsersHandler_ListUsers (0.42s)
    --- PASS: TestUsersHandler_ListUsers/List_All_Users (0.01s)
    --- PASS: TestUsersHandler_ListUsers/Filter_by_Role (0.00s)
=== RUN   TestUsersHandler_UpdateMe_Extended
=== RUN   TestUsersHandler_UpdateMe_Extended/Update_Me_Extended
--- PASS: TestUsersHandler_UpdateMe_Extended (0.61s)
    --- PASS: TestUsersHandler_UpdateMe_Extended/Update_Me_Extended (0.07s)
=== RUN   TestUsersHandler_PresignAvatar
=== RUN   TestUsersHandler_PresignAvatar/Presign_Avatar
--- PASS: TestUsersHandler_PresignAvatar (0.48s)
    --- PASS: TestUsersHandler_PresignAvatar/Presign_Avatar (0.00s)
=== RUN   TestUsersHandler_VerifyEmailChange
=== RUN   TestUsersHandler_VerifyEmailChange/Verify_Email
    users_test.go:234: Response: {"email":"new@ex.com","message":"email verified and updated successfully"}
--- PASS: TestUsersHandler_VerifyEmailChange (0.43s)
    --- PASS: TestUsersHandler_VerifyEmailChange/Verify_Email (0.01s)
=== RUN   TestUsersHandler_SetActive
=== RUN   TestUsersHandler_SetActive/Set_Active_False
--- PASS: TestUsersHandler_SetActive (0.40s)
    --- PASS: TestUsersHandler_SetActive/Set_Active_False (0.00s)
FAIL
FAIL	github.com/AlmatJuvashev/phd-students-portal/backend/internal/handlers	40.159s
FAIL
