=== RUN   TestApp7_NormalizePayload
--- PASS: TestApp7_NormalizePayload (0.00s)
=== RUN   TestApp7_Summarize
--- PASS: TestApp7_Summarize (0.00s)
=== RUN   TestApp7_ValidateEntry
=== RUN   TestApp7_ValidateEntry/Valid_Entry
=== RUN   TestApp7_ValidateEntry/Missing_Title
=== RUN   TestApp7_ValidateEntry/Title_Too_Long
=== RUN   TestApp7_ValidateEntry/Invalid_Year
=== RUN   TestApp7_ValidateEntry/Invalid_ISSN
=== RUN   TestApp7_ValidateEntry/Missing_IP_Type
--- PASS: TestApp7_ValidateEntry (0.00s)
    --- PASS: TestApp7_ValidateEntry/Valid_Entry (0.00s)
    --- PASS: TestApp7_ValidateEntry/Missing_Title (0.00s)
    --- PASS: TestApp7_ValidateEntry/Title_Too_Long (0.00s)
    --- PASS: TestApp7_ValidateEntry/Invalid_Year (0.00s)
    --- PASS: TestApp7_ValidateEntry/Invalid_ISSN (0.00s)
    --- PASS: TestApp7_ValidateEntry/Missing_IP_Type (0.00s)
=== RUN   TestNotificationsHandler_ListNotifications
=== RUN   TestNotificationsHandler_ListNotifications/List_All
2025/12/06 08:29:01 [ListNotifications] Starting - unreadOnly: false
2025/12/06 08:29:01 [ListNotifications] Executing query: 
		SELECT 
			n.id,
			n.student_id,
			COALESCE(u.first_name || ' ' || u.last_name, 'Unknown') as student_name,
			COALESCE(u.email, '') as student_email,
			n.node_id,
			COALESCE(n.node_instance_id::text, '') as node_instance_id,
			n.event_type,
			n.is_read,
			n.message,
			n.metadata::text as metadata,
			to_char(n.created_at, 'YYYY-MM-DD"T"HH24:MI:SS"Z"') as created_at
		FROM admin_notifications n
		JOIN users u ON u.id = n.student_id
	 ORDER BY n.created_at DESC LIMIT 100
2025/12/06 08:29:01 [ListNotifications] Found 2 notifications
2025/12/06 08:29:01 [ListNotifications] First notification: id=5f906401-789f-4e40-a1c8-906ddb0dfd74, student=Admin Notif, node=node1, message=Admin Msg 2
2025/12/06 08:29:01 [ListNotifications] Returning 2 notifications
=== RUN   TestNotificationsHandler_ListNotifications/List_Unread_Only
2025/12/06 08:29:01 [ListNotifications] Starting - unreadOnly: true
2025/12/06 08:29:01 [ListNotifications] Executing query: 
		SELECT 
			n.id,
			n.student_id,
			COALESCE(u.first_name || ' ' || u.last_name, 'Unknown') as student_name,
			COALESCE(u.email, '') as student_email,
			n.node_id,
			COALESCE(n.node_instance_id::text, '') as node_instance_id,
			n.event_type,
			n.is_read,
			n.message,
			n.metadata::text as metadata,
			to_char(n.created_at, 'YYYY-MM-DD"T"HH24:MI:SS"Z"') as created_at
		FROM admin_notifications n
		JOIN users u ON u.id = n.student_id
	 WHERE n.is_read = false ORDER BY n.created_at DESC LIMIT 100
2025/12/06 08:29:01 [ListNotifications] Found 1 notifications
2025/12/06 08:29:01 [ListNotifications] First notification: id=64efb6fc-a9c8-4371-a8ca-6e86b1f5d179, student=Admin Notif, node=node1, message=Admin Msg 1
2025/12/06 08:29:01 [ListNotifications] Returning 1 notifications
--- PASS: TestNotificationsHandler_ListNotifications (1.25s)
    --- PASS: TestNotificationsHandler_ListNotifications/List_All (0.00s)
    --- PASS: TestNotificationsHandler_ListNotifications/List_Unread_Only (0.00s)
=== RUN   TestNotificationsHandler_GetUnreadCount
=== RUN   TestNotificationsHandler_GetUnreadCount/Get_Count
--- PASS: TestNotificationsHandler_GetUnreadCount (1.17s)
    --- PASS: TestNotificationsHandler_GetUnreadCount/Get_Count (0.00s)
=== RUN   TestNotificationsHandler_MarkAsRead
=== RUN   TestNotificationsHandler_MarkAsRead/Mark_As_Read
--- PASS: TestNotificationsHandler_MarkAsRead (0.69s)
    --- PASS: TestNotificationsHandler_MarkAsRead/Mark_As_Read (0.00s)
=== RUN   TestNotificationsHandler_MarkAllAsRead
=== RUN   TestNotificationsHandler_MarkAllAsRead/Mark_All_As_Read
--- PASS: TestNotificationsHandler_MarkAllAsRead (0.55s)
    --- PASS: TestNotificationsHandler_MarkAllAsRead/Mark_All_As_Read (0.00s)
=== RUN   TestAdminHandler_StudentProgress
=== RUN   TestAdminHandler_StudentProgress/List_Student_Progress
--- PASS: TestAdminHandler_StudentProgress (0.81s)
    --- PASS: TestAdminHandler_StudentProgress/List_Student_Progress (0.00s)
=== RUN   TestAdminHandler_MonitorStudents
=== RUN   TestAdminHandler_MonitorStudents/Admin_List_All
=== RUN   TestAdminHandler_MonitorStudents/Advisor_List_Assigned
=== RUN   TestAdminHandler_MonitorStudents/Advisor_List_Unassigned_(Empty)
=== RUN   TestAdminHandler_MonitorStudents/Filter_by_Program
=== RUN   TestAdminHandler_MonitorStudents/Filter_by_Wrong_Program
--- PASS: TestAdminHandler_MonitorStudents (0.66s)
    --- PASS: TestAdminHandler_MonitorStudents/Admin_List_All (0.02s)
    --- PASS: TestAdminHandler_MonitorStudents/Advisor_List_Assigned (0.01s)
    --- PASS: TestAdminHandler_MonitorStudents/Advisor_List_Unassigned_(Empty) (0.00s)
    --- PASS: TestAdminHandler_MonitorStudents/Filter_by_Program (0.01s)
    --- PASS: TestAdminHandler_MonitorStudents/Filter_by_Wrong_Program (0.00s)
=== RUN   TestAdminHandler_GetStudentDetails
=== RUN   TestAdminHandler_GetStudentDetails/Get_Details_Success
=== RUN   TestAdminHandler_GetStudentDetails/Get_Details_Not_Found
--- PASS: TestAdminHandler_GetStudentDetails (0.59s)
    --- PASS: TestAdminHandler_GetStudentDetails/Get_Details_Success (0.00s)
    --- PASS: TestAdminHandler_GetStudentDetails/Get_Details_Not_Found (0.00s)
=== RUN   TestAdminHandler_StudentJourney
=== RUN   TestAdminHandler_StudentJourney/Get_Student_Journey
--- PASS: TestAdminHandler_StudentJourney (0.42s)
    --- PASS: TestAdminHandler_StudentJourney/Get_Student_Journey (0.00s)
=== RUN   TestAdminHandler_ListStudentNodeFiles
=== RUN   TestAdminHandler_ListStudentNodeFiles/List_Student_Node_Files
2025/12/06 08:29:07 [ListStudentNodeFiles] studentID=10000000-0000-0000-0000-000000000006 nodeID=node1
2025/12/06 08:29:07 [ListStudentNodeFiles] found instanceID=59a53899-e558-41dd-b936-49f67937e621
2025/12/06 08:29:07 [ListStudentNodeFiles] returning 1 files
--- PASS: TestAdminHandler_ListStudentNodeFiles (0.40s)
    --- PASS: TestAdminHandler_ListStudentNodeFiles/List_Student_Node_Files (0.00s)
=== RUN   TestAdminHandler_MonitorAnalytics
=== RUN   TestAdminHandler_MonitorAnalytics/Get_Analytics
--- PASS: TestAdminHandler_MonitorAnalytics (0.55s)
    --- PASS: TestAdminHandler_MonitorAnalytics/Get_Analytics (0.00s)
=== RUN   TestAdminHandler_ReviewAttachment
=== RUN   TestAdminHandler_ReviewAttachment/Review_Attachment
2025/12/06 08:29:08 [ReviewAttachment] attachmentID=8da1748a-6ebd-49f9-972e-ac3cffdc9a41 status=approved note="" actorID=99999999-9999-9999-9999-999999999999
2025/12/06 08:29:08 [ReviewAttachment] Counts: submitted=0 approved=1 rejected=0 total=1 currentState=done latestFileStatus=approved
2025/12/06 08:29:08 [ReviewAttachment] State transition: done -> done
--- PASS: TestAdminHandler_ReviewAttachment (0.42s)
    --- PASS: TestAdminHandler_ReviewAttachment/Review_Attachment (0.01s)
=== RUN   TestAdminHandler_ListStudentProgress
=== RUN   TestAdminHandler_ListStudentProgress/List_Student_Progress
    admin_progress_test.go:529: Response: [{"id":"11111111-1111-1111-1111-111111111111","name":"Student One","email":"s1@ex.com","role":"student","progress":{"completed_nodes":1,"total_nodes":1,"percent":100,"current_node_id":"node1","last_submission_at":"2025-12-06T03:29:08Z"}}]
--- PASS: TestAdminHandler_ListStudentProgress (0.53s)
    --- PASS: TestAdminHandler_ListStudentProgress/List_Student_Progress (0.00s)
=== RUN   TestAdminHandler_UploadReviewedDocument
=== RUN   TestAdminHandler_UploadReviewedDocument/Upload_Reviewed_Document
2025/12/06 08:29:09 [UploadReviewedDocument] attachmentID=dc1425d3-939b-4722-83dc-6ae226094354 versionID=30fb3969-2d64-4b26-8686-6896f7309cd0 actorID=10000000-0000-0000-0000-000000000000
--- PASS: TestAdminHandler_UploadReviewedDocument (0.42s)
    --- PASS: TestAdminHandler_UploadReviewedDocument/Upload_Reviewed_Document (0.00s)
=== RUN   TestAdminHandler_PatchStudentNodeState
=== RUN   TestAdminHandler_PatchStudentNodeState/Patch_Node_State
--- PASS: TestAdminHandler_PatchStudentNodeState (0.37s)
    --- PASS: TestAdminHandler_PatchStudentNodeState/Patch_Node_State (0.00s)
=== RUN   TestAdminHandler_PresignReviewedDocumentUpload
=== RUN   TestAdminHandler_PresignReviewedDocumentUpload/Presign_Upload
--- PASS: TestAdminHandler_PresignReviewedDocumentUpload (0.38s)
    --- PASS: TestAdminHandler_PresignReviewedDocumentUpload/Presign_Upload (0.00s)
=== RUN   TestAdminHandler_AttachReviewedDocument
=== RUN   TestAdminHandler_AttachReviewedDocument/Attach_Reviewed_Document
2025/12/06 08:29:10 [AttachReviewedDocument] Creating version: doc_id=231253ea-f70d-4e38-b1be-3eeebcc62e91 object_key=reviewed/file.pdf bucket=test-bucket size=200 mime=application/pdf
2025/12/06 08:29:10 [AttachReviewedDocument] Created version_id=0faa4e0f-f6a9-4322-8301-0d01ba3c3a63, updating attachment 46a0a183-f6f8-4006-b243-001eae57810a
--- PASS: TestAdminHandler_AttachReviewedDocument (0.60s)
    --- PASS: TestAdminHandler_AttachReviewedDocument/Attach_Reviewed_Document (0.01s)
=== RUN   TestAnalyticsHandler_GetStageStats
--- PASS: TestAnalyticsHandler_GetStageStats (0.36s)
=== RUN   TestAnalyticsHandler_GetOverdueStats
--- PASS: TestAnalyticsHandler_GetOverdueStats (0.35s)
=== RUN   TestAuthHandler_Login
=== RUN   TestAuthHandler_Login/Successful_Login
    auth_test.go:51: Response body: {"role":"student","token":"eyJhbGciOiJIUzI1NiIsInR5cCI6IkpXVCJ9.eyJleHAiOjE3NjUwNzgxNTIsImlhdCI6MTc2NDk5MTc1Miwicm9sZSI6InN0dWRlbnQiLCJzdWIiOiIxMjNlNDU2Ny1lODliLTEyZDMtYTQ1Ni00MjY2MTQxNzQwMDAifQ.YTIwTs_NqZ6jR4M6Uit6RJmzVP9dbCL9P1LhXneRUPI"}
=== RUN   TestAuthHandler_Login/Invalid_Password
=== RUN   TestAuthHandler_Login/User_Not_Found
--- PASS: TestAuthHandler_Login (0.66s)
    --- PASS: TestAuthHandler_Login/Successful_Login (0.07s)
    --- PASS: TestAuthHandler_Login/Invalid_Password (0.07s)
    --- PASS: TestAuthHandler_Login/User_Not_Found (0.00s)
=== RUN   TestCalendarHandler_CreateEvent
=== RUN   TestCalendarHandler_CreateEvent/Create_Event_Success
--- PASS: TestCalendarHandler_CreateEvent (0.47s)
    --- PASS: TestCalendarHandler_CreateEvent/Create_Event_Success (0.00s)
=== RUN   TestCalendarHandler_GetEvents
=== RUN   TestCalendarHandler_GetEvents/Get_Events
--- PASS: TestCalendarHandler_GetEvents (0.49s)
    --- PASS: TestCalendarHandler_GetEvents/Get_Events (0.00s)
=== RUN   TestCalendarHandler_UpdateDelete
=== RUN   TestCalendarHandler_UpdateDelete/Update_Event
2025/12/06 08:29:13 [UpdateEvent] Updating event d320aaf7-adce-40c0-afc2-c125258821d0 for user 11111111-1111-1111-1111-111111111111
2025/12/06 08:29:13 [UpdateEvent] Request data: title=New Title, start=2025-12-06T08:29:13+05:00, end=2025-12-06T09:29:13+05:00, type=academic
2025/12/06 08:29:13 [UpdateEvent] Event d320aaf7-adce-40c0-afc2-c125258821d0 updated successfully
=== RUN   TestCalendarHandler_UpdateDelete/Update_Event_Invalid_Time
2025/12/06 08:29:13 [UpdateEvent] Updating event d320aaf7-adce-40c0-afc2-c125258821d0 for user 11111111-1111-1111-1111-111111111111
2025/12/06 08:29:13 [UpdateEvent] Request data: title=Invalid Time, start=invalid, end=invalid, type=academic
2025/12/06 08:29:13 [UpdateEvent] ERROR parsing start_time 'invalid': parsing time "invalid" as "2006-01-02T15:04:05Z07:00": cannot parse "invalid" as "2006"
=== RUN   TestCalendarHandler_UpdateDelete/Update_Event_End_Before_Start
2025/12/06 08:29:13 [UpdateEvent] Updating event d320aaf7-adce-40c0-afc2-c125258821d0 for user 11111111-1111-1111-1111-111111111111
2025/12/06 08:29:13 [UpdateEvent] Request data: title=End Before Start, start=2025-12-06T09:29:13+05:00, end=2025-12-06T08:29:13+05:00, type=academic
2025/12/06 08:29:13 [UpdateEvent] ERROR: end_time is before start_time
=== RUN   TestCalendarHandler_UpdateDelete/Update_Event_Permission_Denied
2025/12/06 08:29:13 [UpdateEvent] Updating event dc7de1b9-aaf3-42ff-ab8c-d2ccf7ff1874 for user 11111111-1111-1111-1111-111111111111
2025/12/06 08:29:13 [UpdateEvent] Request data: title=Hacked Title, start=2025-12-06T08:29:13+05:00, end=2025-12-06T09:29:13+05:00, type=academic
2025/12/06 08:29:13 [UpdateEvent] Permission denied for user 11111111-1111-1111-1111-111111111111 (role=) to update event dc7de1b9-aaf3-42ff-ab8c-d2ccf7ff1874 (creator=99999999-9999-9999-9999-999999999999)
=== RUN   TestCalendarHandler_UpdateDelete/Delete_Event
--- PASS: TestCalendarHandler_UpdateDelete (0.37s)
    --- PASS: TestCalendarHandler_UpdateDelete/Update_Event (0.00s)
    --- PASS: TestCalendarHandler_UpdateDelete/Update_Event_Invalid_Time (0.00s)
    --- PASS: TestCalendarHandler_UpdateDelete/Update_Event_End_Before_Start (0.00s)
    --- PASS: TestCalendarHandler_UpdateDelete/Update_Event_Permission_Denied (0.00s)
    --- PASS: TestCalendarHandler_UpdateDelete/Delete_Event (0.00s)
=== RUN   TestChatHandler_RoomManagement
=== RUN   TestChatHandler_RoomManagement/Update_Room
=== RUN   TestChatHandler_RoomManagement/List_Rooms_(Empty_initially)
--- PASS: TestChatHandler_RoomManagement (0.40s)
    --- PASS: TestChatHandler_RoomManagement/Update_Room (0.00s)
    --- PASS: TestChatHandler_RoomManagement/List_Rooms_(Empty_initially) (0.00s)
=== RUN   TestChatHandler_Members
=== RUN   TestChatHandler_Members/Add_Member
=== RUN   TestChatHandler_Members/List_Members
=== RUN   TestChatHandler_Members/Remove_Member
--- PASS: TestChatHandler_Members (0.61s)
    --- PASS: TestChatHandler_Members/Add_Member (0.00s)
    --- PASS: TestChatHandler_Members/List_Members (0.00s)
    --- PASS: TestChatHandler_Members/Remove_Member (0.00s)
=== RUN   TestChatHandler_MessageOperations
=== RUN   TestChatHandler_MessageOperations/Update_Message
=== RUN   TestChatHandler_MessageOperations/Mark_As_Read
=== RUN   TestChatHandler_MessageOperations/Delete_Message
--- PASS: TestChatHandler_MessageOperations (0.55s)
    --- PASS: TestChatHandler_MessageOperations/Update_Message (0.00s)
    --- PASS: TestChatHandler_MessageOperations/Mark_As_Read (0.00s)
    --- PASS: TestChatHandler_MessageOperations/Delete_Message (0.00s)
=== RUN   TestChatHandler_MessageCreation
=== RUN   TestChatHandler_MessageCreation/Create_Message
=== RUN   TestChatHandler_MessageCreation/List_Messages
--- PASS: TestChatHandler_MessageCreation (0.49s)
    --- PASS: TestChatHandler_MessageCreation/Create_Message (0.00s)
    --- PASS: TestChatHandler_MessageCreation/List_Messages (0.00s)
=== RUN   TestChatHandler_FullFlow
=== RUN   TestChatHandler_FullFlow/Create_Room
=== RUN   TestChatHandler_FullFlow/Update_Room
=== RUN   TestChatHandler_FullFlow/List_Rooms
=== RUN   TestChatHandler_FullFlow/Add_Member
=== RUN   TestChatHandler_FullFlow/Create_Message
=== RUN   TestChatHandler_FullFlow/List_Messages
=== RUN   TestChatHandler_FullFlow/Update_Message
    chat_test.go:165: 
        	Error Trace:	/Users/almatjuvashev/Documents/Projects/KazNMU/kaznmu_phd_bot/checklist/phd-student-portal-starter-v8/backend/internal/handlers/chat_test.go:165
        	Error:      	Not equal: 
        	            	expected: 200
        	            	actual  : 500
        	Test:       	TestChatHandler_FullFlow/Update_Message
=== RUN   TestChatHandler_FullFlow/Mark_As_Read
=== RUN   TestChatHandler_FullFlow/Delete_Message
    chat_test.go:179: 
        	Error Trace:	/Users/almatjuvashev/Documents/Projects/KazNMU/kaznmu_phd_bot/checklist/phd-student-portal-starter-v8/backend/internal/handlers/chat_test.go:179
        	Error:      	Not equal: 
        	            	expected: 200
        	            	actual  : 500
        	Test:       	TestChatHandler_FullFlow/Delete_Message
--- FAIL: TestChatHandler_FullFlow (0.74s)
    --- PASS: TestChatHandler_FullFlow/Create_Room (0.00s)
    --- PASS: TestChatHandler_FullFlow/Update_Room (0.00s)
    --- PASS: TestChatHandler_FullFlow/List_Rooms (0.00s)
    --- PASS: TestChatHandler_FullFlow/Add_Member (0.00s)
    --- PASS: TestChatHandler_FullFlow/Create_Message (0.00s)
    --- PASS: TestChatHandler_FullFlow/List_Messages (0.00s)
    --- FAIL: TestChatHandler_FullFlow/Update_Message (0.00s)
    --- PASS: TestChatHandler_FullFlow/Mark_As_Read (0.00s)
    --- FAIL: TestChatHandler_FullFlow/Delete_Message (0.00s)
=== RUN   TestChecklistHandler_ListModules
--- PASS: TestChecklistHandler_ListModules (0.68s)
=== RUN   TestChecklistHandler_ListStepsByModule
--- PASS: TestChecklistHandler_ListStepsByModule (0.33s)
=== RUN   TestChecklistHandler_ListStudentSteps
--- PASS: TestChecklistHandler_ListStudentSteps (0.40s)
=== RUN   TestChecklistHandler_UpdateStudentStep
--- PASS: TestChecklistHandler_UpdateStudentStep (0.55s)
=== RUN   TestChecklistHandler_AdvisorInbox
--- PASS: TestChecklistHandler_AdvisorInbox (0.34s)
=== RUN   TestChecklistHandler_ApproveStep
--- PASS: TestChecklistHandler_ApproveStep (0.42s)
=== RUN   TestChecklistHandler_ReturnStep
--- PASS: TestChecklistHandler_ReturnStep (0.55s)
=== RUN   TestCommentsHandler_CreateComment
--- PASS: TestCommentsHandler_CreateComment (0.36s)
=== RUN   TestCommentsHandler_GetComments
--- PASS: TestCommentsHandler_GetComments (0.33s)
=== RUN   TestContactsHandler_CRUD
=== RUN   TestContactsHandler_CRUD/Create_Contact
=== RUN   TestContactsHandler_CRUD/Public_List
=== RUN   TestContactsHandler_CRUD/Update_Contact
=== RUN   TestContactsHandler_CRUD/Admin_List
=== RUN   TestContactsHandler_CRUD/Delete_Contact
--- PASS: TestContactsHandler_CRUD (0.38s)
    --- PASS: TestContactsHandler_CRUD/Create_Contact (0.00s)
    --- PASS: TestContactsHandler_CRUD/Public_List (0.00s)
    --- PASS: TestContactsHandler_CRUD/Update_Contact (0.00s)
    --- PASS: TestContactsHandler_CRUD/Admin_List (0.00s)
    --- PASS: TestContactsHandler_CRUD/Delete_Contact (0.00s)
=== RUN   TestDictionaryHandler_Programs
=== RUN   TestDictionaryHandler_Programs/Create_Program
=== RUN   TestDictionaryHandler_Programs/List_Programs
=== RUN   TestDictionaryHandler_Programs/Update_Program
=== RUN   TestDictionaryHandler_Programs/Delete_Program
--- PASS: TestDictionaryHandler_Programs (0.86s)
    --- PASS: TestDictionaryHandler_Programs/Create_Program (0.00s)
    --- PASS: TestDictionaryHandler_Programs/List_Programs (0.00s)
    --- PASS: TestDictionaryHandler_Programs/Update_Program (0.00s)
    --- PASS: TestDictionaryHandler_Programs/Delete_Program (0.00s)
=== RUN   TestDictionaryHandler_Departments
=== RUN   TestDictionaryHandler_Departments/Create_Department
=== RUN   TestDictionaryHandler_Departments/List_Departments
=== RUN   TestDictionaryHandler_Departments/Update_Department
=== RUN   TestDictionaryHandler_Departments/Delete_Department
--- PASS: TestDictionaryHandler_Departments (0.43s)
    --- PASS: TestDictionaryHandler_Departments/Create_Department (0.00s)
    --- PASS: TestDictionaryHandler_Departments/List_Departments (0.00s)
    --- PASS: TestDictionaryHandler_Departments/Update_Department (0.00s)
    --- PASS: TestDictionaryHandler_Departments/Delete_Department (0.00s)
=== RUN   TestDictionaryHandler_Cohorts
=== RUN   TestDictionaryHandler_Cohorts/Create_Cohort
=== RUN   TestDictionaryHandler_Cohorts/List_Cohorts
=== RUN   TestDictionaryHandler_Cohorts/Update_Cohort
=== RUN   TestDictionaryHandler_Cohorts/Delete_Cohort
--- PASS: TestDictionaryHandler_Cohorts (0.55s)
    --- PASS: TestDictionaryHandler_Cohorts/Create_Cohort (0.00s)
    --- PASS: TestDictionaryHandler_Cohorts/List_Cohorts (0.00s)
    --- PASS: TestDictionaryHandler_Cohorts/Update_Cohort (0.00s)
    --- PASS: TestDictionaryHandler_Cohorts/Delete_Cohort (0.00s)
=== RUN   TestDictionaryHandler_Specialties
=== RUN   TestDictionaryHandler_Specialties/List_Specialties
--- PASS: TestDictionaryHandler_Specialties (0.37s)
    --- PASS: TestDictionaryHandler_Specialties/List_Specialties (0.00s)
=== RUN   TestDictionaryHandler_SpecialtyCRUD
=== RUN   TestDictionaryHandler_SpecialtyCRUD/Create_Specialty
=== RUN   TestDictionaryHandler_SpecialtyCRUD/Update_Specialty
=== RUN   TestDictionaryHandler_SpecialtyCRUD/Delete_Specialty
--- PASS: TestDictionaryHandler_SpecialtyCRUD (0.38s)
    --- PASS: TestDictionaryHandler_SpecialtyCRUD/Create_Specialty (0.00s)
    --- PASS: TestDictionaryHandler_SpecialtyCRUD/Update_Specialty (0.00s)
    --- PASS: TestDictionaryHandler_SpecialtyCRUD/Delete_Specialty (0.00s)
=== RUN   TestDocumentsHandler_List
=== RUN   TestDocumentsHandler_List/List_Documents
--- PASS: TestDocumentsHandler_List (0.32s)
    --- PASS: TestDocumentsHandler_List/List_Documents (0.00s)
=== RUN   TestDocumentsHandler_Upload
=== RUN   TestDocumentsHandler_Upload/Upload_Document_Version
--- PASS: TestDocumentsHandler_Upload (0.38s)
    --- PASS: TestDocumentsHandler_Upload/Upload_Document_Version (0.00s)
=== RUN   TestDocumentsHandler_Delete
=== RUN   TestDocumentsHandler_Delete/Delete_Document
--- PASS: TestDocumentsHandler_Delete (0.33s)
    --- PASS: TestDocumentsHandler_Delete/Delete_Document (0.00s)
=== RUN   TestDocumentsHandler_Get
=== RUN   TestDocumentsHandler_Get/Get_Document
    documents_test.go:179: Response Code: 200
    documents_test.go:180: Response Body: {"doc":{"id":"d1721c86-dd31-4dfb-9231-b9f0de14c68e","user_id":"30000000-0000-0000-0000-000000000004","title":"Get Doc","kind":"other","current_version_id":null},"versions":null}
--- PASS: TestDocumentsHandler_Get (0.33s)
    --- PASS: TestDocumentsHandler_Get/Get_Document (0.00s)
=== RUN   TestDocumentsHandler_Create
=== RUN   TestDocumentsHandler_Create/Create_Document
    documents_test.go:235: Response Code: 200
    documents_test.go:236: Response Body: {"id":"223934c9-11bf-4b7c-9065-d7a1af819178"}
--- PASS: TestDocumentsHandler_Create (0.32s)
    --- PASS: TestDocumentsHandler_Create/Create_Document (0.00s)
=== RUN   TestDocumentsHandler_UploadVersion
=== RUN   TestDocumentsHandler_UploadVersion/Upload_Version
--- PASS: TestDocumentsHandler_UploadVersion (0.35s)
    --- PASS: TestDocumentsHandler_UploadVersion/Upload_Version (0.00s)
=== RUN   TestDocumentsHandler_PresignUpload
=== RUN   TestDocumentsHandler_PresignUpload/Presign_Upload
2025/12/06 08:29:25 [S3] Presigning PUT for key=1a2a903a-1fa4-43f5-a4b2-8da7d36234d6/test.pdf bucket=test-bucket expires=15m0s
--- PASS: TestDocumentsHandler_PresignUpload (0.34s)
    --- PASS: TestDocumentsHandler_PresignUpload/Presign_Upload (0.00s)
=== RUN   TestDocumentsHandler_PresignGetLatest
=== RUN   TestDocumentsHandler_PresignGetLatest/Presign_Get_Latest
2025/12/06 08:29:26 [S3] Presigning GET for key=path bucket=test-bucket expires=15m0s
--- PASS: TestDocumentsHandler_PresignGetLatest (0.33s)
    --- PASS: TestDocumentsHandler_PresignGetLatest/Presign_Get_Latest (0.00s)
=== RUN   TestDocumentsHandler_DownloadVersion
=== RUN   TestDocumentsHandler_DownloadVersion/Download_Version
2025/12/06 08:29:26 [DownloadVersion] version=024ce29c-89ed-47ae-83db-12be2c51e049 storage_path=path bucket=bucket object_key=key size=100
2025/12/06 08:29:26 [S3] Presigning GET for key=key bucket=test-bucket expires=15m0s
2025/12/06 08:29:26 [DownloadVersion] redirecting to S3 presigned URL for key
--- PASS: TestDocumentsHandler_DownloadVersion (0.32s)
    --- PASS: TestDocumentsHandler_DownloadVersion/Download_Version (0.00s)
=== RUN   TestJourneyHandler_GetState
=== RUN   TestJourneyHandler_GetState/Get_State
--- PASS: TestJourneyHandler_GetState (0.28s)
    --- PASS: TestJourneyHandler_GetState/Get_State (0.00s)
=== RUN   TestJourneyHandler_SetState
=== RUN   TestJourneyHandler_SetState/Set_State_Success
=== RUN   TestJourneyHandler_SetState/Set_State_Invalid
--- PASS: TestJourneyHandler_SetState (0.28s)
    --- PASS: TestJourneyHandler_SetState/Set_State_Success (0.00s)
    --- PASS: TestJourneyHandler_SetState/Set_State_Invalid (0.00s)
=== RUN   TestJourneyHandler_Reset
=== RUN   TestJourneyHandler_Reset/Reset_Journey
--- PASS: TestJourneyHandler_Reset (0.27s)
    --- PASS: TestJourneyHandler_Reset/Reset_Journey (0.00s)
=== RUN   TestMeHandler_Me
=== RUN   TestMeHandler_Me/Get_Me_Success
=== RUN   TestMeHandler_Me/Get_Me_Not_Found
--- PASS: TestMeHandler_Me (0.29s)
    --- PASS: TestMeHandler_Me/Get_Me_Success (0.00s)
    --- PASS: TestMeHandler_Me/Get_Me_Not_Found (0.00s)
=== RUN   TestInvalidNodeID
--- PASS: TestInvalidNodeID (0.25s)
=== RUN   TestUnauthorizedUser
    node_errors_test.go:104: Unauthorized response: {"error":"unauthorized"}
--- PASS: TestUnauthorizedUser (0.25s)
=== RUN   TestMalformedJSON
2025/12/06 08:29:28 [fetchSlots] instanceID=bf9816b5-0b3d-4e52-9a50-6c89a1bae97a
2025/12/06 08:29:28 [fetchSlots] returning 0 slots with total attachments
    node_errors_test.go:160: Malformed JSON response: {"error":"invalid character 'o' in literal null (expecting 'u')"}
--- PASS: TestMalformedJSON (0.25s)
=== RUN   TestInvalidStateTransition
2025/12/06 08:29:28 [fetchSlots] instanceID=16ea9182-6802-416a-a267-0f60ad44039e
2025/12/06 08:29:28 [fetchSlots] returning 0 slots with total attachments
    node_errors_test.go:216: Invalid state transition response: {"error":"transition not allowed"}
--- PASS: TestInvalidStateTransition (0.26s)
=== RUN   TestGetProfile
--- PASS: TestGetProfile (0.25s)
=== RUN   TestGetProfile_NotFound
--- PASS: TestGetProfile_NotFound (0.27s)
=== RUN   TestLockedState_CantSubmit
2025/12/06 08:29:29 [fetchSlots] instanceID=d35d4c83-59d2-417a-a8ad-6b98757eb6f2
2025/12/06 08:29:29 [fetchSlots] returning 0 slots with total attachments
    node_state_full_test.go:84: Locked node response: {"error":"transition not allowed"}
--- PASS: TestLockedState_CantSubmit (0.26s)
=== RUN   TestWaitingState_CantAdvance
2025/12/06 08:29:29 [fetchSlots] instanceID=866fbf47-e63c-4c5a-ab3e-73e17b69226a
2025/12/06 08:29:29 [fetchSlots] returning 0 slots with total attachments
    node_state_full_test.go:148: Waiting node response: {"error":"transition not allowed"}
--- PASS: TestWaitingState_CantAdvance (0.31s)
=== RUN   TestFullStateFlow
2025/12/06 08:29:29 [fetchSlots] instanceID=d4f07737-ad82-4e56-89a9-7dd6ad5fbf37
2025/12/06 08:29:29 [fetchSlots] returning 0 slots with total attachments
2025/12/06 08:29:29 [fetchSlots] instanceID=d4f07737-ad82-4e56-89a9-7dd6ad5fbf37
2025/12/06 08:29:29 [fetchSlots] returning 0 slots with total attachments
2025/12/06 08:29:29 [fetchSlots] instanceID=d4f07737-ad82-4e56-89a9-7dd6ad5fbf37
2025/12/06 08:29:29 [fetchSlots] returning 0 slots with total attachments
    node_state_full_test.go:220: Done transition response: {"locale":"ru","node_id":"flow_node","playbook_version_id":"ffffffff-ffff-ffff-ffff-ffffffffffff","slots":[],"state":"done"}
--- PASS: TestFullStateFlow (0.26s)
=== RUN   TestNeedsFixes_Resubmit
2025/12/06 08:29:30 [fetchSlots] instanceID=76041b88-2315-40da-9d8c-33c4c1ceaeda
2025/12/06 08:29:30 [fetchSlots] returning 0 slots with total attachments
2025/12/06 08:29:30 [fetchSlots] instanceID=76041b88-2315-40da-9d8c-33c4c1ceaeda
2025/12/06 08:29:30 [fetchSlots] returning 0 slots with total attachments
2025/12/06 08:29:30 [fetchSlots] instanceID=76041b88-2315-40da-9d8c-33c4c1ceaeda
2025/12/06 08:29:30 [fetchSlots] returning 0 slots with total attachments
--- PASS: TestNeedsFixes_Resubmit (0.27s)
=== RUN   TestNodeStateTransitions_StudentSubmitsNode
2025/12/06 08:29:30 [fetchSlots] instanceID=095552dc-9d2a-4a0d-a27d-94ea2f7e271f
2025/12/06 08:29:30 [fetchSlots] returning 0 slots with total attachments
2025/12/06 08:29:30 [fetchSlots] instanceID=095552dc-9d2a-4a0d-a27d-94ea2f7e271f
2025/12/06 08:29:30 [fetchSlots] returning 0 slots with total attachments
--- PASS: TestNodeStateTransitions_StudentSubmitsNode (0.24s)
=== RUN   TestNodeStateTransitions_StudentCannotDirectlyApprove
2025/12/06 08:29:30 [fetchSlots] instanceID=7134d376-2222-4e89-b133-94a10087b6ba
2025/12/06 08:29:30 [fetchSlots] returning 0 slots with total attachments
2025/12/06 08:29:30 [fetchSlots] instanceID=7134d376-2222-4e89-b133-94a10087b6ba
2025/12/06 08:29:30 [fetchSlots] returning 0 slots with total attachments
--- PASS: TestNodeStateTransitions_StudentCannotDirectlyApprove (0.24s)
=== RUN   TestNodeStateTransitions_AdminApprovesNode
2025/12/06 08:29:30 [fetchSlots] instanceID=d01db0e7-4b64-4d40-ba9f-53ae9c469efc
2025/12/06 08:29:30 [fetchSlots] returning 0 slots with total attachments
2025/12/06 08:29:30 [fetchSlots] instanceID=d01db0e7-4b64-4d40-ba9f-53ae9c469efc
2025/12/06 08:29:30 [fetchSlots] returning 0 slots with total attachments
    node_state_transitions_test.go:198: Admin approval response: {"error":"transition not allowed"}
--- PASS: TestNodeStateTransitions_AdminApprovesNode (0.23s)
=== RUN   TestNodeStateTransitions_AdvisorRequestsFixes
2025/12/06 08:29:31 [fetchSlots] instanceID=98f8b062-8033-4bf9-9c3b-6ef961788efd
2025/12/06 08:29:31 [fetchSlots] returning 0 slots with total attachments
2025/12/06 08:29:31 [fetchSlots] instanceID=98f8b062-8033-4bf9-9c3b-6ef961788efd
2025/12/06 08:29:31 [fetchSlots] returning 0 slots with total attachments
--- PASS: TestNodeStateTransitions_AdvisorRequestsFixes (0.24s)
=== RUN   TestNodeStateTransitions_StudentResubmitsAfterFixes
2025/12/06 08:29:31 [fetchSlots] instanceID=ec26a06f-12ea-4943-ac57-cb884993a388
2025/12/06 08:29:31 [fetchSlots] returning 0 slots with total attachments
2025/12/06 08:29:31 [fetchSlots] instanceID=ec26a06f-12ea-4943-ac57-cb884993a388
2025/12/06 08:29:31 [fetchSlots] returning 0 slots with total attachments
2025/12/06 08:29:31 [fetchSlots] instanceID=ec26a06f-12ea-4943-ac57-cb884993a388
2025/12/06 08:29:31 [fetchSlots] returning 0 slots with total attachments
--- PASS: TestNodeStateTransitions_StudentResubmitsAfterFixes (0.26s)
=== RUN   TestNodeStateTransitions_InvalidStateRejected
2025/12/06 08:29:31 [fetchSlots] instanceID=41041d94-b62d-40a6-940e-c8776723d6be
2025/12/06 08:29:31 [fetchSlots] returning 0 slots with total attachments
--- PASS: TestNodeStateTransitions_InvalidStateRejected (0.30s)
=== RUN   TestNodeStateTransitions_EventsLogged
2025/12/06 08:29:31 [fetchSlots] instanceID=0fe838bb-fcf2-4cc4-b279-4afe0dc6d5d6
2025/12/06 08:29:31 [fetchSlots] returning 0 slots with total attachments
2025/12/06 08:29:31 [fetchSlots] instanceID=0fe838bb-fcf2-4cc4-b279-4afe0dc6d5d6
2025/12/06 08:29:31 [fetchSlots] returning 0 slots with total attachments
--- PASS: TestNodeStateTransitions_EventsLogged (0.23s)
=== RUN   TestNodeSubmissionHandler_GetSubmission
=== RUN   TestNodeSubmissionHandler_GetSubmission/Get_Submission
2025/12/06 08:29:32 [fetchSlots] instanceID=7684670d-9872-4600-a710-4f8147581fe3
2025/12/06 08:29:32 [fetchSlots] returning 0 slots with total attachments
--- PASS: TestNodeSubmissionHandler_GetSubmission (0.23s)
    --- PASS: TestNodeSubmissionHandler_GetSubmission/Get_Submission (0.00s)
=== RUN   TestNodeSubmissionHandler_SubmitNode
=== RUN   TestNodeSubmissionHandler_SubmitNode/Submit_Node
2025/12/06 08:29:32 [fetchSlots] instanceID=8ea40691-c2e6-4d09-9531-4a99aa92e8e3
2025/12/06 08:29:32 [fetchSlots] returning 0 slots with total attachments
--- PASS: TestNodeSubmissionHandler_SubmitNode (0.23s)
    --- PASS: TestNodeSubmissionHandler_SubmitNode/Submit_Node (0.01s)
=== RUN   TestNodeSubmissionHandler_SubmitProfile
=== RUN   TestNodeSubmissionHandler_SubmitProfile/Submit_Profile
2025/12/06 08:29:32 [fetchSlots] instanceID=62969f3e-4714-4468-bc5a-948a3ae45faa
2025/12/06 08:29:32 [fetchSlots] returning 0 slots with total attachments
--- PASS: TestNodeSubmissionHandler_SubmitProfile (0.22s)
    --- PASS: TestNodeSubmissionHandler_SubmitProfile/Submit_Profile (0.01s)
=== RUN   TestFormNode_GetSubmission
2025/12/06 08:29:32 [fetchSlots] instanceID=b9968a60-bc16-4c32-8e69-bb0b640e30a8
2025/12/06 08:29:32 [fetchSlots] returning 0 slots with total attachments
    node_types_test.go:69: Form node response: map[locale:ru node_id:form_node playbook_version_id:22222222-2222-2222-2222-222222222222 slots:[] state:active]
--- PASS: TestFormNode_GetSubmission (0.22s)
=== RUN   TestConfirmTaskNode_GetSubmission
2025/12/06 08:29:33 [fetchSlots] instanceID=c9132110-f44a-4b6a-b2e8-0b750f2a25f3
2025/12/06 08:29:33 [fetchSlots] row 1: slot=document attachment_id= version_id= is_active=false reviewed_doc_id=
2025/12/06 08:29:33 [fetchSlots] returning 1 slots with total attachments
    node_types_test.go:130: ConfirmTask slots: [map[attachments:[] key:document mime:[] multiplicity:single required:true]]
    node_types_test.go:132: ConfirmTask node response: map[locale:ru node_id:confirm_node playbook_version_id:44444444-4444-4444-4444-444444444444 slots:[map[attachments:[] key:document mime:[] multiplicity:single required:true]] state:active]
--- PASS: TestConfirmTaskNode_GetSubmission (0.22s)
=== RUN   TestInfoNode_GetSubmission
2025/12/06 08:29:33 [fetchSlots] instanceID=4ed19d12-d63c-4da7-87bd-6fc71698a6d0
2025/12/06 08:29:33 [fetchSlots] returning 0 slots with total attachments
    node_types_test.go:184: Info node response: map[locale:ru node_id:info_node playbook_version_id:66666666-6666-6666-6666-666666666666 slots:[] state:active]
--- PASS: TestInfoNode_GetSubmission (0.21s)
=== RUN   TestFormNode_PutSubmission
2025/12/06 08:29:33 [fetchSlots] instanceID=eade37a7-a032-450c-9e0b-08147b09c4b0
2025/12/06 08:29:33 [fetchSlots] returning 0 slots with total attachments
2025/12/06 08:29:33 [fetchSlots] instanceID=eade37a7-a032-450c-9e0b-08147b09c4b0
2025/12/06 08:29:33 [fetchSlots] returning 0 slots with total attachments
--- PASS: TestFormNode_PutSubmission (0.22s)
=== RUN   TestPresignUpload_Success
2025/12/06 08:29:33 [fetchSlots] instanceID=d80d1895-0757-48e6-9d81-08a525d7d86e
2025/12/06 08:29:33 [fetchSlots] row 1: slot=doc_slot attachment_id= version_id= is_active=false reviewed_doc_id=
2025/12/06 08:29:33 [fetchSlots] returning 1 slots with total attachments
2025/12/06 08:29:33 [S3] Presigning PUT for key=nodes/11111111-aaaa-1111-1111-111111111111/upload_node/doc_slot/20251206-d2d9f55b-0f7e-47ae-b63c-dae41d22f935-test.pdf bucket=test-bucket expires=15m0s
    node_upload_test.go:89: Presign success: map[bucket:test-bucket document_id:960560f1-6f92-4613-8b3a-5eafabc0c0d5 expires_in:900 max_size_bytes:1.048576e+07 object_key:nodes/11111111-aaaa-1111-1111-111111111111/upload_node/doc_slot/20251206-d2d9f55b-0f7e-47ae-b63c-dae41d22f935-test.pdf required_headers:map[Content-Type:application/pdf] upload_url:https://test-bucket.s3.us-east-1.amazonaws.com/nodes/11111111-aaaa-1111-1111-111111111111/upload_node/doc_slot/20251206-d2d9f55b-0f7e-47ae-b63c-dae41d22f935-test.pdf?X-Amz-Algorithm=AWS4-HMAC-SHA256&X-Amz-Credential=test-key%2F20251206%2Fus-east-1%2Fs3%2Faws4_request&X-Amz-Date=20251206T032933Z&X-Amz-Expires=900&X-Amz-SignedHeaders=host&x-id=PutObject&X-Amz-Signature=7043b57612158c458c6b2b369a4d6d5abb839189542d39d709882154497681f6]
--- PASS: TestPresignUpload_Success (0.26s)
=== RUN   TestUpload_InvalidMime
2025/12/06 08:29:33 [fetchSlots] instanceID=dfd6c080-0303-43a4-af32-4b533908c624
2025/12/06 08:29:33 [fetchSlots] row 1: slot=pdf_only attachment_id= version_id= is_active=false reviewed_doc_id=
2025/12/06 08:29:33 [fetchSlots] returning 1 slots with total attachments
    node_upload_test.go:160: Invalid MIME response: {"error":"invalid mime type"}
--- PASS: TestUpload_InvalidMime (0.21s)
=== RUN   TestUpload_SizeTooLarge
2025/12/06 08:29:34 [fetchSlots] instanceID=3913fbf8-7658-4a8a-85cb-31a9280bb4c3
2025/12/06 08:29:34 [fetchSlots] row 1: slot=small_file attachment_id= version_id= is_active=false reviewed_doc_id=
2025/12/06 08:29:34 [fetchSlots] returning 1 slots with total attachments
    node_upload_test.go:229: Size too large response: {"error":"file too large (max 1 MB)"}
--- PASS: TestUpload_SizeTooLarge (0.21s)
=== RUN   TestAttachUpload
2025/12/06 08:29:34 [fetchSlots] instanceID=5a1f9772-d93f-49eb-9333-3b02a0061f37
2025/12/06 08:29:34 [fetchSlots] row 1: slot=slot1 attachment_id= version_id= is_active=false reviewed_doc_id=
2025/12/06 08:29:34 [fetchSlots] returning 1 slots with total attachments
2025/12/06 08:29:34 [AttachUpload] Starting: nodeID=attach_node, userID=77777777-aaaa-7777-7777-777777777777
2025/12/06 08:29:34 [AttachUpload] Request: slotKey=slot1, filename=file.pdf, size=100
2025/12/06 08:29:34 [AttachUpload] Starting transaction
2025/12/06 08:29:34 [AttachUpload] ensureNodeInstanceTx...
2025/12/06 08:29:34 [AttachUpload] Instance: id=5a1f9772-d93f-49eb-9333-3b02a0061f37, state=active
2025/12/06 08:29:34 [AttachUpload] getSlot...
2025/12/06 08:29:34 [AttachUpload] Slot: id=88af8e76-ce2f-45c4-99e2-db925bb32304, multiplicity=single
2025/12/06 08:29:34 [AttachUpload] ensureDocumentForSlot...
2025/12/06 08:29:34 [AttachUpload] Document ID: b68f9308-02bb-442b-8352-44379e66a5b5
2025/12/06 08:29:34 [AttachUpload] Inserting document_version...
2025/12/06 08:29:34 [AttachUpload] Version ID: a40a4b91-60e8-49d8-b9e3-5d451ea7ccdf
2025/12/06 08:29:34 [AttachUpload] Updating document current_version_id...
2025/12/06 08:29:34 [AttachUpload] Inserting slot attachment...
2025/12/06 08:29:34 [AttachUpload] Inserting event...
2025/12/06 08:29:34 [AttachUpload] Transitioning state to submitted...
2025/12/06 08:29:34 [AttachUpload] Transaction completed successfully
2025/12/06 08:29:34 [AttachUpload] Loading instance...
2025/12/06 08:29:34 [AttachUpload] Building submission DTO...
2025/12/06 08:29:34 [fetchSlots] instanceID=5a1f9772-d93f-49eb-9333-3b02a0061f37
2025/12/06 08:29:34 [fetchSlots] row 1: slot=slot1 attachment_id=6e9ebc0b-c349-499b-9b59-1aff46cdaa5c version_id=a40a4b91-60e8-49d8-b9e3-5d451ea7ccdf is_active=true reviewed_doc_id=
2025/12/06 08:29:34 [fetchSlots] returning 1 slots with total attachments
2025/12/06 08:29:34 [AttachUpload] Success! Returning 200
--- PASS: TestAttachUpload (0.23s)
=== RUN   TestNotificationsHandler_Admin
=== RUN   TestNotificationsHandler_Admin/List_Notifications
2025/12/06 08:29:34 [ListNotifications] Starting - unreadOnly: false
2025/12/06 08:29:34 [ListNotifications] Executing query: 
		SELECT 
			n.id,
			n.student_id,
			COALESCE(u.first_name || ' ' || u.last_name, 'Unknown') as student_name,
			COALESCE(u.email, '') as student_email,
			n.node_id,
			COALESCE(n.node_instance_id::text, '') as node_instance_id,
			n.event_type,
			n.is_read,
			n.message,
			n.metadata::text as metadata,
			to_char(n.created_at, 'YYYY-MM-DD"T"HH24:MI:SS"Z"') as created_at
		FROM admin_notifications n
		JOIN users u ON u.id = n.student_id
	 ORDER BY n.created_at DESC LIMIT 100
2025/12/06 08:29:34 [ListNotifications] Found 2 notifications
2025/12/06 08:29:34 [ListNotifications] First notification: id=2b0d064e-ab32-42f2-8cb3-da82cbbdb0e7, student=Student One, node=node1, message=Student submitted node1
2025/12/06 08:29:34 [ListNotifications] Returning 2 notifications
=== RUN   TestNotificationsHandler_Admin/List_Unread_Only
2025/12/06 08:29:34 [ListNotifications] Starting - unreadOnly: true
2025/12/06 08:29:34 [ListNotifications] Executing query: 
		SELECT 
			n.id,
			n.student_id,
			COALESCE(u.first_name || ' ' || u.last_name, 'Unknown') as student_name,
			COALESCE(u.email, '') as student_email,
			n.node_id,
			COALESCE(n.node_instance_id::text, '') as node_instance_id,
			n.event_type,
			n.is_read,
			n.message,
			n.metadata::text as metadata,
			to_char(n.created_at, 'YYYY-MM-DD"T"HH24:MI:SS"Z"') as created_at
		FROM admin_notifications n
		JOIN users u ON u.id = n.student_id
	 WHERE n.is_read = false ORDER BY n.created_at DESC LIMIT 100
2025/12/06 08:29:34 [ListNotifications] Found 1 notifications
2025/12/06 08:29:34 [ListNotifications] First notification: id=2b0d064e-ab32-42f2-8cb3-da82cbbdb0e7, student=Student One, node=node1, message=Student submitted node1
2025/12/06 08:29:34 [ListNotifications] Returning 1 notifications
=== RUN   TestNotificationsHandler_Admin/Get_Unread_Count
=== RUN   TestNotificationsHandler_Admin/Mark_As_Read
=== RUN   TestNotificationsHandler_Admin/Mark_All_As_Read
--- PASS: TestNotificationsHandler_Admin (0.21s)
    --- PASS: TestNotificationsHandler_Admin/List_Notifications (0.00s)
    --- PASS: TestNotificationsHandler_Admin/List_Unread_Only (0.00s)
    --- PASS: TestNotificationsHandler_Admin/Get_Unread_Count (0.00s)
    --- PASS: TestNotificationsHandler_Admin/Mark_As_Read (0.00s)
    --- PASS: TestNotificationsHandler_Admin/Mark_All_As_Read (0.00s)
=== RUN   TestNotificationHandler_Student_MarkAllAsRead
--- PASS: TestNotificationHandler_Student_MarkAllAsRead (0.22s)
=== RUN   TestNotificationHandler_GetUnread
=== RUN   TestNotificationHandler_GetUnread/Get_Unread
2025/12/06 08:29:35 [GetUnread reqID=1764991775051037000] Handler called
2025/12/06 08:29:35 [GetUnread reqID=1764991775051037000] userID from context: '123e4567-e89b-12d3-a456-426614174000'
2025/12/06 08:29:35 [GetUnread reqID=1764991775051037000] returning 1 notifications
--- PASS: TestNotificationHandler_GetUnread (0.20s)
    --- PASS: TestNotificationHandler_GetUnread/Get_Unread (0.00s)
=== RUN   TestNotificationHandler_MarkAsRead
=== RUN   TestNotificationHandler_MarkAsRead/Mark_As_Read
--- PASS: TestNotificationHandler_MarkAsRead (0.21s)
    --- PASS: TestNotificationHandler_MarkAsRead/Mark_As_Read (0.00s)
=== RUN   TestSearchHandler_GlobalSearch
=== RUN   TestSearchHandler_GlobalSearch/Admin_Search_Users
=== RUN   TestSearchHandler_GlobalSearch/Admin_Search_Documents
=== RUN   TestSearchHandler_GlobalSearch/Student_Search_Own_Document
=== RUN   TestSearchHandler_GlobalSearch/Student_Cannot_Search_Users
--- PASS: TestSearchHandler_GlobalSearch (0.23s)
    --- PASS: TestSearchHandler_GlobalSearch/Admin_Search_Users (0.00s)
    --- PASS: TestSearchHandler_GlobalSearch/Admin_Search_Documents (0.00s)
    --- PASS: TestSearchHandler_GlobalSearch/Student_Search_Own_Document (0.00s)
    --- PASS: TestSearchHandler_GlobalSearch/Student_Cannot_Search_Users (0.00s)
=== RUN   TestUsersHandler_GetPendingEmailVerification
--- PASS: TestUsersHandler_GetPendingEmailVerification (0.27s)
=== RUN   TestUsersHandler_UpdateMe_EmailChange
2025/12/06 08:29:36 [EMAIL] SMTP not configured - email features disabled
2025/12/06 08:29:36 [EMAIL] Skipping verification email to newemail@example.com (SMTP not configured)
--- PASS: TestUsersHandler_UpdateMe_EmailChange (0.39s)
=== RUN   TestUsersHandler_PresignAvatarUpload
2025/12/06 08:29:36 [S3] Presigning PUT for key=avatars/7d8074bd-649b-45b1-aeb1-c77236c91898/1764991776_avatar.jpg bucket=test-bucket expires=15m0s
--- PASS: TestUsersHandler_PresignAvatarUpload (0.27s)
=== RUN   TestUsersHandler_UpdateUser
=== RUN   TestUsersHandler_UpdateUser/Update_User_Not_Found
--- PASS: TestUsersHandler_UpdateUser (0.23s)
    --- PASS: TestUsersHandler_UpdateUser/Update_User_Not_Found (0.00s)
=== RUN   TestUsersHandler_ChangeOwnPassword
--- PASS: TestUsersHandler_ChangeOwnPassword (0.44s)
=== RUN   TestUsersHandler_ResetPasswordForUser
--- PASS: TestUsersHandler_ResetPasswordForUser (0.38s)
=== RUN   TestUsersHandler_CreateUser
=== RUN   TestUsersHandler_CreateUser/Create_Student_Success
--- PASS: TestUsersHandler_CreateUser (0.35s)
    --- PASS: TestUsersHandler_CreateUser/Create_Student_Success (0.07s)
=== RUN   TestUsersHandler_ListUsers
=== RUN   TestUsersHandler_ListUsers/List_All_Users
=== RUN   TestUsersHandler_ListUsers/Filter_by_Role
--- PASS: TestUsersHandler_ListUsers (0.25s)
    --- PASS: TestUsersHandler_ListUsers/List_All_Users (0.00s)
    --- PASS: TestUsersHandler_ListUsers/Filter_by_Role (0.00s)
=== RUN   TestUsersHandler_UpdateMe_Extended
=== RUN   TestUsersHandler_UpdateMe_Extended/Update_Me_Extended
--- PASS: TestUsersHandler_UpdateMe_Extended (0.38s)
    --- PASS: TestUsersHandler_UpdateMe_Extended/Update_Me_Extended (0.07s)
=== RUN   TestUsersHandler_PresignAvatar
=== RUN   TestUsersHandler_PresignAvatar/Presign_Avatar
--- PASS: TestUsersHandler_PresignAvatar (0.23s)
    --- PASS: TestUsersHandler_PresignAvatar/Presign_Avatar (0.00s)
=== RUN   TestUsersHandler_VerifyEmailChange
=== RUN   TestUsersHandler_VerifyEmailChange/Verify_Email
    users_test.go:234: Response: {"email":"new@ex.com","message":"email verified and updated successfully"}
--- PASS: TestUsersHandler_VerifyEmailChange (0.25s)
    --- PASS: TestUsersHandler_VerifyEmailChange/Verify_Email (0.00s)
=== RUN   TestUsersHandler_SetActive
=== RUN   TestUsersHandler_SetActive/Set_Active_False
--- PASS: TestUsersHandler_SetActive (0.76s)
    --- PASS: TestUsersHandler_SetActive/Set_Active_False (0.00s)
FAIL
FAIL	github.com/AlmatJuvashev/phd-students-portal/backend/internal/handlers	39.369s
FAIL
