=== RUN   TestNotificationsHandler_ListNotifications
=== RUN   TestNotificationsHandler_ListNotifications/List_All
2025/12/06 07:51:24 [ListNotifications] Starting - unreadOnly: false
2025/12/06 07:51:24 [ListNotifications] Executing query: 
		SELECT 
			n.id,
			n.student_id,
			COALESCE(u.first_name || ' ' || u.last_name, 'Unknown') as student_name,
			COALESCE(u.email, '') as student_email,
			n.node_id,
			COALESCE(n.node_instance_id::text, '') as node_instance_id,
			n.event_type,
			n.is_read,
			n.message,
			n.metadata::text as metadata,
			to_char(n.created_at, 'YYYY-MM-DD"T"HH24:MI:SS"Z"') as created_at
		FROM admin_notifications n
		JOIN users u ON u.id = n.student_id
	 ORDER BY n.created_at DESC LIMIT 100
2025/12/06 07:51:24 [ListNotifications] Found 2 notifications
2025/12/06 07:51:24 [ListNotifications] First notification: id=53c4acb4-9cc8-4b85-bc08-57fb1b40837f, student=Admin Notif, node=node1, message=Admin Msg 2
2025/12/06 07:51:24 [ListNotifications] Returning 2 notifications
=== RUN   TestNotificationsHandler_ListNotifications/List_Unread_Only
2025/12/06 07:51:24 [ListNotifications] Starting - unreadOnly: true
2025/12/06 07:51:24 [ListNotifications] Executing query: 
		SELECT 
			n.id,
			n.student_id,
			COALESCE(u.first_name || ' ' || u.last_name, 'Unknown') as student_name,
			COALESCE(u.email, '') as student_email,
			n.node_id,
			COALESCE(n.node_instance_id::text, '') as node_instance_id,
			n.event_type,
			n.is_read,
			n.message,
			n.metadata::text as metadata,
			to_char(n.created_at, 'YYYY-MM-DD"T"HH24:MI:SS"Z"') as created_at
		FROM admin_notifications n
		JOIN users u ON u.id = n.student_id
	 WHERE n.is_read = false ORDER BY n.created_at DESC LIMIT 100
2025/12/06 07:51:24 [ListNotifications] Found 1 notifications
2025/12/06 07:51:24 [ListNotifications] First notification: id=ffe3edce-7d4c-46f3-9d8f-7e2044784693, student=Admin Notif, node=node1, message=Admin Msg 1
2025/12/06 07:51:24 [ListNotifications] Returning 1 notifications
--- PASS: TestNotificationsHandler_ListNotifications (0.78s)
    --- PASS: TestNotificationsHandler_ListNotifications/List_All (0.00s)
    --- PASS: TestNotificationsHandler_ListNotifications/List_Unread_Only (0.00s)
=== RUN   TestNotificationsHandler_GetUnreadCount
=== RUN   TestNotificationsHandler_GetUnreadCount/Get_Count
--- PASS: TestNotificationsHandler_GetUnreadCount (0.61s)
    --- PASS: TestNotificationsHandler_GetUnreadCount/Get_Count (0.00s)
=== RUN   TestNotificationsHandler_MarkAsRead
=== RUN   TestNotificationsHandler_MarkAsRead/Mark_As_Read
--- PASS: TestNotificationsHandler_MarkAsRead (0.68s)
    --- PASS: TestNotificationsHandler_MarkAsRead/Mark_As_Read (0.00s)
=== RUN   TestNotificationsHandler_MarkAllAsRead
=== RUN   TestNotificationsHandler_MarkAllAsRead/Mark_All_As_Read
--- PASS: TestNotificationsHandler_MarkAllAsRead (0.53s)
    --- PASS: TestNotificationsHandler_MarkAllAsRead/Mark_All_As_Read (0.00s)
=== RUN   TestAdminHandler_StudentProgress
=== RUN   TestAdminHandler_StudentProgress/List_Student_Progress
--- PASS: TestAdminHandler_StudentProgress (0.66s)
    --- PASS: TestAdminHandler_StudentProgress/List_Student_Progress (0.00s)
=== RUN   TestAdminHandler_MonitorStudents
=== RUN   TestAdminHandler_MonitorStudents/Admin_List_All
=== RUN   TestAdminHandler_MonitorStudents/Advisor_List_Assigned
=== RUN   TestAdminHandler_MonitorStudents/Advisor_List_Unassigned_(Empty)
=== RUN   TestAdminHandler_MonitorStudents/Filter_by_Program
=== RUN   TestAdminHandler_MonitorStudents/Filter_by_Wrong_Program
--- PASS: TestAdminHandler_MonitorStudents (0.82s)
    --- PASS: TestAdminHandler_MonitorStudents/Admin_List_All (0.01s)
    --- PASS: TestAdminHandler_MonitorStudents/Advisor_List_Assigned (0.01s)
    --- PASS: TestAdminHandler_MonitorStudents/Advisor_List_Unassigned_(Empty) (0.00s)
    --- PASS: TestAdminHandler_MonitorStudents/Filter_by_Program (0.01s)
    --- PASS: TestAdminHandler_MonitorStudents/Filter_by_Wrong_Program (0.00s)
=== RUN   TestAdminHandler_GetStudentDetails
=== RUN   TestAdminHandler_GetStudentDetails/Get_Details_Success
=== RUN   TestAdminHandler_GetStudentDetails/Get_Details_Not_Found
--- PASS: TestAdminHandler_GetStudentDetails (0.59s)
    --- PASS: TestAdminHandler_GetStudentDetails/Get_Details_Success (0.01s)
    --- PASS: TestAdminHandler_GetStudentDetails/Get_Details_Not_Found (0.00s)
=== RUN   TestAdminHandler_StudentJourney
=== RUN   TestAdminHandler_StudentJourney/Get_Student_Journey
--- PASS: TestAdminHandler_StudentJourney (0.63s)
    --- PASS: TestAdminHandler_StudentJourney/Get_Student_Journey (0.00s)
=== RUN   TestAdminHandler_ListStudentNodeFiles
=== RUN   TestAdminHandler_ListStudentNodeFiles/List_Student_Node_Files
2025/12/06 07:51:30 [ListStudentNodeFiles] studentID=10000000-0000-0000-0000-000000000006 nodeID=node1
2025/12/06 07:51:30 [ListStudentNodeFiles] found instanceID=f5e1c541-e79c-4bd3-a466-125a02fbfc0c
2025/12/06 07:51:30 [ListStudentNodeFiles] returning 1 files
--- PASS: TestAdminHandler_ListStudentNodeFiles (0.47s)
    --- PASS: TestAdminHandler_ListStudentNodeFiles/List_Student_Node_Files (0.00s)
=== RUN   TestAdminHandler_MonitorAnalytics
=== RUN   TestAdminHandler_MonitorAnalytics/Get_Analytics
--- PASS: TestAdminHandler_MonitorAnalytics (0.41s)
    --- PASS: TestAdminHandler_MonitorAnalytics/Get_Analytics (0.00s)
=== RUN   TestAdminHandler_ReviewAttachment
=== RUN   TestAdminHandler_ReviewAttachment/Review_Attachment
2025/12/06 07:51:30 [ReviewAttachment] attachmentID=b6676482-2363-49ad-bc54-407b3746b72e status=approved note="" actorID=99999999-9999-9999-9999-999999999999
2025/12/06 07:51:30 [ReviewAttachment] Counts: submitted=0 approved=1 rejected=0 total=1 currentState=done latestFileStatus=approved
2025/12/06 07:51:30 [ReviewAttachment] State transition: done -> done
--- PASS: TestAdminHandler_ReviewAttachment (0.32s)
    --- PASS: TestAdminHandler_ReviewAttachment/Review_Attachment (0.01s)
=== RUN   TestAdminHandler_ListStudentProgress
=== RUN   TestAdminHandler_ListStudentProgress/List_Student_Progress
    admin_progress_test.go:529: Response: [{"id":"11111111-1111-1111-1111-111111111111","name":"Student One","email":"s1@ex.com","role":"student","progress":{"completed_nodes":1,"total_nodes":1,"percent":100,"current_node_id":"node1","last_submission_at":"2025-12-06T02:51:31Z"}}]
--- PASS: TestAdminHandler_ListStudentProgress (0.31s)
    --- PASS: TestAdminHandler_ListStudentProgress/List_Student_Progress (0.00s)
=== RUN   TestAdminHandler_UploadReviewedDocument
    admin_progress_test.go:572: 
        	Error Trace:	/Users/almatjuvashev/Documents/Projects/KazNMU/kaznmu_phd_bot/checklist/phd-student-portal-starter-v8/backend/internal/handlers/admin_progress_test.go:572
        	Error:      	Received unexpected error:
        	            	pq: column "status" of relation "node_instance_slots" does not exist
        	Test:       	TestAdminHandler_UploadReviewedDocument
--- FAIL: TestAdminHandler_UploadReviewedDocument (0.28s)
=== RUN   TestAdminHandler_PatchStudentNodeState
    admin_progress_test.go:667: 
        	Error Trace:	/Users/almatjuvashev/Documents/Projects/KazNMU/kaznmu_phd_bot/checklist/phd-student-portal-starter-v8/backend/internal/handlers/admin_progress_test.go:667
        	Error:      	Received unexpected error:
        	            	pq: duplicate key value violates unique constraint "node_state_transitions_pkey"
        	Test:       	TestAdminHandler_PatchStudentNodeState
--- FAIL: TestAdminHandler_PatchStudentNodeState (0.30s)
=== RUN   TestAdminHandler_PresignReviewedDocumentUpload
=== RUN   TestAdminHandler_PresignReviewedDocumentUpload/Presign_Upload
--- PASS: TestAdminHandler_PresignReviewedDocumentUpload (0.29s)
    --- PASS: TestAdminHandler_PresignReviewedDocumentUpload/Presign_Upload (0.00s)
=== RUN   TestAdminHandler_AttachReviewedDocument
=== RUN   TestAdminHandler_AttachReviewedDocument/Attach_Reviewed_Document
2025/12/06 07:51:32 [AttachReviewedDocument] Creating version: doc_id=31ea18eb-8330-4d1a-8615-f5e237b41310 object_key=reviewed/file.pdf bucket=phd-portal size=200 mime=application/pdf
2025/12/06 07:51:32 [AttachReviewedDocument] Created version_id=648ea8aa-18d4-4967-8aa9-bf14754b06ab, updating attachment 6ac181a5-1036-418a-8b46-dd9d7efdeccd
--- PASS: TestAdminHandler_AttachReviewedDocument (0.46s)
    --- PASS: TestAdminHandler_AttachReviewedDocument/Attach_Reviewed_Document (0.01s)
=== RUN   TestAnalyticsHandler_GetStageStats
--- PASS: TestAnalyticsHandler_GetStageStats (0.28s)
=== RUN   TestAnalyticsHandler_GetOverdueStats
--- PASS: TestAnalyticsHandler_GetOverdueStats (0.34s)
=== RUN   TestAuthHandler_Login
=== RUN   TestAuthHandler_Login/Successful_Login
    auth_test.go:51: Response body: {"role":"student","token":"eyJhbGciOiJIUzI1NiIsInR5cCI6IkpXVCJ9.eyJleHAiOjE3NjUwNzU4OTMsImlhdCI6MTc2NDk4OTQ5Mywicm9sZSI6InN0dWRlbnQiLCJzdWIiOiIxMjNlNDU2Ny1lODliLTEyZDMtYTQ1Ni00MjY2MTQxNzQwMDAifQ.oS2yjBt7yuM6JOgjd4wRNCCj6vYVKbc-NDrGQoTAGxw"}
=== RUN   TestAuthHandler_Login/Invalid_Password
=== RUN   TestAuthHandler_Login/User_Not_Found
--- PASS: TestAuthHandler_Login (0.47s)
    --- PASS: TestAuthHandler_Login/Successful_Login (0.07s)
    --- PASS: TestAuthHandler_Login/Invalid_Password (0.07s)
    --- PASS: TestAuthHandler_Login/User_Not_Found (0.00s)
=== RUN   TestCalendarHandler_CreateEvent
=== RUN   TestCalendarHandler_CreateEvent/Create_Event_Success
--- PASS: TestCalendarHandler_CreateEvent (0.42s)
    --- PASS: TestCalendarHandler_CreateEvent/Create_Event_Success (0.00s)
=== RUN   TestCalendarHandler_GetEvents
=== RUN   TestCalendarHandler_GetEvents/Get_Events
--- PASS: TestCalendarHandler_GetEvents (0.28s)
    --- PASS: TestCalendarHandler_GetEvents/Get_Events (0.00s)
=== RUN   TestCalendarHandler_UpdateDelete
=== RUN   TestCalendarHandler_UpdateDelete/Update_Event
2025/12/06 07:51:34 [UpdateEvent] Updating event 4e174277-0cfe-49d3-b300-0eae82e79916 for user 11111111-1111-1111-1111-111111111111
2025/12/06 07:51:34 [UpdateEvent] Request data: title=New Title, start=2025-12-06T07:51:34+05:00, end=2025-12-06T08:51:34+05:00, type=academic
2025/12/06 07:51:34 [UpdateEvent] Event 4e174277-0cfe-49d3-b300-0eae82e79916 updated successfully
=== RUN   TestCalendarHandler_UpdateDelete/Update_Event_Invalid_Time
2025/12/06 07:51:34 [UpdateEvent] Updating event 4e174277-0cfe-49d3-b300-0eae82e79916 for user 11111111-1111-1111-1111-111111111111
2025/12/06 07:51:34 [UpdateEvent] Request data: title=Invalid Time, start=invalid, end=invalid, type=academic
2025/12/06 07:51:34 [UpdateEvent] ERROR parsing start_time 'invalid': parsing time "invalid" as "2006-01-02T15:04:05Z07:00": cannot parse "invalid" as "2006"
=== RUN   TestCalendarHandler_UpdateDelete/Update_Event_End_Before_Start
2025/12/06 07:51:34 [UpdateEvent] Updating event 4e174277-0cfe-49d3-b300-0eae82e79916 for user 11111111-1111-1111-1111-111111111111
2025/12/06 07:51:34 [UpdateEvent] Request data: title=End Before Start, start=2025-12-06T08:51:34+05:00, end=2025-12-06T07:51:34+05:00, type=academic
2025/12/06 07:51:34 [UpdateEvent] ERROR: end_time is before start_time
=== RUN   TestCalendarHandler_UpdateDelete/Update_Event_Permission_Denied
    calendar_test.go:204: 
        	Error Trace:	/Users/almatjuvashev/Documents/Projects/KazNMU/kaznmu_phd_bot/checklist/phd-student-portal-starter-v8/backend/internal/handlers/calendar_test.go:204
        	Error:      	Received unexpected error:
        	            	pq: insert or update on table "events" violates foreign key constraint "events_creator_id_fkey"
        	Test:       	TestCalendarHandler_UpdateDelete/Update_Event_Permission_Denied
=== RUN   TestCalendarHandler_UpdateDelete/Delete_Event
--- FAIL: TestCalendarHandler_UpdateDelete (0.33s)
    --- PASS: TestCalendarHandler_UpdateDelete/Update_Event (0.00s)
    --- PASS: TestCalendarHandler_UpdateDelete/Update_Event_Invalid_Time (0.00s)
    --- PASS: TestCalendarHandler_UpdateDelete/Update_Event_End_Before_Start (0.00s)
    --- FAIL: TestCalendarHandler_UpdateDelete/Update_Event_Permission_Denied (0.00s)
    --- PASS: TestCalendarHandler_UpdateDelete/Delete_Event (0.00s)
=== RUN   TestChatHandler_RoomManagement
=== RUN   TestChatHandler_RoomManagement/Update_Room
=== RUN   TestChatHandler_RoomManagement/List_Rooms_(Empty_initially)
--- PASS: TestChatHandler_RoomManagement (0.27s)
    --- PASS: TestChatHandler_RoomManagement/Update_Room (0.00s)
    --- PASS: TestChatHandler_RoomManagement/List_Rooms_(Empty_initially) (0.00s)
=== RUN   TestChatHandler_Members
=== RUN   TestChatHandler_Members/Add_Member
=== RUN   TestChatHandler_Members/List_Members
=== RUN   TestChatHandler_Members/Remove_Member
--- PASS: TestChatHandler_Members (0.24s)
    --- PASS: TestChatHandler_Members/Add_Member (0.00s)
    --- PASS: TestChatHandler_Members/List_Members (0.00s)
    --- PASS: TestChatHandler_Members/Remove_Member (0.00s)
=== RUN   TestChatHandler_MessageOperations
=== RUN   TestChatHandler_MessageOperations/Update_Message
=== RUN   TestChatHandler_MessageOperations/Mark_As_Read
=== RUN   TestChatHandler_MessageOperations/Delete_Message
--- PASS: TestChatHandler_MessageOperations (0.26s)
    --- PASS: TestChatHandler_MessageOperations/Update_Message (0.00s)
    --- PASS: TestChatHandler_MessageOperations/Mark_As_Read (0.00s)
    --- PASS: TestChatHandler_MessageOperations/Delete_Message (0.00s)
=== RUN   TestChatHandler_MessageCreation
=== RUN   TestChatHandler_MessageCreation/Create_Message
=== RUN   TestChatHandler_MessageCreation/List_Messages
--- PASS: TestChatHandler_MessageCreation (0.25s)
    --- PASS: TestChatHandler_MessageCreation/Create_Message (0.00s)
    --- PASS: TestChatHandler_MessageCreation/List_Messages (0.00s)
=== RUN   TestChatHandler_CreateRoom
=== RUN   TestChatHandler_CreateRoom/Create_Room_Success
--- PASS: TestChatHandler_CreateRoom (0.27s)
    --- PASS: TestChatHandler_CreateRoom/Create_Room_Success (0.00s)
=== RUN   TestChatHandler_Messages
=== RUN   TestChatHandler_Messages/Send_Message
=== RUN   TestChatHandler_Messages/List_Messages
--- PASS: TestChatHandler_Messages (0.27s)
    --- PASS: TestChatHandler_Messages/Send_Message (0.00s)
    --- PASS: TestChatHandler_Messages/List_Messages (0.00s)
=== RUN   TestChecklistHandler_ListModules
--- PASS: TestChecklistHandler_ListModules (0.24s)
=== RUN   TestChecklistHandler_ListStepsByModule
--- PASS: TestChecklistHandler_ListStepsByModule (0.30s)
=== RUN   TestChecklistHandler_ListStudentSteps
--- PASS: TestChecklistHandler_ListStudentSteps (0.26s)
=== RUN   TestChecklistHandler_UpdateStudentStep
--- PASS: TestChecklistHandler_UpdateStudentStep (0.24s)
=== RUN   TestChecklistHandler_AdvisorInbox
--- PASS: TestChecklistHandler_AdvisorInbox (0.25s)
=== RUN   TestChecklistHandler_ApproveStep
--- PASS: TestChecklistHandler_ApproveStep (0.25s)
=== RUN   TestChecklistHandler_ReturnStep
--- PASS: TestChecklistHandler_ReturnStep (0.44s)
=== RUN   TestCommentsHandler_CreateComment
--- PASS: TestCommentsHandler_CreateComment (0.31s)
=== RUN   TestCommentsHandler_GetComments
--- PASS: TestCommentsHandler_GetComments (0.61s)
=== RUN   TestContactsHandler_CRUD
=== RUN   TestContactsHandler_CRUD/Create_Contact
=== RUN   TestContactsHandler_CRUD/Public_List
=== RUN   TestContactsHandler_CRUD/Update_Contact
=== RUN   TestContactsHandler_CRUD/Admin_List
=== RUN   TestContactsHandler_CRUD/Delete_Contact
--- PASS: TestContactsHandler_CRUD (0.36s)
    --- PASS: TestContactsHandler_CRUD/Create_Contact (0.00s)
    --- PASS: TestContactsHandler_CRUD/Public_List (0.00s)
    --- PASS: TestContactsHandler_CRUD/Update_Contact (0.00s)
    --- PASS: TestContactsHandler_CRUD/Admin_List (0.00s)
    --- PASS: TestContactsHandler_CRUD/Delete_Contact (0.00s)
=== RUN   TestDictionaryHandler_Programs
=== RUN   TestDictionaryHandler_Programs/Create_Program
=== RUN   TestDictionaryHandler_Programs/List_Programs
=== RUN   TestDictionaryHandler_Programs/Update_Program
=== RUN   TestDictionaryHandler_Programs/Delete_Program
--- PASS: TestDictionaryHandler_Programs (0.41s)
    --- PASS: TestDictionaryHandler_Programs/Create_Program (0.00s)
    --- PASS: TestDictionaryHandler_Programs/List_Programs (0.00s)
    --- PASS: TestDictionaryHandler_Programs/Update_Program (0.00s)
    --- PASS: TestDictionaryHandler_Programs/Delete_Program (0.00s)
=== RUN   TestDictionaryHandler_Departments
=== RUN   TestDictionaryHandler_Departments/Create_Department
=== RUN   TestDictionaryHandler_Departments/List_Departments
=== RUN   TestDictionaryHandler_Departments/Update_Department
=== RUN   TestDictionaryHandler_Departments/Delete_Department
--- PASS: TestDictionaryHandler_Departments (0.41s)
    --- PASS: TestDictionaryHandler_Departments/Create_Department (0.00s)
    --- PASS: TestDictionaryHandler_Departments/List_Departments (0.00s)
    --- PASS: TestDictionaryHandler_Departments/Update_Department (0.00s)
    --- PASS: TestDictionaryHandler_Departments/Delete_Department (0.00s)
=== RUN   TestDictionaryHandler_Cohorts
=== RUN   TestDictionaryHandler_Cohorts/Create_Cohort
=== RUN   TestDictionaryHandler_Cohorts/List_Cohorts
=== RUN   TestDictionaryHandler_Cohorts/Update_Cohort
=== RUN   TestDictionaryHandler_Cohorts/Delete_Cohort
--- PASS: TestDictionaryHandler_Cohorts (0.36s)
    --- PASS: TestDictionaryHandler_Cohorts/Create_Cohort (0.00s)
    --- PASS: TestDictionaryHandler_Cohorts/List_Cohorts (0.00s)
    --- PASS: TestDictionaryHandler_Cohorts/Update_Cohort (0.00s)
    --- PASS: TestDictionaryHandler_Cohorts/Delete_Cohort (0.00s)
=== RUN   TestDictionaryHandler_Specialties
=== RUN   TestDictionaryHandler_Specialties/List_Specialties
--- PASS: TestDictionaryHandler_Specialties (0.40s)
    --- PASS: TestDictionaryHandler_Specialties/List_Specialties (0.00s)
=== RUN   TestDictionaryHandler_SpecialtyCRUD
=== RUN   TestDictionaryHandler_SpecialtyCRUD/Create_Specialty
=== RUN   TestDictionaryHandler_SpecialtyCRUD/Update_Specialty
=== RUN   TestDictionaryHandler_SpecialtyCRUD/Delete_Specialty
--- PASS: TestDictionaryHandler_SpecialtyCRUD (0.33s)
    --- PASS: TestDictionaryHandler_SpecialtyCRUD/Create_Specialty (0.00s)
    --- PASS: TestDictionaryHandler_SpecialtyCRUD/Update_Specialty (0.00s)
    --- PASS: TestDictionaryHandler_SpecialtyCRUD/Delete_Specialty (0.00s)
=== RUN   TestDocumentsHandler_List
=== RUN   TestDocumentsHandler_List/List_Documents
--- PASS: TestDocumentsHandler_List (0.32s)
    --- PASS: TestDocumentsHandler_List/List_Documents (0.00s)
=== RUN   TestDocumentsHandler_Upload
=== RUN   TestDocumentsHandler_Upload/Upload_Document_Version
--- PASS: TestDocumentsHandler_Upload (0.35s)
    --- PASS: TestDocumentsHandler_Upload/Upload_Document_Version (0.00s)
=== RUN   TestDocumentsHandler_Delete
=== RUN   TestDocumentsHandler_Delete/Delete_Document
--- PASS: TestDocumentsHandler_Delete (0.37s)
    --- PASS: TestDocumentsHandler_Delete/Delete_Document (0.00s)
=== RUN   TestDocumentsHandler_Get
=== RUN   TestDocumentsHandler_Get/Get_Document
    documents_test.go:178: Response Code: 200
    documents_test.go:179: Response Body: {"doc":{"id":"d1685776-fb6c-4c7e-bfc8-bdd8cd522d42","user_id":"30000000-0000-0000-0000-000000000004","title":"Get Doc","kind":"other","current_version_id":null},"versions":null}
--- PASS: TestDocumentsHandler_Get (0.32s)
    --- PASS: TestDocumentsHandler_Get/Get_Document (0.00s)
=== RUN   TestDocumentsHandler_Create
=== RUN   TestDocumentsHandler_Create/Create_Document
    documents_test.go:224: Response Code: 200
    documents_test.go:225: Response Body: {"id":"02179220-d055-4d21-bc98-b835938063cd"}
--- PASS: TestDocumentsHandler_Create (0.38s)
    --- PASS: TestDocumentsHandler_Create/Create_Document (0.00s)
=== RUN   TestDocumentsHandler_UploadVersion
=== RUN   TestDocumentsHandler_UploadVersion/Upload_Version
--- PASS: TestDocumentsHandler_UploadVersion (0.34s)
    --- PASS: TestDocumentsHandler_UploadVersion/Upload_Version (0.00s)
=== RUN   TestDocumentsHandler_PresignUpload
=== RUN   TestDocumentsHandler_PresignUpload/Presign_Upload
2025/12/06 07:51:43 [S3] Presigning PUT for key=72fc5271-f895-428b-85cb-99e25c02ffff/test.pdf bucket=phd-portal expires=15m0s
--- PASS: TestDocumentsHandler_PresignUpload (0.37s)
    --- PASS: TestDocumentsHandler_PresignUpload/Presign_Upload (0.00s)
=== RUN   TestDocumentsHandler_PresignGetLatest
=== RUN   TestDocumentsHandler_PresignGetLatest/Presign_Get_Latest
2025/12/06 07:51:44 [S3] Presigning GET for key=path bucket=phd-portal expires=15m0s
--- PASS: TestDocumentsHandler_PresignGetLatest (0.30s)
    --- PASS: TestDocumentsHandler_PresignGetLatest/Presign_Get_Latest (0.00s)
=== RUN   TestDocumentsHandler_DownloadVersion
=== RUN   TestDocumentsHandler_DownloadVersion/Download_Version
2025/12/06 07:51:44 [DownloadVersion] version=2f8fb9d1-5134-4302-9466-9edbc0181296 storage_path=path bucket=bucket object_key=key size=100
2025/12/06 07:51:44 [S3] Presigning GET for key=key bucket=phd-portal expires=15m0s
2025/12/06 07:51:44 [DownloadVersion] redirecting to S3 presigned URL for key
--- PASS: TestDocumentsHandler_DownloadVersion (0.28s)
    --- PASS: TestDocumentsHandler_DownloadVersion/Download_Version (0.00s)
=== RUN   TestJourneyHandler_GetState
=== RUN   TestJourneyHandler_GetState/Get_State
--- PASS: TestJourneyHandler_GetState (0.29s)
    --- PASS: TestJourneyHandler_GetState/Get_State (0.00s)
=== RUN   TestJourneyHandler_SetState
=== RUN   TestJourneyHandler_SetState/Set_State_Success
=== RUN   TestJourneyHandler_SetState/Set_State_Invalid
--- PASS: TestJourneyHandler_SetState (0.28s)
    --- PASS: TestJourneyHandler_SetState/Set_State_Success (0.00s)
    --- PASS: TestJourneyHandler_SetState/Set_State_Invalid (0.00s)
=== RUN   TestJourneyHandler_Reset
=== RUN   TestJourneyHandler_Reset/Reset_Journey
--- PASS: TestJourneyHandler_Reset (0.38s)
    --- PASS: TestJourneyHandler_Reset/Reset_Journey (0.01s)
=== RUN   TestMeHandler_Me
=== RUN   TestMeHandler_Me/Get_Me_Success
=== RUN   TestMeHandler_Me/Get_Me_Not_Found
--- PASS: TestMeHandler_Me (0.25s)
    --- PASS: TestMeHandler_Me/Get_Me_Success (0.00s)
    --- PASS: TestMeHandler_Me/Get_Me_Not_Found (0.00s)
=== RUN   TestInvalidNodeID
--- PASS: TestInvalidNodeID (0.27s)
=== RUN   TestUnauthorizedUser
    node_errors_test.go:104: Unauthorized response: {"error":"unauthorized"}
--- PASS: TestUnauthorizedUser (0.26s)
=== RUN   TestMalformedJSON
2025/12/06 07:51:46 [fetchSlots] instanceID=b956ed6d-1093-4e66-afec-45cc52ad3c07
2025/12/06 07:51:46 [fetchSlots] returning 0 slots with total attachments
    node_errors_test.go:160: Malformed JSON response: {"error":"invalid character 'o' in literal null (expecting 'u')"}
--- PASS: TestMalformedJSON (0.24s)
=== RUN   TestInvalidStateTransition
2025/12/06 07:51:46 [fetchSlots] instanceID=bc5f91ee-358a-46fd-970a-bf6f1f04a88e
2025/12/06 07:51:46 [fetchSlots] returning 0 slots with total attachments
    node_errors_test.go:216: Invalid state transition response: {"error":"transition not allowed"}
--- PASS: TestInvalidStateTransition (0.27s)
=== RUN   TestGetProfile
--- PASS: TestGetProfile (0.24s)
=== RUN   TestGetProfile_NotFound
--- PASS: TestGetProfile_NotFound (0.25s)
=== RUN   TestLockedState_CantSubmit
2025/12/06 07:51:47 [fetchSlots] instanceID=72079526-a5c1-4411-84d3-68e76338f948
2025/12/06 07:51:47 [fetchSlots] returning 0 slots with total attachments
    node_state_full_test.go:84: Locked node response: {"error":"transition not allowed"}
--- PASS: TestLockedState_CantSubmit (0.32s)
=== RUN   TestWaitingState_CantAdvance
2025/12/06 07:51:47 [fetchSlots] instanceID=d815142f-c5d5-4022-ab1f-07d65bc3ff3a
2025/12/06 07:51:47 [fetchSlots] returning 0 slots with total attachments
    node_state_full_test.go:148: Waiting node response: {"error":"transition not allowed"}
--- PASS: TestWaitingState_CantAdvance (0.25s)
=== RUN   TestFullStateFlow
2025/12/06 07:51:48 [fetchSlots] instanceID=99918565-8ed5-4e10-ae7f-dc39c96ba38a
2025/12/06 07:51:48 [fetchSlots] returning 0 slots with total attachments
2025/12/06 07:51:48 Failed to send email to juvashev@gmail.com: dial tcp [::1]:1027: connect: connection refused
2025/12/06 07:51:48 [sendStateChangeEmail] Error sending email to admin: dial tcp [::1]:1027: connect: connection refused
2025/12/06 07:51:48 [fetchSlots] instanceID=99918565-8ed5-4e10-ae7f-dc39c96ba38a
2025/12/06 07:51:48 [fetchSlots] returning 0 slots with total attachments
2025/12/06 07:51:48 [fetchSlots] instanceID=99918565-8ed5-4e10-ae7f-dc39c96ba38a
2025/12/06 07:51:48 [fetchSlots] returning 0 slots with total attachments
    node_state_full_test.go:220: Done transition response: {"locale":"ru","node_id":"flow_node","playbook_version_id":"ffffffff-ffff-ffff-ffff-ffffffffffff","slots":[],"state":"done"}
--- PASS: TestFullStateFlow (0.26s)
=== RUN   TestNeedsFixes_Resubmit
2025/12/06 07:51:48 [fetchSlots] instanceID=39724466-8e1e-401b-a71b-a8620075eec8
2025/12/06 07:51:48 [fetchSlots] returning 0 slots with total attachments
2025/12/06 07:51:48 [fetchSlots] instanceID=39724466-8e1e-401b-a71b-a8620075eec8
2025/12/06 07:51:48 Failed to send email to juvashev@gmail.com: dial tcp [::1]:1027: connect: connection refused
2025/12/06 07:51:48 [sendStateChangeEmail] Error sending email to admin: dial tcp [::1]:1027: connect: connection refused
2025/12/06 07:51:48 [fetchSlots] returning 0 slots with total attachments
2025/12/06 07:51:48 Failed to send email to juvashev@gmail.com: dial tcp [::1]:1027: connect: connection refused
2025/12/06 07:51:48 [sendStateChangeEmail] Error sending email to admin: dial tcp [::1]:1027: connect: connection refused
2025/12/06 07:51:48 [fetchSlots] instanceID=39724466-8e1e-401b-a71b-a8620075eec8
2025/12/06 07:51:48 [fetchSlots] returning 0 slots with total attachments
--- PASS: TestNeedsFixes_Resubmit (0.25s)
=== RUN   TestNodeStateTransitions_StudentSubmitsNode
2025/12/06 07:51:48 [fetchSlots] instanceID=fab20499-c85c-4589-8309-15d442147ca6
2025/12/06 07:51:48 [fetchSlots] returning 0 slots with total attachments
2025/12/06 07:51:48 Failed to send email to juvashev@gmail.com: dial tcp [::1]:1027: connect: connection refused
2025/12/06 07:51:48 [sendStateChangeEmail] Error sending email to admin: dial tcp [::1]:1027: connect: connection refused
2025/12/06 07:51:48 [fetchSlots] instanceID=fab20499-c85c-4589-8309-15d442147ca6
2025/12/06 07:51:48 [fetchSlots] returning 0 slots with total attachments
--- PASS: TestNodeStateTransitions_StudentSubmitsNode (0.24s)
=== RUN   TestNodeStateTransitions_StudentCannotDirectlyApprove
2025/12/06 07:51:48 [fetchSlots] instanceID=726ec336-789e-49ed-a8c4-5503bae1e959
2025/12/06 07:51:48 [fetchSlots] returning 0 slots with total attachments
2025/12/06 07:51:48 [fetchSlots] instanceID=726ec336-789e-49ed-a8c4-5503bae1e959
2025/12/06 07:51:48 [fetchSlots] returning 0 slots with total attachments
--- PASS: TestNodeStateTransitions_StudentCannotDirectlyApprove (0.24s)
=== RUN   TestNodeStateTransitions_AdminApprovesNode
2025/12/06 07:51:49 [fetchSlots] instanceID=540f99c8-3394-4e52-bdda-a0f5a22542ac
2025/12/06 07:51:49 [fetchSlots] returning 0 slots with total attachments
2025/12/06 07:51:49 Failed to send email to juvashev@gmail.com: dial tcp [::1]:1027: connect: connection refused
2025/12/06 07:51:49 [sendStateChangeEmail] Error sending email to admin: dial tcp [::1]:1027: connect: connection refused
2025/12/06 07:51:49 [fetchSlots] instanceID=540f99c8-3394-4e52-bdda-a0f5a22542ac
2025/12/06 07:51:49 [fetchSlots] returning 0 slots with total attachments
2025/12/06 07:51:49 [fetchSlots] instanceID=d63c4499-562e-4227-b019-e28b2f83a4a3
2025/12/06 07:51:49 [fetchSlots] returning 0 slots with total attachments
    node_state_transitions_test.go:198: Admin approval response: {"locale":"ru","node_id":"test_node","playbook_version_id":"22222222-2222-2222-2222-222222222222","slots":[],"state":"done"}
--- PASS: TestNodeStateTransitions_AdminApprovesNode (0.25s)
=== RUN   TestNodeStateTransitions_AdvisorRequestsFixes
2025/12/06 07:51:49 [fetchSlots] instanceID=fd939dcc-d556-44ca-8f40-3bb6adf78fe9
2025/12/06 07:51:49 [fetchSlots] returning 0 slots with total attachments
2025/12/06 07:51:49 [fetchSlots] instanceID=fd939dcc-d556-44ca-8f40-3bb6adf78fe9
2025/12/06 07:51:49 Failed to send email to juvashev@gmail.com: dial tcp [::1]:1027: connect: connection refused
2025/12/06 07:51:49 [sendStateChangeEmail] Error sending email to admin: dial tcp [::1]:1027: connect: connection refused
2025/12/06 07:51:49 [fetchSlots] returning 0 slots with total attachments
--- PASS: TestNodeStateTransitions_AdvisorRequestsFixes (0.23s)
=== RUN   TestNodeStateTransitions_StudentResubmitsAfterFixes
2025/12/06 07:51:49 [fetchSlots] instanceID=a7a8277d-c4a1-48ce-ad0f-aeaa91e34a3f
2025/12/06 07:51:49 [fetchSlots] returning 0 slots with total attachments
2025/12/06 07:51:49 Failed to send email to juvashev@gmail.com: dial tcp [::1]:1027: connect: connection refused
2025/12/06 07:51:49 [sendStateChangeEmail] Error sending email to admin: dial tcp [::1]:1027: connect: connection refused
2025/12/06 07:51:49 [fetchSlots] instanceID=a7a8277d-c4a1-48ce-ad0f-aeaa91e34a3f
2025/12/06 07:51:49 [fetchSlots] returning 0 slots with total attachments
2025/12/06 07:51:49 Failed to send email to juvashev@gmail.com: dial tcp [::1]:1027: connect: connection refused
2025/12/06 07:51:49 [sendStateChangeEmail] Error sending email to admin: dial tcp [::1]:1027: connect: connection refused
2025/12/06 07:51:49 [fetchSlots] instanceID=a7a8277d-c4a1-48ce-ad0f-aeaa91e34a3f
2025/12/06 07:51:49 [fetchSlots] returning 0 slots with total attachments
--- PASS: TestNodeStateTransitions_StudentResubmitsAfterFixes (0.35s)
=== RUN   TestNodeStateTransitions_InvalidStateRejected
2025/12/06 07:51:49 [fetchSlots] instanceID=67b179aa-b99c-4c85-af42-c5653b31377c
2025/12/06 07:51:49 [fetchSlots] returning 0 slots with total attachments
--- PASS: TestNodeStateTransitions_InvalidStateRejected (0.26s)
=== RUN   TestNodeStateTransitions_EventsLogged
2025/12/06 07:51:50 [fetchSlots] instanceID=042abc0b-c6c2-40dd-b18a-b5e91e828e3f
2025/12/06 07:51:50 [fetchSlots] returning 0 slots with total attachments
2025/12/06 07:51:50 [fetchSlots] instanceID=042abc0b-c6c2-40dd-b18a-b5e91e828e3f
2025/12/06 07:51:50 [fetchSlots] returning 0 slots with total attachments
2025/12/06 07:51:50 Failed to send email to juvashev@gmail.com: dial tcp [::1]:1027: connect: connection refused
2025/12/06 07:51:50 [sendStateChangeEmail] Error sending email to admin: dial tcp [::1]:1027: connect: connection refused
--- PASS: TestNodeStateTransitions_EventsLogged (0.29s)
=== RUN   TestNodeSubmissionHandler_GetSubmission
=== RUN   TestNodeSubmissionHandler_GetSubmission/Get_Submission
2025/12/06 07:51:50 [fetchSlots] instanceID=fd3cfed1-ebf5-42cd-9d25-ba9544ca7ecf
2025/12/06 07:51:50 [fetchSlots] returning 0 slots with total attachments
--- PASS: TestNodeSubmissionHandler_GetSubmission (0.26s)
    --- PASS: TestNodeSubmissionHandler_GetSubmission/Get_Submission (0.00s)
=== RUN   TestNodeSubmissionHandler_SubmitNode
=== RUN   TestNodeSubmissionHandler_SubmitNode/Submit_Node
2025/12/06 07:51:50 [fetchSlots] instanceID=9de33470-8d13-4d4c-98f7-c93b6d056e22
2025/12/06 07:51:50 [fetchSlots] returning 0 slots with total attachments
    node_submission_test.go:130: 
        	Error Trace:	/Users/almatjuvashev/Documents/Projects/KazNMU/kaznmu_phd_bot/checklist/phd-student-portal-starter-v8/backend/internal/handlers/node_submission_test.go:130
        	Error:      	Not equal: 
        	            	expected: "submitted"
        	            	actual  : "active"
        	            	
        	            	Diff:
        	            	--- Expected
        	            	+++ Actual
        	            	@@ -1 +1 @@
        	            	-submitted
        	            	+active
        	Test:       	TestNodeSubmissionHandler_SubmitNode/Submit_Node
--- FAIL: TestNodeSubmissionHandler_SubmitNode (0.25s)
    --- FAIL: TestNodeSubmissionHandler_SubmitNode/Submit_Node (0.01s)
=== RUN   TestNodeSubmissionHandler_SubmitProfile
=== RUN   TestNodeSubmissionHandler_SubmitProfile/Submit_Profile
2025/12/06 07:51:50 [fetchSlots] instanceID=7358c959-a098-43bd-8d08-9fb985f4d546
2025/12/06 07:51:50 [fetchSlots] returning 0 slots with total attachments
--- PASS: TestNodeSubmissionHandler_SubmitProfile (0.26s)
    --- PASS: TestNodeSubmissionHandler_SubmitProfile/Submit_Profile (0.01s)
=== RUN   TestFormNode_GetSubmission
2025/12/06 07:51:51 [fetchSlots] instanceID=fd19d3cb-c279-4657-9ac9-d07a6b5fdd45
2025/12/06 07:51:51 [fetchSlots] returning 0 slots with total attachments
    node_types_test.go:69: Form node response: map[locale:ru node_id:form_node playbook_version_id:22222222-2222-2222-2222-222222222222 slots:[] state:active]
--- PASS: TestFormNode_GetSubmission (0.25s)
=== RUN   TestConfirmTaskNode_GetSubmission
2025/12/06 07:51:51 [fetchSlots] instanceID=80ee90d3-3862-4561-b43b-9fd8faa7814b
2025/12/06 07:51:51 [fetchSlots] row 1: slot=document attachment_id= version_id= is_active=false reviewed_doc_id=
2025/12/06 07:51:51 [fetchSlots] returning 1 slots with total attachments
    node_types_test.go:130: ConfirmTask slots: [map[attachments:[] key:document mime:[] multiplicity:single required:true]]
    node_types_test.go:132: ConfirmTask node response: map[locale:ru node_id:confirm_node playbook_version_id:44444444-4444-4444-4444-444444444444 slots:[map[attachments:[] key:document mime:[] multiplicity:single required:true]] state:active]
--- PASS: TestConfirmTaskNode_GetSubmission (0.25s)
=== RUN   TestInfoNode_GetSubmission
2025/12/06 07:51:51 [fetchSlots] instanceID=55edfd40-42eb-49bb-8daa-ac135a75d0e0
2025/12/06 07:51:51 [fetchSlots] returning 0 slots with total attachments
    node_types_test.go:184: Info node response: map[locale:ru node_id:info_node playbook_version_id:66666666-6666-6666-6666-666666666666 slots:[] state:active]
--- PASS: TestInfoNode_GetSubmission (0.36s)
=== RUN   TestFormNode_PutSubmission
2025/12/06 07:51:52 [fetchSlots] instanceID=6d8adeba-1b6c-4706-abf8-2b427defaae8
2025/12/06 07:51:52 [fetchSlots] returning 0 slots with total attachments
2025/12/06 07:51:52 [fetchSlots] instanceID=6d8adeba-1b6c-4706-abf8-2b427defaae8
2025/12/06 07:51:52 [fetchSlots] returning 0 slots with total attachments
--- PASS: TestFormNode_PutSubmission (0.27s)
=== RUN   TestPresignUpload_Success
2025/12/06 07:51:52 [fetchSlots] instanceID=8df6898a-870c-4378-b3c5-8ebfe3edb2eb
2025/12/06 07:51:52 [fetchSlots] row 1: slot=doc_slot attachment_id= version_id= is_active=false reviewed_doc_id=
2025/12/06 07:51:52 [fetchSlots] returning 1 slots with total attachments
2025/12/06 07:51:52 [S3] Presigning PUT for key=nodes/11111111-aaaa-1111-1111-111111111111/upload_node/doc_slot/20251206-d4c9206a-80c5-45a2-9007-db2b092de55b-test.pdf bucket=phd-portal expires=15m0s
    node_upload_test.go:89: Presign success: map[bucket:phd-portal document_id:d56bc0ca-720d-4bbb-832e-e51ebe30df04 expires_in:900 max_size_bytes:1.048576e+07 object_key:nodes/11111111-aaaa-1111-1111-111111111111/upload_node/doc_slot/20251206-d4c9206a-80c5-45a2-9007-db2b092de55b-test.pdf required_headers:map[Content-Type:application/pdf] upload_url:http://localhost:9090/phd-portal/nodes/11111111-aaaa-1111-1111-111111111111/upload_node/doc_slot/20251206-d4c9206a-80c5-45a2-9007-db2b092de55b-test.pdf?X-Amz-Algorithm=AWS4-HMAC-SHA256&X-Amz-Credential=minioadmin%2F20251206%2Fus-east-1%2Fs3%2Faws4_request&X-Amz-Date=20251206T025152Z&X-Amz-Expires=900&X-Amz-SignedHeaders=host&x-id=PutObject&X-Amz-Signature=15bd61b6bd621c5ac93ce3d05288354799e9214b5af55a3bf3eea7dfcd1d85ec]
--- PASS: TestPresignUpload_Success (0.28s)
=== RUN   TestUpload_InvalidMime
2025/12/06 07:51:52 [fetchSlots] instanceID=3f5410ea-91c9-4bd7-a5e1-1ac616e37336
2025/12/06 07:51:52 [fetchSlots] row 1: slot=pdf_only attachment_id= version_id= is_active=false reviewed_doc_id=
2025/12/06 07:51:52 [fetchSlots] returning 1 slots with total attachments
    node_upload_test.go:160: Invalid MIME response: {"error":"invalid mime type"}
--- PASS: TestUpload_InvalidMime (0.27s)
=== RUN   TestUpload_SizeTooLarge
2025/12/06 07:51:52 [fetchSlots] instanceID=52e86601-f763-448f-8cbd-83b41645a3bf
2025/12/06 07:51:52 [fetchSlots] row 1: slot=small_file attachment_id= version_id= is_active=false reviewed_doc_id=
2025/12/06 07:51:52 [fetchSlots] returning 1 slots with total attachments
    node_upload_test.go:229: Size too large response: {"error":"file too large (max 1 MB)"}
--- PASS: TestUpload_SizeTooLarge (0.27s)
=== RUN   TestAttachUpload
2025/12/06 07:51:53 [fetchSlots] instanceID=ea35a20d-074b-441a-9121-14020a418d51
2025/12/06 07:51:53 [fetchSlots] row 1: slot=slot1 attachment_id= version_id= is_active=false reviewed_doc_id=
2025/12/06 07:51:53 [fetchSlots] returning 1 slots with total attachments
2025/12/06 07:51:53 [AttachUpload] Starting: nodeID=attach_node, userID=77777777-aaaa-7777-7777-777777777777
2025/12/06 07:51:53 [AttachUpload] Request: slotKey=slot1, filename=file.pdf, size=100
2025/12/06 07:51:53 [AttachUpload] Starting transaction
2025/12/06 07:51:53 [AttachUpload] ensureNodeInstanceTx...
2025/12/06 07:51:53 [AttachUpload] Instance: id=ea35a20d-074b-441a-9121-14020a418d51, state=active
2025/12/06 07:51:53 [AttachUpload] getSlot...
2025/12/06 07:51:53 [AttachUpload] Slot: id=03c4aa78-a225-4bb7-be32-f238ed9066e4, multiplicity=single
2025/12/06 07:51:53 [AttachUpload] ensureDocumentForSlot...
2025/12/06 07:51:53 [AttachUpload] Document ID: 4dd1877f-4c8b-4d9f-a4a4-56443f7bc5b9
2025/12/06 07:51:53 [AttachUpload] Inserting document_version...
2025/12/06 07:51:53 [AttachUpload] Version ID: 5c845047-6764-4ca9-adeb-be8e5eda21ec
2025/12/06 07:51:53 [AttachUpload] Updating document current_version_id...
2025/12/06 07:51:53 [AttachUpload] Inserting slot attachment...
2025/12/06 07:51:53 [AttachUpload] Inserting event...
2025/12/06 07:51:53 [AttachUpload] Transitioning state to submitted...
2025/12/06 07:51:53 [AttachUpload] Transaction completed successfully
2025/12/06 07:51:53 [AttachUpload] Loading instance...
2025/12/06 07:51:53 [AttachUpload] Building submission DTO...
2025/12/06 07:51:53 Failed to send email to juvashev@gmail.com: dial tcp [::1]:1027: connect: connection refused
2025/12/06 07:51:53 [sendStateChangeEmail] Error sending email to admin: dial tcp [::1]:1027: connect: connection refused
2025/12/06 07:51:53 [fetchSlots] instanceID=ea35a20d-074b-441a-9121-14020a418d51
2025/12/06 07:51:53 [fetchSlots] row 1: slot=slot1 attachment_id=a8ef0860-c613-488d-a03f-7b39a185f17a version_id=5c845047-6764-4ca9-adeb-be8e5eda21ec is_active=true reviewed_doc_id=
2025/12/06 07:51:53 [fetchSlots] returning 1 slots with total attachments
2025/12/06 07:51:53 [AttachUpload] Success! Returning 200
--- PASS: TestAttachUpload (0.27s)
=== RUN   TestNotificationsHandler_Admin
=== RUN   TestNotificationsHandler_Admin/List_Notifications
2025/12/06 07:51:53 [ListNotifications] Starting - unreadOnly: false
2025/12/06 07:51:53 [ListNotifications] Executing query: 
		SELECT 
			n.id,
			n.student_id,
			COALESCE(u.first_name || ' ' || u.last_name, 'Unknown') as student_name,
			COALESCE(u.email, '') as student_email,
			n.node_id,
			COALESCE(n.node_instance_id::text, '') as node_instance_id,
			n.event_type,
			n.is_read,
			n.message,
			n.metadata::text as metadata,
			to_char(n.created_at, 'YYYY-MM-DD"T"HH24:MI:SS"Z"') as created_at
		FROM admin_notifications n
		JOIN users u ON u.id = n.student_id
	 ORDER BY n.created_at DESC LIMIT 100
2025/12/06 07:51:53 [ListNotifications] Found 2 notifications
2025/12/06 07:51:53 [ListNotifications] First notification: id=851c1a8d-0949-4944-9944-6e4b524a0a9c, student=Student One, node=node1, message=Student submitted node1
2025/12/06 07:51:53 [ListNotifications] Returning 2 notifications
=== RUN   TestNotificationsHandler_Admin/List_Unread_Only
2025/12/06 07:51:53 [ListNotifications] Starting - unreadOnly: true
2025/12/06 07:51:53 [ListNotifications] Executing query: 
		SELECT 
			n.id,
			n.student_id,
			COALESCE(u.first_name || ' ' || u.last_name, 'Unknown') as student_name,
			COALESCE(u.email, '') as student_email,
			n.node_id,
			COALESCE(n.node_instance_id::text, '') as node_instance_id,
			n.event_type,
			n.is_read,
			n.message,
			n.metadata::text as metadata,
			to_char(n.created_at, 'YYYY-MM-DD"T"HH24:MI:SS"Z"') as created_at
		FROM admin_notifications n
		JOIN users u ON u.id = n.student_id
	 WHERE n.is_read = false ORDER BY n.created_at DESC LIMIT 100
2025/12/06 07:51:53 [ListNotifications] Found 1 notifications
2025/12/06 07:51:53 [ListNotifications] First notification: id=851c1a8d-0949-4944-9944-6e4b524a0a9c, student=Student One, node=node1, message=Student submitted node1
2025/12/06 07:51:53 [ListNotifications] Returning 1 notifications
=== RUN   TestNotificationsHandler_Admin/Get_Unread_Count
=== RUN   TestNotificationsHandler_Admin/Mark_As_Read
=== RUN   TestNotificationsHandler_Admin/Mark_All_As_Read
--- PASS: TestNotificationsHandler_Admin (0.26s)
    --- PASS: TestNotificationsHandler_Admin/List_Notifications (0.00s)
    --- PASS: TestNotificationsHandler_Admin/List_Unread_Only (0.00s)
    --- PASS: TestNotificationsHandler_Admin/Get_Unread_Count (0.00s)
    --- PASS: TestNotificationsHandler_Admin/Mark_As_Read (0.00s)
    --- PASS: TestNotificationsHandler_Admin/Mark_All_As_Read (0.00s)
=== RUN   TestNotificationHandler_Student_MarkAllAsRead
--- PASS: TestNotificationHandler_Student_MarkAllAsRead (0.40s)
=== RUN   TestNotificationHandler_GetUnread
=== RUN   TestNotificationHandler_GetUnread/Get_Unread
2025/12/06 07:51:54 [GetUnread reqID=1764989514078805000] Handler called
2025/12/06 07:51:54 [GetUnread reqID=1764989514078805000] userID from context: '123e4567-e89b-12d3-a456-426614174000'
2025/12/06 07:51:54 [GetUnread reqID=1764989514078805000] returning 1 notifications
--- PASS: TestNotificationHandler_GetUnread (0.26s)
    --- PASS: TestNotificationHandler_GetUnread/Get_Unread (0.00s)
=== RUN   TestNotificationHandler_MarkAsRead
=== RUN   TestNotificationHandler_MarkAsRead/Mark_As_Read
--- PASS: TestNotificationHandler_MarkAsRead (0.26s)
    --- PASS: TestNotificationHandler_MarkAsRead/Mark_As_Read (0.00s)
=== RUN   TestSearchHandler_GlobalSearch
=== RUN   TestSearchHandler_GlobalSearch/Admin_Search_Users
=== RUN   TestSearchHandler_GlobalSearch/Admin_Search_Documents
=== RUN   TestSearchHandler_GlobalSearch/Student_Search_Own_Document
=== RUN   TestSearchHandler_GlobalSearch/Student_Cannot_Search_Users
--- PASS: TestSearchHandler_GlobalSearch (0.24s)
    --- PASS: TestSearchHandler_GlobalSearch/Admin_Search_Users (0.00s)
    --- PASS: TestSearchHandler_GlobalSearch/Admin_Search_Documents (0.00s)
    --- PASS: TestSearchHandler_GlobalSearch/Student_Search_Own_Document (0.00s)
    --- PASS: TestSearchHandler_GlobalSearch/Student_Cannot_Search_Users (0.00s)
=== RUN   TestUsersHandler_GetPendingEmailVerification
--- PASS: TestUsersHandler_GetPendingEmailVerification (0.25s)
=== RUN   TestUsersHandler_UpdateMe_EmailChange
2025/12/06 07:51:55 [EMAIL] SMTP not configured - email features disabled
2025/12/06 07:51:55 [EMAIL] Skipping verification email to newemail@example.com (SMTP not configured)
--- PASS: TestUsersHandler_UpdateMe_EmailChange (0.40s)
=== RUN   TestUsersHandler_PresignAvatarUpload
2025/12/06 07:51:55 [S3] Presigning PUT for key=avatars/8c6eb989-6417-4c8e-8ead-f7dcbebbeeb5/1764989515_avatar.jpg bucket=phd-portal expires=15m0s
--- PASS: TestUsersHandler_PresignAvatarUpload (0.25s)
=== RUN   TestUsersHandler_UpdateUser
=== RUN   TestUsersHandler_UpdateUser/Update_User_Not_Found
--- PASS: TestUsersHandler_UpdateUser (0.27s)
    --- PASS: TestUsersHandler_UpdateUser/Update_User_Not_Found (0.00s)
=== RUN   TestUsersHandler_ChangeOwnPassword
--- PASS: TestUsersHandler_ChangeOwnPassword (0.47s)
=== RUN   TestUsersHandler_ResetPasswordForUser
--- PASS: TestUsersHandler_ResetPasswordForUser (0.48s)
=== RUN   TestUsersHandler_CreateUser
=== RUN   TestUsersHandler_CreateUser/Create_Student_Success
--- PASS: TestUsersHandler_CreateUser (0.33s)
    --- PASS: TestUsersHandler_CreateUser/Create_Student_Success (0.08s)
=== RUN   TestUsersHandler_ListUsers
=== RUN   TestUsersHandler_ListUsers/List_All_Users
=== RUN   TestUsersHandler_ListUsers/Filter_by_Role
--- PASS: TestUsersHandler_ListUsers (0.26s)
    --- PASS: TestUsersHandler_ListUsers/List_All_Users (0.00s)
    --- PASS: TestUsersHandler_ListUsers/Filter_by_Role (0.00s)
=== RUN   TestUsersHandler_UpdateMe_Extended
=== RUN   TestUsersHandler_UpdateMe_Extended/Update_Me_Extended
--- PASS: TestUsersHandler_UpdateMe_Extended (0.38s)
    --- PASS: TestUsersHandler_UpdateMe_Extended/Update_Me_Extended (0.07s)
=== RUN   TestUsersHandler_PresignAvatar
=== RUN   TestUsersHandler_PresignAvatar/Presign_Avatar
--- PASS: TestUsersHandler_PresignAvatar (0.32s)
    --- PASS: TestUsersHandler_PresignAvatar/Presign_Avatar (0.00s)
=== RUN   TestUsersHandler_VerifyEmailChange
=== RUN   TestUsersHandler_VerifyEmailChange/Verify_Email
    users_test.go:234: Response: {"email":"new@ex.com","message":"email verified and updated successfully"}
--- PASS: TestUsersHandler_VerifyEmailChange (0.25s)
    --- PASS: TestUsersHandler_VerifyEmailChange/Verify_Email (0.00s)
=== RUN   TestUsersHandler_SetActive
=== RUN   TestUsersHandler_SetActive/Set_Active_False
--- PASS: TestUsersHandler_SetActive (0.26s)
    --- PASS: TestUsersHandler_SetActive/Set_Active_False (0.00s)
FAIL
FAIL	github.com/AlmatJuvashev/phd-students-portal/backend/internal/handlers	34.777s
FAIL
